#
# A fatal error has been detected by the Java Runtime Environment:
#
#  EXCEPTION_ACCESS_VIOLATION (0xc0000005) at pc=0x00007ffbe1413f4c, pid=9212, tid=12940
#
# JRE version: OpenJDK Runtime Environment (11.0.11+9) (build 11.0.11+9-b60-7590822)
# Java VM: OpenJDK 64-Bit Server VM (11.0.11+9-b60-7590822, mixed mode, tiered, compressed oops, g1 gc, windows-amd64)
# Problematic frame:
# V  [jvm.dll+0x303f4c]
#
# No core dump will be written. Minidumps are not enabled by default on client versions of Windows
#
# If you would like to submit a bug report, please visit:
#   https://bugreport.java.com/bugreport/crash.jsp
#

---------------  S U M M A R Y ------------

Command Line: --add-opens=java.base/java.util=ALL-UNNAMED --add-opens=java.base/java.lang=ALL-UNNAMED --add-opens=java.base/java.lang.invoke=ALL-UNNAMED --add-opens=java.prefs/java.util.prefs=ALL-UNNAMED -Xmx2048m -Dfile.encoding=UTF-8 -Duser.country=IN -Duser.language=en -Duser.variant org.gradle.launcher.daemon.bootstrap.GradleDaemon 6.1.1

Host: Intel(R) Core(TM) i3-3120M CPU @ 2.50GHz, 4 cores, 7G,  Windows 10 , 64 bit Build 19041 (10.0.19041.2546)
Time: Sun Mar  5 16:11:50 2023 India Standard Time elapsed time: 16102.230641 seconds (0d 4h 28m 22s)

---------------  T H R E A D  ---------------

Current thread (0x000002629d52f800):  GCTaskThread "GC Thread#2" [stack: 0x000000ad42700000,0x000000ad42800000] [id=12940]

Stack: [0x000000ad42700000,0x000000ad42800000],  sp=0x000000ad427ff248,  free space=1020k
Native frames: (J=compiled Java code, j=interpreted, Vv=VM code, C=native code)
V  [jvm.dll+0x303f4c]


siginfo: EXCEPTION_ACCESS_VIOLATION (0xc0000005), reading address 0x00000000000000f8


Register to memory mapping:

RIP=0x00007ffbe1413f4c jvm.dll
RAX=0x0 is NULL
RBX=0x000000008bca791c is pointing into object: java.util.concurrent.ConcurrentLinkedQueue$Node 
{0x000000008bca7910} - klass: 'java/util/concurrent/ConcurrentLinkedQueue$Node'
RCX=0x0000026280bc5880 points into unknown readable memory: 0x0000000000000000 | 00 00 00 00 00 00 00 00
RDX=0x0 is NULL
RSP=0x000000ad427ff248 points into unknown readable memory: 0x00007ffbe1416a8d | 8d 6a 41 e1 fb 7f 00 00
RBP=0x000000ad427ff4a8 points into unknown readable memory: 0x00007ffbe1937b20 | 20 7b 93 e1 fb 7f 00 00
RSI=0x00000001000b4988 is pointing into metadata
RDI=0x000000008bca7924 is pointing into object: java.util.concurrent.ConcurrentLinkedQueue$Node 
{0x000000008bca7910} - klass: 'java/util/concurrent/ConcurrentLinkedQueue$Node'
R8 =0x0000000000080000 is an unknown value
R9 =0x0000026280baabe0 points into unknown readable memory: 0x00007ffbe1931220 | 20 12 93 e1 fb 7f 00 00
R10=0x000000ad427ff4a8 points into unknown readable memory: 0x00007ffbe1937b20 | 20 7b 93 e1 fb 7f 00 00
R11=0x000000008bca791c is pointing into object: java.util.concurrent.ConcurrentLinkedQueue$Node 
{0x000000008bca7910} - klass: 'java/util/concurrent/ConcurrentLinkedQueue$Node'
R12=0x000000ad427ff320 points into unknown readable memory: 0x000000008bca7800 | 00 78 ca 8b 00 00 00 00
R13=0x0000026280bdd2c0 points into unknown readable memory: 0x0000000080000000 | 00 00 00 80 00 00 00 00
R14=0x00000001000b4990 is a pointer to class: 
java.lang.ProcessEnvironment {0x00000001000b4998}
R15=0x000000008bca7910 is an oop: java.util.concurrent.ConcurrentLinkedQueue$Node 
{0x000000008bca7910} - klass: 'java/util/concurrent/ConcurrentLinkedQueue$Node'


Registers:
RAX=0x0000000000000000, RBX=0x000000008bca791c, RCX=0x0000026280bc5880, RDX=0x0000000000000000
RSP=0x000000ad427ff248, RBP=0x000000ad427ff4a8, RSI=0x00000001000b4988, RDI=0x000000008bca7924
R8 =0x0000000000080000, R9 =0x0000026280baabe0, R10=0x000000ad427ff4a8, R11=0x000000008bca791c
R12=0x000000ad427ff320, R13=0x0000026280bdd2c0, R14=0x00000001000b4990, R15=0x000000008bca7910
RIP=0x00007ffbe1413f4c, EFLAGS=0x0000000000010213

Top of Stack: (sp=0x000000ad427ff248)
0x000000ad427ff248:   00007ffbe1416a8d 00000262a492e860
0x000000ad427ff258:   00007ffbe141d666 000000ad00000009
0x000000ad427ff268:   0000000100057ab8 000000008bca7800
0x000000ad427ff278:   00000262a492e860 000000008bca7928
0x000000ad427ff288:   00007ffbe141c8cc 000000008bca7910
0x000000ad427ff298:   000000ad427ff4a8 000000008bca7a00
0x000000ad427ff2a8:   000000008bca7a00 00000026800fba5a
0x000000ad427ff2b8:   0000000000000003 0000000000000000
0x000000ad427ff2c8:   0000000000000100 00000000000000bc
0x000000ad427ff2d8:   000000ad427ff4a8 0000000000000003
0x000000ad427ff2e8:   000000ad427ff401 000000008bca7800
0x000000ad427ff2f8:   00007ffbe141e180 0000000000000003
0x000000ad427ff308:   0000000000000100 0000026280b55e00
0x000000ad427ff318:   0000000000000001 000000008bca7800
0x000000ad427ff328:   0000000000000040 000000ad427ff480
0x000000ad427ff338:   00000262a8800d38 000000ad427ff480 

Instructions: (pc=0x00007ffbe1413f4c)
0x00007ffbe1413e4c:   00 49 8b 82 e0 06 00 00 48 d3 ea 0f b6 04 02 84
0x00007ffbe1413e5c:   c0 7e 0b 49 8b d1 49 8b cb e9 06 11 fd ff 8b 0d
0x00007ffbe1413e6c:   28 90 6f 00 49 8b d0 49 33 d1 48 d3 ea 48 85 d2
0x00007ffbe1413e7c:   74 2a 3c ff 75 26 4d 2b 42 10 49 8b 82 88 04 00
0x00007ffbe1413e8c:   00 49 d3 e8 41 8b c8 80 3c 08 00 74 0f c6 04 08
0x00007ffbe1413e9c:   00 49 8b 82 d0 06 00 00 c6 04 01 00 c3 cc cc cc
0x00007ffbe1413eac:   cc cc cc cc 8b 02 4c 8b da 4c 8b d1 85 c0 0f 84
0x00007ffbe1413ebc:   af 00 00 00 8b 0d c2 fd 6a 00 44 8b c0 4d 8b 4a
0x00007ffbe1413ecc:   10 49 d3 e0 4c 03 05 a9 fd 6a 00 49 8b d0 41 8b
0x00007ffbe1413edc:   89 f0 06 00 00 49 8b 81 e0 06 00 00 48 d3 ea 0f
0x00007ffbe1413eec:   b6 04 02 84 c0 7e 0b 49 8b d3 49 8b ca e9 72 10
0x00007ffbe1413efc:   fd ff 41 8b 89 c0 02 00 00 49 8b d0 48 d3 ea 49
0x00007ffbe1413f0c:   8b 89 b0 02 00 00 48 8b 14 d1 49 39 52 20 74 53
0x00007ffbe1413f1c:   3c ff 75 2c 4d 2b 41 10 8b 0d 6e 8f 6f 00 49 8b
0x00007ffbe1413f2c:   81 88 04 00 00 49 d3 e8 41 8b c8 80 3c 08 00 74
0x00007ffbe1413f3c:   0f c6 04 08 00 49 8b 81 d0 06 00 00 c6 04 01 00
0x00007ffbe1413f4c:   48 8b 8a f8 00 00 00 83 b9 18 01 00 00 00 74 13
0x00007ffbe1413f5c:   45 8b 42 28 48 81 c1 90 00 00 00 49 8b d3 e9 51
0x00007ffbe1413f6c:   98 04 00 c3 40 57 48 83 ec 20 48 8b fa 48 8b d1
0x00007ffbe1413f7c:   4c 8b 0f 4d 85 c9 74 6b 4c 8b 51 10 4d 8b c1 41
0x00007ffbe1413f8c:   8b 8a f0 06 00 00 49 8b 82 e0 06 00 00 49 d3 e8
0x00007ffbe1413f9c:   41 0f b6 04 00 84 c0 7e 50 48 8b 42 18 48 8b d7
0x00007ffbe1413fac:   48 89 5c 24 30 48 8b 58 10 48 8b cb e8 33 8b fd
0x00007ffbe1413fbc:   ff 84 c0 75 29 48 81 c3 90 00 00 00 48 8b 43 08
0x00007ffbe1413fcc:   48 39 43 20 75 08 48 8b cb e8 76 03 f3 ff 48 8b
0x00007ffbe1413fdc:   4b 20 48 8b 43 38 48 89 3c c8 48 ff 43 20 48 8b
0x00007ffbe1413fec:   5c 24 30 48 83 c4 20 5f c3 8b 0d 9d 8e 6f 00 49
0x00007ffbe1413ffc:   8b d1 48 33 d7 48 d3 ea 48 85 d2 74 e6 3c ff 75
0x00007ffbe141400c:   e2 4d 2b 4a 10 49 8b 82 88 04 00 00 49 d3 e9 41
0x00007ffbe141401c:   8b c9 80 3c 08 00 74 cb c6 04 08 00 49 8b 82 d0
0x00007ffbe141402c:   06 00 00 c6 04 01 00 48 83 c4 20 5f c3 cc cc cc
0x00007ffbe141403c:   cc cc cc cc 40 57 48 83 ec 20 4c 8b 12 48 8b fa 


Stack slot to memory mapping:
stack at sp + 0 slots: 0x00007ffbe1416a8d jvm.dll
stack at sp + 1 slots: 0x00000262a492e860 points into unknown readable memory: 0x00007ffbe193ec20 | 20 ec 93 e1 fb 7f 00 00
stack at sp + 2 slots: 0x00007ffbe141d666 jvm.dll
stack at sp + 3 slots: 0x000000ad00000009 is an unknown value
stack at sp + 4 slots: 0x0000000100057ab8 is a pointer to class: 
java.lang.ThreadLocal$ThreadLocalMap$Entry {0x0000000100057ac0}
stack at sp + 5 slots: 0x000000008bca7800 is pointing into object: org.gradle.internal.service.DefaultServiceRegistry$FixedInstanceService 
{0x000000008bca77f0} - klass: 'org/gradle/internal/service/DefaultServiceRegistry$FixedInstanceService'
stack at sp + 6 slots: 0x00000262a492e860 points into unknown readable memory: 0x00007ffbe193ec20 | 20 ec 93 e1 fb 7f 00 00
stack at sp + 7 slots: 0x000000008bca7928 is an oop: org.gradle.initialization.layout.ProjectCacheDir 
{0x000000008bca7928} - klass: 'org/gradle/initialization/layout/ProjectCacheDir'


---------------  P R O C E S S  ---------------

Threads class SMR info:
_java_thread_list=0x00000262a314a3a0, length=49, elements={
0x0000026280b5d000, 0x000002629c700800, 0x000002629c701800, 0x000002629c718000,
0x000002629c718800, 0x000002629c71b800, 0x000002629c72b000, 0x000002629c72c000,
0x000002629c731800, 0x000002629d1c7800, 0x000002629eaed800, 0x000002629d430000,
0x000002629ec0c800, 0x000002629e93e800, 0x000002629e93d000, 0x000002629e942000,
0x000002629f61a000, 0x000002629dfe4000, 0x000002629dfe2800, 0x00000262a4d21000,
0x00000262a4d22800, 0x00000262a4d26000, 0x00000262a308e000, 0x00000262a3094800,
0x00000262a4d2c800, 0x00000262a4d22000, 0x00000262a4d2b800, 0x000002629dfef800,
0x00000262a4d23800, 0x00000262a4d2b000, 0x00000262a4d28800, 0x00000262a4d27800,
0x00000262a4d25000, 0x00000262a4d2e000, 0x00000262a4d2d800, 0x00000262a4d2f000,
0x00000262a308a000, 0x00000262a308a800, 0x00000262a3088000, 0x00000262a3086000,
0x00000262a3086800, 0x00000262a308c800, 0x00000262a3089000, 0x00000262a3092000,
0x00000262a308f800, 0x00000262a3093000, 0x00000262a308d000, 0x00000262a3093800,
0x000002629dfed800
}

Java Threads: ( => current thread )
  0x0000026280b5d000 JavaThread "main" [_thread_blocked, id=5920, stack(0x000000ad41400000,0x000000ad41500000)]
  0x000002629c700800 JavaThread "Reference Handler" daemon [_thread_blocked, id=7424, stack(0x000000ad41b00000,0x000000ad41c00000)]
  0x000002629c701800 JavaThread "Finalizer" daemon [_thread_blocked, id=9396, stack(0x000000ad41c00000,0x000000ad41d00000)]
  0x000002629c718000 JavaThread "Signal Dispatcher" daemon [_thread_blocked, id=3244, stack(0x000000ad41d00000,0x000000ad41e00000)]
  0x000002629c718800 JavaThread "Attach Listener" daemon [_thread_blocked, id=1296, stack(0x000000ad41e00000,0x000000ad41f00000)]
  0x000002629c71b800 JavaThread "Service Thread" daemon [_thread_blocked, id=1200, stack(0x000000ad41f00000,0x000000ad42000000)]
  0x000002629c72b000 JavaThread "C2 CompilerThread0" daemon [_thread_blocked, id=13812, stack(0x000000ad42000000,0x000000ad42100000)]
  0x000002629c72c000 JavaThread "C1 CompilerThread0" daemon [_thread_blocked, id=12192, stack(0x000000ad42100000,0x000000ad42200000)]
  0x000002629c731800 JavaThread "Sweeper thread" daemon [_thread_blocked, id=9904, stack(0x000000ad42200000,0x000000ad42300000)]
  0x000002629d1c7800 JavaThread "Common-Cleaner" daemon [_thread_blocked, id=10484, stack(0x000000ad42300000,0x000000ad42400000)]
  0x000002629eaed800 JavaThread "Daemon health stats" [_thread_blocked, id=2440, stack(0x000000ad42800000,0x000000ad42900000)]
  0x000002629d430000 JavaThread "Incoming local TCP Connector on port 62390" [_thread_in_native, id=8932, stack(0x000000ad42900000,0x000000ad42a00000)]
  0x000002629ec0c800 JavaThread "Daemon periodic checks" [_thread_blocked, id=4520, stack(0x000000ad42a00000,0x000000ad42b00000)]
  0x000002629e93e800 JavaThread "Cache worker for journal cache (C:\Users\Rushabh Desai\.gradle\caches\journal-1)" [_thread_blocked, id=11496, stack(0x000000ad43200000,0x000000ad43300000)]
  0x000002629e93d000 JavaThread "File lock request listener" [_thread_in_native, id=14016, stack(0x000000ad43300000,0x000000ad43400000)]
  0x000002629e942000 JavaThread "Cache worker for file hash cache (C:\Users\Rushabh Desai\.gradle\caches\6.1.1\fileHashes)" [_thread_blocked, id=5796, stack(0x000000ad43400000,0x000000ad43500000)]
  0x000002629f61a000 JavaThread "Cache worker for execution history cache (C:\Users\Rushabh Desai\.gradle\caches\6.1.1\executionHistory)" [_thread_blocked, id=9528, stack(0x000000ad43900000,0x000000ad43a00000)]
  0x000002629dfe4000 JavaThread "Memory manager" [_thread_blocked, id=6444, stack(0x000000ad44000000,0x000000ad44100000)]
  0x000002629dfe2800 JavaThread "Cache worker for file content cache (C:\Users\Rushabh Desai\.gradle\caches\6.1.1\fileContent)" [_thread_blocked, id=13360, stack(0x000000ad44100000,0x000000ad44200000)]
  0x00000262a4d21000 JavaThread "RMI Scheduler(0)" daemon [_thread_blocked, id=2028, stack(0x000000ad41200000,0x000000ad41300000)]
  0x00000262a4d22800 JavaThread "RMI TCP Accept-0" daemon [_thread_in_native, id=7180, stack(0x000000ad44b00000,0x000000ad44c00000)]
  0x00000262a4d26000 JavaThread "Cache worker for Java compile cache (C:\Users\Rushabh Desai\.gradle\caches\6.1.1\javaCompile)" [_thread_blocked, id=8372, stack(0x000000ad43000000,0x000000ad43100000)]
  0x00000262a308e000 JavaThread "RMI GC Daemon" daemon [_thread_blocked, id=11568, stack(0x000000ad44800000,0x000000ad44900000)]
  0x00000262a3094800 JavaThread "RMI Reaper" [_thread_blocked, id=7924, stack(0x000000ad44a00000,0x000000ad44b00000)]
  0x00000262a4d2c800 JavaThread "ForkJoinPool.commonPool-worker-3" daemon [_thread_blocked, id=8556, stack(0x000000ad44e00000,0x000000ad44f00000)]
  0x00000262a4d22000 JavaThread "RMI TCP Connection(idle)" daemon [_thread_blocked, id=14332, stack(0x000000ad44700000,0x000000ad44800000)]
  0x00000262a4d2b800 JavaThread "ForkJoinPool.commonPool-worker-7" daemon [_thread_blocked, id=2316, stack(0x000000ad44f00000,0x000000ad45000000)]
  0x000002629dfef800 JavaThread "RMI TCP Connection(idle)" daemon [_thread_blocked, id=12400, stack(0x000000ad44d00000,0x000000ad44e00000)]
  0x00000262a4d23800 JavaThread "Daemon Thread 25" [_thread_blocked, id=8476, stack(0x000000ad41100000,0x000000ad41200000)]
  0x00000262a4d2b000 JavaThread "Handler for socket connection from /127.0.0.1:62390 to /127.0.0.1:50834" [_thread_in_native, id=5760, stack(0x000000ad41300000,0x000000ad41400000)]
  0x00000262a4d28800 JavaThread "Cancel handler" [_thread_blocked, id=13768, stack(0x000000ad42b00000,0x000000ad42c00000)]
  0x00000262a4d27800 JavaThread "Daemon worker Thread 25" [_thread_blocked, id=5360, stack(0x000000ad42c00000,0x000000ad42d00000)]
  0x00000262a4d25000 JavaThread "Asynchronous log dispatcher for DefaultDaemonConnection: socket connection from /127.0.0.1:62390 to /127.0.0.1:50834" [_thread_blocked, id=14044, stack(0x000000ad42d00000,0x000000ad42e00000)]
  0x00000262a4d2e000 JavaThread "Stdin handler" [_thread_blocked, id=6156, stack(0x000000ad42e00000,0x000000ad42f00000)]
  0x00000262a4d2d800 JavaThread "Thread-1003" [_thread_blocked, id=6636, stack(0x000000ad42f00000,0x000000ad43000000)]
  0x00000262a4d2f000 JavaThread "Cache worker for checksums cache (C:\Users\Rushabh Desai\AndroidStudioProjects\payplexpos\.gradle\checksums)" [_thread_blocked, id=11404, stack(0x000000ad43100000,0x000000ad43200000)]
  0x00000262a308a000 JavaThread "Cache worker for file hash cache (C:\Users\Rushabh Desai\AndroidStudioProjects\payplexpos\.gradle\6.1.1\fileHashes)" [_thread_blocked, id=5688, stack(0x000000ad43500000,0x000000ad43600000)]
  0x00000262a308a800 JavaThread "Cache worker for cache directory md-supplier (C:\Users\Rushabh Desai\.gradle\caches\6.1.1\md-supplier)" [_thread_blocked, id=11224, stack(0x000000ad43600000,0x000000ad43700000)]
  0x00000262a3088000 JavaThread "Cache worker for cache directory md-rule (C:\Users\Rushabh Desai\.gradle\caches\6.1.1\md-rule)" [_thread_blocked, id=1468, stack(0x000000ad43700000,0x000000ad43800000)]
  0x00000262a3086000 JavaThread "Build operations" [_thread_blocked, id=13676, stack(0x000000ad43800000,0x000000ad43900000)]
  0x00000262a3086800 JavaThread "Build operations Thread 2" [_thread_blocked, id=7256, stack(0x000000ad43a00000,0x000000ad43b00000)]
  0x00000262a308c800 JavaThread "Build operations Thread 3" [_thread_blocked, id=6080, stack(0x000000ad43b00000,0x000000ad43c00000)]
  0x00000262a3089000 JavaThread "Build operations Thread 4" [_thread_blocked, id=9196, stack(0x000000ad43c00000,0x000000ad43d00000)]
  0x00000262a3092000 JavaThread "Cache worker for Build Output Cleanup Cache (C:\Users\Rushabh Desai\AndroidStudioProjects\payplexpos\.gradle\buildOutputCleanup)" [_thread_blocked, id=8128, stack(0x000000ad43d00000,0x000000ad43e00000)]
  0x00000262a308f800 JavaThread "Cache worker for file content cache (C:\Users\Rushabh Desai\AndroidStudioProjects\payplexpos\.gradle\6.1.1\fileContent)" [_thread_blocked, id=14172, stack(0x000000ad43e00000,0x000000ad43f00000)]
  0x00000262a3093000 JavaThread "Execution worker for ':'" [_thread_blocked, id=9468, stack(0x000000ad43f00000,0x000000ad44000000)]
  0x00000262a308d000 JavaThread "Execution worker for ':' Thread 2" [_thread_blocked, id=10824, stack(0x000000ad44200000,0x000000ad44300000)]
  0x00000262a3093800 JavaThread "Execution worker for ':' Thread 3" [_thread_blocked, id=8180, stack(0x000000ad44300000,0x000000ad44400000)]
  0x000002629dfed800 JavaThread "Cache worker for execution history cache (C:\Users\Rushabh Desai\AndroidStudioProjects\payplexpos\.gradle\6.1.1\executionHistory)" [_thread_blocked, id=11552, stack(0x000000ad44400000,0x000000ad44500000)]

Other Threads:
  0x000002629c6fb800 VMThread "VM Thread" [stack: 0x000000ad41a00000,0x000000ad41b00000] [id=7388]
  0x000002629d1e0800 WatcherThread [stack: 0x000000ad42400000,0x000000ad42500000] [id=10948]
  0x0000026280bb5000 GCTaskThread "GC Thread#0" [stack: 0x000000ad41500000,0x000000ad41600000] [id=6648]
  0x000002629d6df000 GCTaskThread "GC Thread#1" [stack: 0x000000ad42600000,0x000000ad42700000] [id=3880]
=>0x000002629d52f800 GCTaskThread "GC Thread#2" [stack: 0x000000ad42700000,0x000000ad42800000] [id=12940]
  0x000002629e9ab800 GCTaskThread "GC Thread#3" [stack: 0x000000ad42500000,0x000000ad42600000] [id=11124]
  0x0000026280be6000 ConcurrentGCThread "G1 Main Marker" [stack: 0x000000ad41600000,0x000000ad41700000] [id=6688]
  0x0000026280be8800 ConcurrentGCThread "G1 Conc#0" [stack: 0x000000ad41700000,0x000000ad41800000] [id=6184]
  0x0000026280c79800 ConcurrentGCThread "G1 Refine#0" [stack: 0x000000ad41800000,0x000000ad41900000] [id=7392]
  0x000002629f1b5000 ConcurrentGCThread "G1 Refine#1" [stack: 0x000000ad44900000,0x000000ad44a00000] [id=11728]
  0x0000026280c7a800 ConcurrentGCThread "G1 Young RemSet Sampling" [stack: 0x000000ad41900000,0x000000ad41a00000] [id=6612]

Threads with active compile tasks:

VM state:at safepoint (normal execution)

VM Mutex/Monitor currently owned by a thread:  ([mutex/lock_event])
[0x0000026280b9dea0] Threads_lock - owner thread: 0x000002629c6fb800
[0x0000026280b9e320] Heap_lock - owner thread: 0x000002629e93e800

Heap address: 0x0000000080000000, size: 2048 MB, Compressed Oops mode: 32-bit
Narrow klass base: 0x0000000000000000, Narrow klass shift: 3
Compressed class space size: 1073741824 Address: 0x0000000100000000

Heap:
 garbage-first heap   total 396288K, used 290738K [0x0000000080000000, 0x0000000100000000)
  region size 1024K, 125 young (128000K), 9 survivors (9216K)
 Metaspace       used 151951K, capacity 157038K, committed 165840K, reserved 1193984K
  class space    used 18077K, capacity 19855K, committed 20864K, reserved 1048576K
Heap Regions: E=young(eden), S=young(survivor), O=old, HS=humongous(starts), HC=humongous(continues), CS=collection set, F=free, A=archive, TAMS=top-at-mark-start (previous, next)
|   0|0x0000000080000000, 0x00000000800fffe0, 0x0000000080100000| 99%| O|  |TAMS 0x00000000800fffe0, 0x0000000080000000| Untracked 
|   1|0x0000000080100000, 0x00000000801ffff0, 0x0000000080200000| 99%| O|  |TAMS 0x00000000801ffff0, 0x0000000080100000| Untracked 
|   2|0x0000000080200000, 0x00000000802fffe8, 0x0000000080300000| 99%| O|  |TAMS 0x00000000802fffe8, 0x0000000080200000| Untracked 
|   3|0x0000000080300000, 0x0000000080400000, 0x0000000080400000|100%|HS|  |TAMS 0x0000000080400000, 0x0000000080300000| Complete 
|   4|0x0000000080400000, 0x0000000080500000, 0x0000000080500000|100%|HC|  |TAMS 0x0000000080500000, 0x0000000080400000| Complete 
|   5|0x0000000080500000, 0x0000000080600000, 0x0000000080600000|100%|HC|  |TAMS 0x0000000080600000, 0x0000000080500000| Complete 
|   6|0x0000000080600000, 0x0000000080700000, 0x0000000080700000|100%| O|  |TAMS 0x0000000080700000, 0x0000000080600000| Untracked 
|   7|0x0000000080700000, 0x00000000807ffe28, 0x0000000080800000| 99%| O|  |TAMS 0x00000000807ffe28, 0x0000000080700000| Untracked 
|   8|0x0000000080800000, 0x00000000808ffff8, 0x0000000080900000| 99%| O|  |TAMS 0x00000000808ffff8, 0x0000000080800000| Untracked 
|   9|0x0000000080900000, 0x00000000809fed98, 0x0000000080a00000| 99%| O|  |TAMS 0x00000000809fed98, 0x0000000080900000| Untracked 
|  10|0x0000000080a00000, 0x0000000080b00000, 0x0000000080b00000|100%|HS|  |TAMS 0x0000000080b00000, 0x0000000080a00000| Complete 
|  11|0x0000000080b00000, 0x0000000080c00000, 0x0000000080c00000|100%|HC|  |TAMS 0x0000000080c00000, 0x0000000080b00000| Complete 
|  12|0x0000000080c00000, 0x0000000080d00000, 0x0000000080d00000|100%|HS|  |TAMS 0x0000000080d00000, 0x0000000080c00000| Complete 
|  13|0x0000000080d00000, 0x0000000080e00000, 0x0000000080e00000|100%|HC|  |TAMS 0x0000000080e00000, 0x0000000080d00000| Complete 
|  14|0x0000000080e00000, 0x0000000080f00000, 0x0000000080f00000|100%|HC|  |TAMS 0x0000000080f00000, 0x0000000080e00000| Complete 
|  15|0x0000000080f00000, 0x0000000081000000, 0x0000000081000000|100%|HS|  |TAMS 0x0000000081000000, 0x0000000080f00000| Complete 
|  16|0x0000000081000000, 0x0000000081100000, 0x0000000081100000|100%|HC|  |TAMS 0x0000000081100000, 0x0000000081000000| Complete 
|  17|0x0000000081100000, 0x0000000081200000, 0x0000000081200000|100%|HC|  |TAMS 0x0000000081200000, 0x0000000081100000| Complete 
|  18|0x0000000081200000, 0x0000000081300000, 0x0000000081300000|100%|HC|  |TAMS 0x0000000081300000, 0x0000000081200000| Complete 
|  19|0x0000000081300000, 0x00000000813f9b78, 0x0000000081400000| 97%| O|  |TAMS 0x00000000813f9b78, 0x0000000081300000| Untracked 
|  20|0x0000000081400000, 0x00000000814f92c0, 0x0000000081500000| 97%| O|  |TAMS 0x00000000814f92c0, 0x0000000081400000| Untracked 
|  21|0x0000000081500000, 0x00000000815fffd0, 0x0000000081600000| 99%| O|  |TAMS 0x00000000815fffd0, 0x0000000081500000| Untracked 
|  22|0x0000000081600000, 0x0000000081700000, 0x0000000081700000|100%| O|  |TAMS 0x0000000081700000, 0x0000000081600000| Untracked 
|  23|0x0000000081700000, 0x00000000817ed320, 0x0000000081800000| 92%| O|  |TAMS 0x00000000817ed320, 0x0000000081700000| Untracked 
|  24|0x0000000081800000, 0x00000000818fffb0, 0x0000000081900000| 99%| O|  |TAMS 0x00000000818fffb0, 0x0000000081800000| Untracked 
|  25|0x0000000081900000, 0x0000000081a00000, 0x0000000081a00000|100%|HS|  |TAMS 0x0000000081a00000, 0x0000000081900000| Complete 
|  26|0x0000000081a00000, 0x0000000081afffd8, 0x0000000081b00000| 99%| O|  |TAMS 0x0000000081afffd8, 0x0000000081a00000| Untracked 
|  27|0x0000000081b00000, 0x0000000081bfffe8, 0x0000000081c00000| 99%| O|  |TAMS 0x0000000081bfffe8, 0x0000000081b00000| Untracked 
|  28|0x0000000081c00000, 0x0000000081cffff8, 0x0000000081d00000| 99%| O|  |TAMS 0x0000000081cffff8, 0x0000000081c00000| Untracked 
|  29|0x0000000081d00000, 0x0000000081dfff58, 0x0000000081e00000| 99%| O|  |TAMS 0x0000000081dfff58, 0x0000000081d00000| Untracked 
|  30|0x0000000081e00000, 0x0000000081effff8, 0x0000000081f00000| 99%| O|  |TAMS 0x0000000081effff8, 0x0000000081e00000| Untracked 
|  31|0x0000000081f00000, 0x0000000082000000, 0x0000000082000000|100%|HS|  |TAMS 0x0000000082000000, 0x0000000081f00000| Complete 
|  32|0x0000000082000000, 0x0000000082100000, 0x0000000082100000|100%|HC|  |TAMS 0x0000000082100000, 0x0000000082000000| Complete 
|  33|0x0000000082100000, 0x0000000082200000, 0x0000000082200000|100%|HC|  |TAMS 0x0000000082200000, 0x0000000082100000| Complete 
|  34|0x0000000082200000, 0x0000000082300000, 0x0000000082300000|100%|HS|  |TAMS 0x0000000082300000, 0x0000000082200000| Complete 
|  35|0x0000000082300000, 0x0000000082400000, 0x0000000082400000|100%|HC|  |TAMS 0x0000000082400000, 0x0000000082300000| Complete 
|  36|0x0000000082400000, 0x0000000082500000, 0x0000000082500000|100%|HC|  |TAMS 0x0000000082500000, 0x0000000082400000| Complete 
|  37|0x0000000082500000, 0x0000000082600000, 0x0000000082600000|100%|HS|  |TAMS 0x0000000082600000, 0x0000000082500000| Complete 
|  38|0x0000000082600000, 0x0000000082700000, 0x0000000082700000|100%|HC|  |TAMS 0x0000000082700000, 0x0000000082600000| Complete 
|  39|0x0000000082700000, 0x00000000827fffb8, 0x0000000082800000| 99%| O|  |TAMS 0x00000000827fffb8, 0x0000000082700000| Untracked 
|  40|0x0000000082800000, 0x00000000828ffff8, 0x0000000082900000| 99%| O|  |TAMS 0x00000000828ffff8, 0x0000000082800000| Untracked 
|  41|0x0000000082900000, 0x00000000829c5d80, 0x0000000082a00000| 77%| O|  |TAMS 0x00000000829c5d80, 0x0000000082900000| Complete 
|  42|0x0000000082a00000, 0x0000000082af3868, 0x0000000082b00000| 95%| O|  |TAMS 0x0000000082af3868, 0x0000000082a00000| Untracked 
|  43|0x0000000082b00000, 0x0000000082bfc870, 0x0000000082c00000| 98%| O|  |TAMS 0x0000000082bfc870, 0x0000000082b00000| Untracked 
|  44|0x0000000082c00000, 0x0000000082cffff8, 0x0000000082d00000| 99%| O|  |TAMS 0x0000000082cffff8, 0x0000000082c00000| Untracked 
|  45|0x0000000082d00000, 0x0000000082dfffd0, 0x0000000082e00000| 99%| O|  |TAMS 0x0000000082dfffd0, 0x0000000082d00000| Untracked 
|  46|0x0000000082e00000, 0x0000000082ef9b08, 0x0000000082f00000| 97%| O|  |TAMS 0x0000000082ef9b08, 0x0000000082e00000| Untracked 
|  47|0x0000000082f00000, 0x0000000082ffa768, 0x0000000083000000| 97%| O|  |TAMS 0x0000000082ffa768, 0x0000000082f00000| Untracked 
|  48|0x0000000083000000, 0x00000000830fffc8, 0x0000000083100000| 99%| O|  |TAMS 0x00000000830fffc8, 0x0000000083000000| Untracked 
|  49|0x0000000083100000, 0x00000000831fffb8, 0x0000000083200000| 99%| O|  |TAMS 0x00000000831fffb8, 0x0000000083100000| Untracked 
|  50|0x0000000083200000, 0x00000000832fff80, 0x0000000083300000| 99%| O|  |TAMS 0x00000000832fff80, 0x0000000083200000| Untracked 
|  51|0x0000000083300000, 0x00000000833ffff0, 0x0000000083400000| 99%| O|  |TAMS 0x00000000833ffff0, 0x0000000083300000| Untracked 
|  52|0x0000000083400000, 0x00000000834f8d50, 0x0000000083500000| 97%| O|  |TAMS 0x00000000834f8d50, 0x0000000083400000| Untracked 
|  53|0x0000000083500000, 0x0000000083600000, 0x0000000083600000|100%| O|  |TAMS 0x0000000083600000, 0x0000000083500000| Untracked 
|  54|0x0000000083600000, 0x00000000836ffd70, 0x0000000083700000| 99%| O|  |TAMS 0x00000000836ffd70, 0x0000000083600000| Untracked 
|  55|0x0000000083700000, 0x00000000837ffed0, 0x0000000083800000| 99%| O|  |TAMS 0x00000000837ffed0, 0x0000000083700000| Untracked 
|  56|0x0000000083800000, 0x00000000838fffe0, 0x0000000083900000| 99%| O|  |TAMS 0x00000000838fffe0, 0x0000000083800000| Complete 
|  57|0x0000000083900000, 0x00000000839ffff8, 0x0000000083a00000| 99%| O|  |TAMS 0x00000000839ffff8, 0x0000000083900000| Untracked 
|  58|0x0000000083a00000, 0x0000000083b00000, 0x0000000083b00000|100%| O|  |TAMS 0x0000000083b00000, 0x0000000083a00000| Untracked 
|  59|0x0000000083b00000, 0x0000000083bfffd0, 0x0000000083c00000| 99%| O|  |TAMS 0x0000000083bfffd0, 0x0000000083b00000| Untracked 
|  60|0x0000000083c00000, 0x0000000083cffff8, 0x0000000083d00000| 99%| O|  |TAMS 0x0000000083cffff8, 0x0000000083c00000| Untracked 
|  61|0x0000000083d00000, 0x0000000083dfffd0, 0x0000000083e00000| 99%| O|  |TAMS 0x0000000083dfffd0, 0x0000000083d00000| Untracked 
|  62|0x0000000083e00000, 0x0000000083efffb8, 0x0000000083f00000| 99%| O|  |TAMS 0x0000000083efffb8, 0x0000000083e00000| Untracked 
|  63|0x0000000083f00000, 0x0000000083fffff8, 0x0000000084000000| 99%| O|  |TAMS 0x0000000083fffff8, 0x0000000083f00000| Complete 
|  64|0x0000000084000000, 0x00000000840fff88, 0x0000000084100000| 99%| O|  |TAMS 0x00000000840fff88, 0x0000000084000000| Untracked 
|  65|0x0000000084100000, 0x00000000841ffff0, 0x0000000084200000| 99%| O|  |TAMS 0x00000000841ffff0, 0x0000000084100000| Untracked 
|  66|0x0000000084200000, 0x00000000842fffe8, 0x0000000084300000| 99%| O|  |TAMS 0x00000000842fffe8, 0x0000000084200000| Untracked 
|  67|0x0000000084300000, 0x00000000843ffff0, 0x0000000084400000| 99%| O|  |TAMS 0x00000000843ffff0, 0x0000000084300000| Untracked 
|  68|0x0000000084400000, 0x00000000844d4e88, 0x0000000084500000| 83%| O|  |TAMS 0x00000000844d4e88, 0x0000000084400000| Complete 
|  69|0x0000000084500000, 0x00000000845ffff0, 0x0000000084600000| 99%| O|  |TAMS 0x00000000845ffff0, 0x0000000084500000| Untracked 
|  70|0x0000000084600000, 0x00000000846ffff0, 0x0000000084700000| 99%| O|  |TAMS 0x00000000846ffff0, 0x0000000084600000| Untracked 
|  71|0x0000000084700000, 0x00000000847fa4b8, 0x0000000084800000| 97%| O|  |TAMS 0x00000000847fa4b8, 0x0000000084700000| Complete 
|  72|0x0000000084800000, 0x00000000848e5838, 0x0000000084900000| 89%| O|  |TAMS 0x00000000848e5838, 0x0000000084800000| Complete 
|  73|0x0000000084900000, 0x00000000849ffff0, 0x0000000084a00000| 99%| O|  |TAMS 0x00000000849ffff0, 0x0000000084900000| Untracked 
|  74|0x0000000084a00000, 0x0000000084affff8, 0x0000000084b00000| 99%| O|  |TAMS 0x0000000084affff8, 0x0000000084a00000| Complete 
|  75|0x0000000084b00000, 0x0000000084bfffb8, 0x0000000084c00000| 99%| O|  |TAMS 0x0000000084bfffb8, 0x0000000084b00000| Untracked 
|  76|0x0000000084c00000, 0x0000000084cffed8, 0x0000000084d00000| 99%| O|  |TAMS 0x0000000084cffed8, 0x0000000084c00000| Untracked 
|  77|0x0000000084d00000, 0x0000000084dfe470, 0x0000000084e00000| 99%| O|  |TAMS 0x0000000084dfe470, 0x0000000084d00000| Complete 
|  78|0x0000000084e00000, 0x0000000084effff8, 0x0000000084f00000| 99%| O|  |TAMS 0x0000000084effff8, 0x0000000084e00000| Untracked 
|  79|0x0000000084f00000, 0x0000000085000000, 0x0000000085000000|100%| O|  |TAMS 0x0000000085000000, 0x0000000084f00000| Untracked 
|  80|0x0000000085000000, 0x00000000850fff80, 0x0000000085100000| 99%| O|  |TAMS 0x00000000850fff80, 0x0000000085000000| Untracked 
|  81|0x0000000085100000, 0x00000000851ffff8, 0x0000000085200000| 99%| O|  |TAMS 0x00000000851ffff8, 0x0000000085100000| Untracked 
|  82|0x0000000085200000, 0x0000000085300000, 0x0000000085300000|100%| O|  |TAMS 0x0000000085300000, 0x0000000085200000| Untracked 
|  83|0x0000000085300000, 0x00000000853fffc0, 0x0000000085400000| 99%| O|  |TAMS 0x00000000853fffc0, 0x0000000085300000| Complete 
|  84|0x0000000085400000, 0x00000000854fffe8, 0x0000000085500000| 99%| O|  |TAMS 0x00000000854fffe8, 0x0000000085400000| Untracked 
|  85|0x0000000085500000, 0x00000000855fffd8, 0x0000000085600000| 99%| O|  |TAMS 0x00000000855fffd8, 0x0000000085500000| Untracked 
|  86|0x0000000085600000, 0x00000000856ffff0, 0x0000000085700000| 99%| O|  |TAMS 0x00000000856ffff0, 0x0000000085600000| Untracked 
|  87|0x0000000085700000, 0x00000000857ffff8, 0x0000000085800000| 99%| O|  |TAMS 0x00000000857ffff8, 0x0000000085700000| Untracked 
|  88|0x0000000085800000, 0x00000000858ffff0, 0x0000000085900000| 99%| O|  |TAMS 0x00000000858ffff0, 0x0000000085800000| Untracked 
|  89|0x0000000085900000, 0x00000000859ffff8, 0x0000000085a00000| 99%| O|  |TAMS 0x00000000859ffff8, 0x0000000085900000| Untracked 
|  90|0x0000000085a00000, 0x0000000085affff0, 0x0000000085b00000| 99%| O|  |TAMS 0x0000000085affff0, 0x0000000085a00000| Untracked 
|  91|0x0000000085b00000, 0x0000000085bf9810, 0x0000000085c00000| 97%| O|  |TAMS 0x0000000085bf9810, 0x0000000085b00000| Complete 
|  92|0x0000000085c00000, 0x0000000085cffff0, 0x0000000085d00000| 99%| O|  |TAMS 0x0000000085cffff0, 0x0000000085c00000| Untracked 
|  93|0x0000000085d00000, 0x0000000085dfe440, 0x0000000085e00000| 99%| O|  |TAMS 0x0000000085dfe440, 0x0000000085d00000| Complete 
|  94|0x0000000085e00000, 0x0000000085f00000, 0x0000000085f00000|100%| O|  |TAMS 0x0000000085f00000, 0x0000000085e00000| Untracked 
|  95|0x0000000085f00000, 0x0000000085fffff8, 0x0000000086000000| 99%| O|  |TAMS 0x0000000085fffff8, 0x0000000085f00000| Untracked 
|  96|0x0000000086000000, 0x0000000086100000, 0x0000000086100000|100%| O|  |TAMS 0x0000000086100000, 0x0000000086000000| Untracked 
|  97|0x0000000086100000, 0x00000000861fffe8, 0x0000000086200000| 99%| O|  |TAMS 0x00000000861fffe8, 0x0000000086100000| Untracked 
|  98|0x0000000086200000, 0x0000000086300000, 0x0000000086300000|100%| O|  |TAMS 0x0000000086300000, 0x0000000086200000| Complete 
|  99|0x0000000086300000, 0x0000000086400000, 0x0000000086400000|100%|HS|  |TAMS 0x0000000086300000, 0x0000000086300000| Complete 
| 100|0x0000000086400000, 0x00000000864fdac0, 0x0000000086500000| 99%| O|  |TAMS 0x00000000864fdac0, 0x0000000086400000| Complete 
| 101|0x0000000086500000, 0x0000000086600000, 0x0000000086600000|100%| O|  |TAMS 0x0000000086600000, 0x0000000086500000| Untracked 
| 102|0x0000000086600000, 0x0000000086700000, 0x0000000086700000|100%|HS|  |TAMS 0x0000000086600000, 0x0000000086600000| Complete 
| 103|0x0000000086700000, 0x0000000086800000, 0x0000000086800000|100%| O|  |TAMS 0x0000000086700000, 0x0000000086700000| Untracked 
| 104|0x0000000086800000, 0x0000000086900000, 0x0000000086900000|100%| O|  |TAMS 0x0000000086900000, 0x0000000086800000| Complete 
| 105|0x0000000086900000, 0x00000000869fe218, 0x0000000086a00000| 99%| O|  |TAMS 0x00000000869fe218, 0x0000000086900000| Complete 
| 106|0x0000000086a00000, 0x0000000086b00000, 0x0000000086b00000|100%| O|  |TAMS 0x0000000086b00000, 0x0000000086a00000| Complete 
| 107|0x0000000086b00000, 0x0000000086c00000, 0x0000000086c00000|100%| O|  |TAMS 0x0000000086c00000, 0x0000000086b00000| Complete 
| 108|0x0000000086c00000, 0x0000000086d00000, 0x0000000086d00000|100%|HS|  |TAMS 0x0000000086d00000, 0x0000000086c00000| Complete 
| 109|0x0000000086d00000, 0x0000000086e00000, 0x0000000086e00000|100%| O|  |TAMS 0x0000000086e00000, 0x0000000086d00000| Complete 
| 110|0x0000000086e00000, 0x0000000086f00000, 0x0000000086f00000|100%| O|  |TAMS 0x0000000086f00000, 0x0000000086e00000| Untracked 
| 111|0x0000000086f00000, 0x0000000087000000, 0x0000000087000000|100%|HS|  |TAMS 0x0000000086f00000, 0x0000000086f00000| Complete 
| 112|0x0000000087000000, 0x0000000087100000, 0x0000000087100000|100%|HC|  |TAMS 0x0000000087000000, 0x0000000087000000| Complete 
| 113|0x0000000087100000, 0x0000000087200000, 0x0000000087200000|100%|HS|  |TAMS 0x0000000087200000, 0x0000000087100000| Complete 
| 114|0x0000000087200000, 0x0000000087300000, 0x0000000087300000|100%| O|  |TAMS 0x0000000087300000, 0x0000000087200000| Complete 
| 115|0x0000000087300000, 0x0000000087400000, 0x0000000087400000|100%| O|  |TAMS 0x0000000087300000, 0x0000000087300000| Untracked 
| 116|0x0000000087400000, 0x0000000087500000, 0x0000000087500000|100%| O|  |TAMS 0x0000000087500000, 0x0000000087400000| Untracked 
| 117|0x0000000087500000, 0x0000000087600000, 0x0000000087600000|100%| O|  |TAMS 0x0000000087600000, 0x0000000087500000| Complete 
| 118|0x0000000087600000, 0x0000000087700000, 0x0000000087700000|100%| O|  |TAMS 0x0000000087700000, 0x0000000087600000| Untracked 
| 119|0x0000000087700000, 0x0000000087800000, 0x0000000087800000|100%| O|  |TAMS 0x0000000087800000, 0x0000000087700000| Untracked 
| 120|0x0000000087800000, 0x0000000087900000, 0x0000000087900000|100%| O|  |TAMS 0x0000000087900000, 0x0000000087800000| Untracked 
| 121|0x0000000087900000, 0x0000000087a00000, 0x0000000087a00000|100%| O|  |TAMS 0x0000000087a00000, 0x0000000087900000| Untracked 
| 122|0x0000000087a00000, 0x0000000087b00000, 0x0000000087b00000|100%| O|  |TAMS 0x0000000087a00000, 0x0000000087a00000| Untracked 
| 123|0x0000000087b00000, 0x0000000087c00000, 0x0000000087c00000|100%| O|  |TAMS 0x0000000087c00000, 0x0000000087b00000| Untracked 
| 124|0x0000000087c00000, 0x0000000087d00000, 0x0000000087d00000|100%| O|  |TAMS 0x0000000087c00000, 0x0000000087c00000| Untracked 
| 125|0x0000000087d00000, 0x0000000087e00000, 0x0000000087e00000|100%| O|  |TAMS 0x0000000087e00000, 0x0000000087d00000| Complete 
| 126|0x0000000087e00000, 0x0000000087f00000, 0x0000000087f00000|100%| O|  |TAMS 0x0000000087e00000, 0x0000000087e00000| Untracked 
| 127|0x0000000087f00000, 0x0000000088000000, 0x0000000088000000|100%| O|  |TAMS 0x0000000088000000, 0x0000000087f00000| Complete 
| 128|0x0000000088000000, 0x0000000088100000, 0x0000000088100000|100%| O|  |TAMS 0x0000000088100000, 0x0000000088000000| Untracked 
| 129|0x0000000088100000, 0x0000000088200000, 0x0000000088200000|100%| O|  |TAMS 0x0000000088200000, 0x0000000088100000| Untracked 
| 130|0x0000000088200000, 0x0000000088300000, 0x0000000088300000|100%| O|  |TAMS 0x0000000088300000, 0x0000000088200000| Untracked 
| 131|0x0000000088300000, 0x0000000088400000, 0x0000000088400000|100%| O|  |TAMS 0x0000000088400000, 0x0000000088300000| Complete 
| 132|0x0000000088400000, 0x0000000088500000, 0x0000000088500000|100%| O|  |TAMS 0x0000000088500000, 0x0000000088400000| Untracked 
| 133|0x0000000088500000, 0x0000000088600000, 0x0000000088600000|100%| O|  |TAMS 0x0000000088600000, 0x0000000088500000| Complete 
| 134|0x0000000088600000, 0x0000000088700000, 0x0000000088700000|100%| O|  |TAMS 0x0000000088700000, 0x0000000088600000| Complete 
| 135|0x0000000088700000, 0x0000000088800000, 0x0000000088800000|100%| O|  |TAMS 0x0000000088800000, 0x0000000088700000| Untracked 
| 136|0x0000000088800000, 0x0000000088900000, 0x0000000088900000|100%| O|  |TAMS 0x0000000088900000, 0x0000000088800000| Untracked 
| 137|0x0000000088900000, 0x0000000088a00000, 0x0000000088a00000|100%| O|  |TAMS 0x0000000088a00000, 0x0000000088900000| Untracked 
| 138|0x0000000088a00000, 0x0000000088b00000, 0x0000000088b00000|100%| O|  |TAMS 0x0000000088b00000, 0x0000000088a00000| Untracked 
| 139|0x0000000088b00000, 0x0000000088c00000, 0x0000000088c00000|100%| O|  |TAMS 0x0000000088c00000, 0x0000000088b00000| Complete 
| 140|0x0000000088c00000, 0x0000000088d00000, 0x0000000088d00000|100%| O|  |TAMS 0x0000000088d00000, 0x0000000088c00000| Complete 
| 141|0x0000000088d00000, 0x0000000088e00000, 0x0000000088e00000|100%| O|  |TAMS 0x0000000088e00000, 0x0000000088d00000| Complete 
| 142|0x0000000088e00000, 0x0000000088f00000, 0x0000000088f00000|100%| O|  |TAMS 0x0000000088e00000, 0x0000000088e00000| Untracked 
| 143|0x0000000088f00000, 0x0000000089000000, 0x0000000089000000|100%|HS|  |TAMS 0x0000000089000000, 0x0000000088f00000| Complete 
| 144|0x0000000089000000, 0x0000000089100000, 0x0000000089100000|100%|HC|  |TAMS 0x0000000089100000, 0x0000000089000000| Complete 
| 145|0x0000000089100000, 0x0000000089200000, 0x0000000089200000|100%|HS|  |TAMS 0x0000000089200000, 0x0000000089100000| Complete 
| 146|0x0000000089200000, 0x0000000089300000, 0x0000000089300000|100%|HC|  |TAMS 0x0000000089300000, 0x0000000089200000| Complete 
| 147|0x0000000089300000, 0x0000000089400000, 0x0000000089400000|100%|HC|  |TAMS 0x0000000089400000, 0x0000000089300000| Complete 
| 148|0x0000000089400000, 0x0000000089500000, 0x0000000089500000|100%|HS|  |TAMS 0x0000000089500000, 0x0000000089400000| Complete 
| 149|0x0000000089500000, 0x0000000089600000, 0x0000000089600000|100%|HC|  |TAMS 0x0000000089600000, 0x0000000089500000| Complete 
| 150|0x0000000089600000, 0x0000000089700000, 0x0000000089700000|100%|HC|  |TAMS 0x0000000089700000, 0x0000000089600000| Complete 
| 151|0x0000000089700000, 0x0000000089800000, 0x0000000089800000|100%|HC|  |TAMS 0x0000000089800000, 0x0000000089700000| Complete 
| 152|0x0000000089800000, 0x0000000089900000, 0x0000000089900000|100%|HS|  |TAMS 0x0000000089800000, 0x0000000089800000| Complete 
| 153|0x0000000089900000, 0x0000000089a00000, 0x0000000089a00000|100%|HC|  |TAMS 0x0000000089900000, 0x0000000089900000| Complete 
| 154|0x0000000089a00000, 0x0000000089b00000, 0x0000000089b00000|100%| O|  |TAMS 0x0000000089a00000, 0x0000000089a00000| Untracked 
| 155|0x0000000089b00000, 0x0000000089c00000, 0x0000000089c00000|100%| O|  |TAMS 0x0000000089c00000, 0x0000000089b00000| Untracked 
| 156|0x0000000089c00000, 0x0000000089d00000, 0x0000000089d00000|100%| O|  |TAMS 0x0000000089c00000, 0x0000000089c00000| Untracked 
| 157|0x0000000089d00000, 0x0000000089e00000, 0x0000000089e00000|100%| O|  |TAMS 0x0000000089dc5200, 0x0000000089d00000| Untracked 
| 158|0x0000000089e00000, 0x0000000089f00000, 0x0000000089f00000|100%| O|  |TAMS 0x0000000089e00000, 0x0000000089e00000| Untracked 
| 159|0x0000000089f00000, 0x000000008a000000, 0x000000008a000000|100%| O|  |TAMS 0x000000008a000000, 0x0000000089f00000| Complete 
| 160|0x000000008a000000, 0x000000008a100000, 0x000000008a100000|100%|HS|  |TAMS 0x000000008a000000, 0x000000008a000000| Complete 
| 161|0x000000008a100000, 0x000000008a200000, 0x000000008a200000|100%|HC|  |TAMS 0x000000008a100000, 0x000000008a100000| Complete 
| 162|0x000000008a200000, 0x000000008a2dbd20, 0x000000008a300000| 85%| O|  |TAMS 0x000000008a200000, 0x000000008a200000| Untracked 
| 163|0x000000008a300000, 0x000000008a300000, 0x000000008a400000|  0%| F|  |TAMS 0x000000008a300000, 0x000000008a300000| Untracked 
| 164|0x000000008a400000, 0x000000008a400000, 0x000000008a500000|  0%| F|  |TAMS 0x000000008a400000, 0x000000008a400000| Untracked 
| 165|0x000000008a500000, 0x000000008a500000, 0x000000008a600000|  0%| F|  |TAMS 0x000000008a500000, 0x000000008a500000| Untracked 
| 166|0x000000008a600000, 0x000000008a600000, 0x000000008a700000|  0%| F|  |TAMS 0x000000008a600000, 0x000000008a600000| Untracked 
| 167|0x000000008a700000, 0x000000008a700000, 0x000000008a800000|  0%| F|  |TAMS 0x000000008a700000, 0x000000008a700000| Untracked 
| 168|0x000000008a800000, 0x000000008a800000, 0x000000008a900000|  0%| F|  |TAMS 0x000000008a800000, 0x000000008a800000| Untracked 
| 169|0x000000008a900000, 0x000000008a900000, 0x000000008aa00000|  0%| F|  |TAMS 0x000000008a900000, 0x000000008a900000| Untracked 
| 170|0x000000008aa00000, 0x000000008ab00000, 0x000000008ab00000|100%| O|  |TAMS 0x000000008ab00000, 0x000000008aa00000| Complete 
| 171|0x000000008ab00000, 0x000000008ab00000, 0x000000008ac00000|  0%| F|  |TAMS 0x000000008ab00000, 0x000000008ab00000| Untracked 
| 172|0x000000008ac00000, 0x000000008ad00000, 0x000000008ad00000|100%| O|  |TAMS 0x000000008ad00000, 0x000000008ac00000| Complete 
| 173|0x000000008ad00000, 0x000000008ad00000, 0x000000008ae00000|  0%| F|  |TAMS 0x000000008ad00000, 0x000000008ad00000| Untracked 
| 174|0x000000008ae00000, 0x000000008ae00000, 0x000000008af00000|  0%| F|  |TAMS 0x000000008ae00000, 0x000000008ae00000| Untracked 
| 175|0x000000008af00000, 0x000000008af00000, 0x000000008b000000|  0%| F|  |TAMS 0x000000008af00000, 0x000000008af00000| Untracked 
| 176|0x000000008b000000, 0x000000008b000000, 0x000000008b100000|  0%| F|  |TAMS 0x000000008b000000, 0x000000008b000000| Untracked 
| 177|0x000000008b100000, 0x000000008b100000, 0x000000008b200000|  0%| F|  |TAMS 0x000000008b100000, 0x000000008b100000| Untracked 
| 178|0x000000008b200000, 0x000000008b200000, 0x000000008b300000|  0%| F|  |TAMS 0x000000008b200000, 0x000000008b200000| Untracked 
| 179|0x000000008b300000, 0x000000008b300000, 0x000000008b400000|  0%| F|  |TAMS 0x000000008b300000, 0x000000008b300000| Untracked 
| 180|0x000000008b400000, 0x000000008b400000, 0x000000008b500000|  0%| F|  |TAMS 0x000000008b400000, 0x000000008b400000| Untracked 
| 181|0x000000008b500000, 0x000000008b500000, 0x000000008b600000|  0%| F|  |TAMS 0x000000008b500000, 0x000000008b500000| Untracked 
| 182|0x000000008b600000, 0x000000008b600000, 0x000000008b700000|  0%| F|  |TAMS 0x000000008b600000, 0x000000008b600000| Untracked 
| 183|0x000000008b700000, 0x000000008b700000, 0x000000008b800000|  0%| F|  |TAMS 0x000000008b700000, 0x000000008b700000| Untracked 
| 184|0x000000008b800000, 0x000000008b800000, 0x000000008b900000|  0%| F|  |TAMS 0x000000008b800000, 0x000000008b800000| Untracked 
| 185|0x000000008b900000, 0x000000008b900000, 0x000000008ba00000|  0%| F|  |TAMS 0x000000008b900000, 0x000000008b900000| Untracked 
| 186|0x000000008ba00000, 0x000000008bb00000, 0x000000008bb00000|100%| O|  |TAMS 0x000000008bb00000, 0x000000008ba00000| Complete 
| 187|0x000000008bb00000, 0x000000008bc00000, 0x000000008bc00000|100%| O|  |TAMS 0x000000008bc00000, 0x000000008bb00000| Complete 
| 188|0x000000008bc00000, 0x000000008bd00000, 0x000000008bd00000|100%| O|  |TAMS 0x000000008bd00000, 0x000000008bc00000| Complete 
| 189|0x000000008bd00000, 0x000000008bd00000, 0x000000008be00000|  0%| F|  |TAMS 0x000000008bd00000, 0x000000008bd00000| Untracked 
| 190|0x000000008be00000, 0x000000008be00000, 0x000000008bf00000|  0%| F|  |TAMS 0x000000008be00000, 0x000000008be00000| Untracked 
| 191|0x000000008bf00000, 0x000000008bf00000, 0x000000008c000000|  0%| F|  |TAMS 0x000000008bf00000, 0x000000008bf00000| Untracked 
| 192|0x000000008c000000, 0x000000008c000000, 0x000000008c100000|  0%| F|  |TAMS 0x000000008c000000, 0x000000008c000000| Untracked 
| 193|0x000000008c100000, 0x000000008c100000, 0x000000008c200000|  0%| F|  |TAMS 0x000000008c100000, 0x000000008c100000| Untracked 
| 194|0x000000008c200000, 0x000000008c200000, 0x000000008c300000|  0%| F|  |TAMS 0x000000008c200000, 0x000000008c200000| Untracked 
| 195|0x000000008c300000, 0x000000008c300000, 0x000000008c400000|  0%| F|  |TAMS 0x000000008c300000, 0x000000008c300000| Untracked 
| 196|0x000000008c400000, 0x000000008c400000, 0x000000008c500000|  0%| F|  |TAMS 0x000000008c400000, 0x000000008c400000| Untracked 
| 197|0x000000008c500000, 0x000000008c500000, 0x000000008c600000|  0%| F|  |TAMS 0x000000008c500000, 0x000000008c500000| Untracked 
| 198|0x000000008c600000, 0x000000008c600000, 0x000000008c700000|  0%| F|  |TAMS 0x000000008c600000, 0x000000008c600000| Untracked 
| 199|0x000000008c700000, 0x000000008c700000, 0x000000008c800000|  0%| F|  |TAMS 0x000000008c700000, 0x000000008c700000| Untracked 
| 200|0x000000008c800000, 0x000000008c800000, 0x000000008c900000|  0%| F|  |TAMS 0x000000008c800000, 0x000000008c800000| Untracked 
| 201|0x000000008c900000, 0x000000008c900000, 0x000000008ca00000|  0%| F|  |TAMS 0x000000008c900000, 0x000000008c900000| Untracked 
| 202|0x000000008ca00000, 0x000000008ca00000, 0x000000008cb00000|  0%| F|  |TAMS 0x000000008ca00000, 0x000000008ca00000| Untracked 
| 203|0x000000008cb00000, 0x000000008cb00000, 0x000000008cc00000|  0%| F|  |TAMS 0x000000008cb00000, 0x000000008cb00000| Untracked 
| 204|0x000000008cc00000, 0x000000008cc00000, 0x000000008cd00000|  0%| F|  |TAMS 0x000000008cc00000, 0x000000008cc00000| Untracked 
| 205|0x000000008cd00000, 0x000000008cd00000, 0x000000008ce00000|  0%| F|  |TAMS 0x000000008cd00000, 0x000000008cd00000| Untracked 
| 206|0x000000008ce00000, 0x000000008ce00000, 0x000000008cf00000|  0%| F|  |TAMS 0x000000008ce00000, 0x000000008ce00000| Untracked 
| 207|0x000000008cf00000, 0x000000008cf00000, 0x000000008d000000|  0%| F|  |TAMS 0x000000008cf00000, 0x000000008cf00000| Untracked 
| 208|0x000000008d000000, 0x000000008d000000, 0x000000008d100000|  0%| F|  |TAMS 0x000000008d000000, 0x000000008d000000| Untracked 
| 209|0x000000008d100000, 0x000000008d100000, 0x000000008d200000|  0%| F|  |TAMS 0x000000008d100000, 0x000000008d100000| Untracked 
| 210|0x000000008d200000, 0x000000008d200000, 0x000000008d300000|  0%| F|  |TAMS 0x000000008d200000, 0x000000008d200000| Untracked 
| 211|0x000000008d300000, 0x000000008d300000, 0x000000008d400000|  0%| F|  |TAMS 0x000000008d300000, 0x000000008d300000| Untracked 
| 212|0x000000008d400000, 0x000000008d400000, 0x000000008d500000|  0%| F|  |TAMS 0x000000008d400000, 0x000000008d400000| Untracked 
| 213|0x000000008d500000, 0x000000008d500000, 0x000000008d600000|  0%| F|  |TAMS 0x000000008d500000, 0x000000008d500000| Untracked 
| 214|0x000000008d600000, 0x000000008d600000, 0x000000008d700000|  0%| F|  |TAMS 0x000000008d600000, 0x000000008d600000| Untracked 
| 215|0x000000008d700000, 0x000000008d700000, 0x000000008d800000|  0%| F|  |TAMS 0x000000008d700000, 0x000000008d700000| Untracked 
| 216|0x000000008d800000, 0x000000008d800000, 0x000000008d900000|  0%| F|  |TAMS 0x000000008d800000, 0x000000008d800000| Untracked 
| 217|0x000000008d900000, 0x000000008d900000, 0x000000008da00000|  0%| F|  |TAMS 0x000000008d900000, 0x000000008d900000| Untracked 
| 218|0x000000008da00000, 0x000000008da00000, 0x000000008db00000|  0%| F|  |TAMS 0x000000008da00000, 0x000000008da00000| Untracked 
| 219|0x000000008db00000, 0x000000008db00000, 0x000000008dc00000|  0%| F|  |TAMS 0x000000008db00000, 0x000000008db00000| Untracked 
| 220|0x000000008dc00000, 0x000000008dc00000, 0x000000008dd00000|  0%| F|  |TAMS 0x000000008dc00000, 0x000000008dc00000| Untracked 
| 221|0x000000008dd00000, 0x000000008dd00000, 0x000000008de00000|  0%| F|  |TAMS 0x000000008dd00000, 0x000000008dd00000| Untracked 
| 222|0x000000008de00000, 0x000000008de00000, 0x000000008df00000|  0%| F|  |TAMS 0x000000008de00000, 0x000000008de00000| Untracked 
| 223|0x000000008df00000, 0x000000008df00000, 0x000000008e000000|  0%| F|  |TAMS 0x000000008df00000, 0x000000008df00000| Untracked 
| 224|0x000000008e000000, 0x000000008e000000, 0x000000008e100000|  0%| F|  |TAMS 0x000000008e000000, 0x000000008e000000| Untracked 
| 225|0x000000008e100000, 0x000000008e100000, 0x000000008e200000|  0%| F|  |TAMS 0x000000008e100000, 0x000000008e100000| Untracked 
| 226|0x000000008e200000, 0x000000008e200000, 0x000000008e300000|  0%| F|  |TAMS 0x000000008e200000, 0x000000008e200000| Untracked 
| 227|0x000000008e300000, 0x000000008e300000, 0x000000008e400000|  0%| F|  |TAMS 0x000000008e300000, 0x000000008e300000| Untracked 
| 228|0x000000008e400000, 0x000000008e400000, 0x000000008e500000|  0%| F|  |TAMS 0x000000008e400000, 0x000000008e400000| Untracked 
| 229|0x000000008e500000, 0x000000008e500000, 0x000000008e600000|  0%| F|  |TAMS 0x000000008e500000, 0x000000008e500000| Untracked 
| 230|0x000000008e600000, 0x000000008e600000, 0x000000008e700000|  0%| F|  |TAMS 0x000000008e600000, 0x000000008e600000| Untracked 
| 231|0x000000008e700000, 0x000000008e700000, 0x000000008e800000|  0%| F|  |TAMS 0x000000008e700000, 0x000000008e700000| Untracked 
| 232|0x000000008e800000, 0x000000008e800000, 0x000000008e900000|  0%| F|  |TAMS 0x000000008e800000, 0x000000008e800000| Untracked 
| 233|0x000000008e900000, 0x000000008e900000, 0x000000008ea00000|  0%| F|  |TAMS 0x000000008e900000, 0x000000008e900000| Untracked 
| 234|0x000000008ea00000, 0x000000008ea00000, 0x000000008eb00000|  0%| F|  |TAMS 0x000000008ea00000, 0x000000008ea00000| Untracked 
| 235|0x000000008eb00000, 0x000000008eb00000, 0x000000008ec00000|  0%| F|  |TAMS 0x000000008eb00000, 0x000000008eb00000| Untracked 
| 236|0x000000008ec00000, 0x000000008ec00000, 0x000000008ed00000|  0%| F|  |TAMS 0x000000008ec00000, 0x000000008ec00000| Untracked 
| 237|0x000000008ed00000, 0x000000008ed00000, 0x000000008ee00000|  0%| F|  |TAMS 0x000000008ed00000, 0x000000008ed00000| Untracked 
| 238|0x000000008ee00000, 0x000000008ee00000, 0x000000008ef00000|  0%| F|  |TAMS 0x000000008ee00000, 0x000000008ee00000| Untracked 
| 239|0x000000008ef00000, 0x000000008ef00000, 0x000000008f000000|  0%| F|  |TAMS 0x000000008ef00000, 0x000000008ef00000| Untracked 
| 240|0x000000008f000000, 0x000000008f000000, 0x000000008f100000|  0%| F|  |TAMS 0x000000008f000000, 0x000000008f000000| Untracked 
| 241|0x000000008f100000, 0x000000008f100000, 0x000000008f200000|  0%| F|  |TAMS 0x000000008f100000, 0x000000008f100000| Untracked 
| 242|0x000000008f200000, 0x000000008f200000, 0x000000008f300000|  0%| F|  |TAMS 0x000000008f200000, 0x000000008f200000| Untracked 
| 243|0x000000008f300000, 0x000000008f300000, 0x000000008f400000|  0%| F|  |TAMS 0x000000008f300000, 0x000000008f300000| Untracked 
| 244|0x000000008f400000, 0x000000008f400000, 0x000000008f500000|  0%| F|  |TAMS 0x000000008f400000, 0x000000008f400000| Untracked 
| 245|0x000000008f500000, 0x000000008f500000, 0x000000008f600000|  0%| F|  |TAMS 0x000000008f500000, 0x000000008f500000| Untracked 
| 246|0x000000008f600000, 0x000000008f600000, 0x000000008f700000|  0%| F|  |TAMS 0x000000008f600000, 0x000000008f600000| Untracked 
| 247|0x000000008f700000, 0x000000008f700000, 0x000000008f800000|  0%| F|  |TAMS 0x000000008f700000, 0x000000008f700000| Untracked 
| 248|0x000000008f800000, 0x000000008f800000, 0x000000008f900000|  0%| F|  |TAMS 0x000000008f800000, 0x000000008f800000| Untracked 
| 249|0x000000008f900000, 0x000000008f900000, 0x000000008fa00000|  0%| F|  |TAMS 0x000000008f900000, 0x000000008f900000| Untracked 
| 250|0x000000008fa00000, 0x000000008fa00000, 0x000000008fb00000|  0%| F|  |TAMS 0x000000008fa00000, 0x000000008fa00000| Untracked 
| 251|0x000000008fb00000, 0x000000008fc00000, 0x000000008fc00000|100%| S|  |TAMS 0x000000008fb00000, 0x000000008fb00000| Complete 
| 252|0x000000008fc00000, 0x000000008fd00000, 0x000000008fd00000|100%| S|  |TAMS 0x000000008fc00000, 0x000000008fc00000| Complete 
| 253|0x000000008fd00000, 0x000000008fe00000, 0x000000008fe00000|100%| S|  |TAMS 0x000000008fd00000, 0x000000008fd00000| Complete 
| 254|0x000000008fe00000, 0x000000008ff00000, 0x000000008ff00000|100%| S|  |TAMS 0x000000008fe00000, 0x000000008fe00000| Complete 
| 255|0x000000008ff00000, 0x0000000090000000, 0x0000000090000000|100%| S|  |TAMS 0x000000008ff00000, 0x000000008ff00000| Complete 
| 256|0x0000000090000000, 0x0000000090100000, 0x0000000090100000|100%| S|  |TAMS 0x0000000090000000, 0x0000000090000000| Complete 
| 257|0x0000000090100000, 0x0000000090200000, 0x0000000090200000|100%| S|  |TAMS 0x0000000090100000, 0x0000000090100000| Complete 
| 258|0x0000000090200000, 0x0000000090300000, 0x0000000090300000|100%| S|  |TAMS 0x0000000090200000, 0x0000000090200000| Complete 
| 259|0x0000000090300000, 0x0000000090400000, 0x0000000090400000|100%| S|  |TAMS 0x0000000090300000, 0x0000000090300000| Complete 
| 260|0x0000000090400000, 0x0000000090500000, 0x0000000090500000|100%| E|CS|TAMS 0x0000000090400000, 0x0000000090400000| Complete 
| 261|0x0000000090500000, 0x0000000090600000, 0x0000000090600000|100%| E|CS|TAMS 0x0000000090500000, 0x0000000090500000| Complete 
| 262|0x0000000090600000, 0x0000000090700000, 0x0000000090700000|100%| E|CS|TAMS 0x0000000090600000, 0x0000000090600000| Complete 
| 263|0x0000000090700000, 0x0000000090800000, 0x0000000090800000|100%| E|CS|TAMS 0x0000000090700000, 0x0000000090700000| Complete 
| 264|0x0000000090800000, 0x0000000090900000, 0x0000000090900000|100%| E|CS|TAMS 0x0000000090800000, 0x0000000090800000| Complete 
| 265|0x0000000090900000, 0x0000000090a00000, 0x0000000090a00000|100%| E|CS|TAMS 0x0000000090900000, 0x0000000090900000| Complete 
| 266|0x0000000090a00000, 0x0000000090b00000, 0x0000000090b00000|100%| E|CS|TAMS 0x0000000090a00000, 0x0000000090a00000| Complete 
| 267|0x0000000090b00000, 0x0000000090c00000, 0x0000000090c00000|100%| E|CS|TAMS 0x0000000090b00000, 0x0000000090b00000| Complete 
| 268|0x0000000090c00000, 0x0000000090d00000, 0x0000000090d00000|100%| E|CS|TAMS 0x0000000090c00000, 0x0000000090c00000| Complete 
| 269|0x0000000090d00000, 0x0000000090e00000, 0x0000000090e00000|100%| E|CS|TAMS 0x0000000090d00000, 0x0000000090d00000| Complete 
| 270|0x0000000090e00000, 0x0000000090f00000, 0x0000000090f00000|100%| E|CS|TAMS 0x0000000090e00000, 0x0000000090e00000| Complete 
| 271|0x0000000090f00000, 0x0000000091000000, 0x0000000091000000|100%| E|CS|TAMS 0x0000000090f00000, 0x0000000090f00000| Complete 
| 272|0x0000000091000000, 0x0000000091100000, 0x0000000091100000|100%| E|CS|TAMS 0x0000000091000000, 0x0000000091000000| Complete 
| 273|0x0000000091100000, 0x0000000091200000, 0x0000000091200000|100%| E|CS|TAMS 0x0000000091100000, 0x0000000091100000| Complete 
| 274|0x0000000091200000, 0x0000000091300000, 0x0000000091300000|100%| E|CS|TAMS 0x0000000091200000, 0x0000000091200000| Complete 
| 275|0x0000000091300000, 0x0000000091400000, 0x0000000091400000|100%| E|CS|TAMS 0x0000000091300000, 0x0000000091300000| Complete 
| 276|0x0000000091400000, 0x0000000091500000, 0x0000000091500000|100%| E|CS|TAMS 0x0000000091400000, 0x0000000091400000| Complete 
| 277|0x0000000091500000, 0x0000000091600000, 0x0000000091600000|100%| E|CS|TAMS 0x0000000091500000, 0x0000000091500000| Complete 
| 278|0x0000000091600000, 0x0000000091700000, 0x0000000091700000|100%| E|CS|TAMS 0x0000000091600000, 0x0000000091600000| Complete 
| 279|0x0000000091700000, 0x0000000091800000, 0x0000000091800000|100%| E|CS|TAMS 0x0000000091700000, 0x0000000091700000| Complete 
| 280|0x0000000091800000, 0x0000000091900000, 0x0000000091900000|100%| E|CS|TAMS 0x0000000091800000, 0x0000000091800000| Complete 
| 281|0x0000000091900000, 0x0000000091a00000, 0x0000000091a00000|100%| E|CS|TAMS 0x0000000091900000, 0x0000000091900000| Complete 
| 282|0x0000000091a00000, 0x0000000091b00000, 0x0000000091b00000|100%| E|CS|TAMS 0x0000000091a00000, 0x0000000091a00000| Complete 
| 283|0x0000000091b00000, 0x0000000091c00000, 0x0000000091c00000|100%| E|CS|TAMS 0x0000000091b00000, 0x0000000091b00000| Complete 
| 284|0x0000000091c00000, 0x0000000091d00000, 0x0000000091d00000|100%| E|CS|TAMS 0x0000000091c00000, 0x0000000091c00000| Complete 
| 285|0x0000000091d00000, 0x0000000091e00000, 0x0000000091e00000|100%| E|CS|TAMS 0x0000000091d00000, 0x0000000091d00000| Complete 
| 286|0x0000000091e00000, 0x0000000091f00000, 0x0000000091f00000|100%| E|CS|TAMS 0x0000000091e00000, 0x0000000091e00000| Complete 
| 287|0x0000000091f00000, 0x0000000092000000, 0x0000000092000000|100%| E|CS|TAMS 0x0000000091f00000, 0x0000000091f00000| Complete 
| 288|0x0000000092000000, 0x0000000092100000, 0x0000000092100000|100%| E|CS|TAMS 0x0000000092000000, 0x0000000092000000| Complete 
| 289|0x0000000092100000, 0x0000000092200000, 0x0000000092200000|100%| E|CS|TAMS 0x0000000092100000, 0x0000000092100000| Complete 
| 290|0x0000000092200000, 0x0000000092300000, 0x0000000092300000|100%| E|CS|TAMS 0x0000000092200000, 0x0000000092200000| Complete 
| 291|0x0000000092300000, 0x0000000092400000, 0x0000000092400000|100%| E|CS|TAMS 0x0000000092300000, 0x0000000092300000| Complete 
| 292|0x0000000092400000, 0x0000000092500000, 0x0000000092500000|100%| E|CS|TAMS 0x0000000092400000, 0x0000000092400000| Complete 
| 293|0x0000000092500000, 0x0000000092600000, 0x0000000092600000|100%| E|CS|TAMS 0x0000000092500000, 0x0000000092500000| Complete 
| 294|0x0000000092600000, 0x0000000092700000, 0x0000000092700000|100%| E|CS|TAMS 0x0000000092600000, 0x0000000092600000| Complete 
| 295|0x0000000092700000, 0x0000000092800000, 0x0000000092800000|100%| E|CS|TAMS 0x0000000092700000, 0x0000000092700000| Complete 
| 296|0x0000000092800000, 0x0000000092900000, 0x0000000092900000|100%| E|CS|TAMS 0x0000000092800000, 0x0000000092800000| Complete 
| 297|0x0000000092900000, 0x0000000092a00000, 0x0000000092a00000|100%| E|CS|TAMS 0x0000000092900000, 0x0000000092900000| Complete 
| 298|0x0000000092a00000, 0x0000000092b00000, 0x0000000092b00000|100%| E|CS|TAMS 0x0000000092a00000, 0x0000000092a00000| Complete 
| 299|0x0000000092b00000, 0x0000000092c00000, 0x0000000092c00000|100%| E|CS|TAMS 0x0000000092b00000, 0x0000000092b00000| Complete 
| 300|0x0000000092c00000, 0x0000000092d00000, 0x0000000092d00000|100%| E|CS|TAMS 0x0000000092c00000, 0x0000000092c00000| Complete 
| 301|0x0000000092d00000, 0x0000000092e00000, 0x0000000092e00000|100%| E|CS|TAMS 0x0000000092d00000, 0x0000000092d00000| Complete 
| 302|0x0000000092e00000, 0x0000000092f00000, 0x0000000092f00000|100%| E|CS|TAMS 0x0000000092e00000, 0x0000000092e00000| Complete 
| 303|0x0000000092f00000, 0x0000000093000000, 0x0000000093000000|100%| E|CS|TAMS 0x0000000092f00000, 0x0000000092f00000| Complete 
| 304|0x0000000093000000, 0x0000000093100000, 0x0000000093100000|100%| E|CS|TAMS 0x0000000093000000, 0x0000000093000000| Complete 
| 305|0x0000000093100000, 0x0000000093200000, 0x0000000093200000|100%| E|CS|TAMS 0x0000000093100000, 0x0000000093100000| Complete 
| 306|0x0000000093200000, 0x0000000093300000, 0x0000000093300000|100%| E|CS|TAMS 0x0000000093200000, 0x0000000093200000| Complete 
| 307|0x0000000093300000, 0x0000000093400000, 0x0000000093400000|100%| E|CS|TAMS 0x0000000093300000, 0x0000000093300000| Complete 
| 308|0x0000000093400000, 0x0000000093500000, 0x0000000093500000|100%| E|CS|TAMS 0x0000000093400000, 0x0000000093400000| Complete 
| 309|0x0000000093500000, 0x0000000093600000, 0x0000000093600000|100%| E|CS|TAMS 0x0000000093500000, 0x0000000093500000| Complete 
| 310|0x0000000093600000, 0x0000000093700000, 0x0000000093700000|100%| E|CS|TAMS 0x0000000093600000, 0x0000000093600000| Complete 
| 311|0x0000000093700000, 0x0000000093800000, 0x0000000093800000|100%| E|CS|TAMS 0x0000000093700000, 0x0000000093700000| Complete 
| 312|0x0000000093800000, 0x0000000093900000, 0x0000000093900000|100%| E|CS|TAMS 0x0000000093800000, 0x0000000093800000| Complete 
| 313|0x0000000093900000, 0x0000000093a00000, 0x0000000093a00000|100%| E|CS|TAMS 0x0000000093900000, 0x0000000093900000| Complete 
| 314|0x0000000093a00000, 0x0000000093b00000, 0x0000000093b00000|100%| E|CS|TAMS 0x0000000093a00000, 0x0000000093a00000| Complete 
| 315|0x0000000093b00000, 0x0000000093c00000, 0x0000000093c00000|100%| E|CS|TAMS 0x0000000093b00000, 0x0000000093b00000| Complete 
| 316|0x0000000093c00000, 0x0000000093d00000, 0x0000000093d00000|100%| E|CS|TAMS 0x0000000093c00000, 0x0000000093c00000| Complete 
| 317|0x0000000093d00000, 0x0000000093e00000, 0x0000000093e00000|100%| E|CS|TAMS 0x0000000093d00000, 0x0000000093d00000| Complete 
| 318|0x0000000093e00000, 0x0000000093f00000, 0x0000000093f00000|100%| E|CS|TAMS 0x0000000093e00000, 0x0000000093e00000| Complete 
| 319|0x0000000093f00000, 0x0000000094000000, 0x0000000094000000|100%| E|CS|TAMS 0x0000000093f00000, 0x0000000093f00000| Complete 
| 320|0x0000000094000000, 0x0000000094100000, 0x0000000094100000|100%| E|CS|TAMS 0x0000000094000000, 0x0000000094000000| Complete 
| 321|0x0000000094100000, 0x0000000094200000, 0x0000000094200000|100%| E|CS|TAMS 0x0000000094100000, 0x0000000094100000| Complete 
| 322|0x0000000094200000, 0x0000000094300000, 0x0000000094300000|100%| E|CS|TAMS 0x0000000094200000, 0x0000000094200000| Complete 
| 323|0x0000000094300000, 0x0000000094400000, 0x0000000094400000|100%| E|CS|TAMS 0x0000000094300000, 0x0000000094300000| Complete 
| 324|0x0000000094400000, 0x0000000094500000, 0x0000000094500000|100%| E|CS|TAMS 0x0000000094400000, 0x0000000094400000| Complete 
| 325|0x0000000094500000, 0x0000000094600000, 0x0000000094600000|100%| E|CS|TAMS 0x0000000094500000, 0x0000000094500000| Complete 
| 326|0x0000000094600000, 0x0000000094700000, 0x0000000094700000|100%| E|CS|TAMS 0x0000000094600000, 0x0000000094600000| Complete 
| 327|0x0000000094700000, 0x0000000094800000, 0x0000000094800000|100%| E|CS|TAMS 0x0000000094700000, 0x0000000094700000| Complete 
| 328|0x0000000094800000, 0x0000000094900000, 0x0000000094900000|100%| E|CS|TAMS 0x0000000094800000, 0x0000000094800000| Complete 
| 329|0x0000000094900000, 0x0000000094a00000, 0x0000000094a00000|100%| E|CS|TAMS 0x0000000094900000, 0x0000000094900000| Complete 
| 330|0x0000000094a00000, 0x0000000094b00000, 0x0000000094b00000|100%| E|CS|TAMS 0x0000000094a00000, 0x0000000094a00000| Complete 
| 331|0x0000000094b00000, 0x0000000094c00000, 0x0000000094c00000|100%| E|CS|TAMS 0x0000000094b00000, 0x0000000094b00000| Complete 
| 332|0x0000000094c00000, 0x0000000094d00000, 0x0000000094d00000|100%| E|CS|TAMS 0x0000000094c00000, 0x0000000094c00000| Complete 
| 333|0x0000000094d00000, 0x0000000094e00000, 0x0000000094e00000|100%| E|CS|TAMS 0x0000000094d00000, 0x0000000094d00000| Complete 
| 334|0x0000000094e00000, 0x0000000094f00000, 0x0000000094f00000|100%| E|CS|TAMS 0x0000000094e00000, 0x0000000094e00000| Complete 
| 335|0x0000000094f00000, 0x0000000095000000, 0x0000000095000000|100%| E|CS|TAMS 0x0000000094f00000, 0x0000000094f00000| Complete 
| 336|0x0000000095000000, 0x0000000095100000, 0x0000000095100000|100%| E|CS|TAMS 0x0000000095000000, 0x0000000095000000| Complete 
| 337|0x0000000095100000, 0x0000000095200000, 0x0000000095200000|100%| E|CS|TAMS 0x0000000095100000, 0x0000000095100000| Complete 
| 338|0x0000000095200000, 0x0000000095300000, 0x0000000095300000|100%| E|CS|TAMS 0x0000000095200000, 0x0000000095200000| Complete 
| 339|0x0000000095300000, 0x0000000095400000, 0x0000000095400000|100%| E|CS|TAMS 0x0000000095300000, 0x0000000095300000| Complete 
| 340|0x0000000095400000, 0x0000000095500000, 0x0000000095500000|100%| E|CS|TAMS 0x0000000095400000, 0x0000000095400000| Complete 
| 341|0x0000000095500000, 0x0000000095600000, 0x0000000095600000|100%| E|CS|TAMS 0x0000000095500000, 0x0000000095500000| Complete 
| 342|0x0000000095600000, 0x0000000095700000, 0x0000000095700000|100%| E|CS|TAMS 0x0000000095600000, 0x0000000095600000| Complete 
| 343|0x0000000095700000, 0x0000000095800000, 0x0000000095800000|100%| E|CS|TAMS 0x0000000095700000, 0x0000000095700000| Complete 
| 344|0x0000000095800000, 0x0000000095900000, 0x0000000095900000|100%| E|CS|TAMS 0x0000000095800000, 0x0000000095800000| Complete 
| 345|0x0000000095900000, 0x0000000095a00000, 0x0000000095a00000|100%| E|CS|TAMS 0x0000000095900000, 0x0000000095900000| Complete 
| 346|0x0000000095a00000, 0x0000000095b00000, 0x0000000095b00000|100%| E|CS|TAMS 0x0000000095a00000, 0x0000000095a00000| Complete 
| 347|0x0000000095b00000, 0x0000000095c00000, 0x0000000095c00000|100%| E|CS|TAMS 0x0000000095b00000, 0x0000000095b00000| Complete 
| 348|0x0000000095c00000, 0x0000000095d00000, 0x0000000095d00000|100%| E|CS|TAMS 0x0000000095c00000, 0x0000000095c00000| Complete 
| 349|0x0000000095d00000, 0x0000000095e00000, 0x0000000095e00000|100%| E|CS|TAMS 0x0000000095d00000, 0x0000000095d00000| Complete 
| 350|0x0000000095e00000, 0x0000000095f00000, 0x0000000095f00000|100%| E|CS|TAMS 0x0000000095e00000, 0x0000000095e00000| Complete 
| 351|0x0000000095f00000, 0x0000000096000000, 0x0000000096000000|100%| E|CS|TAMS 0x0000000095f00000, 0x0000000095f00000| Complete 
| 352|0x0000000096000000, 0x0000000096100000, 0x0000000096100000|100%| E|CS|TAMS 0x0000000096000000, 0x0000000096000000| Complete 
| 353|0x0000000096100000, 0x0000000096200000, 0x0000000096200000|100%| E|CS|TAMS 0x0000000096100000, 0x0000000096100000| Complete 
| 354|0x0000000096200000, 0x0000000096300000, 0x0000000096300000|100%| E|CS|TAMS 0x0000000096200000, 0x0000000096200000| Complete 
| 355|0x0000000096300000, 0x0000000096400000, 0x0000000096400000|100%| E|CS|TAMS 0x0000000096300000, 0x0000000096300000| Complete 
| 356|0x0000000096400000, 0x0000000096500000, 0x0000000096500000|100%| E|CS|TAMS 0x0000000096400000, 0x0000000096400000| Complete 
| 357|0x0000000096500000, 0x0000000096600000, 0x0000000096600000|100%| E|CS|TAMS 0x0000000096500000, 0x0000000096500000| Complete 
| 358|0x0000000096600000, 0x0000000096700000, 0x0000000096700000|100%| E|CS|TAMS 0x0000000096600000, 0x0000000096600000| Complete 
| 359|0x0000000096700000, 0x0000000096800000, 0x0000000096800000|100%| E|CS|TAMS 0x0000000096700000, 0x0000000096700000| Complete 
| 360|0x0000000096800000, 0x0000000096900000, 0x0000000096900000|100%| E|CS|TAMS 0x0000000096800000, 0x0000000096800000| Complete 
| 361|0x0000000096900000, 0x0000000096a00000, 0x0000000096a00000|100%| E|CS|TAMS 0x0000000096900000, 0x0000000096900000| Complete 
| 362|0x0000000096a00000, 0x0000000096b00000, 0x0000000096b00000|100%| E|CS|TAMS 0x0000000096a00000, 0x0000000096a00000| Complete 
| 363|0x0000000096b00000, 0x0000000096c00000, 0x0000000096c00000|100%| E|CS|TAMS 0x0000000096b00000, 0x0000000096b00000| Complete 
| 364|0x0000000096c00000, 0x0000000096d00000, 0x0000000096d00000|100%| E|CS|TAMS 0x0000000096c00000, 0x0000000096c00000| Complete 
| 365|0x0000000096d00000, 0x0000000096e00000, 0x0000000096e00000|100%| E|CS|TAMS 0x0000000096d00000, 0x0000000096d00000| Complete 
| 366|0x0000000096e00000, 0x0000000096f00000, 0x0000000096f00000|100%| E|CS|TAMS 0x0000000096e00000, 0x0000000096e00000| Complete 
| 367|0x0000000096f00000, 0x0000000097000000, 0x0000000097000000|100%| E|CS|TAMS 0x0000000096f00000, 0x0000000096f00000| Complete 
| 368|0x0000000097000000, 0x0000000097100000, 0x0000000097100000|100%| E|CS|TAMS 0x0000000097000000, 0x0000000097000000| Complete 
| 369|0x0000000097100000, 0x0000000097200000, 0x0000000097200000|100%| E|CS|TAMS 0x0000000097100000, 0x0000000097100000| Complete 
| 370|0x0000000097200000, 0x0000000097300000, 0x0000000097300000|100%| E|CS|TAMS 0x0000000097200000, 0x0000000097200000| Complete 
| 371|0x0000000097300000, 0x0000000097400000, 0x0000000097400000|100%| E|CS|TAMS 0x0000000097300000, 0x0000000097300000| Complete 
| 372|0x0000000097400000, 0x0000000097500000, 0x0000000097500000|100%| E|CS|TAMS 0x0000000097400000, 0x0000000097400000| Complete 
| 373|0x0000000097500000, 0x0000000097600000, 0x0000000097600000|100%| E|CS|TAMS 0x0000000097500000, 0x0000000097500000| Complete 
| 374|0x0000000097600000, 0x0000000097700000, 0x0000000097700000|100%| E|CS|TAMS 0x0000000097600000, 0x0000000097600000| Complete 
| 375|0x0000000097700000, 0x0000000097800000, 0x0000000097800000|100%| E|CS|TAMS 0x0000000097700000, 0x0000000097700000| Complete 
| 376|0x0000000097800000, 0x0000000097900000, 0x0000000097900000|100%| E|CS|TAMS 0x0000000097800000, 0x0000000097800000| Complete 
| 377|0x0000000097900000, 0x0000000097a00000, 0x0000000097a00000|100%| E|CS|TAMS 0x0000000097900000, 0x0000000097900000| Complete 
| 378|0x0000000097a00000, 0x0000000097b00000, 0x0000000097b00000|100%| E|CS|TAMS 0x0000000097a00000, 0x0000000097a00000| Complete 
| 379|0x0000000097b00000, 0x0000000097c00000, 0x0000000097c00000|100%| E|CS|TAMS 0x0000000097b00000, 0x0000000097b00000| Complete 
| 380|0x0000000097c00000, 0x0000000097d00000, 0x0000000097d00000|100%| E|CS|TAMS 0x0000000097c00000, 0x0000000097c00000| Complete 
| 381|0x0000000097d00000, 0x0000000097e00000, 0x0000000097e00000|100%| E|CS|TAMS 0x0000000097d00000, 0x0000000097d00000| Complete 
| 382|0x0000000097e00000, 0x0000000097f00000, 0x0000000097f00000|100%| E|CS|TAMS 0x0000000097e00000, 0x0000000097e00000| Complete 
| 383|0x0000000097f00000, 0x0000000098000000, 0x0000000098000000|100%| E|CS|TAMS 0x0000000097f00000, 0x0000000097f00000| Complete 
| 384|0x0000000098000000, 0x0000000098100000, 0x0000000098100000|100%| E|CS|TAMS 0x0000000098000000, 0x0000000098000000| Complete 
| 385|0x0000000098100000, 0x0000000098200000, 0x0000000098200000|100%| E|CS|TAMS 0x0000000098100000, 0x0000000098100000| Complete 
| 386|0x0000000098200000, 0x0000000098300000, 0x0000000098300000|100%| E|CS|TAMS 0x0000000098200000, 0x0000000098200000| Complete 

Card table byte_map: [0x00000262958b0000,0x0000026295cb0000] _byte_map_base: 0x00000262954b0000

Marking Bits (Prev, Next): (CMBitMap*) 0x0000026280bdd2c0, (CMBitMap*) 0x0000026280bdd288
 Prev Bits: [0x00000262980b0000, 0x000002629a0b0000)
 Next Bits: [0x00000262960b0000, 0x00000262980b0000)

Polling page: 0x0000026280c80000

Metaspace:

Usage:
  Non-class:    133.97 MB capacity,   130.74 MB ( 98%) used,     2.69 MB (  2%) free+waste,   553.06 KB ( <1%) overhead. 
      Class:     19.39 MB capacity,    17.65 MB ( 91%) used,     1.50 MB (  8%) free+waste,   238.69 KB (  1%) overhead. 
       Both:    153.36 MB capacity,   148.39 MB ( 97%) used,     4.19 MB (  3%) free+waste,   791.75 KB ( <1%) overhead. 

Virtual space:
  Non-class space:      142.00 MB reserved,     141.58 MB (>99%) committed 
      Class space:        1.00 GB reserved,      20.38 MB (  2%) committed 
             Both:        1.14 GB reserved,     161.95 MB ( 14%) committed 

Chunk freelists:
   Non-Class:  7.49 MB
       Class:  1009.00 KB
        Both:  8.47 MB

MaxMetaspaceSize: 17179869184.00 GB
CompressedClassSpaceSize: 1.00 GB

CodeHeap 'non-profiled nmethods': size=120064Kb used=37124Kb max_used=37124Kb free=82939Kb
 bounds [0x000002628d950000, 0x000002628fda0000, 0x0000026294e90000]
CodeHeap 'profiled nmethods': size=120000Kb used=59819Kb max_used=60780Kb free=60180Kb
 bounds [0x0000026286420000, 0x000002628a000000, 0x000002628d950000]
CodeHeap 'non-nmethods': size=5696Kb used=2419Kb max_used=2512Kb free=3276Kb
 bounds [0x0000026285e90000, 0x0000026286110000, 0x0000026286420000]
 total_blobs=30326 nmethods=29261 adapters=973
 compilation: enabled
              stopped_count=0, restarted_count=0
 full_count=0

Compilation events (20 events):
Event: 16101.877 Thread 0x000002629c72c000 nmethod 39627 0x0000026288310e10 code [0x0000026288310fc0, 0x0000026288311188]
Event: 16101.877 Thread 0x000002629c72c000 39628       3       org.gradle.api.internal.artifacts.ivyservice.resolveengine.artifact.DefaultResolvedArtifactsBuilder::startArtifacts (1 bytes)
Event: 16101.877 Thread 0x000002629c72c000 nmethod 39628 0x0000026288206610 code [0x00000262882067c0, 0x00000262882068b8]
Event: 16101.879 Thread 0x000002629c72c000 39629       3       org.gradle.api.internal.artifacts.ivyservice.resolveengine.graph.builder.RootNode::getOutgoingFileEdges (10 bytes)
Event: 16101.879 Thread 0x000002629c72c000 nmethod 39629 0x000002628835b590 code [0x000002628835b760, 0x000002628835baa8]
Event: 16101.881 Thread 0x000002629c72c000 39630       3       org.gradle.api.internal.artifacts.ivyservice.resolveengine.oldresult.ResolutionFailureCollector::finish (1 bytes)
Event: 16101.881 Thread 0x000002629c72c000 nmethod 39630 0x000002628828b890 code [0x000002628828ba40, 0x000002628828bb38]
Event: 16101.882 Thread 0x000002629c72c000 39631       3       org.gradle.api.internal.artifacts.ivyservice.resolveengine.artifact.ResolvedArtifactsGraphVisitor::finish (19 bytes)
Event: 16101.882 Thread 0x000002629c72c000 nmethod 39631 0x00000262883cb390 code [0x00000262883cb560, 0x00000262883cb7f8]
Event: 16101.882 Thread 0x000002629c72c000 39632       3       org.gradle.api.internal.artifacts.ivyservice.resolveengine.artifact.DefaultResolvedArtifactsBuilder::finishArtifacts (1 bytes)
Event: 16101.882 Thread 0x000002629c72c000 nmethod 39632 0x000002628830bd90 code [0x000002628830bf40, 0x000002628830c038]
Event: 16101.892 Thread 0x000002629c72c000 39633       3       org.gradle.api.internal.artifacts.JavaEcosystemSupport$UsageDisambiguationRules::execute (243 bytes)
Event: 16101.894 Thread 0x000002629c72c000 nmethod 39633 0x0000026288997a10 code [0x0000026288997d40, 0x0000026288998ef8]
Event: 16101.895 Thread 0x000002629c72c000 39634       3       org.gradle.api.internal.artifacts.ivyservice.resolveengine.result.BuildIdentifierSerializer::write (81 bytes)
Event: 16101.896 Thread 0x000002629c72c000 nmethod 39634 0x0000026288928b10 code [0x0000026288928d60, 0x0000026288929708]
Event: 16102.076 Thread 0x000002629c72b000 nmethod 39608 0x000002628fd91310 code [0x000002628fd91820, 0x000002628fd96090]
Event: 16102.077 Thread 0x000002629c72b000 39624       4       org.gradle.internal.component.external.model.LazyVariantBackedConfigurationMetadata::<init> (26 bytes)
Event: 16102.088 Thread 0x000002629c72b000 nmethod 39624 0x000002628fd98b90 code [0x000002628fd98d40, 0x000002628fd992c8]
Event: 16102.088 Thread 0x000002629c72b000 39615       4       org.gradle.api.internal.artifacts.dependencies.DefaultExternalModuleDependency_Decorated::getAttributes (39 bytes)
Event: 16102.089 Thread 0x000002629c72b000 nmethod 39615 0x000002628fd99410 code [0x000002628fd995a0, 0x000002628fd99638]

GC Heap History (20 events):
Event: 16006.419 GC heap after
{Heap after GC invocations=307 (full 2):
 garbage-first heap   total 396288K, used 174420K [0x0000000080000000, 0x0000000100000000)
  region size 1024K, 6 young (6144K), 6 survivors (6144K)
 Metaspace       used 148481K, capacity 153522K, committed 165840K, reserved 1193984K
  class space    used 17758K, capacity 19517K, committed 20864K, reserved 1048576K
}
Event: 16010.265 GC heap before
{Heap before GC invocations=308 (full 2):
 garbage-first heap   total 396288K, used 267048K [0x0000000080000000, 0x0000000100000000)
  region size 1024K, 109 young (111616K), 6 survivors (6144K)
 Metaspace       used 150672K, capacity 155756K, committed 165840K, reserved 1193984K
  class space    used 17982K, capacity 19750K, committed 20864K, reserved 1048576K
}
Event: 16010.292 GC heap after
{Heap after GC invocations=309 (full 2):
 garbage-first heap   total 396288K, used 180875K [0x0000000080000000, 0x0000000100000000)
  region size 1024K, 14 young (14336K), 14 survivors (14336K)
 Metaspace       used 150672K, capacity 155756K, committed 165840K, reserved 1193984K
  class space    used 17982K, capacity 19750K, committed 20864K, reserved 1048576K
}
Event: 16010.311 GC heap before
{Heap before GC invocations=309 (full 2):
 garbage-first heap   total 396288K, used 184971K [0x0000000080000000, 0x0000000100000000)
  region size 1024K, 19 young (19456K), 14 survivors (14336K)
 Metaspace       used 150674K, capacity 155756K, committed 165840K, reserved 1193984K
  class space    used 17982K, capacity 19750K, committed 20864K, reserved 1048576K
}
Event: 16010.334 GC heap after
{Heap after GC invocations=310 (full 2):
 garbage-first heap   total 396288K, used 166423K [0x0000000080000000, 0x0000000100000000)
  region size 1024K, 3 young (3072K), 3 survivors (3072K)
 Metaspace       used 150674K, capacity 155756K, committed 165840K, reserved 1193984K
  class space    used 17982K, capacity 19750K, committed 20864K, reserved 1048576K
}
Event: 16011.069 GC heap before
{Heap before GC invocations=310 (full 2):
 garbage-first heap   total 396288K, used 274967K [0x0000000080000000, 0x0000000100000000)
  region size 1024K, 110 young (112640K), 3 survivors (3072K)
 Metaspace       used 151773K, capacity 156844K, committed 165840K, reserved 1193984K
  class space    used 18077K, capacity 19855K, committed 20864K, reserved 1048576K
}
Event: 16011.108 GC heap after
{Heap after GC invocations=311 (full 2):
 garbage-first heap   total 396288K, used 183966K [0x0000000080000000, 0x0000000100000000)
  region size 1024K, 14 young (14336K), 14 survivors (14336K)
 Metaspace       used 151773K, capacity 156844K, committed 165840K, reserved 1193984K
  class space    used 18077K, capacity 19855K, committed 20864K, reserved 1048576K
}
Event: 16019.630 GC heap before
{Heap before GC invocations=312 (full 2):
 garbage-first heap   total 396288K, used 298654K [0x0000000080000000, 0x0000000100000000)
  region size 1024K, 115 young (117760K), 14 survivors (14336K)
 Metaspace       used 151784K, capacity 156845K, committed 165840K, reserved 1193984K
  class space    used 18077K, capacity 19855K, committed 20864K, reserved 1048576K
}
Event: 16019.676 GC heap after
{Heap after GC invocations=313 (full 2):
 garbage-first heap   total 396288K, used 184349K [0x0000000080000000, 0x0000000100000000)
  region size 1024K, 4 young (4096K), 4 survivors (4096K)
 Metaspace       used 151784K, capacity 156845K, committed 165840K, reserved 1193984K
  class space    used 18077K, capacity 19855K, committed 20864K, reserved 1048576K
}
Event: 16021.005 GC heap before
{Heap before GC invocations=313 (full 2):
 garbage-first heap   total 396288K, used 199709K [0x0000000080000000, 0x0000000100000000)
  region size 1024K, 19 young (19456K), 4 survivors (4096K)
 Metaspace       used 151809K, capacity 156845K, committed 165840K, reserved 1193984K
  class space    used 18077K, capacity 19855K, committed 20864K, reserved 1048576K
}
Event: 16021.037 GC heap after
{Heap after GC invocations=314 (full 2):
 garbage-first heap   total 396288K, used 180031K [0x0000000080000000, 0x0000000100000000)
  region size 1024K, 3 young (3072K), 3 survivors (3072K)
 Metaspace       used 151809K, capacity 156845K, committed 165840K, reserved 1193984K
  class space    used 18077K, capacity 19855K, committed 20864K, reserved 1048576K
}
Event: 16024.325 GC heap before
{Heap before GC invocations=314 (full 2):
 garbage-first heap   total 396288K, used 288575K [0x0000000080000000, 0x0000000100000000)
  region size 1024K, 110 young (112640K), 3 survivors (3072K)
 Metaspace       used 151827K, capacity 156909K, committed 165840K, reserved 1193984K
  class space    used 18077K, capacity 19855K, committed 20864K, reserved 1048576K
}
Event: 16024.351 GC heap after
{Heap after GC invocations=315 (full 2):
 garbage-first heap   total 396288K, used 186155K [0x0000000080000000, 0x0000000100000000)
  region size 1024K, 9 young (9216K), 9 survivors (9216K)
 Metaspace       used 151827K, capacity 156909K, committed 165840K, reserved 1193984K
  class space    used 18077K, capacity 19855K, committed 20864K, reserved 1048576K
}
Event: 16027.316 GC heap before
{Heap before GC invocations=316 (full 2):
 garbage-first heap   total 396288K, used 280363K [0x0000000080000000, 0x0000000100000000)
  region size 1024K, 118 young (120832K), 9 survivors (9216K)
 Metaspace       used 151864K, capacity 156973K, committed 165840K, reserved 1193984K
  class space    used 18077K, capacity 19855K, committed 20864K, reserved 1048576K
}
Event: 16027.340 GC heap after
{Heap after GC invocations=317 (full 2):
 garbage-first heap   total 396288K, used 177310K [0x0000000080000000, 0x0000000100000000)
  region size 1024K, 15 young (15360K), 15 survivors (15360K)
 Metaspace       used 151864K, capacity 156973K, committed 165840K, reserved 1193984K
  class space    used 18077K, capacity 19855K, committed 20864K, reserved 1048576K
}
Event: 16027.357 GC heap before
{Heap before GC invocations=317 (full 2):
 garbage-first heap   total 396288K, used 180382K [0x0000000080000000, 0x0000000100000000)
  region size 1024K, 19 young (19456K), 15 survivors (15360K)
 Metaspace       used 151865K, capacity 156973K, committed 165840K, reserved 1193984K
  class space    used 18077K, capacity 19855K, committed 20864K, reserved 1048576K
}
Event: 16027.391 GC heap after
{Heap after GC invocations=318 (full 2):
 garbage-first heap   total 396288K, used 154546K [0x0000000080000000, 0x0000000100000000)
  region size 1024K, 2 young (2048K), 2 survivors (2048K)
 Metaspace       used 151865K, capacity 156973K, committed 165840K, reserved 1193984K
  class space    used 18077K, capacity 19855K, committed 20864K, reserved 1048576K
}
Event: 16027.483 GC heap before
{Heap before GC invocations=318 (full 2):
 garbage-first heap   total 396288K, used 174002K [0x0000000080000000, 0x0000000100000000)
  region size 1024K, 22 young (22528K), 2 survivors (2048K)
 Metaspace       used 151865K, capacity 156973K, committed 165840K, reserved 1193984K
  class space    used 18077K, capacity 19855K, committed 20864K, reserved 1048576K
}
Event: 16027.511 GC heap after
{Heap after GC invocations=319 (full 2):
 garbage-first heap   total 396288K, used 163762K [0x0000000080000000, 0x0000000100000000)
  region size 1024K, 11 young (11264K), 11 survivors (11264K)
 Metaspace       used 151865K, capacity 156973K, committed 165840K, reserved 1193984K
  class space    used 18077K, capacity 19855K, committed 20864K, reserved 1048576K
}
Event: 16102.174 GC heap before
{Heap before GC invocations=320 (full 2):
 garbage-first heap   total 396288K, used 289714K [0x0000000080000000, 0x0000000100000000)
  region size 1024K, 127 young (130048K), 11 survivors (11264K)
 Metaspace       used 151951K, capacity 157038K, committed 165840K, reserved 1193984K
  class space    used 18077K, capacity 19855K, committed 20864K, reserved 1048576K
}

Deoptimization events (20 events):
Event: 16010.700 Thread 0x000002629dfed800 Uncommon trap: trap_request=0xffffff4d fr.pc=0x000002628fcc3b60 relative=0x0000000000002e40
Event: 16010.700 Thread 0x000002629dfed800 Uncommon trap: reason=unstable_if action=reinterpret pc=0x000002628fcc3b60 method=android.databinding.tool.reflection.SdkUtil$ApiChecker.buildFullLookup()V @ 49 c2
Event: 16010.700 Thread 0x000002629dfed800 DEOPT PACKING pc=0x000002628fcc3b60 sp=0x000000ad42cf8120
Event: 16010.700 Thread 0x000002629dfed800 DEOPT UNPACKING pc=0x0000026285eb65af sp=0x000000ad42cf8128 mode 2
Event: 16011.248 Thread 0x00000262a4d2e000 Uncommon trap: trap_request=0xffffff4d fr.pc=0x000002628ee722b8 relative=0x0000000000008518
Event: 16011.249 Thread 0x00000262a4d2e000 Uncommon trap: reason=unstable_if action=reinterpret pc=0x000002628ee722b8 method=com.android.tools.r8.ir.regalloc.a.a(Lcom/android/tools/r8/ir/regalloc/a$a;Z)Lcom/android/tools/r8/ir/regalloc/a$a; @ 1845 c2
Event: 16011.249 Thread 0x00000262a4d2e000 DEOPT PACKING pc=0x000002628ee722b8 sp=0x000000ad451fcc40
Event: 16011.249 Thread 0x00000262a4d2e000 DEOPT UNPACKING pc=0x0000026285eb65af sp=0x000000ad451fcc70 mode 2
Event: 16011.307 Thread 0x00000262a4d2e000 Uncommon trap: trap_request=0xffffff4d fr.pc=0x000002628eb44d34 relative=0x00000000000083d4
Event: 16011.307 Thread 0x00000262a4d2e000 Uncommon trap: reason=unstable_if action=reinterpret pc=0x000002628eb44d34 method=com.android.tools.r8.ir.regalloc.a.a(Lcom/android/tools/r8/ir/regalloc/a$a;Z)Lcom/android/tools/r8/ir/regalloc/a$a; @ 3806 c2
Event: 16011.307 Thread 0x00000262a4d2e000 DEOPT PACKING pc=0x000002628eb44d34 sp=0x000000ad451fcc60
Event: 16011.308 Thread 0x00000262a4d2e000 DEOPT UNPACKING pc=0x0000026285eb65af sp=0x000000ad451fcc78 mode 2
Event: 16011.323 Thread 0x00000262a4d2e000 DEOPT PACKING pc=0x00000262893eeee2 sp=0x000000ad451fd100
Event: 16011.323 Thread 0x00000262a4d2e000 DEOPT UNPACKING pc=0x0000026285eb6d5e sp=0x000000ad451fc6e8 mode 0
Event: 16011.327 Thread 0x00000262a4d2e000 DEOPT PACKING pc=0x0000026289fece52 sp=0x000000ad451fca60
Event: 16011.327 Thread 0x00000262a4d2e000 DEOPT UNPACKING pc=0x0000026285eb6d5e sp=0x000000ad451fc298 mode 0
Event: 16027.437 Thread 0x000002629dfee800 DEOPT PACKING pc=0x0000026286f8a4d6 sp=0x000000ad43efdb50
Event: 16027.437 Thread 0x000002629dfee800 DEOPT UNPACKING pc=0x0000026285eb6d5e sp=0x000000ad43efd0a8 mode 0
Event: 16028.139 Thread 0x000002629dff1000 DEOPT PACKING pc=0x00000262881c7cd4 sp=0x000000ad453fd220
Event: 16028.139 Thread 0x000002629dff1000 DEOPT UNPACKING pc=0x0000026285eb6d5e sp=0x000000ad453fc770 mode 0

Classes redefined (0 events):
No events

Internal exceptions (20 events):
Event: 16026.665 Thread 0x000002629dfed800 Exception <a 'sun/nio/fs/WindowsException'{0x0000000094172da0}> (0x0000000094172da0) thrown at [./src/hotspot/share/prims/jni.cpp, line 615]
Event: 16026.666 Thread 0x000002629dfed800 Exception <a 'sun/nio/fs/WindowsException'{0x0000000094173e98}> (0x0000000094173e98) thrown at [./src/hotspot/share/prims/jni.cpp, line 615]
Event: 16026.666 Thread 0x000002629dfed800 Exception <a 'sun/nio/fs/WindowsException'{0x0000000094175018}> (0x0000000094175018) thrown at [./src/hotspot/share/prims/jni.cpp, line 615]
Event: 16026.667 Thread 0x000002629dfed800 Exception <a 'sun/nio/fs/WindowsException'{0x0000000094179e90}> (0x0000000094179e90) thrown at [./src/hotspot/share/prims/jni.cpp, line 615]
Event: 16026.667 Thread 0x000002629dfed800 Exception <a 'sun/nio/fs/WindowsException'{0x000000009417afc8}> (0x000000009417afc8) thrown at [./src/hotspot/share/prims/jni.cpp, line 615]
Event: 16026.667 Thread 0x000002629dfed800 Exception <a 'sun/nio/fs/WindowsException'{0x000000009417c188}> (0x000000009417c188) thrown at [./src/hotspot/share/prims/jni.cpp, line 615]
Event: 16026.669 Thread 0x000002629dfed800 Exception <a 'sun/nio/fs/WindowsException'{0x00000000941828b0}> (0x00000000941828b0) thrown at [./src/hotspot/share/prims/jni.cpp, line 615]
Event: 16026.669 Thread 0x000002629dfed800 Exception <a 'sun/nio/fs/WindowsException'{0x00000000941839f8}> (0x00000000941839f8) thrown at [./src/hotspot/share/prims/jni.cpp, line 615]
Event: 16026.669 Thread 0x000002629dfed800 Exception <a 'sun/nio/fs/WindowsException'{0x0000000094184bc8}> (0x0000000094184bc8) thrown at [./src/hotspot/share/prims/jni.cpp, line 615]
Event: 16026.757 Thread 0x000002629dff0000 Exception <a 'sun/nio/fs/WindowsException'{0x0000000093924960}> (0x0000000093924960) thrown at [./src/hotspot/share/prims/jni.cpp, line 615]
Event: 16026.884 Thread 0x000002629dff0000 Exception <a 'sun/nio/fs/WindowsException'{0x0000000092fbb4f0}> (0x0000000092fbb4f0) thrown at [./src/hotspot/share/prims/jni.cpp, line 615]
Event: 16026.886 Thread 0x000002629dff0000 Exception <a 'sun/nio/fs/WindowsException'{0x0000000092fc6570}> (0x0000000092fc6570) thrown at [./src/hotspot/share/prims/jni.cpp, line 615]
Event: 16026.889 Thread 0x000002629dff0000 Exception <a 'sun/nio/fs/WindowsException'{0x0000000092fcf958}> (0x0000000092fcf958) thrown at [./src/hotspot/share/prims/jni.cpp, line 615]
Event: 16026.891 Thread 0x000002629dff0000 Exception <a 'sun/nio/fs/WindowsException'{0x0000000092ec43f0}> (0x0000000092ec43f0) thrown at [./src/hotspot/share/prims/jni.cpp, line 615]
Event: 16026.895 Thread 0x000002629dff0000 Exception <a 'sun/nio/fs/WindowsException'{0x0000000092eec648}> (0x0000000092eec648) thrown at [./src/hotspot/share/prims/jni.cpp, line 615]
Event: 16026.898 Thread 0x000002629dff0000 Exception <a 'sun/nio/fs/WindowsException'{0x0000000092ef7628}> (0x0000000092ef7628) thrown at [./src/hotspot/share/prims/jni.cpp, line 615]
Event: 16026.900 Thread 0x000002629dff0000 Exception <a 'sun/nio/fs/WindowsException'{0x0000000092efdb68}> (0x0000000092efdb68) thrown at [./src/hotspot/share/prims/jni.cpp, line 615]
Event: 16027.289 Thread 0x000002629dfee800 Exception <a 'sun/nio/fs/WindowsException'{0x0000000092722770}> (0x0000000092722770) thrown at [./src/hotspot/share/prims/jni.cpp, line 615]
Event: 16027.766 Thread 0x00000262a4d2e000 Exception <a 'sun/nio/fs/WindowsException'{0x00000000972c60d0}> (0x00000000972c60d0) thrown at [./src/hotspot/share/prims/jni.cpp, line 615]
Event: 16028.226 Thread 0x000002629dfed800 Exception <a 'sun/nio/fs/WindowsException'{0x000000009533c500}> (0x000000009533c500) thrown at [./src/hotspot/share/prims/jni.cpp, line 615]

Events (20 events):
Event: 16101.726 Thread 0x00000262a3093800 Thread added: 0x00000262a3093800
Event: 16101.727 Executing VM operation: RevokeBias done
Event: 16101.729 Thread 0x000002629dfed800 Thread added: 0x000002629dfed800
Event: 16101.735 Executing VM operation: RevokeBias
Event: 16101.735 Executing VM operation: RevokeBias done
Event: 16101.752 Executing VM operation: RevokeBias
Event: 16101.752 Executing VM operation: RevokeBias done
Event: 16101.752 Executing VM operation: RevokeBias
Event: 16101.752 Executing VM operation: RevokeBias done
Event: 16101.764 Executing VM operation: RevokeBias
Event: 16101.765 Executing VM operation: RevokeBias done
Event: 16101.767 Executing VM operation: BulkRevokeBias
Event: 16101.769 Executing VM operation: BulkRevokeBias done
Event: 16101.772 Executing VM operation: RevokeBias
Event: 16101.772 Executing VM operation: RevokeBias done
Event: 16101.913 Executing VM operation: RevokeBias
Event: 16101.913 Executing VM operation: RevokeBias done
Event: 16101.913 Executing VM operation: RevokeBias
Event: 16101.913 Executing VM operation: RevokeBias done
Event: 16102.174 Executing VM operation: G1CollectForAllocation


Dynamic libraries:
0x00007ff70a1e0000 - 0x00007ff70a1ea000 	C:\Program Files\Android\Android Studio1\jre\bin\java.exe
0x00007ffc46250000 - 0x00007ffc46448000 	C:\Windows\SYSTEM32\ntdll.dll
0x00007ffc45780000 - 0x00007ffc4583f000 	C:\Windows\System32\KERNEL32.DLL
0x00007ffc43b20000 - 0x00007ffc43df2000 	C:\Windows\System32\KERNELBASE.dll
0x00007ffc43fb0000 - 0x00007ffc440b0000 	C:\Windows\System32\ucrtbase.dll
0x00007ffc384b0000 - 0x00007ffc384c7000 	C:\Program Files\Android\Android Studio1\jre\bin\VCRUNTIME140.dll
0x00007ffc38450000 - 0x00007ffc38469000 	C:\Program Files\Android\Android Studio1\jre\bin\jli.dll
0x00007ffc45410000 - 0x00007ffc455b1000 	C:\Windows\System32\USER32.dll
0x00007ffc43940000 - 0x00007ffc43962000 	C:\Windows\System32\win32u.dll
0x00007ffc46160000 - 0x00007ffc4618b000 	C:\Windows\System32\GDI32.dll
0x00007ffc43a10000 - 0x00007ffc43b1f000 	C:\Windows\System32\gdi32full.dll
0x00007ffc43970000 - 0x00007ffc43a0d000 	C:\Windows\System32\msvcp_win.dll
0x00007ffc33720000 - 0x00007ffc339ba000 	C:\Windows\WinSxS\amd64_microsoft.windows.common-controls_6595b64144ccf1df_6.0.19041.1110_none_60b5254171f9507e\COMCTL32.dll
0x00007ffc44290000 - 0x00007ffc4432e000 	C:\Windows\System32\msvcrt.dll
0x00007ffc45370000 - 0x00007ffc453a2000 	C:\Windows\System32\IMM32.DLL
0x00007ffc1fc90000 - 0x00007ffc1fd2d000 	C:\Program Files\Android\Android Studio1\jre\bin\msvcp140.dll
0x00007ffbe1110000 - 0x00007ffbe1be5000 	C:\Program Files\Android\Android Studio1\jre\bin\server\jvm.dll
0x00007ffc447d0000 - 0x00007ffc4487e000 	C:\Windows\System32\ADVAPI32.dll
0x00007ffc45f90000 - 0x00007ffc4602c000 	C:\Windows\System32\sechost.dll
0x00007ffc44690000 - 0x00007ffc447b5000 	C:\Windows\System32\RPCRT4.dll
0x00007ffc44dc0000 - 0x00007ffc44dc8000 	C:\Windows\System32\PSAPI.DLL
0x00007ffc298c0000 - 0x00007ffc298e7000 	C:\Windows\SYSTEM32\WINMM.dll
0x00007ffbe1100000 - 0x00007ffbe1109000 	C:\Windows\SYSTEM32\WSOCK32.dll
0x00007ffc455c0000 - 0x00007ffc4562b000 	C:\Windows\System32\WS2_32.dll
0x00007ffc392c0000 - 0x00007ffc392ca000 	C:\Windows\SYSTEM32\VERSION.dll
0x00007ffc41800000 - 0x00007ffc41812000 	C:\Windows\SYSTEM32\kernel.appcore.dll
0x00007ffbe10e0000 - 0x00007ffbe10f1000 	C:\Program Files\Android\Android Studio1\jre\bin\verify.dll
0x00007ffc3bd40000 - 0x00007ffc3bf24000 	C:\Windows\SYSTEM32\DBGHELP.DLL
0x00007ffc306f0000 - 0x00007ffc30725000 	C:\Windows\SYSTEM32\dbgcore.DLL
0x00007ffc440b0000 - 0x00007ffc44132000 	C:\Windows\System32\bcryptPrimitives.dll
0x00007ffbe10b0000 - 0x00007ffbe10d9000 	C:\Program Files\Android\Android Studio1\jre\bin\java.dll
0x00007ffbe10a0000 - 0x00007ffbe10ab000 	C:\Program Files\Android\Android Studio1\jre\bin\jimage.dll
0x00007ffbe1080000 - 0x00007ffbe1098000 	C:\Program Files\Android\Android Studio1\jre\bin\zip.dll
0x00007ffc45840000 - 0x00007ffc45f85000 	C:\Windows\System32\SHELL32.dll
0x00007ffc41a00000 - 0x00007ffc42192000 	C:\Windows\SYSTEM32\windows.storage.dll
0x00007ffc44330000 - 0x00007ffc44685000 	C:\Windows\System32\combase.dll
0x00007ffc432c0000 - 0x00007ffc432f0000 	C:\Windows\SYSTEM32\Wldp.dll
0x00007ffc45020000 - 0x00007ffc450cd000 	C:\Windows\System32\SHCORE.dll
0x00007ffc46030000 - 0x00007ffc46085000 	C:\Windows\System32\shlwapi.dll
0x00007ffc43880000 - 0x00007ffc4389f000 	C:\Windows\SYSTEM32\profapi.dll
0x00007ffbe1050000 - 0x00007ffbe106a000 	C:\Program Files\Android\Android Studio1\jre\bin\net.dll
0x00007ffc3a8e0000 - 0x00007ffc3a9ec000 	C:\Windows\SYSTEM32\WINHTTP.dll
0x00007ffc43020000 - 0x00007ffc4308a000 	C:\Windows\system32\mswsock.dll
0x00007ffbe1030000 - 0x00007ffbe1044000 	C:\Program Files\Android\Android Studio1\jre\bin\nio.dll
0x00007ffc3c940000 - 0x00007ffc3c966000 	C:\Users\Rushabh Desai\.gradle\native\31\windows-amd64\native-platform.dll
0x00007ffbe1070000 - 0x00007ffbe107a000 	C:\Program Files\Android\Android Studio1\jre\bin\management.dll
0x00007ffbe1020000 - 0x00007ffbe102d000 	C:\Program Files\Android\Android Studio1\jre\bin\management_ext.dll
0x00007ffc43220000 - 0x00007ffc43238000 	C:\Windows\SYSTEM32\CRYPTSP.dll
0x00007ffc42940000 - 0x00007ffc42974000 	C:\Windows\system32\rsaenh.dll
0x00007ffc44140000 - 0x00007ffc44167000 	C:\Windows\System32\bcrypt.dll
0x00007ffc43840000 - 0x00007ffc4386e000 	C:\Windows\SYSTEM32\USERENV.dll
0x00007ffc43210000 - 0x00007ffc4321c000 	C:\Windows\SYSTEM32\CRYPTBASE.dll
0x00007ffc42d10000 - 0x00007ffc42d4b000 	C:\Windows\SYSTEM32\IPHLPAPI.DLL
0x00007ffc447c0000 - 0x00007ffc447c8000 	C:\Windows\System32\NSI.dll
0x00007ffc3b990000 - 0x00007ffc3b9a7000 	C:\Windows\SYSTEM32\dhcpcsvc6.DLL
0x00007ffc3bc30000 - 0x00007ffc3bc4d000 	C:\Windows\SYSTEM32\dhcpcsvc.DLL
0x00007ffc42d50000 - 0x00007ffc42e1b000 	C:\Windows\SYSTEM32\DNSAPI.dll
0x00007ffc41190000 - 0x00007ffc41220000 	C:\Windows\system32\apphelp.dll
0x00007ffc339d0000 - 0x00007ffc339ee000 	C:\Users\Rushabh Desai\AppData\Local\Temp\native-platform12324335078677178617dir\native-platform.dll
0x00007ffc3c8b0000 - 0x00007ffc3c8b8000 	C:\Program Files\Android\Android Studio1\jre\bin\rmi.dll
0x00007ffc38680000 - 0x00007ffc386a7000 	C:\Program Files\Android\Android Studio1\jre\bin\sunec.dll
0x00007ffc353c0000 - 0x00007ffc353ca000 	C:\Windows\System32\rasadhlp.dll
0x00007ffc35a10000 - 0x00007ffc35a90000 	C:\Windows\System32\fwpuclnt.dll

dbghelp: loaded successfully - version: 4.0.5 - missing functions: none
symbol engine: initialized successfully - sym options: 0x614 - pdb path: .;C:\Program Files\Android\Android Studio1\jre\bin;C:\Windows\SYSTEM32;C:\Windows\WinSxS\amd64_microsoft.windows.common-controls_6595b64144ccf1df_6.0.19041.1110_none_60b5254171f9507e;C:\Program Files\Android\Android Studio1\jre\bin\server;C:\Users\Rushabh Desai\.gradle\native\31\windows-amd64;C:\Users\Rushabh Desai\AppData\Local\Temp\native-platform12324335078677178617dir

VM Arguments:
jvm_args: --add-opens=java.base/java.util=ALL-UNNAMED --add-opens=java.base/java.lang=ALL-UNNAMED --add-opens=java.base/java.lang.invoke=ALL-UNNAMED --add-opens=java.prefs/java.util.prefs=ALL-UNNAMED -Xmx2048m -Dfile.encoding=UTF-8 -Duser.country=IN -Duser.language=en -Duser.variant 
java_command: org.gradle.launcher.daemon.bootstrap.GradleDaemon 6.1.1
java_class_path (initial): C:\Users\Rushabh Desai\.gradle\wrapper\dists\gradle-6.1.1-all\cfmwm155h49vnt3hynmlrsdst\gradle-6.1.1\lib\gradle-launcher-6.1.1.jar
Launcher Type: SUN_STANDARD

[Global flags]
     intx CICompilerCount                          = 3                                         {product} {ergonomic}
     uint ConcGCThreads                            = 1                                         {product} {ergonomic}
     uint G1ConcRefinementThreads                  = 4                                         {product} {ergonomic}
   size_t G1HeapRegionSize                         = 1048576                                   {product} {ergonomic}
    uintx GCDrainStackTargetSize                   = 64                                        {product} {ergonomic}
   size_t InitialHeapSize                          = 134217728                                 {product} {ergonomic}
   size_t MarkStackSize                            = 4194304                                   {product} {ergonomic}
   size_t MaxHeapSize                              = 2147483648                                {product} {command line}
   size_t MaxNewSize                               = 1287651328                                {product} {ergonomic}
   size_t MinHeapDeltaBytes                        = 1048576                                   {product} {ergonomic}
    uintx NonNMethodCodeHeapSize                   = 5830732                                {pd product} {ergonomic}
    uintx NonProfiledCodeHeapSize                  = 122913754                              {pd product} {ergonomic}
    uintx ProfiledCodeHeapSize                     = 122913754                              {pd product} {ergonomic}
    uintx ReservedCodeCacheSize                    = 251658240                              {pd product} {ergonomic}
     bool SegmentedCodeCache                       = true                                      {product} {ergonomic}
     bool UseCompressedClassPointers               = true                                 {lp64_product} {ergonomic}
     bool UseCompressedOops                        = true                                 {lp64_product} {ergonomic}
     bool UseG1GC                                  = true                                      {product} {ergonomic}
     bool UseLargePagesIndividualAllocation        = false                                  {pd product} {ergonomic}

Logging:
Log output configuration:
 #0: stdout all=warning uptime,level,tags
 #1: stderr all=off uptime,level,tags

Environment Variables:
PATH=C:\Program Files\Common Files\Oracle\Java\javapath;C:\Windows\system32;C:\Windows;C:\Windows\System32\Wbem;C:\Windows\System32\WindowsPowerShell\v1.0\;C:\Windows\System32\OpenSSH\;C:\Program Files\Git\cmd;C:\Program Files\dotnet\;C:\Program Files\Android\Android Studio1\jre\bin
USERNAME=Rushabh Desai
OS=Windows_NT
PROCESSOR_IDENTIFIER=Intel64 Family 6 Model 58 Stepping 9, GenuineIntel



---------------  S Y S T E M  ---------------

OS: Windows 10 , 64 bit Build 19041 (10.0.19041.2546)
OS uptime: 0 days 4:35 hours

CPU:total 4 (initial active 4) (2 cores per cpu, 2 threads per core) family 6 model 58 stepping 9 microcode 0x21, cmov, cx8, fxsr, mmx, sse, sse2, sse3, ssse3, sse4.1, sse4.2, popcnt, avx, clmul, erms, ht, tsc, tscinvbit, tscinv

Memory: 4k page, system-wide physical 8077M (700M free)
TotalPageFile size 16013M (AvailPageFile size 5528M)
current process WorkingSet (physical memory assigned to process): 756M, peak: 851M
current process commit charge ("private bytes"): 868M, peak: 989M

vm_info: OpenJDK 64-Bit Server VM (11.0.11+9-b60-7590822) for windows-amd64 JRE (11.0.11+9-b60-7590822), built on Jul 29 2021 21:43:44 by "builder" with MS VC++ 14.0 (VS2015)

END.
