#
# A fatal error has been detected by the Java Runtime Environment:
#
#  EXCEPTION_ACCESS_VIOLATION (0xc0000005) at pc=0x00007ffd9283c233, pid=12796, tid=13740
#
# JRE version: OpenJDK Runtime Environment (11.0.15) (build 11.0.15+0-b2043.56-9505619)
# Java VM: OpenJDK 64-Bit Server VM (11.0.15+0-b2043.56-9505619, mixed mode, tiered, compressed oops, g1 gc, windows-amd64)
# Problematic frame:
# V  [jvm.dll+0x37c233]
#
# No core dump will be written. Minidumps are not enabled by default on client versions of Windows
#
# If you would like to submit a bug report, please visit:
#   https://bugreport.java.com/bugreport/crash.jsp
#

---------------  S U M M A R Y ------------

Command Line: --add-opens=java.base/java.util=ALL-UNNAMED --add-opens=java.base/java.lang=ALL-UNNAMED --add-opens=java.base/java.lang.invoke=ALL-UNNAMED --add-opens=java.prefs/java.util.prefs=ALL-UNNAMED -Xmx2048m -Dfile.encoding=UTF-8 -Duser.country=IN -Duser.language=en -Duser.variant org.gradle.launcher.daemon.bootstrap.GradleDaemon 6.1.1

Host: Intel(R) Core(TM) i3-3120M CPU @ 2.50GHz, 4 cores, 7G,  Windows 10 , 64 bit Build 19041 (10.0.19041.2546)
Time: Fri Mar 24 19:59:23 2023 India Standard Time elapsed time: 43.080258 seconds (0d 0h 0m 43s)

---------------  T H R E A D  ---------------

Current thread (0x00000205fc1b5800):  JavaThread "C2 CompilerThread1" daemon [_thread_in_native, id=13740, stack(0x000000b133b00000,0x000000b133c00000)]


Current CompileTask:
C2:  43080 11096   !   4       java.net.URLClassLoader$1::run (81 bytes)

Stack: [0x000000b133b00000,0x000000b133c00000],  sp=0x000000b133bfba80,  free space=1006k
Native frames: (J=compiled Java code, j=interpreted, Vv=VM code, C=native code)
V  [jvm.dll+0x37c233]
V  [jvm.dll+0x375c8c]
V  [jvm.dll+0x1b3766]
V  [jvm.dll+0x22163e]
V  [jvm.dll+0x220498]
V  [jvm.dll+0x19e851]
V  [jvm.dll+0x230479]
V  [jvm.dll+0x22e5ef]
V  [jvm.dll+0x794de1]
V  [jvm.dll+0x78dc24]
V  [jvm.dll+0x6400f6]
C  [ucrtbase.dll+0x21bb2]
C  [KERNEL32.DLL+0x17614]
C  [ntdll.dll+0x526a1]


siginfo: EXCEPTION_ACCESS_VIOLATION (0xc0000005), reading address 0xffffffffffffffff


Register to memory mapping:

RIP=0x00007ffd9283c233 jvm.dll
RAX=0x000002058020d6c0 points into unknown readable memory: 0x000002058020d6a0 | a0 d6 20 80 05 02 00 00
RBX=0x000000b133bfbbb0 is pointing into the stack for thread: 0x00000205fc1b5800
RCX=0x000002058020d6e0 points into unknown readable memory: 0x0000000000000000 | 00 00 00 00 00 00 00 00
RDX=0x0000000000000010 is an unknown value
RSP=0x000000b133bfba80 is pointing into the stack for thread: 0x00000205fc1b5800
RBP=0x000000b133bfe6d0 is pointing into the stack for thread: 0x00000205fc1b5800
RSI=0x00000000000000b0 is an unknown value
RDI=0x0000000000000016 is an unknown value
R8 =0x0000000000000027 is an unknown value
R9 =0x0000000000000007 is an unknown value
R10=0x000002058020d740 points into unknown readable memory: 0x0000000000000000 | 00 00 00 00 00 00 00 00
R11=0x0 is NULL
R12=0x0000020580325990 points into unknown readable memory: 0x00000205fa724c80 | 80 4c 72 fa 05 02 00 00
R13=0x00007ffd92fa7a40 jvm.dll
R14=0x00087ffd92fa7a40 is an unknown value
R15=0x00000205ff95b210 points into unknown readable memory: 0x0000000000000003 | 03 00 00 00 00 00 00 00


Registers:
RAX=0x000002058020d6c0, RBX=0x000000b133bfbbb0, RCX=0x000002058020d6e0, RDX=0x0000000000000010
RSP=0x000000b133bfba80, RBP=0x000000b133bfe6d0, RSI=0x00000000000000b0, RDI=0x0000000000000016
R8 =0x0000000000000027, R9 =0x0000000000000007, R10=0x000002058020d740, R11=0x0000000000000000
R12=0x0000020580325990, R13=0x00007ffd92fa7a40, R14=0x00087ffd92fa7a40, R15=0x00000205ff95b210
RIP=0x00007ffd9283c233, EFLAGS=0x0000000000010202

Top of Stack: (sp=0x000000b133bfba80)
0x000000b133bfba80:   0000000800000000 0000000000000008
0x000000b133bfba90:   000002058020d780 0000000000000027
0x000000b133bfbaa0:   0000000000000002 00000000ffffffff
0x000000b133bfbab0:   0000000000000002 000000b133bfbbd0
0x000000b133bfbac0:   000000b133bfc180 00007ffd92835c8c
0x000000b133bfbad0:   00000205ff788028 0000000000000000
0x000000b133bfbae0:   0000000000000001 00000205fc18c5e0
0x000000b133bfbaf0:   000000b133bfbb30 0000000000000006
0x000000b133bfbb00:   00000002ffffffff 0000020500000001
0x000000b133bfbb10:   0000000200000001 0000000d00000001
0x000000b133bfbb20:   0000000000000000 000f423f00000001
0x000000b133bfbb30:   0000000200000000 0000000e00000000
0x000000b133bfbb40:   0000000000000000 0000000100000697
0x000000b133bfbb50:   00000205ff788028 0000000000000000
0x000000b133bfbb60:   00000205ff7884b4 00000205ff7884bc
0x000000b133bfbb70:   0000248a00000000 0000020500000008 

Instructions: (pc=0x00007ffd9283c233)
0x00007ffd9283c133:   a8 08 00 00 48 8b 4f 18 48 3b c1 73 16 4c 8d 05
0x00007ffd9283c143:   09 e9 51 00 48 8b d6 48 8b cf e8 2e 62 d4 ff 48
0x00007ffd9283c153:   8b 4f 18 48 8d 04 31 48 3b 47 20 76 13 45 33 c0
0x00007ffd9283c163:   48 8b d6 48 8b cf e8 62 5e d4 ff 48 8b c8 eb 04
0x00007ffd9283c173:   48 89 47 18 ba 10 00 00 00 33 ff 48 89 4b 08 39
0x00007ffd9283c183:   bb 90 00 00 00 0f 86 df 00 00 00 65 48 8b 04 25
0x00007ffd9283c193:   58 00 00 00 4c 89 64 24 50 4c 89 6c 24 58 4c 8d
0x00007ffd9283c1a3:   2d 98 b8 76 00 4c 89 74 24 60 4c 8d 24 e8 0f 1f
0x00007ffd9283c1b3:   40 00 66 66 66 0f 1f 84 00 00 00 00 00 49 8b 47
0x00007ffd9283c1c3:   08 48 8d 34 fd 00 00 00 00 4c 8b 34 06 4d 3b f5
0x00007ffd9283c1d3:   75 0a 48 8b 43 08 4c 89 2c 06 eb 6c 49 8b 2c 24
0x00007ffd9283c1e3:   8b c2 80 3c 28 00 75 05 e8 54 92 48 00 b8 08 00
0x00007ffd9283c1f3:   00 00 48 8b 0c 28 48 8b 81 e8 04 00 00 48 8b a8
0x00007ffd9283c203:   80 00 00 00 48 8b 8d b0 08 00 00 48 85 c9 75 0c
0x00007ffd9283c213:   e8 88 0c 00 00 48 8b 8d b0 08 00 00 48 8b 01 0f
0x00007ffd9283c223:   57 c0 48 89 85 b0 08 00 00 0f 11 01 0f 11 41 10
0x00007ffd9283c233:   41 0f 10 06 0f 11 01 41 0f 10 4e 10 0f 11 49 10
0x00007ffd9283c243:   48 8b 43 08 48 89 0c 06 ff c7 ba 10 00 00 00 3b
0x00007ffd9283c253:   bb 90 00 00 00 0f 82 62 ff ff ff 4c 8b 74 24 60
0x00007ffd9283c263:   4c 8b 6c 24 58 4c 8b 64 24 50 48 8b c3 48 83 c4
0x00007ffd9283c273:   20 41 5f 5f 5e 5d 5b c3 cc cc cc cc cc 8b 02 45
0x00007ffd9283c283:   33 c0 44 89 01 c7 41 08 08 00 00 00 85 c0 75 12
0x00007ffd9283c293:   c7 41 18 01 00 00 00 48 8b c1 c7 41 28 01 00 00
0x00007ffd9283c2a3:   00 c3 44 89 41 04 44 89 41 18 8b 82 90 00 00 00
0x00007ffd9283c2b3:   89 41 28 4c 89 41 10 48 8b 42 08 48 89 41 20 48
0x00007ffd9283c2c3:   8b c1 48 89 51 30 c3 cc cc cc cc cc cc 40 53 48
0x00007ffd9283c2d3:   83 ec 20 8b 51 08 48 8b d9 83 fa 08 73 2a 4c 8b
0x00007ffd9283c2e3:   51 10 66 66 66 0f 1f 84 00 00 00 00 00 44 8b ca
0x00007ffd9283c2f3:   44 8d 42 01 43 83 3c 8a 00 0f 85 98 00 00 00 41
0x00007ffd9283c303:   8b d0 41 83 f8 08 72 e5 8b 41 28 48 89 74 24 30
0x00007ffd9283c313:   48 89 7c 24 38 8b 79 18 3b f8 73 5f 48 8d 35 1a
0x00007ffd9283c323:   b7 76 00 66 66 0f 1f 84 00 00 00 00 00 48 8b 43 


Stack slot to memory mapping:
stack at sp + 0 slots: 0x0000000800000000 is an unknown value
stack at sp + 1 slots: 0x0000000000000008 is an unknown value
stack at sp + 2 slots: 0x000002058020d780 points into unknown readable memory: 0x000000000000000c | 0c 00 00 00 00 00 00 00
stack at sp + 3 slots: 0x0000000000000027 is an unknown value
stack at sp + 4 slots: 0x0000000000000002 is an unknown value
stack at sp + 5 slots: 
[error occurred during error reporting (inspecting top of stack), id 0xc0000005, EXCEPTION_ACCESS_VIOLATION (0xc0000005) at pc=0x00007ffd927bfe96]


---------------  P R O C E S S  ---------------

Threads class SMR info:
_java_thread_list=0x00000205fb82e190, length=37, elements={
0x00000205dd663800, 0x00000205f727a800, 0x00000205f7287800, 0x00000205f7c02800,
0x00000205f728e800, 0x00000205f7292800, 0x00000205f72a1800, 0x00000205f72a9000,
0x00000205f72aa000, 0x00000205f7d3e800, 0x00000205f9238000, 0x00000205f8b03800,
0x00000205f7e92800, 0x00000205f83e3000, 0x00000205f7eb0800, 0x00000205f7eaf800,
0x00000205f8743000, 0x00000205f7d67800, 0x00000205f7d6a000, 0x00000205f8798800,
0x00000205f8920800, 0x00000205f891b000, 0x00000205f8921800, 0x00000205f891b800,
0x00000205f891d800, 0x00000205f891c800, 0x00000205f891e000, 0x00000205f891f000,
0x00000205fa1f9800, 0x00000205fa1f8800, 0x00000205fa1f3800, 0x00000205fa1fa000,
0x00000205fa1f6000, 0x00000205fa1fc000, 0x00000205fa1f4800, 0x00000205fa1fb000,
0x00000205fc1b5800
}

Java Threads: ( => current thread )
  0x00000205dd663800 JavaThread "main" [_thread_blocked, id=704, stack(0x000000b133e00000,0x000000b133f00000)]
  0x00000205f727a800 JavaThread "Reference Handler" daemon [_thread_blocked, id=12296, stack(0x000000b134500000,0x000000b134600000)]
  0x00000205f7287800 JavaThread "Finalizer" daemon [_thread_blocked, id=9228, stack(0x000000b134600000,0x000000b134700000)]
  0x00000205f7c02800 JavaThread "Signal Dispatcher" daemon [_thread_blocked, id=13648, stack(0x000000b134700000,0x000000b134800000)]
  0x00000205f728e800 JavaThread "Attach Listener" daemon [_thread_blocked, id=2704, stack(0x000000b134800000,0x000000b134900000)]
  0x00000205f7292800 JavaThread "Service Thread" daemon [_thread_blocked, id=13608, stack(0x000000b134900000,0x000000b134a00000)]
  0x00000205f72a1800 JavaThread "C2 CompilerThread0" daemon [_thread_in_vm, id=2148, stack(0x000000b134a00000,0x000000b134b00000)]
  0x00000205f72a9000 JavaThread "C1 CompilerThread0" daemon [_thread_blocked, id=8972, stack(0x000000b134b00000,0x000000b134c00000)]
  0x00000205f72aa000 JavaThread "Sweeper thread" daemon [_thread_blocked, id=6716, stack(0x000000b134c00000,0x000000b134d00000)]
  0x00000205f7d3e800 JavaThread "Common-Cleaner" daemon [_thread_blocked, id=12412, stack(0x000000b134d00000,0x000000b134e00000)]
  0x00000205f9238000 JavaThread "Daemon health stats" [_thread_blocked, id=12828, stack(0x000000b134f00000,0x000000b135000000)]
  0x00000205f8b03800 JavaThread "Incoming local TCP Connector on port 52184" [_thread_in_native, id=2916, stack(0x000000b135200000,0x000000b135300000)]
  0x00000205f7e92800 JavaThread "Daemon periodic checks" [_thread_blocked, id=6316, stack(0x000000b135300000,0x000000b135400000)]
  0x00000205f83e3000 JavaThread "Daemon" [_thread_blocked, id=9976, stack(0x000000b135400000,0x000000b135500000)]
  0x00000205f7eb0800 JavaThread "Handler for socket connection from /127.0.0.1:52184 to /127.0.0.1:52188" [_thread_in_native, id=6040, stack(0x000000b135500000,0x000000b135600000)]
  0x00000205f7eaf800 JavaThread "Cancel handler" [_thread_blocked, id=13668, stack(0x000000b135600000,0x000000b135700000)]
  0x00000205f8743000 JavaThread "Daemon worker" [_thread_in_vm, id=3608, stack(0x000000b135700000,0x000000b135800000)]
  0x00000205f7d67800 JavaThread "Asynchronous log dispatcher for DefaultDaemonConnection: socket connection from /127.0.0.1:52184 to /127.0.0.1:52188" [_thread_blocked, id=5712, stack(0x000000b135800000,0x000000b135900000)]
  0x00000205f7d6a000 JavaThread "Stdin handler" [_thread_blocked, id=8656, stack(0x000000b135900000,0x000000b135a00000)]
  0x00000205f8798800 JavaThread "Thread-8" [_thread_blocked, id=12788, stack(0x000000b135a00000,0x000000b135b00000)]
  0x00000205f8920800 JavaThread "Cache worker for journal cache (C:\Users\Rushabh Desai\.gradle\caches\journal-1)" [_thread_blocked, id=12928, stack(0x000000b135c00000,0x000000b135d00000)]
  0x00000205f891b000 JavaThread "File lock request listener" [_thread_in_native, id=14088, stack(0x000000b135d00000,0x000000b135e00000)]
  0x00000205f8921800 JavaThread "Cache worker for file hash cache (C:\Users\Rushabh Desai\.gradle\caches\6.1.1\fileHashes)" [_thread_blocked, id=6428, stack(0x000000b135e00000,0x000000b135f00000)]
  0x00000205f891b800 JavaThread "Cache worker for checksums cache (D:\PlayPlexpos\.gradle\checksums)" [_thread_blocked, id=11520, stack(0x000000b135f00000,0x000000b136000000)]
  0x00000205f891d800 JavaThread "Cache worker for file hash cache (D:\PlayPlexpos\.gradle\6.1.1\fileHashes)" [_thread_blocked, id=12452, stack(0x000000b136000000,0x000000b136100000)]
  0x00000205f891c800 JavaThread "Cache worker for cache directory md-supplier (C:\Users\Rushabh Desai\.gradle\caches\6.1.1\md-supplier)" [_thread_blocked, id=12156, stack(0x000000b136100000,0x000000b136200000)]
  0x00000205f891e000 JavaThread "Cache worker for cache directory md-rule (C:\Users\Rushabh Desai\.gradle\caches\6.1.1\md-rule)" [_thread_blocked, id=1080, stack(0x000000b136200000,0x000000b136300000)]
  0x00000205f891f000 JavaThread "Cache worker for execution history cache (C:\Users\Rushabh Desai\.gradle\caches\6.1.1\executionHistory)" [_thread_blocked, id=7800, stack(0x000000b136300000,0x000000b136400000)]
  0x00000205fa1f9800 JavaThread "Cache worker for Build Output Cleanup Cache (D:\PlayPlexpos\.gradle\buildOutputCleanup)" [_thread_blocked, id=12956, stack(0x000000b136500000,0x000000b136600000)]
  0x00000205fa1f8800 JavaThread "Build operations" [_thread_blocked, id=11604, stack(0x000000b136600000,0x000000b136700000)]
  0x00000205fa1f3800 JavaThread "Build operations Thread 2" [_thread_blocked, id=3548, stack(0x000000b136700000,0x000000b136800000)]
  0x00000205fa1fa000 JavaThread "Build operations Thread 3" [_thread_blocked, id=10532, stack(0x000000b136800000,0x000000b136900000)]
  0x00000205fa1f6000 JavaThread "Build operations Thread 4" [_thread_blocked, id=8896, stack(0x000000b136900000,0x000000b136a00000)]
  0x00000205fa1fc000 JavaThread "Cache worker for execution history cache (D:\PlayPlexpos\.gradle\6.1.1\executionHistory)" [_thread_blocked, id=4760, stack(0x000000b136c00000,0x000000b136d00000)]
  0x00000205fa1f4800 JavaThread "idea-tooling-model-converter" [_thread_blocked, id=10652, stack(0x000000b136400000,0x000000b136500000)]
  0x00000205fa1fb000 JavaThread "Memory manager" [_thread_blocked, id=11692, stack(0x000000b136d00000,0x000000b136e00000)]
=>0x00000205fc1b5800 JavaThread "C2 CompilerThread1" daemon [_thread_in_native, id=13740, stack(0x000000b133b00000,0x000000b133c00000)]

Other Threads:
  0x00000205f7275800 VMThread "VM Thread" [stack: 0x000000b134400000,0x000000b134500000] [id=8592]
  0x00000205f7d84000 WatcherThread [stack: 0x000000b134e00000,0x000000b134f00000] [id=12564]
  0x00000205dd67d000 GCTaskThread "GC Thread#0" [stack: 0x000000b133f00000,0x000000b134000000] [id=14304]
  0x00000205f8490000 GCTaskThread "GC Thread#1" [stack: 0x000000b135000000,0x000000b135100000] [id=6064]
  0x00000205f805b800 GCTaskThread "GC Thread#2" [stack: 0x000000b135100000,0x000000b135200000] [id=9440]
  0x00000205f86cc800 GCTaskThread "GC Thread#3" [stack: 0x000000b135b00000,0x000000b135c00000] [id=7268]
  0x00000205dd6b0000 ConcurrentGCThread "G1 Main Marker" [stack: 0x000000b134000000,0x000000b134100000] [id=8556]
  0x00000205dd6b2800 ConcurrentGCThread "G1 Conc#0" [stack: 0x000000b134100000,0x000000b134200000] [id=9908]
  0x00000205f70d0800 ConcurrentGCThread "G1 Refine#0" [stack: 0x000000b134200000,0x000000b134300000] [id=4136]
  0x00000205f70d1800 ConcurrentGCThread "G1 Young RemSet Sampling" [stack: 0x000000b134300000,0x000000b134400000] [id=9980]

Threads with active compile tasks:
C2 CompilerThread0    43186 11527       4       sun.reflect.generics.visitor.Reifier::visitClassTypeSignature (381 bytes)
C2 CompilerThread1    43186 11096   !   4       java.net.URLClassLoader$1::run (81 bytes)

VM state:not at safepoint (normal execution)

VM Mutex/Monitor currently owned by a thread: None

Heap address: 0x0000000080000000, size: 2048 MB, Compressed Oops mode: 32-bit
Narrow klass base: 0x0000000000000000, Narrow klass shift: 3
Compressed class space size: 1073741824 Address: 0x0000000100000000

Heap:
 garbage-first heap   total 262144K, used 205390K [0x0000000080000000, 0x0000000100000000)
  region size 1024K, 52 young (53248K), 5 survivors (5120K)
 Metaspace       used 98174K, capacity 100384K, committed 100656K, reserved 1136640K
  class space    used 12142K, capacity 12843K, committed 12928K, reserved 1048576K
Heap Regions: E=young(eden), S=young(survivor), O=old, HS=humongous(starts), HC=humongous(continues), CS=collection set, F=free, A=archive, TAMS=top-at-mark-start (previous, next)
|   0|0x0000000080000000, 0x0000000080100000, 0x0000000080100000|100%| O|  |TAMS 0x0000000080100000, 0x0000000080000000| Untracked 
|   1|0x0000000080100000, 0x0000000080200000, 0x0000000080200000|100%| O|  |TAMS 0x0000000080200000, 0x0000000080100000| Untracked 
|   2|0x0000000080200000, 0x0000000080300000, 0x0000000080300000|100%| O|  |TAMS 0x0000000080300000, 0x0000000080200000| Untracked 
|   3|0x0000000080300000, 0x0000000080400000, 0x0000000080400000|100%|HS|  |TAMS 0x0000000080400000, 0x0000000080300000| Complete 
|   4|0x0000000080400000, 0x0000000080500000, 0x0000000080500000|100%|HC|  |TAMS 0x0000000080500000, 0x0000000080400000| Complete 
|   5|0x0000000080500000, 0x0000000080600000, 0x0000000080600000|100%|HC|  |TAMS 0x0000000080600000, 0x0000000080500000| Complete 
|   6|0x0000000080600000, 0x0000000080700000, 0x0000000080700000|100%| O|  |TAMS 0x0000000080700000, 0x0000000080600000| Untracked 
|   7|0x0000000080700000, 0x0000000080800000, 0x0000000080800000|100%| O|  |TAMS 0x0000000080800000, 0x0000000080700000| Untracked 
|   8|0x0000000080800000, 0x0000000080900000, 0x0000000080900000|100%| O|  |TAMS 0x0000000080900000, 0x0000000080800000| Untracked 
|   9|0x0000000080900000, 0x0000000080a00000, 0x0000000080a00000|100%| O|  |TAMS 0x0000000080a00000, 0x0000000080900000| Untracked 
|  10|0x0000000080a00000, 0x0000000080b00000, 0x0000000080b00000|100%| O|  |TAMS 0x0000000080b00000, 0x0000000080a00000| Untracked 
|  11|0x0000000080b00000, 0x0000000080c00000, 0x0000000080c00000|100%| O|  |TAMS 0x0000000080c00000, 0x0000000080b00000| Untracked 
|  12|0x0000000080c00000, 0x0000000080d00000, 0x0000000080d00000|100%| O|  |TAMS 0x0000000080d00000, 0x0000000080c00000| Untracked 
|  13|0x0000000080d00000, 0x0000000080e00000, 0x0000000080e00000|100%|HS|  |TAMS 0x0000000080e00000, 0x0000000080d00000| Complete 
|  14|0x0000000080e00000, 0x0000000080f00000, 0x0000000080f00000|100%|HC|  |TAMS 0x0000000080f00000, 0x0000000080e00000| Complete 
|  15|0x0000000080f00000, 0x0000000081000000, 0x0000000081000000|100%|HS|  |TAMS 0x0000000081000000, 0x0000000080f00000| Complete 
|  16|0x0000000081000000, 0x0000000081100000, 0x0000000081100000|100%|HC|  |TAMS 0x0000000081100000, 0x0000000081000000| Complete 
|  17|0x0000000081100000, 0x0000000081200000, 0x0000000081200000|100%|HC|  |TAMS 0x0000000081200000, 0x0000000081100000| Complete 
|  18|0x0000000081200000, 0x0000000081300000, 0x0000000081300000|100%|HS|  |TAMS 0x0000000081300000, 0x0000000081200000| Complete 
|  19|0x0000000081300000, 0x0000000081400000, 0x0000000081400000|100%|HC|  |TAMS 0x0000000081400000, 0x0000000081300000| Complete 
|  20|0x0000000081400000, 0x0000000081500000, 0x0000000081500000|100%|HC|  |TAMS 0x0000000081500000, 0x0000000081400000| Complete 
|  21|0x0000000081500000, 0x0000000081600000, 0x0000000081600000|100%|HS|  |TAMS 0x0000000081600000, 0x0000000081500000| Complete 
|  22|0x0000000081600000, 0x0000000081700000, 0x0000000081700000|100%|HC|  |TAMS 0x0000000081700000, 0x0000000081600000| Complete 
|  23|0x0000000081700000, 0x0000000081800000, 0x0000000081800000|100%|HS|  |TAMS 0x0000000081800000, 0x0000000081700000| Complete 
|  24|0x0000000081800000, 0x0000000081900000, 0x0000000081900000|100%|HC|  |TAMS 0x0000000081900000, 0x0000000081800000| Complete 
|  25|0x0000000081900000, 0x0000000081a00000, 0x0000000081a00000|100%|HC|  |TAMS 0x0000000081a00000, 0x0000000081900000| Complete 
|  26|0x0000000081a00000, 0x0000000081b00000, 0x0000000081b00000|100%|HC|  |TAMS 0x0000000081b00000, 0x0000000081a00000| Complete 
|  27|0x0000000081b00000, 0x0000000081c00000, 0x0000000081c00000|100%|HC|  |TAMS 0x0000000081c00000, 0x0000000081b00000| Complete 
|  28|0x0000000081c00000, 0x0000000081d00000, 0x0000000081d00000|100%|HC|  |TAMS 0x0000000081d00000, 0x0000000081c00000| Complete 
|  29|0x0000000081d00000, 0x0000000081e00000, 0x0000000081e00000|100%|HC|  |TAMS 0x0000000081e00000, 0x0000000081d00000| Complete 
|  30|0x0000000081e00000, 0x0000000081f00000, 0x0000000081f00000|100%|HC|  |TAMS 0x0000000081f00000, 0x0000000081e00000| Complete 
|  31|0x0000000081f00000, 0x0000000082000000, 0x0000000082000000|100%|HC|  |TAMS 0x0000000082000000, 0x0000000081f00000| Complete 
|  32|0x0000000082000000, 0x0000000082100000, 0x0000000082100000|100%|HC|  |TAMS 0x0000000082100000, 0x0000000082000000| Complete 
|  33|0x0000000082100000, 0x0000000082200000, 0x0000000082200000|100%|HS|  |TAMS 0x0000000082200000, 0x0000000082100000| Complete 
|  34|0x0000000082200000, 0x0000000082300000, 0x0000000082300000|100%|HC|  |TAMS 0x0000000082300000, 0x0000000082200000| Complete 
|  35|0x0000000082300000, 0x0000000082400000, 0x0000000082400000|100%|HS|  |TAMS 0x0000000082400000, 0x0000000082300000| Complete 
|  36|0x0000000082400000, 0x0000000082500000, 0x0000000082500000|100%|HC|  |TAMS 0x0000000082500000, 0x0000000082400000| Complete 
|  37|0x0000000082500000, 0x0000000082600000, 0x0000000082600000|100%|HC|  |TAMS 0x0000000082600000, 0x0000000082500000| Complete 
|  38|0x0000000082600000, 0x0000000082700000, 0x0000000082700000|100%|HC|  |TAMS 0x0000000082700000, 0x0000000082600000| Complete 
|  39|0x0000000082700000, 0x0000000082800000, 0x0000000082800000|100%|HC|  |TAMS 0x0000000082800000, 0x0000000082700000| Complete 
|  40|0x0000000082800000, 0x0000000082900000, 0x0000000082900000|100%| O|  |TAMS 0x0000000082900000, 0x0000000082800000| Untracked 
|  41|0x0000000082900000, 0x0000000082a00000, 0x0000000082a00000|100%| O|  |TAMS 0x0000000082a00000, 0x0000000082900000| Untracked 
|  42|0x0000000082a00000, 0x0000000082b00000, 0x0000000082b00000|100%| O|  |TAMS 0x0000000082b00000, 0x0000000082a00000| Untracked 
|  43|0x0000000082b00000, 0x0000000082c00000, 0x0000000082c00000|100%| O|  |TAMS 0x0000000082c00000, 0x0000000082b00000| Untracked 
|  44|0x0000000082c00000, 0x0000000082d00000, 0x0000000082d00000|100%| O|  |TAMS 0x0000000082d00000, 0x0000000082c00000| Untracked 
|  45|0x0000000082d00000, 0x0000000082e00000, 0x0000000082e00000|100%| O|  |TAMS 0x0000000082e00000, 0x0000000082d00000| Untracked 
|  46|0x0000000082e00000, 0x0000000082f00000, 0x0000000082f00000|100%| O|  |TAMS 0x0000000082f00000, 0x0000000082e00000| Untracked 
|  47|0x0000000082f00000, 0x0000000083000000, 0x0000000083000000|100%| O|  |TAMS 0x0000000083000000, 0x0000000082f00000| Untracked 
|  48|0x0000000083000000, 0x0000000083100000, 0x0000000083100000|100%| O|  |TAMS 0x0000000083100000, 0x0000000083000000| Untracked 
|  49|0x0000000083100000, 0x0000000083200000, 0x0000000083200000|100%| O|  |TAMS 0x0000000083200000, 0x0000000083100000| Untracked 
|  50|0x0000000083200000, 0x0000000083300000, 0x0000000083300000|100%| O|  |TAMS 0x0000000083300000, 0x0000000083200000| Untracked 
|  51|0x0000000083300000, 0x0000000083400000, 0x0000000083400000|100%| O|  |TAMS 0x0000000083400000, 0x0000000083300000| Untracked 
|  52|0x0000000083400000, 0x0000000083500000, 0x0000000083500000|100%| O|  |TAMS 0x0000000083500000, 0x0000000083400000| Untracked 
|  53|0x0000000083500000, 0x0000000083600000, 0x0000000083600000|100%| O|  |TAMS 0x0000000083600000, 0x0000000083500000| Untracked 
|  54|0x0000000083600000, 0x0000000083700000, 0x0000000083700000|100%| O|  |TAMS 0x0000000083700000, 0x0000000083600000| Untracked 
|  55|0x0000000083700000, 0x0000000083800000, 0x0000000083800000|100%|HS|  |TAMS 0x0000000083800000, 0x0000000083700000| Complete 
|  56|0x0000000083800000, 0x0000000083900000, 0x0000000083900000|100%|HS|  |TAMS 0x0000000083900000, 0x0000000083800000| Complete 
|  57|0x0000000083900000, 0x0000000083a00000, 0x0000000083a00000|100%|HC|  |TAMS 0x0000000083a00000, 0x0000000083900000| Complete 
|  58|0x0000000083a00000, 0x0000000083b00000, 0x0000000083b00000|100%|HC|  |TAMS 0x0000000083b00000, 0x0000000083a00000| Complete 
|  59|0x0000000083b00000, 0x0000000083c00000, 0x0000000083c00000|100%|HS|  |TAMS 0x0000000083c00000, 0x0000000083b00000| Complete 
|  60|0x0000000083c00000, 0x0000000083d00000, 0x0000000083d00000|100%|HC|  |TAMS 0x0000000083d00000, 0x0000000083c00000| Complete 
|  61|0x0000000083d00000, 0x0000000083e00000, 0x0000000083e00000|100%|HC|  |TAMS 0x0000000083e00000, 0x0000000083d00000| Complete 
|  62|0x0000000083e00000, 0x0000000083f00000, 0x0000000083f00000|100%|HS|  |TAMS 0x0000000083f00000, 0x0000000083e00000| Complete 
|  63|0x0000000083f00000, 0x0000000084000000, 0x0000000084000000|100%|HC|  |TAMS 0x0000000084000000, 0x0000000083f00000| Complete 
|  64|0x0000000084000000, 0x0000000084100000, 0x0000000084100000|100%| O|  |TAMS 0x0000000084100000, 0x0000000084000000| Untracked 
|  65|0x0000000084100000, 0x0000000084200000, 0x0000000084200000|100%| O|  |TAMS 0x0000000084200000, 0x0000000084100000| Untracked 
|  66|0x0000000084200000, 0x0000000084300000, 0x0000000084300000|100%| O|  |TAMS 0x0000000084300000, 0x0000000084200000| Untracked 
|  67|0x0000000084300000, 0x0000000084400000, 0x0000000084400000|100%| O|  |TAMS 0x0000000084400000, 0x0000000084300000| Untracked 
|  68|0x0000000084400000, 0x0000000084500000, 0x0000000084500000|100%| O|  |TAMS 0x0000000084500000, 0x0000000084400000| Untracked 
|  69|0x0000000084500000, 0x0000000084600000, 0x0000000084600000|100%| O|  |TAMS 0x0000000084600000, 0x0000000084500000| Untracked 
|  70|0x0000000084600000, 0x0000000084700000, 0x0000000084700000|100%| O|  |TAMS 0x0000000084700000, 0x0000000084600000| Untracked 
|  71|0x0000000084700000, 0x0000000084800000, 0x0000000084800000|100%| O|  |TAMS 0x0000000084800000, 0x0000000084700000| Untracked 
|  72|0x0000000084800000, 0x0000000084900000, 0x0000000084900000|100%| O|  |TAMS 0x0000000084900000, 0x0000000084800000| Untracked 
|  73|0x0000000084900000, 0x0000000084a00000, 0x0000000084a00000|100%| O|  |TAMS 0x0000000084a00000, 0x0000000084900000| Untracked 
|  74|0x0000000084a00000, 0x0000000084b00000, 0x0000000084b00000|100%| O|  |TAMS 0x0000000084b00000, 0x0000000084a00000| Untracked 
|  75|0x0000000084b00000, 0x0000000084c00000, 0x0000000084c00000|100%| O|  |TAMS 0x0000000084c00000, 0x0000000084b00000| Untracked 
|  76|0x0000000084c00000, 0x0000000084d00000, 0x0000000084d00000|100%| O|  |TAMS 0x0000000084d00000, 0x0000000084c00000| Untracked 
|  77|0x0000000084d00000, 0x0000000084e00000, 0x0000000084e00000|100%| O|  |TAMS 0x0000000084e00000, 0x0000000084d00000| Untracked 
|  78|0x0000000084e00000, 0x0000000084f00000, 0x0000000084f00000|100%| O|  |TAMS 0x0000000084f00000, 0x0000000084e00000| Untracked 
|  79|0x0000000084f00000, 0x0000000085000000, 0x0000000085000000|100%| O|  |TAMS 0x0000000085000000, 0x0000000084f00000| Untracked 
|  80|0x0000000085000000, 0x0000000085100000, 0x0000000085100000|100%| O|  |TAMS 0x0000000085100000, 0x0000000085000000| Untracked 
|  81|0x0000000085100000, 0x0000000085200000, 0x0000000085200000|100%| O|  |TAMS 0x0000000085200000, 0x0000000085100000| Untracked 
|  82|0x0000000085200000, 0x0000000085300000, 0x0000000085300000|100%| O|  |TAMS 0x0000000085300000, 0x0000000085200000| Untracked 
|  83|0x0000000085300000, 0x0000000085400000, 0x0000000085400000|100%| O|  |TAMS 0x0000000085400000, 0x0000000085300000| Untracked 
|  84|0x0000000085400000, 0x0000000085500000, 0x0000000085500000|100%| O|  |TAMS 0x0000000085500000, 0x0000000085400000| Untracked 
|  85|0x0000000085500000, 0x0000000085600000, 0x0000000085600000|100%| O|  |TAMS 0x0000000085600000, 0x0000000085500000| Untracked 
|  86|0x0000000085600000, 0x0000000085700000, 0x0000000085700000|100%| O|  |TAMS 0x0000000085700000, 0x0000000085600000| Untracked 
|  87|0x0000000085700000, 0x0000000085800000, 0x0000000085800000|100%| O|  |TAMS 0x0000000085800000, 0x0000000085700000| Untracked 
|  88|0x0000000085800000, 0x0000000085900000, 0x0000000085900000|100%| O|  |TAMS 0x0000000085900000, 0x0000000085800000| Untracked 
|  89|0x0000000085900000, 0x0000000085a00000, 0x0000000085a00000|100%| O|  |TAMS 0x0000000085a00000, 0x0000000085900000| Untracked 
|  90|0x0000000085a00000, 0x0000000085b00000, 0x0000000085b00000|100%| O|  |TAMS 0x0000000085b00000, 0x0000000085a00000| Untracked 
|  91|0x0000000085b00000, 0x0000000085c00000, 0x0000000085c00000|100%| O|  |TAMS 0x0000000085c00000, 0x0000000085b00000| Untracked 
|  92|0x0000000085c00000, 0x0000000085d00000, 0x0000000085d00000|100%| O|  |TAMS 0x0000000085d00000, 0x0000000085c00000| Untracked 
|  93|0x0000000085d00000, 0x0000000085e00000, 0x0000000085e00000|100%|HS|  |TAMS 0x0000000085e00000, 0x0000000085d00000| Complete 
|  94|0x0000000085e00000, 0x0000000085f00000, 0x0000000085f00000|100%|HC|  |TAMS 0x0000000085f00000, 0x0000000085e00000| Complete 
|  95|0x0000000085f00000, 0x0000000086000000, 0x0000000086000000|100%|HS|  |TAMS 0x0000000086000000, 0x0000000085f00000| Complete 
|  96|0x0000000086000000, 0x0000000086100000, 0x0000000086100000|100%|HC|  |TAMS 0x0000000086100000, 0x0000000086000000| Complete 
|  97|0x0000000086100000, 0x0000000086200000, 0x0000000086200000|100%|HC|  |TAMS 0x0000000086200000, 0x0000000086100000| Complete 
|  98|0x0000000086200000, 0x0000000086300000, 0x0000000086300000|100%|HS|  |TAMS 0x0000000086300000, 0x0000000086200000| Complete 
|  99|0x0000000086300000, 0x0000000086400000, 0x0000000086400000|100%|HC|  |TAMS 0x0000000086400000, 0x0000000086300000| Complete 
| 100|0x0000000086400000, 0x0000000086500000, 0x0000000086500000|100%|HC|  |TAMS 0x0000000086500000, 0x0000000086400000| Complete 
| 101|0x0000000086500000, 0x0000000086600000, 0x0000000086600000|100%|HS|  |TAMS 0x0000000086600000, 0x0000000086500000| Complete 
| 102|0x0000000086600000, 0x0000000086700000, 0x0000000086700000|100%|HC|  |TAMS 0x0000000086700000, 0x0000000086600000| Complete 
| 103|0x0000000086700000, 0x0000000086800000, 0x0000000086800000|100%|HS|  |TAMS 0x0000000086800000, 0x0000000086700000| Complete 
| 104|0x0000000086800000, 0x0000000086900000, 0x0000000086900000|100%|HC|  |TAMS 0x0000000086900000, 0x0000000086800000| Complete 
| 105|0x0000000086900000, 0x0000000086a00000, 0x0000000086a00000|100%|HC|  |TAMS 0x0000000086a00000, 0x0000000086900000| Complete 
| 106|0x0000000086a00000, 0x0000000086b00000, 0x0000000086b00000|100%|HC|  |TAMS 0x0000000086b00000, 0x0000000086a00000| Complete 
| 107|0x0000000086b00000, 0x0000000086c00000, 0x0000000086c00000|100%|HC|  |TAMS 0x0000000086c00000, 0x0000000086b00000| Complete 
| 108|0x0000000086c00000, 0x0000000086d00000, 0x0000000086d00000|100%|HC|  |TAMS 0x0000000086d00000, 0x0000000086c00000| Complete 
| 109|0x0000000086d00000, 0x0000000086e00000, 0x0000000086e00000|100%|HC|  |TAMS 0x0000000086e00000, 0x0000000086d00000| Complete 
| 110|0x0000000086e00000, 0x0000000086f00000, 0x0000000086f00000|100%|HC|  |TAMS 0x0000000086f00000, 0x0000000086e00000| Complete 
| 111|0x0000000086f00000, 0x0000000087000000, 0x0000000087000000|100%|HC|  |TAMS 0x0000000087000000, 0x0000000086f00000| Complete 
| 112|0x0000000087000000, 0x0000000087100000, 0x0000000087100000|100%|HC|  |TAMS 0x0000000087100000, 0x0000000087000000| Complete 
| 113|0x0000000087100000, 0x0000000087200000, 0x0000000087200000|100%|HS|  |TAMS 0x0000000087200000, 0x0000000087100000| Complete 
| 114|0x0000000087200000, 0x0000000087300000, 0x0000000087300000|100%|HC|  |TAMS 0x0000000087300000, 0x0000000087200000| Complete 
| 115|0x0000000087300000, 0x0000000087400000, 0x0000000087400000|100%|HS|  |TAMS 0x0000000087400000, 0x0000000087300000| Complete 
| 116|0x0000000087400000, 0x0000000087500000, 0x0000000087500000|100%|HC|  |TAMS 0x0000000087500000, 0x0000000087400000| Complete 
| 117|0x0000000087500000, 0x0000000087600000, 0x0000000087600000|100%|HC|  |TAMS 0x0000000087600000, 0x0000000087500000| Complete 
| 118|0x0000000087600000, 0x0000000087700000, 0x0000000087700000|100%|HC|  |TAMS 0x0000000087700000, 0x0000000087600000| Complete 
| 119|0x0000000087700000, 0x0000000087800000, 0x0000000087800000|100%|HC|  |TAMS 0x0000000087800000, 0x0000000087700000| Complete 
| 120|0x0000000087800000, 0x0000000087900000, 0x0000000087900000|100%| O|  |TAMS 0x0000000087900000, 0x0000000087800000| Untracked 
| 121|0x0000000087900000, 0x0000000087a00000, 0x0000000087a00000|100%| O|  |TAMS 0x0000000087a00000, 0x0000000087900000| Untracked 
| 122|0x0000000087a00000, 0x0000000087b00000, 0x0000000087b00000|100%| O|  |TAMS 0x0000000087b00000, 0x0000000087a00000| Untracked 
| 123|0x0000000087b00000, 0x0000000087c00000, 0x0000000087c00000|100%| O|  |TAMS 0x0000000087c00000, 0x0000000087b00000| Untracked 
| 124|0x0000000087c00000, 0x0000000087d00000, 0x0000000087d00000|100%| O|  |TAMS 0x0000000087d00000, 0x0000000087c00000| Untracked 
| 125|0x0000000087d00000, 0x0000000087e00000, 0x0000000087e00000|100%| O|  |TAMS 0x0000000087e00000, 0x0000000087d00000| Untracked 
| 126|0x0000000087e00000, 0x0000000087f00000, 0x0000000087f00000|100%| O|  |TAMS 0x0000000087f00000, 0x0000000087e00000| Untracked 
| 127|0x0000000087f00000, 0x0000000088000000, 0x0000000088000000|100%| O|  |TAMS 0x0000000088000000, 0x0000000087f00000| Untracked 
| 128|0x0000000088000000, 0x0000000088100000, 0x0000000088100000|100%| O|  |TAMS 0x0000000088100000, 0x0000000088000000| Untracked 
| 129|0x0000000088100000, 0x0000000088200000, 0x0000000088200000|100%| O|  |TAMS 0x0000000088200000, 0x0000000088100000| Untracked 
| 130|0x0000000088200000, 0x0000000088300000, 0x0000000088300000|100%| O|  |TAMS 0x0000000088300000, 0x0000000088200000| Untracked 
| 131|0x0000000088300000, 0x0000000088400000, 0x0000000088400000|100%| O|  |TAMS 0x0000000088400000, 0x0000000088300000| Untracked 
| 132|0x0000000088400000, 0x0000000088500000, 0x0000000088500000|100%| O|  |TAMS 0x0000000088500000, 0x0000000088400000| Untracked 
| 133|0x0000000088500000, 0x0000000088600000, 0x0000000088600000|100%| O|  |TAMS 0x0000000088600000, 0x0000000088500000| Untracked 
| 134|0x0000000088600000, 0x0000000088700000, 0x0000000088700000|100%| O|  |TAMS 0x0000000088700000, 0x0000000088600000| Untracked 
| 135|0x0000000088700000, 0x0000000088800000, 0x0000000088800000|100%| O|  |TAMS 0x0000000088800000, 0x0000000088700000| Untracked 
| 136|0x0000000088800000, 0x0000000088900000, 0x0000000088900000|100%| O|  |TAMS 0x0000000088900000, 0x0000000088800000| Untracked 
| 137|0x0000000088900000, 0x0000000088a00000, 0x0000000088a00000|100%| O|  |TAMS 0x0000000088a00000, 0x0000000088900000| Untracked 
| 138|0x0000000088a00000, 0x0000000088b00000, 0x0000000088b00000|100%| O|  |TAMS 0x0000000088b00000, 0x0000000088a00000| Untracked 
| 139|0x0000000088b00000, 0x0000000088c00000, 0x0000000088c00000|100%| O|  |TAMS 0x0000000088c00000, 0x0000000088b00000| Untracked 
| 140|0x0000000088c00000, 0x0000000088d00000, 0x0000000088d00000|100%| O|  |TAMS 0x0000000088d00000, 0x0000000088c00000| Untracked 
| 141|0x0000000088d00000, 0x0000000088e00000, 0x0000000088e00000|100%| O|  |TAMS 0x0000000088e00000, 0x0000000088d00000| Untracked 
| 142|0x0000000088e00000, 0x0000000088f00000, 0x0000000088f00000|100%| O|  |TAMS 0x0000000088e37400, 0x0000000088e00000| Untracked 
| 143|0x0000000088f00000, 0x0000000089000000, 0x0000000089000000|100%| O|  |TAMS 0x0000000088f00000, 0x0000000088f00000| Untracked 
| 144|0x0000000089000000, 0x0000000089100000, 0x0000000089100000|100%| O|  |TAMS 0x0000000089000000, 0x0000000089000000| Untracked 
| 145|0x0000000089100000, 0x0000000089200000, 0x0000000089200000|100%| O|  |TAMS 0x0000000089100000, 0x0000000089100000| Untracked 
| 146|0x0000000089200000, 0x00000000892b1400, 0x0000000089300000| 69%| O|  |TAMS 0x0000000089200000, 0x0000000089200000| Untracked 
| 147|0x0000000089300000, 0x0000000089300000, 0x0000000089400000|  0%| F|  |TAMS 0x0000000089300000, 0x0000000089300000| Untracked 
| 148|0x0000000089400000, 0x0000000089400000, 0x0000000089500000|  0%| F|  |TAMS 0x0000000089400000, 0x0000000089400000| Untracked 
| 149|0x0000000089500000, 0x0000000089500000, 0x0000000089600000|  0%| F|  |TAMS 0x0000000089500000, 0x0000000089500000| Untracked 
| 150|0x0000000089600000, 0x0000000089600000, 0x0000000089700000|  0%| F|  |TAMS 0x0000000089600000, 0x0000000089600000| Untracked 
| 151|0x0000000089700000, 0x0000000089700000, 0x0000000089800000|  0%| F|  |TAMS 0x0000000089700000, 0x0000000089700000| Untracked 
| 152|0x0000000089800000, 0x0000000089800000, 0x0000000089900000|  0%| F|  |TAMS 0x0000000089800000, 0x0000000089800000| Untracked 
| 153|0x0000000089900000, 0x0000000089900000, 0x0000000089a00000|  0%| F|  |TAMS 0x0000000089900000, 0x0000000089900000| Untracked 
| 154|0x0000000089a00000, 0x0000000089a00000, 0x0000000089b00000|  0%| F|  |TAMS 0x0000000089a00000, 0x0000000089a00000| Untracked 
| 155|0x0000000089b00000, 0x0000000089b00000, 0x0000000089c00000|  0%| F|  |TAMS 0x0000000089b00000, 0x0000000089b00000| Untracked 
| 156|0x0000000089c00000, 0x0000000089c00000, 0x0000000089d00000|  0%| F|  |TAMS 0x0000000089c00000, 0x0000000089c00000| Untracked 
| 157|0x0000000089d00000, 0x0000000089d00000, 0x0000000089e00000|  0%| F|  |TAMS 0x0000000089d00000, 0x0000000089d00000| Untracked 
| 158|0x0000000089e00000, 0x0000000089e00000, 0x0000000089f00000|  0%| F|  |TAMS 0x0000000089e00000, 0x0000000089e00000| Untracked 
| 159|0x0000000089f00000, 0x000000008a000000, 0x000000008a000000|100%| O|  |TAMS 0x000000008a000000, 0x0000000089f00000| Untracked 
| 160|0x000000008a000000, 0x000000008a100000, 0x000000008a100000|100%| O|  |TAMS 0x000000008a100000, 0x000000008a000000| Untracked 
| 161|0x000000008a100000, 0x000000008a200000, 0x000000008a200000|100%| O|  |TAMS 0x000000008a200000, 0x000000008a100000| Untracked 
| 162|0x000000008a200000, 0x000000008a300000, 0x000000008a300000|100%| O|  |TAMS 0x000000008a300000, 0x000000008a200000| Untracked 
| 163|0x000000008a300000, 0x000000008a300000, 0x000000008a400000|  0%| F|  |TAMS 0x000000008a300000, 0x000000008a300000| Untracked 
| 164|0x000000008a400000, 0x000000008a400000, 0x000000008a500000|  0%| F|  |TAMS 0x000000008a400000, 0x000000008a400000| Untracked 
| 165|0x000000008a500000, 0x000000008a500000, 0x000000008a600000|  0%| F|  |TAMS 0x000000008a500000, 0x000000008a500000| Untracked 
| 166|0x000000008a600000, 0x000000008a600000, 0x000000008a700000|  0%| F|  |TAMS 0x000000008a600000, 0x000000008a600000| Untracked 
| 167|0x000000008a700000, 0x000000008a700000, 0x000000008a800000|  0%| F|  |TAMS 0x000000008a700000, 0x000000008a700000| Untracked 
| 168|0x000000008a800000, 0x000000008a800000, 0x000000008a900000|  0%| F|  |TAMS 0x000000008a800000, 0x000000008a800000| Untracked 
| 169|0x000000008a900000, 0x000000008a900000, 0x000000008aa00000|  0%| F|  |TAMS 0x000000008a900000, 0x000000008a900000| Untracked 
| 170|0x000000008aa00000, 0x000000008aa00000, 0x000000008ab00000|  0%| F|  |TAMS 0x000000008aa00000, 0x000000008aa00000| Untracked 
| 171|0x000000008ab00000, 0x000000008ab00000, 0x000000008ac00000|  0%| F|  |TAMS 0x000000008ab00000, 0x000000008ab00000| Untracked 
| 172|0x000000008ac00000, 0x000000008ac00000, 0x000000008ad00000|  0%| F|  |TAMS 0x000000008ac00000, 0x000000008ac00000| Untracked 
| 173|0x000000008ad00000, 0x000000008ad00000, 0x000000008ae00000|  0%| F|  |TAMS 0x000000008ad00000, 0x000000008ad00000| Untracked 
| 174|0x000000008ae00000, 0x000000008ae00000, 0x000000008af00000|  0%| F|  |TAMS 0x000000008ae00000, 0x000000008ae00000| Untracked 
| 175|0x000000008af00000, 0x000000008af00000, 0x000000008b000000|  0%| F|  |TAMS 0x000000008af00000, 0x000000008af00000| Untracked 
| 176|0x000000008b000000, 0x000000008b000000, 0x000000008b100000|  0%| F|  |TAMS 0x000000008b000000, 0x000000008b000000| Untracked 
| 177|0x000000008b100000, 0x000000008b100000, 0x000000008b200000|  0%| F|  |TAMS 0x000000008b100000, 0x000000008b100000| Untracked 
| 178|0x000000008b200000, 0x000000008b200000, 0x000000008b300000|  0%| F|  |TAMS 0x000000008b200000, 0x000000008b200000| Untracked 
| 179|0x000000008b300000, 0x000000008b300000, 0x000000008b400000|  0%| F|  |TAMS 0x000000008b300000, 0x000000008b300000| Untracked 
| 180|0x000000008b400000, 0x000000008b400000, 0x000000008b500000|  0%| F|  |TAMS 0x000000008b400000, 0x000000008b400000| Untracked 
| 181|0x000000008b500000, 0x000000008b500000, 0x000000008b600000|  0%| F|  |TAMS 0x000000008b500000, 0x000000008b500000| Untracked 
| 182|0x000000008b600000, 0x000000008b600000, 0x000000008b700000|  0%| F|  |TAMS 0x000000008b600000, 0x000000008b600000| Untracked 
| 183|0x000000008b700000, 0x000000008b700000, 0x000000008b800000|  0%| F|  |TAMS 0x000000008b700000, 0x000000008b700000| Untracked 
| 184|0x000000008b800000, 0x000000008b800000, 0x000000008b900000|  0%| F|  |TAMS 0x000000008b800000, 0x000000008b800000| Untracked 
| 185|0x000000008b900000, 0x000000008b900000, 0x000000008ba00000|  0%| F|  |TAMS 0x000000008b900000, 0x000000008b900000| Untracked 
| 186|0x000000008ba00000, 0x000000008ba00000, 0x000000008bb00000|  0%| F|  |TAMS 0x000000008ba00000, 0x000000008ba00000| Untracked 
| 187|0x000000008bb00000, 0x000000008bb00000, 0x000000008bc00000|  0%| F|  |TAMS 0x000000008bb00000, 0x000000008bb00000| Untracked 
| 188|0x000000008bc00000, 0x000000008bc00000, 0x000000008bd00000|  0%| F|  |TAMS 0x000000008bc00000, 0x000000008bc00000| Untracked 
| 189|0x000000008bd00000, 0x000000008bd00000, 0x000000008be00000|  0%| F|  |TAMS 0x000000008bd00000, 0x000000008bd00000| Untracked 
| 190|0x000000008be00000, 0x000000008be00000, 0x000000008bf00000|  0%| F|  |TAMS 0x000000008be00000, 0x000000008be00000| Untracked 
| 191|0x000000008bf00000, 0x000000008bf00000, 0x000000008c000000|  0%| F|  |TAMS 0x000000008bf00000, 0x000000008bf00000| Untracked 
| 192|0x000000008c000000, 0x000000008c000000, 0x000000008c100000|  0%| F|  |TAMS 0x000000008c000000, 0x000000008c000000| Untracked 
| 193|0x000000008c100000, 0x000000008c100000, 0x000000008c200000|  0%| F|  |TAMS 0x000000008c100000, 0x000000008c100000| Untracked 
| 194|0x000000008c200000, 0x000000008c200000, 0x000000008c300000|  0%| F|  |TAMS 0x000000008c200000, 0x000000008c200000| Untracked 
| 195|0x000000008c300000, 0x000000008c300000, 0x000000008c400000|  0%| F|  |TAMS 0x000000008c300000, 0x000000008c300000| Untracked 
| 196|0x000000008c400000, 0x000000008c400000, 0x000000008c500000|  0%| F|  |TAMS 0x000000008c400000, 0x000000008c400000| Untracked 
| 197|0x000000008c500000, 0x000000008c500000, 0x000000008c600000|  0%| F|  |TAMS 0x000000008c500000, 0x000000008c500000| Untracked 
| 198|0x000000008c600000, 0x000000008c600000, 0x000000008c700000|  0%| F|  |TAMS 0x000000008c600000, 0x000000008c600000| Untracked 
| 199|0x000000008c700000, 0x000000008c700000, 0x000000008c800000|  0%| F|  |TAMS 0x000000008c700000, 0x000000008c700000| Untracked 
| 200|0x000000008c800000, 0x000000008c800000, 0x000000008c900000|  0%| F|  |TAMS 0x000000008c800000, 0x000000008c800000| Untracked 
| 201|0x000000008c900000, 0x000000008c900000, 0x000000008ca00000|  0%| F|  |TAMS 0x000000008c900000, 0x000000008c900000| Untracked 
| 202|0x000000008ca00000, 0x000000008ca00000, 0x000000008cb00000|  0%| F|  |TAMS 0x000000008ca00000, 0x000000008ca00000| Untracked 
| 203|0x000000008cb00000, 0x000000008cbe25c0, 0x000000008cc00000| 88%| S|CS|TAMS 0x000000008cb00000, 0x000000008cb00000| Complete 
| 204|0x000000008cc00000, 0x000000008cd00000, 0x000000008cd00000|100%| S|CS|TAMS 0x000000008cc00000, 0x000000008cc00000| Complete 
| 205|0x000000008cd00000, 0x000000008ce00000, 0x000000008ce00000|100%| S|CS|TAMS 0x000000008cd00000, 0x000000008cd00000| Complete 
| 206|0x000000008ce00000, 0x000000008cf00000, 0x000000008cf00000|100%| S|CS|TAMS 0x000000008ce00000, 0x000000008ce00000| Complete 
| 207|0x000000008cf00000, 0x000000008d000000, 0x000000008d000000|100%| S|CS|TAMS 0x000000008cf00000, 0x000000008cf00000| Complete 
| 208|0x000000008d000000, 0x000000008d000000, 0x000000008d100000|  0%| F|  |TAMS 0x000000008d000000, 0x000000008d000000| Untracked 
| 209|0x000000008d100000, 0x000000008d200000, 0x000000008d200000|100%| E|  |TAMS 0x000000008d100000, 0x000000008d100000| Complete 
| 210|0x000000008d200000, 0x000000008d300000, 0x000000008d300000|100%| E|CS|TAMS 0x000000008d200000, 0x000000008d200000| Complete 
| 211|0x000000008d300000, 0x000000008d400000, 0x000000008d400000|100%| E|CS|TAMS 0x000000008d300000, 0x000000008d300000| Complete 
| 212|0x000000008d400000, 0x000000008d500000, 0x000000008d500000|100%| E|CS|TAMS 0x000000008d400000, 0x000000008d400000| Complete 
| 213|0x000000008d500000, 0x000000008d600000, 0x000000008d600000|100%| E|CS|TAMS 0x000000008d500000, 0x000000008d500000| Complete 
| 214|0x000000008d600000, 0x000000008d700000, 0x000000008d700000|100%| E|CS|TAMS 0x000000008d600000, 0x000000008d600000| Complete 
| 215|0x000000008d700000, 0x000000008d800000, 0x000000008d800000|100%| E|CS|TAMS 0x000000008d700000, 0x000000008d700000| Complete 
| 216|0x000000008d800000, 0x000000008d900000, 0x000000008d900000|100%| E|CS|TAMS 0x000000008d800000, 0x000000008d800000| Complete 
| 217|0x000000008d900000, 0x000000008da00000, 0x000000008da00000|100%| E|CS|TAMS 0x000000008d900000, 0x000000008d900000| Complete 
| 218|0x000000008da00000, 0x000000008db00000, 0x000000008db00000|100%| E|CS|TAMS 0x000000008da00000, 0x000000008da00000| Complete 
| 219|0x000000008db00000, 0x000000008dc00000, 0x000000008dc00000|100%| E|CS|TAMS 0x000000008db00000, 0x000000008db00000| Complete 
| 220|0x000000008dc00000, 0x000000008dd00000, 0x000000008dd00000|100%| E|CS|TAMS 0x000000008dc00000, 0x000000008dc00000| Complete 
| 221|0x000000008dd00000, 0x000000008de00000, 0x000000008de00000|100%| E|CS|TAMS 0x000000008dd00000, 0x000000008dd00000| Complete 
| 222|0x000000008de00000, 0x000000008df00000, 0x000000008df00000|100%| E|CS|TAMS 0x000000008de00000, 0x000000008de00000| Complete 
| 223|0x000000008df00000, 0x000000008e000000, 0x000000008e000000|100%| E|CS|TAMS 0x000000008df00000, 0x000000008df00000| Complete 
| 224|0x000000008e000000, 0x000000008e100000, 0x000000008e100000|100%| E|CS|TAMS 0x000000008e000000, 0x000000008e000000| Complete 
| 225|0x000000008e100000, 0x000000008e200000, 0x000000008e200000|100%| E|CS|TAMS 0x000000008e100000, 0x000000008e100000| Complete 
| 226|0x000000008e200000, 0x000000008e300000, 0x000000008e300000|100%| E|CS|TAMS 0x000000008e200000, 0x000000008e200000| Complete 
| 227|0x000000008e300000, 0x000000008e400000, 0x000000008e400000|100%| E|CS|TAMS 0x000000008e300000, 0x000000008e300000| Complete 
| 228|0x000000008e400000, 0x000000008e500000, 0x000000008e500000|100%| E|CS|TAMS 0x000000008e400000, 0x000000008e400000| Complete 
| 229|0x000000008e500000, 0x000000008e600000, 0x000000008e600000|100%| E|CS|TAMS 0x000000008e500000, 0x000000008e500000| Complete 
| 230|0x000000008e600000, 0x000000008e700000, 0x000000008e700000|100%| E|CS|TAMS 0x000000008e600000, 0x000000008e600000| Complete 
| 231|0x000000008e700000, 0x000000008e800000, 0x000000008e800000|100%| E|CS|TAMS 0x000000008e700000, 0x000000008e700000| Complete 
| 232|0x000000008e800000, 0x000000008e900000, 0x000000008e900000|100%| E|CS|TAMS 0x000000008e800000, 0x000000008e800000| Complete 
| 233|0x000000008e900000, 0x000000008ea00000, 0x000000008ea00000|100%| E|CS|TAMS 0x000000008e900000, 0x000000008e900000| Complete 
| 234|0x000000008ea00000, 0x000000008eb00000, 0x000000008eb00000|100%| E|CS|TAMS 0x000000008ea00000, 0x000000008ea00000| Complete 
| 235|0x000000008eb00000, 0x000000008ec00000, 0x000000008ec00000|100%| E|CS|TAMS 0x000000008eb00000, 0x000000008eb00000| Complete 
| 236|0x000000008ec00000, 0x000000008ed00000, 0x000000008ed00000|100%| E|CS|TAMS 0x000000008ec00000, 0x000000008ec00000| Complete 
| 237|0x000000008ed00000, 0x000000008ee00000, 0x000000008ee00000|100%| E|CS|TAMS 0x000000008ed00000, 0x000000008ed00000| Complete 
| 238|0x000000008ee00000, 0x000000008ef00000, 0x000000008ef00000|100%| E|CS|TAMS 0x000000008ee00000, 0x000000008ee00000| Complete 
| 239|0x000000008ef00000, 0x000000008f000000, 0x000000008f000000|100%| E|CS|TAMS 0x000000008ef00000, 0x000000008ef00000| Complete 
| 240|0x000000008f000000, 0x000000008f100000, 0x000000008f100000|100%| E|CS|TAMS 0x000000008f000000, 0x000000008f000000| Complete 
| 241|0x000000008f100000, 0x000000008f200000, 0x000000008f200000|100%| E|CS|TAMS 0x000000008f100000, 0x000000008f100000| Complete 
| 242|0x000000008f200000, 0x000000008f300000, 0x000000008f300000|100%| E|CS|TAMS 0x000000008f200000, 0x000000008f200000| Complete 
| 243|0x000000008f300000, 0x000000008f400000, 0x000000008f400000|100%| E|CS|TAMS 0x000000008f300000, 0x000000008f300000| Complete 
| 244|0x000000008f400000, 0x000000008f500000, 0x000000008f500000|100%| E|CS|TAMS 0x000000008f400000, 0x000000008f400000| Complete 
| 245|0x000000008f500000, 0x000000008f600000, 0x000000008f600000|100%| E|CS|TAMS 0x000000008f500000, 0x000000008f500000| Complete 
| 246|0x000000008f600000, 0x000000008f700000, 0x000000008f700000|100%| E|CS|TAMS 0x000000008f600000, 0x000000008f600000| Complete 
| 247|0x000000008f700000, 0x000000008f800000, 0x000000008f800000|100%| E|CS|TAMS 0x000000008f700000, 0x000000008f700000| Complete 
| 248|0x000000008f800000, 0x000000008f900000, 0x000000008f900000|100%| E|CS|TAMS 0x000000008f800000, 0x000000008f800000| Complete 
| 249|0x000000008f900000, 0x000000008fa00000, 0x000000008fa00000|100%| E|CS|TAMS 0x000000008f900000, 0x000000008f900000| Complete 
| 250|0x000000008fa00000, 0x000000008fb00000, 0x000000008fb00000|100%| E|  |TAMS 0x000000008fa00000, 0x000000008fa00000| Complete 
| 251|0x000000008fb00000, 0x000000008fc00000, 0x000000008fc00000|100%| E|CS|TAMS 0x000000008fb00000, 0x000000008fb00000| Complete 
| 252|0x000000008fc00000, 0x000000008fd00000, 0x000000008fd00000|100%| E|CS|TAMS 0x000000008fc00000, 0x000000008fc00000| Complete 
| 253|0x000000008fd00000, 0x000000008fe00000, 0x000000008fe00000|100%| E|CS|TAMS 0x000000008fd00000, 0x000000008fd00000| Complete 
| 254|0x000000008fe00000, 0x000000008ff00000, 0x000000008ff00000|100%| E|CS|TAMS 0x000000008fe00000, 0x000000008fe00000| Complete 
| 255|0x000000008ff00000, 0x0000000090000000, 0x0000000090000000|100%| E|CS|TAMS 0x000000008ff00000, 0x000000008ff00000| Complete 

Card table byte_map: [0x00000205f0590000,0x00000205f0990000] _byte_map_base: 0x00000205f0190000

Marking Bits (Prev, Next): (CMBitMap*) 0x00000205dd6a7700, (CMBitMap*) 0x00000205dd6a76c8
 Prev Bits: [0x00000205f2d90000, 0x00000205f4d90000)
 Next Bits: [0x00000205f0d90000, 0x00000205f2d90000)

Polling page: 0x00000205db5a0000

Metaspace:

Usage:
  Non-class:     85.55 MB capacity,    84.07 MB ( 98%) used,     1.27 MB (  1%) free+waste,   212.94 KB ( <1%) overhead. 
      Class:     12.57 MB capacity,    11.87 MB ( 94%) used,   625.77 KB (  5%) free+waste,    93.62 KB ( <1%) overhead. 
       Both:     98.12 MB capacity,    95.94 MB ( 98%) used,     1.89 MB (  2%) free+waste,   306.56 KB ( <1%) overhead. 

Virtual space:
  Non-class space:       86.00 MB reserved,      85.67 MB (>99%) committed 
      Class space:        1.00 GB reserved,      12.62 MB (  1%) committed 
             Both:        1.08 GB reserved,      98.30 MB (  9%) committed 

Chunk freelists:
   Non-Class:  59.00 KB
       Class:  21.00 KB
        Both:  80.00 KB

MaxMetaspaceSize: 17179869184.00 GB
CompressedClassSpaceSize: 1.00 GB
Initial GC threshold: 20.80 MB
Current GC threshold: 153.00 MB
CDS: off

CodeHeap 'non-profiled nmethods': size=120064Kb used=6880Kb max_used=6880Kb free=113184Kb
 bounds [0x00000205e8c50000, 0x00000205e9310000, 0x00000205f0190000]
CodeHeap 'profiled nmethods': size=120000Kb used=27224Kb max_used=27224Kb free=92775Kb
 bounds [0x00000205e1720000, 0x00000205e31c0000, 0x00000205e8c50000]
CodeHeap 'non-nmethods': size=5696Kb used=2418Kb max_used=2457Kb free=3277Kb
 bounds [0x00000205e1190000, 0x00000205e1400000, 0x00000205e1720000]
 total_blobs=12430 nmethods=11483 adapters=859
 compilation: enabled
              stopped_count=0, restarted_count=0
 full_count=0

Compilation events (20 events):
Event: 42.317 Thread 0x00000205f72a9000 11498       3       org.gradle.api.internal.artifacts.transform.AttributeMatchingVariantSelector::lambda$disambiguateWithSchema$3 (15 bytes)
Event: 42.317 Thread 0x00000205f72a9000 nmethod 11498 0x00000205e319d910 code [0x00000205e319dae0, 0x00000205e319dd88]
Event: 42.320 Thread 0x00000205f72a1800 nmethod 11339 0x00000205e9300010 code [0x00000205e93001e0, 0x00000205e9300df8]
Event: 42.320 Thread 0x00000205f72a1800 11345       4       kotlin.reflect.jvm.internal.impl.protobuf.CodedOutputStream::newInstance (12 bytes)
Event: 42.326 Thread 0x00000205f72a1800 nmethod 11345 0x00000205e9301290 code [0x00000205e9301440, 0x00000205e9301738]
Event: 42.326 Thread 0x00000205f72a1800 11205       4       java.util.HashMap::<init> (11 bytes)
Event: 42.326 Thread 0x00000205f72a1800 nmethod 11205 0x00000205e9301810 code [0x00000205e93019a0, 0x00000205e9301a18]
Event: 42.326 Thread 0x00000205f72a1800 11126       4       java.io.ByteArrayOutputStream::<init> (7 bytes)
Event: 42.329 Thread 0x00000205f72a1800 nmethod 11126 0x00000205e9301b10 code [0x00000205e9301ca0, 0x00000205e9301e58]
Event: 42.329 Thread 0x00000205f72a1800 11374       4       kotlin.reflect.jvm.internal.impl.protobuf.CodedOutputStream::refreshBuffer (37 bytes)
Event: 42.347 Thread 0x00000205f72a1800 nmethod 11374 0x00000205e9301f10 code [0x00000205e93020e0, 0x00000205e9302cf8]
Event: 42.347 Thread 0x00000205f72a1800 11499       4       org.gradle.internal.Try::<init> (5 bytes)
Event: 42.348 Thread 0x00000205f72a1800 nmethod 11499 0x00000205e9303190 code [0x00000205e9303320, 0x00000205e9303378]
Event: 42.802 Thread 0x00000205f72a9000 11500       3       java.lang.invoke.MemberName::equals (24 bytes)
Event: 42.802 Thread 0x00000205f72a9000 nmethod 11500 0x00000205e319de90 code [0x00000205e319e060, 0x00000205e319e3e8]
Event: 43.049 Thread 0x00000205f72a9000 11501       3       kotlin.reflect.jvm.internal.calls.Caller$DefaultImpls::checkArguments (64 bytes)
Event: 43.051 Thread 0x00000205f72a9000 nmethod 11501 0x00000205e319e490 code [0x00000205e319e7c0, 0x00000205e319f858]
Event: 43.053 Thread 0x00000205f72a9000 11502       3       kotlin.jvm.JvmClassMappingKt::getKotlinClass (11 bytes)
Event: 43.054 Thread 0x00000205f72a9000 nmethod 11502 0x00000205e319fe90 code [0x00000205e31a0080, 0x00000205e31a0318]
Event: 43.055 Thread 0x00000205f72a1800 11503   !   4       org.gradle.api.internal.artifacts.DefaultResolvedArtifact::getFile (59 bytes)

GC Heap History (20 events):
Event: 33.989 GC heap before
{Heap before GC invocations=37 (full 0):
 garbage-first heap   total 166912K, used 145057K [0x0000000080000000, 0x0000000100000000)
  region size 1024K, 13 young (13312K), 2 survivors (2048K)
 Metaspace       used 81421K, capacity 83337K, committed 83504K, reserved 1122304K
  class space    used 10129K, capacity 10768K, committed 10880K, reserved 1048576K
}
Event: 33.994 GC heap after
{Heap after GC invocations=38 (full 0):
 garbage-first heap   total 166912K, used 134303K [0x0000000080000000, 0x0000000100000000)
  region size 1024K, 2 young (2048K), 2 survivors (2048K)
 Metaspace       used 81421K, capacity 83337K, committed 83504K, reserved 1122304K
  class space    used 10129K, capacity 10768K, committed 10880K, reserved 1048576K
}
Event: 34.442 GC heap before
{Heap before GC invocations=39 (full 0):
 garbage-first heap   total 166912K, used 145567K [0x0000000080000000, 0x0000000100000000)
  region size 1024K, 13 young (13312K), 2 survivors (2048K)
 Metaspace       used 82409K, capacity 84319K, committed 84656K, reserved 1122304K
  class space    used 10254K, capacity 10912K, committed 11008K, reserved 1048576K
}
Event: 34.449 GC heap after
{Heap after GC invocations=40 (full 0):
 garbage-first heap   total 166912K, used 135197K [0x0000000080000000, 0x0000000100000000)
  region size 1024K, 2 young (2048K), 2 survivors (2048K)
 Metaspace       used 82409K, capacity 84319K, committed 84656K, reserved 1122304K
  class space    used 10254K, capacity 10912K, committed 11008K, reserved 1048576K
}
Event: 35.009 GC heap before
{Heap before GC invocations=40 (full 0):
 garbage-first heap   total 166912K, used 145437K [0x0000000080000000, 0x0000000100000000)
  region size 1024K, 13 young (13312K), 2 survivors (2048K)
 Metaspace       used 82862K, capacity 84758K, committed 84912K, reserved 1124352K
  class space    used 10288K, capacity 10924K, committed 11008K, reserved 1048576K
}
Event: 35.027 GC heap after
{Heap after GC invocations=41 (full 0):
 garbage-first heap   total 200704K, used 137291K [0x0000000080000000, 0x0000000100000000)
  region size 1024K, 2 young (2048K), 2 survivors (2048K)
 Metaspace       used 82862K, capacity 84758K, committed 84912K, reserved 1124352K
  class space    used 10288K, capacity 10924K, committed 11008K, reserved 1048576K
}
Event: 36.004 GC heap before
{Heap before GC invocations=42 (full 0):
 garbage-first heap   total 200704K, used 159819K [0x0000000080000000, 0x0000000100000000)
  region size 1024K, 25 young (25600K), 2 survivors (2048K)
 Metaspace       used 84115K, capacity 86156K, committed 86448K, reserved 1124352K
  class space    used 10466K, capacity 11153K, committed 11264K, reserved 1048576K
}
Event: 36.018 GC heap after
{Heap after GC invocations=43 (full 0):
 garbage-first heap   total 200704K, used 141159K [0x0000000080000000, 0x0000000100000000)
  region size 1024K, 4 young (4096K), 4 survivors (4096K)
 Metaspace       used 84115K, capacity 86156K, committed 86448K, reserved 1124352K
  class space    used 10466K, capacity 11153K, committed 11264K, reserved 1048576K
}
Event: 36.400 GC heap before
{Heap before GC invocations=43 (full 0):
 garbage-first heap   total 200704K, used 162663K [0x0000000080000000, 0x0000000100000000)
  region size 1024K, 26 young (26624K), 4 survivors (4096K)
 Metaspace       used 84226K, capacity 86287K, committed 86448K, reserved 1124352K
  class space    used 10467K, capacity 11154K, committed 11264K, reserved 1048576K
}
Event: 36.412 GC heap after
{Heap after GC invocations=44 (full 0):
 garbage-first heap   total 200704K, used 144180K [0x0000000080000000, 0x0000000100000000)
  region size 1024K, 4 young (4096K), 4 survivors (4096K)
 Metaspace       used 84226K, capacity 86287K, committed 86448K, reserved 1124352K
  class space    used 10467K, capacity 11154K, committed 11264K, reserved 1048576K
}
Event: 36.794 GC heap before
{Heap before GC invocations=45 (full 0):
 garbage-first heap   total 200704K, used 165684K [0x0000000080000000, 0x0000000100000000)
  region size 1024K, 25 young (25600K), 4 survivors (4096K)
 Metaspace       used 84292K, capacity 86357K, committed 86704K, reserved 1124352K
  class space    used 10467K, capacity 11154K, committed 11264K, reserved 1048576K
}
Event: 36.801 GC heap after
{Heap after GC invocations=46 (full 0):
 garbage-first heap   total 200704K, used 145867K [0x0000000080000000, 0x0000000100000000)
  region size 1024K, 4 young (4096K), 4 survivors (4096K)
 Metaspace       used 84292K, capacity 86357K, committed 86704K, reserved 1124352K
  class space    used 10467K, capacity 11154K, committed 11264K, reserved 1048576K
}
Event: 37.126 GC heap before
{Heap before GC invocations=46 (full 0):
 garbage-first heap   total 200704K, used 167371K [0x0000000080000000, 0x0000000100000000)
  region size 1024K, 25 young (25600K), 4 survivors (4096K)
 Metaspace       used 84534K, capacity 86538K, committed 86704K, reserved 1124352K
  class space    used 10484K, capacity 11189K, committed 11264K, reserved 1048576K
}
Event: 37.138 GC heap after
{Heap after GC invocations=47 (full 0):
 garbage-first heap   total 262144K, used 147673K [0x0000000080000000, 0x0000000100000000)
  region size 1024K, 4 young (4096K), 4 survivors (4096K)
 Metaspace       used 84534K, capacity 86538K, committed 86704K, reserved 1124352K
  class space    used 10484K, capacity 11189K, committed 11264K, reserved 1048576K
}
Event: 38.261 GC heap before
{Heap before GC invocations=48 (full 0):
 garbage-first heap   total 262144K, used 193753K [0x0000000080000000, 0x0000000100000000)
  region size 1024K, 50 young (51200K), 4 survivors (4096K)
 Metaspace       used 86721K, capacity 88749K, committed 89008K, reserved 1126400K
  class space    used 10757K, capacity 11422K, committed 11520K, reserved 1048576K
}
Event: 38.274 GC heap after
{Heap after GC invocations=49 (full 0):
 garbage-first heap   total 262144K, used 149960K [0x0000000080000000, 0x0000000100000000)
  region size 1024K, 5 young (5120K), 5 survivors (5120K)
 Metaspace       used 86721K, capacity 88749K, committed 89008K, reserved 1126400K
  class space    used 10757K, capacity 11422K, committed 11520K, reserved 1048576K
}
Event: 39.331 GC heap before
{Heap before GC invocations=49 (full 0):
 garbage-first heap   total 262144K, used 198088K [0x0000000080000000, 0x0000000100000000)
  region size 1024K, 53 young (54272K), 5 survivors (5120K)
 Metaspace       used 91064K, capacity 93035K, committed 93360K, reserved 1130496K
  class space    used 11283K, capacity 11928K, committed 12032K, reserved 1048576K
}
Event: 39.353 GC heap after
{Heap after GC invocations=50 (full 0):
 garbage-first heap   total 262144K, used 154845K [0x0000000080000000, 0x0000000100000000)
  region size 1024K, 5 young (5120K), 5 survivors (5120K)
 Metaspace       used 91064K, capacity 93035K, committed 93360K, reserved 1130496K
  class space    used 11283K, capacity 11928K, committed 12032K, reserved 1048576K
}
Event: 41.299 GC heap before
{Heap before GC invocations=51 (full 0):
 garbage-first heap   total 262144K, used 203997K [0x0000000080000000, 0x0000000100000000)
  region size 1024K, 53 young (54272K), 5 survivors (5120K)
 Metaspace       used 95664K, capacity 97819K, committed 98096K, reserved 1134592K
  class space    used 11842K, capacity 12568K, committed 12672K, reserved 1048576K
}
Event: 41.323 GC heap after
{Heap after GC invocations=52 (full 0):
 garbage-first heap   total 262144K, used 159310K [0x0000000080000000, 0x0000000100000000)
  region size 1024K, 5 young (5120K), 5 survivors (5120K)
 Metaspace       used 95664K, capacity 97819K, committed 98096K, reserved 1134592K
  class space    used 11842K, capacity 12568K, committed 12672K, reserved 1048576K
}

Deoptimization events (20 events):
Event: 41.643 Thread 0x00000205f8743000 Uncommon trap: trap_request=0xffffffc6 fr.pc=0x00000205e9225dfc relative=0x000000000000051c
Event: 41.643 Thread 0x00000205f8743000 Uncommon trap: reason=bimorphic_or_optimized_type_check action=maybe_recompile pc=0x00000205e9225dfc method=kotlin.reflect.jvm.internal.impl.protobuf.CodedInputStream.tryRefillBuffer(I)Z @ 175 c2
Event: 41.643 Thread 0x00000205f8743000 DEOPT PACKING pc=0x00000205e9225dfc sp=0x000000b1357f57a0
Event: 41.643 Thread 0x00000205f8743000 DEOPT UNPACKING pc=0x00000205e11da1af sp=0x000000b1357f5698 mode 2
Event: 41.649 Thread 0x00000205f8743000 Uncommon trap: trap_request=0xffffffc6 fr.pc=0x00000205e9225dfc relative=0x000000000000051c
Event: 41.649 Thread 0x00000205f8743000 Uncommon trap: reason=bimorphic_or_optimized_type_check action=maybe_recompile pc=0x00000205e9225dfc method=kotlin.reflect.jvm.internal.impl.protobuf.CodedInputStream.tryRefillBuffer(I)Z @ 175 c2
Event: 41.649 Thread 0x00000205f8743000 DEOPT PACKING pc=0x00000205e9225dfc sp=0x000000b1357f6b10
Event: 41.649 Thread 0x00000205f8743000 DEOPT UNPACKING pc=0x00000205e11da1af sp=0x000000b1357f6a08 mode 2
Event: 41.667 Thread 0x00000205f8743000 Uncommon trap: trap_request=0xffffff4d fr.pc=0x00000205e901dfb8 relative=0x00000000000005f8
Event: 41.667 Thread 0x00000205f8743000 Uncommon trap: reason=unstable_if action=reinterpret pc=0x00000205e901dfb8 method=java.lang.String.indexOf([BBILjava/lang/String;I)I @ 54 c2
Event: 41.667 Thread 0x00000205f8743000 DEOPT PACKING pc=0x00000205e901dfb8 sp=0x000000b1357f6fc0
Event: 41.667 Thread 0x00000205f8743000 DEOPT UNPACKING pc=0x00000205e11da1af sp=0x000000b1357f6f28 mode 2
Event: 41.702 Thread 0x00000205f8743000 Uncommon trap: trap_request=0xffffff4d fr.pc=0x00000205e9239e54 relative=0x0000000000000234
Event: 41.703 Thread 0x00000205f8743000 Uncommon trap: reason=unstable_if action=reinterpret pc=0x00000205e9239e54 method=java.io.ByteArrayInputStream.read()I @ 8 c2
Event: 41.703 Thread 0x00000205f8743000 DEOPT PACKING pc=0x00000205e9239e54 sp=0x000000b1357f87a0
Event: 41.703 Thread 0x00000205f8743000 DEOPT UNPACKING pc=0x00000205e11da1af sp=0x000000b1357f8758 mode 2
Event: 41.868 Thread 0x00000205f8743000 DEOPT PACKING pc=0x00000205e2e825f7 sp=0x000000b1357f7a20
Event: 41.868 Thread 0x00000205f8743000 DEOPT UNPACKING pc=0x00000205e11da95e sp=0x000000b1357f6f20 mode 0
Event: 42.191 Thread 0x00000205f8743000 DEOPT PACKING pc=0x00000205e3156da4 sp=0x000000b1357f8ae0
Event: 42.191 Thread 0x00000205f8743000 DEOPT UNPACKING pc=0x00000205e11da95e sp=0x000000b1357f80f8 mode 0

Classes redefined (0 events):
No events

Internal exceptions (20 events):
Event: 32.584 Thread 0x00000205f8743000 Exception <a 'java/lang/ClassNotFoundException'{0x000000008970aa60}: org/gradle/api/internal/tasks/DefaultSourceSetContainer_DecoratedCustomizer> (0x000000008970aa60) thrown at [src/hotspot/share/classfile/systemDictionary.cpp, line 230]
Event: 32.803 Thread 0x00000205fa1f4800 Exception <a 'java/lang/NoSuchMethodError'{0x00000000896bc948}: <clinit>> (0x00000000896bc948) thrown at [src/hotspot/share/prims/jni.cpp, line 1367]
Event: 32.810 Thread 0x00000205fa1f4800 Exception <a 'java/lang/NoSuchMethodError'{0x00000000896f7f48}: <clinit>> (0x00000000896f7f48) thrown at [src/hotspot/share/prims/jni.cpp, line 1367]
Event: 33.340 Thread 0x00000205f8743000 Exception <a 'java/lang/NullPointerException'{0x00000000897e6760}> (0x00000000897e6760) thrown at [src/hotspot/share/interpreter/linkResolver.cpp, line 1440]
Event: 33.712 Thread 0x00000205f8743000 Exception <a 'java/lang/NoSuchMethodError'{0x00000000894dc128}: 'int java.lang.invoke.DirectMethodHandle$Holder.invokeStatic(java.lang.Object, java.lang.Object, int, java.lang.Object)'> (0x00000000894dc128) thrown at [src/hotspot/share/interpreter/linkResolver.cpp, line 773]
Event: 34.042 Thread 0x00000205f8743000 Exception <a 'java/lang/reflect/InvocationTargetException'{0x0000000089d973a8}> (0x0000000089d973a8) thrown at [src/hotspot/share/runtime/reflection.cpp, line 1247]
Event: 35.696 Thread 0x00000205f8743000 Exception <a 'java/lang/NoSuchMethodError'{0x000000008b9d75d0}: 'java.lang.Object java.lang.invoke.DirectMethodHandle$Holder.invokeSpecialIFC(java.lang.Object, java.lang.Object, java.lang.Object)'> (0x000000008b9d75d0) thrown at [src/hotspot/share/interpreter/linkResolver.cpp, line 773]
Event: 35.700 Thread 0x00000205fa1f8800 Exception <a 'java/lang/NoSuchMethodError'{0x000000008be6ada0}: 'java.lang.Object java.lang.invoke.DirectMethodHandle$Holder.invokeSpecial(java.lang.Object, java.lang.Object, java.lang.Object, java.lang.Object, java.lang.Object, java.lang.Object, java.lang.Object, java.lang.Object, java.lang.Object, java.lang.Object, java.lang.Object, java.lang.Object, java.lang.Object)'> (0x000000008be6ada0) thrown at [src/hotspot/share/interpreter/linkResolver.cpp, line 773]
Event: 35.702 Thread 0x00000205fa1f8800 Exception <a 'java/lang/NoSuchMethodError'{0x000000008b87e098}: 'java.lang.Object java.lang.invoke.DirectMethodHandle$Holder.invokeSpecial(java.lang.Object, java.lang.Object, java.lang.Object, java.lang.Object, java.lang.Object, java.lang.Object, java.lang.Object, java.lang.Object, java.lang.Object, java.lang.Object, java.lang.Object, java.lang.Object)'> (0x000000008b87e098) thrown at [src/hotspot/share/interpreter/linkResolver.cpp, line 773]
Event: 35.703 Thread 0x00000205fa1f6000 Exception <a 'java/lang/NoSuchMethodError'{0x000000008b888ce0}: 'java.lang.Object java.lang.invoke.DirectMethodHandle$Holder.invokeSpecial(java.lang.Object, java.lang.Object, java.lang.Object, java.lang.Object, java.lang.Object, java.lang.Object, java.lang.Object, java.lang.Object, java.lang.Object, java.lang.Object, java.lang.Object, java.lang.Object)'> (0x000000008b888ce0) thrown at [src/hotspot/share/interpreter/linkResolver.cpp, line 773]
Event: 35.703 Thread 0x00000205fa1f8800 Exception <a 'java/lang/NoSuchMethodError'{0x000000008b882720}: 'java.lang.Object java.lang.invoke.Invokers$Holder.linkToTargetMethod(java.lang.Object, java.lang.Object, java.lang.Object, java.lang.Object, java.lang.Object, java.lang.Object, java.lang.Object, java.lang.Object, java.lang.Object, java.lang.Object, java.lang.Object)'> (0x000000008b882720) thrown at [src/hotspot/share/interpreter/linkResolver.cpp, line 773]
Event: 35.703 Thread 0x00000205fa1f6000 Exception <a 'java/lang/NoSuchMethodError'{0x000000008b88cb68}: 'java.lang.Object java.lang.invoke.Invokers$Holder.linkToTargetMethod(java.lang.Object, java.lang.Object, java.lang.Object, java.lang.Object, java.lang.Object, java.lang.Object, java.lang.Object, java.lang.Object, java.lang.Object, java.lang.Object, java.lang.Object)'> (0x000000008b88cb68) thrown at [src/hotspot/share/interpreter/linkResolver.cpp, line 773]
Event: 35.713 Thread 0x00000205fa1fa000 Exception <a 'java/lang/NoSuchMethodError'{0x000000008b725cb0}: 'java.lang.Object java.lang.invoke.Invokers$Holder.linkToTargetMethod(java.lang.Object, java.lang.Object, java.lang.Object, java.lang.Object, java.lang.Object, java.lang.Object, java.lang.Object, java.lang.Object, java.lang.Object, java.lang.Object, java.lang.Object, java.lang.Object)'> (0x000000008b725cb0) thrown at [src/hotspot/share/interpreter/linkResolver.cpp, line 773]
Event: 35.714 Thread 0x00000205fa1f8800 Exception <a 'java/lang/NoSuchMethodError'{0x000000008b7354d8}: 'java.lang.Object java.lang.invoke.Invokers$Holder.linkToTargetMethod(java.lang.Object, java.lang.Object, java.lang.Object, java.lang.Object, java.lang.Object, java.lang.Object, java.lang.Object, java.lang.Object, java.lang.Object, java.lang.Object, java.lang.Object, java.lang.Object)'> (0x000000008b7354d8) thrown at [src/hotspot/share/interpreter/linkResolver.cpp, line 773]
Event: 35.800 Thread 0x00000205fa1fa000 Exception <a 'java/lang/NoSuchMethodError'{0x000000008b427d90}: 'void java.lang.invoke.DirectMethodHandle$Holder.invokeStatic(java.lang.Object, java.lang.Object, java.lang.Object, java.lang.Object, java.lang.Object, int, java.lang.Object)'> (0x000000008b427d90) thrown at [src/hotspot/share/interpreter/linkResolver.cpp, line 773]
Event: 39.104 Thread 0x00000205f8743000 Exception <a 'sun/nio/fs/WindowsException'{0x000000008d8edce0}> (0x000000008d8edce0) thrown at [src/hotspot/share/prims/jni.cpp, line 617]
Event: 39.120 Thread 0x00000205f8743000 Exception <a 'java/lang/NoSuchMethodError'{0x000000008d70f238}: 'int java.lang.invoke.DirectMethodHandle$Holder.invokeStaticInit(java.lang.Object, java.lang.Object, java.lang.Object, java.lang.Object)'> (0x000000008d70f238) thrown at [src/hotspot/share/interpreter/linkResolver.cpp, line 773]
Event: 39.121 Thread 0x00000205f8743000 Exception <a 'java/lang/IncompatibleClassChangeError'{0x000000008d71f388}: Found class java.lang.Object, but interface was expected> (0x000000008d71f388) thrown at [src/hotspot/share/interpreter/linkResolver.cpp, line 839]
Event: 40.794 Thread 0x00000205f8743000 Exception <a 'java/lang/NoSuchMethodError'{0x000000008e7b8af0}: 'int java.lang.invoke.DirectMethodHandle$Holder.invokeSpecialIFC(java.lang.Object, java.lang.Object, java.lang.Object)'> (0x000000008e7b8af0) thrown at [src/hotspot/share/interpreter/linkResolver.cpp, line 773]
Event: 40.960 Thread 0x00000205f8743000 Exception <a 'java/lang/NoSuchMethodError'{0x000000008e1a05e0}: 'void java.lang.invoke.DirectMethodHandle$Holder.invokeStatic(java.lang.Object, int, java.lang.Object)'> (0x000000008e1a05e0) thrown at [src/hotspot/share/interpreter/linkResolver.cpp, line 773]

Events (20 events):
Event: 42.262 loading class org/gradle/api/internal/file/collections/ReproducibleDirectoryWalker
Event: 42.262 loading class org/gradle/api/internal/file/collections/ReproducibleDirectoryWalker done
Event: 42.305 loading class com/android/build/gradle/internal/dependency/ArtifactCollectionWithExtraArtifact$TestedComponentIdentifierImpl
Event: 42.305 loading class com/android/build/gradle/internal/dependency/ArtifactCollectionWithExtraArtifact$TestedComponentIdentifierImpl done
Event: 42.307 loading class com/android/build/gradle/internal/dependency/ArtifactCollectionWithExtraArtifact$ExtraResolvedArtifactResult
Event: 42.307 loading class com/android/build/gradle/internal/dependency/ArtifactCollectionWithExtraArtifact$ExtraResolvedArtifactResult done
Event: 42.320 loading class org/gradle/internal/Try$1
Event: 42.320 loading class org/gradle/internal/Try$1 done
Event: 42.801 loading class org/gradle/workers/internal/WorkerDaemonExpiration$SimpleMemoryExpirationSelector
Event: 42.801 loading class org/gradle/workers/internal/WorkerDaemonExpiration$SimpleMemoryExpirationSelector done
Event: 42.802 loading class org/gradle/workers/internal/WorkerDaemonClient
Event: 42.802 loading class org/gradle/workers/internal/WorkerDaemonClient done
Event: 42.802 loading class org/gradle/workers/internal/WorkerDaemonClient
Event: 42.802 loading class org/gradle/workers/internal/WorkerDaemonClient done
Event: 42.803 loading class org/gradle/process/internal/health/memory/JvmMemoryStatusSnapshot
Event: 42.803 loading class org/gradle/process/internal/health/memory/JvmMemoryStatusSnapshot done
Event: 42.803 Executing VM operation: RevokeBias
Event: 42.803 Executing VM operation: RevokeBias done
Event: 42.803 Executing VM operation: RevokeBias
Event: 42.804 Executing VM operation: RevokeBias done


Dynamic libraries:
0x00007ff672780000 - 0x00007ff67278a000 	C:\Program Files\Android\Android Studio\jbr\bin\java.exe
0x00007ffdfdfd0000 - 0x00007ffdfe1c8000 	C:\Windows\SYSTEM32\ntdll.dll
0x00007ffdfd400000 - 0x00007ffdfd4bf000 	C:\Windows\System32\KERNEL32.DLL
0x00007ffdfba60000 - 0x00007ffdfbd32000 	C:\Windows\System32\KERNELBASE.dll
0x00007ffdfbd90000 - 0x00007ffdfbe90000 	C:\Windows\System32\ucrtbase.dll
0x00007ffdd5fa0000 - 0x00007ffdd5fb7000 	C:\Program Files\Android\Android Studio\jbr\bin\jli.dll
0x00007ffdfc460000 - 0x00007ffdfc601000 	C:\Windows\System32\USER32.dll
0x00007ffdfbe90000 - 0x00007ffdfbeb2000 	C:\Windows\System32\win32u.dll
0x00007ffde4280000 - 0x00007ffde451a000 	C:\Windows\WinSxS\amd64_microsoft.windows.common-controls_6595b64144ccf1df_6.0.19041.1110_none_60b5254171f9507e\COMCTL32.dll
0x00007ffdfd320000 - 0x00007ffdfd34b000 	C:\Windows\System32\GDI32.dll
0x00007ffdfd720000 - 0x00007ffdfd7be000 	C:\Windows\System32\msvcrt.dll
0x00007ffdfb7b0000 - 0x00007ffdfb8bf000 	C:\Windows\System32\gdi32full.dll
0x00007ffdfb8c0000 - 0x00007ffdfb95d000 	C:\Windows\System32\msvcp_win.dll
0x00007ffdd5f80000 - 0x00007ffdd5f9b000 	C:\Program Files\Android\Android Studio\jbr\bin\VCRUNTIME140.dll
0x00007ffdfc290000 - 0x00007ffdfc2c0000 	C:\Windows\System32\IMM32.DLL
0x00007ffdf6c10000 - 0x00007ffdf6c1c000 	C:\Program Files\Android\Android Studio\jbr\bin\vcruntime140_1.dll
0x00007ffdcf9c0000 - 0x00007ffdcfa4d000 	C:\Program Files\Android\Android Studio\jbr\bin\msvcp140.dll
0x00007ffd924c0000 - 0x00007ffd9307c000 	C:\Program Files\Android\Android Studio\jbr\bin\server\jvm.dll
0x00007ffdfd270000 - 0x00007ffdfd31e000 	C:\Windows\System32\ADVAPI32.dll
0x00007ffdfdbb0000 - 0x00007ffdfdc4c000 	C:\Windows\System32\sechost.dll
0x00007ffdfc020000 - 0x00007ffdfc144000 	C:\Windows\System32\RPCRT4.dll
0x00007ffdfc610000 - 0x00007ffdfc618000 	C:\Windows\System32\PSAPI.DLL
0x00007ffdf6770000 - 0x00007ffdf6779000 	C:\Windows\SYSTEM32\WSOCK32.dll
0x00007ffdfd7e0000 - 0x00007ffdfd84b000 	C:\Windows\System32\WS2_32.dll
0x00007ffde0a70000 - 0x00007ffde0a97000 	C:\Windows\SYSTEM32\WINMM.dll
0x00007ffdf37b0000 - 0x00007ffdf37ba000 	C:\Windows\SYSTEM32\VERSION.dll
0x00007ffdf9590000 - 0x00007ffdf95a2000 	C:\Windows\SYSTEM32\kernel.appcore.dll
0x00007ffdf1790000 - 0x00007ffdf17a0000 	C:\Program Files\Android\Android Studio\jbr\bin\verify.dll
0x00007ffdf4590000 - 0x00007ffdf4774000 	C:\Windows\SYSTEM32\DBGHELP.DLL
0x00007ffde82d0000 - 0x00007ffde8305000 	C:\Windows\SYSTEM32\dbgcore.DLL
0x00007ffdfb9d0000 - 0x00007ffdfba52000 	C:\Windows\System32\bcryptPrimitives.dll
0x00007ffde2cf0000 - 0x00007ffde2d18000 	C:\Program Files\Android\Android Studio\jbr\bin\java.dll
0x00007ffdf1780000 - 0x00007ffdf178a000 	C:\Program Files\Android\Android Studio\jbr\bin\jimage.dll
0x00007ffde2cd0000 - 0x00007ffde2ce8000 	C:\Program Files\Android\Android Studio\jbr\bin\zip.dll
0x00007ffdfc620000 - 0x00007ffdfcd65000 	C:\Windows\System32\SHELL32.dll
0x00007ffdf9790000 - 0x00007ffdf9f22000 	C:\Windows\SYSTEM32\windows.storage.dll
0x00007ffdfd850000 - 0x00007ffdfdba5000 	C:\Windows\System32\combase.dll
0x00007ffdfb050000 - 0x00007ffdfb080000 	C:\Windows\SYSTEM32\Wldp.dll
0x00007ffdfd350000 - 0x00007ffdfd3fd000 	C:\Windows\System32\SHCORE.dll
0x00007ffdfd520000 - 0x00007ffdfd575000 	C:\Windows\System32\shlwapi.dll
0x00007ffdfb610000 - 0x00007ffdfb62f000 	C:\Windows\SYSTEM32\profapi.dll
0x00007ffd96e10000 - 0x00007ffd96e29000 	C:\Program Files\Android\Android Studio\jbr\bin\net.dll
0x00007ffdf2e60000 - 0x00007ffdf2f6a000 	C:\Windows\SYSTEM32\WINHTTP.dll
0x00007ffdfadb0000 - 0x00007ffdfae1a000 	C:\Windows\system32\mswsock.dll
0x00007ffd96af0000 - 0x00007ffd96b03000 	C:\Program Files\Android\Android Studio\jbr\bin\nio.dll
0x00007ffdf44d0000 - 0x00007ffdf44f6000 	C:\Users\Rushabh Desai\.gradle\native\31\windows-amd64\native-platform.dll
0x00007ffd96e40000 - 0x00007ffd96e4a000 	C:\Program Files\Android\Android Studio\jbr\bin\management.dll
0x00007ffd96e30000 - 0x00007ffd96e3b000 	C:\Program Files\Android\Android Studio\jbr\bin\management_ext.dll
0x00007ffdfafa0000 - 0x00007ffdfafb8000 	C:\Windows\SYSTEM32\CRYPTSP.dll
0x00007ffdfa6d0000 - 0x00007ffdfa704000 	C:\Windows\system32\rsaenh.dll
0x00007ffdfb780000 - 0x00007ffdfb7a7000 	C:\Windows\System32\bcrypt.dll
0x00007ffdfb5d0000 - 0x00007ffdfb5fe000 	C:\Windows\SYSTEM32\USERENV.dll
0x00007ffdfafc0000 - 0x00007ffdfafcc000 	C:\Windows\SYSTEM32\CRYPTBASE.dll
0x00007ffdfaaa0000 - 0x00007ffdfaadb000 	C:\Windows\SYSTEM32\IPHLPAPI.DLL
0x00007ffdfc450000 - 0x00007ffdfc458000 	C:\Windows\System32\NSI.dll
0x00007ffdf3880000 - 0x00007ffdf3897000 	C:\Windows\SYSTEM32\dhcpcsvc6.DLL
0x00007ffdf3a70000 - 0x00007ffdf3a8d000 	C:\Windows\SYSTEM32\dhcpcsvc.DLL
0x00007ffdfaae0000 - 0x00007ffdfabab000 	C:\Windows\SYSTEM32\DNSAPI.dll
0x00007ffd932e0000 - 0x00007ffd93307000 	C:\Program Files\Android\Android Studio\jbr\bin\sunec.dll
0x00007ffded450000 - 0x00007ffded45a000 	C:\Windows\System32\rasadhlp.dll
0x00007ffdee970000 - 0x00007ffdee9f0000 	C:\Windows\System32\fwpuclnt.dll

dbghelp: loaded successfully - version: 4.0.5 - missing functions: none
symbol engine: initialized successfully - sym options: 0x614 - pdb path: .;C:\Program Files\Android\Android Studio\jbr\bin;C:\Windows\SYSTEM32;C:\Windows\WinSxS\amd64_microsoft.windows.common-controls_6595b64144ccf1df_6.0.19041.1110_none_60b5254171f9507e;C:\Program Files\Android\Android Studio\jbr\bin\server;C:\Users\Rushabh Desai\.gradle\native\31\windows-amd64

VM Arguments:
jvm_args: --add-opens=java.base/java.util=ALL-UNNAMED --add-opens=java.base/java.lang=ALL-UNNAMED --add-opens=java.base/java.lang.invoke=ALL-UNNAMED --add-opens=java.prefs/java.util.prefs=ALL-UNNAMED -Xmx2048m -Dfile.encoding=UTF-8 -Duser.country=IN -Duser.language=en -Duser.variant 
java_command: org.gradle.launcher.daemon.bootstrap.GradleDaemon 6.1.1
java_class_path (initial): C:\Users\Rushabh Desai\.gradle\wrapper\dists\gradle-6.1.1-all\cfmwm155h49vnt3hynmlrsdst\gradle-6.1.1\lib\gradle-launcher-6.1.1.jar
Launcher Type: SUN_STANDARD

[Global flags]
     intx CICompilerCount                          = 3                                         {product} {ergonomic}
     uint ConcGCThreads                            = 1                                         {product} {ergonomic}
     uint G1ConcRefinementThreads                  = 4                                         {product} {ergonomic}
   size_t G1HeapRegionSize                         = 1048576                                   {product} {ergonomic}
    uintx GCDrainStackTargetSize                   = 64                                        {product} {ergonomic}
   size_t InitialHeapSize                          = 134217728                                 {product} {ergonomic}
   size_t MarkStackSize                            = 4194304                                   {product} {ergonomic}
   size_t MaxHeapSize                              = 2147483648                                {product} {command line}
   size_t MaxNewSize                               = 1287651328                                {product} {ergonomic}
   size_t MinHeapDeltaBytes                        = 1048576                                   {product} {ergonomic}
    uintx NonNMethodCodeHeapSize                   = 5830732                                {pd product} {ergonomic}
    uintx NonProfiledCodeHeapSize                  = 122913754                              {pd product} {ergonomic}
    uintx ProfiledCodeHeapSize                     = 122913754                              {pd product} {ergonomic}
    uintx ReservedCodeCacheSize                    = 251658240                              {pd product} {ergonomic}
     bool SegmentedCodeCache                       = true                                      {product} {ergonomic}
     bool UseCompressedClassPointers               = true                                 {lp64_product} {ergonomic}
     bool UseCompressedOops                        = true                                 {lp64_product} {ergonomic}
     bool UseG1GC                                  = true                                      {product} {ergonomic}
     bool UseLargePagesIndividualAllocation        = false                                  {pd product} {ergonomic}

Logging:
Log output configuration:
 #0: stdout all=warning uptime,level,tags
 #1: stderr all=off uptime,level,tags

Environment Variables:
PATH=C:\Program Files\Common Files\Oracle\Java\javapath;C:\Windows\system32;C:\Windows;C:\Windows\System32\Wbem;C:\Windows\System32\WindowsPowerShell\v1.0\;C:\Windows\System32\OpenSSH\;C:\Program Files\Git\cmd;C:\Program Files\dotnet\;C:\Program Files\Android\Android Studio1\jre\bin;C:\Users\Rushabh Desai\AppData\Local\GitHubDesktop\bin;C:\ProgramData\Rushabh Desai\GitHubDesktop\bin
USERNAME=Rushabh Desai
OS=Windows_NT
PROCESSOR_IDENTIFIER=Intel64 Family 6 Model 58 Stepping 9, GenuineIntel



---------------  S Y S T E M  ---------------

OS: Windows 10 , 64 bit Build 19041 (10.0.19041.2546)
OS uptime: 0 days 11:01 hours

CPU:total 4 (initial active 4) (2 cores per cpu, 2 threads per core) family 6 model 58 stepping 9 microcode 0x21, cmov, cx8, fxsr, mmx, sse, sse2, sse3, ssse3, sse4.1, sse4.2, popcnt, avx, clmul, erms, ht, tsc, tscinvbit, tscinv

Memory: 4k page, system-wide physical 8077M (689M free)
TotalPageFile size 20625M (AvailPageFile size 4334M)
current process WorkingSet (physical memory assigned to process): 520M, peak: 520M
current process commit charge ("private bytes"): 558M, peak: 558M

vm_info: OpenJDK 64-Bit Server VM (11.0.15+0-b2043.56-9505619) for windows-amd64 JRE (11.0.15+0-b2043.56-9505619), built on Jan 19 2023 02:48:00 by "builduser" with unknown MS VC++:1929

END.
