#
# A fatal error has been detected by the Java Runtime Environment:
#
#  EXCEPTION_ACCESS_VIOLATION (0xc0000005) at pc=0x00007ff8ffd888a6, pid=13384, tid=7720
#
# JRE version: OpenJDK Runtime Environment (11.0.15) (build 11.0.15+0-b2043.56-9505619)
# Java VM: OpenJDK 64-Bit Server VM (11.0.15+0-b2043.56-9505619, mixed mode, tiered, compressed oops, g1 gc, windows-amd64)
# Problematic frame:
# V  [jvm.dll+0x1a88a6]
#
# No core dump will be written. Minidumps are not enabled by default on client versions of Windows
#
# If you would like to submit a bug report, please visit:
#   https://bugreport.java.com/bugreport/crash.jsp
#

---------------  S U M M A R Y ------------

Command Line: --add-opens=java.base/java.util=ALL-UNNAMED --add-opens=java.base/java.lang=ALL-UNNAMED --add-opens=java.base/java.lang.invoke=ALL-UNNAMED --add-opens=java.prefs/java.util.prefs=ALL-UNNAMED -Xmx2048m -Dfile.encoding=UTF-8 -Duser.country=IN -Duser.language=en -Duser.variant org.gradle.launcher.daemon.bootstrap.GradleDaemon 6.1.1

Host: Intel(R) Core(TM) i3-3120M CPU @ 2.50GHz, 4 cores, 7G,  Windows 10 , 64 bit Build 19041 (10.0.19041.2546)
Time: Thu Mar 23 12:15:14 2023 India Standard Time elapsed time: 23.763946 seconds (0d 0h 0m 23s)

---------------  T H R E A D  ---------------

Current thread (0x0000020082ca8000):  GCTaskThread "GC Thread#0" [stack: 0x0000009a84700000,0x0000009a84800000] [id=7720]

Stack: [0x0000009a84700000,0x0000009a84800000],  sp=0x0000009a847ff4c8,  free space=1021k
Native frames: (J=compiled Java code, j=interpreted, Vv=VM code, C=native code)
V  [jvm.dll+0x1a88a6]


siginfo: EXCEPTION_ACCESS_VIOLATION (0xc0000005), reading address 0x000000034b0b6b00


Register to memory mapping:

RIP=0x00007ff8ffd888a6 jvm.dll
RAX=0x0000000000000001 is an unknown value
RBX=0x00000000858c0084 is pointing into object: org.gradle.internal.fingerprint.impl.DefaultFileSystemLocationFingerprint 
{0x00000000858c0078} - klass: 'org/gradle/internal/fingerprint/impl/DefaultFileSystemLocationFingerprint'
RCX=0x0000000088561928 is pointing into object: [B 
{0x0000000088561910} - klass: {type array byte}
 - length: 25
RDX=0x0000000088561928 is pointing into object: [B 
{0x0000000088561910} - klass: {type array byte}
 - length: 25
RSP=0x0000009a847ff4c8 points into unknown readable memory: 0x00007ff8fff0438f | 8f 43 f0 ff f8 7f 00 00
RBP=0x00000200a466e420 points into unknown readable memory: 0x00007ff9004bfe48 | 48 fe 4b 00 f9 7f 00 00
RSI=0x00000200a466e420 points into unknown readable memory: 0x00007ff9004bfe48 | 48 fe 4b 00 f9 7f 00 00
RDI=0x0000000000000001 is an unknown value
R8 =0x0000000088561928 is pointing into object: [B 
{0x0000000088561910} - klass: {type array byte}
 - length: 25
R9 =0x000000034b0b6af8 is an unknown value
R10=0x00000000858c0084 is pointing into object: org.gradle.internal.fingerprint.impl.DefaultFileSystemLocationFingerprint 
{0x00000000858c0078} - klass: 'org/gradle/internal/fingerprint/impl/DefaultFileSystemLocationFingerprint'
R11=0x00000200a466e590 points into unknown readable memory: 0x00007ff9004bfe00 | 00 fe 4b 00 f9 7f 00 00
R12=0x0 is NULL
R13=0x00007ff9004c0940 jvm.dll
R14=0x0000000088561928 is pointing into object: [B 
{0x0000000088561910} - klass: {type array byte}
 - length: 25
R15=0x7974697669746361 is an unknown value


Registers:
RAX=0x0000000000000001, RBX=0x00000000858c0084, RCX=0x0000000088561928, RDX=0x0000000088561928
RSP=0x0000009a847ff4c8, RBP=0x00000200a466e420, RSI=0x00000200a466e420, RDI=0x0000000000000001
R8 =0x0000000088561928, R9 =0x000000034b0b6af8, R10=0x00000000858c0084, R11=0x00000200a466e590
R12=0x0000000000000000, R13=0x00007ff9004c0940, R14=0x0000000088561928, R15=0x7974697669746361
RIP=0x00007ff8ffd888a6, EFLAGS=0x0000000000010202

Top of Stack: (sp=0x0000009a847ff4c8)
0x0000009a847ff4c8:   00007ff8fff0438f 0000000000000001
0x0000009a847ff4d8:   0000000000000002 00000200a466e420
0x0000009a847ff4e8:   00000000000001f4 00007ff9000001f4
0x0000009a847ff4f8:   0000009a847ff778 0000000000000001
0x0000009a847ff508:   00007ff8ffedc0ce 00000200a466e420
0x0000009a847ff518:   0000000000000040 0000020082cab360
0x0000009a847ff528:   00007ff9004c0940 0000000000000000
0x0000009a847ff538:   0000000000000000 00000000000009d9
0x0000009a847ff548:   00007ff8fff02cb1 00000200a466e420
0x0000009a847ff558:   0000020082cab360 000000000000000d
0x0000009a847ff568:   00000000858c0084 0000000000000000
0x0000009a847ff578:   0000009a847ff778 0000009a847ff750
0x0000009a847ff588:   000000000000001f 0000020082c7fd20
0x0000009a847ff598:   0000000000000100 00000200a466e420
0x0000009a847ff5a8:   00007ff8fff10bbe 00000000821a4200
0x0000009a847ff5b8:   0000000000000040 0000009a847ff778 

Instructions: (pc=0x00007ff8ffd888a6)
0x00007ff8ffd887a6:   eb 04 48 8b 43 08 81 78 08 00 00 00 c0 0f 83 81
0x00007ff8ffd887b6:   00 00 00 48 8b 4f 38 48 8b d3 48 8b 01 ff 50 20
0x00007ff8ffd887c6:   84 c0 75 70 38 05 d1 e7 93 00 74 15 8b 53 08 8b
0x00007ff8ffd887d6:   0d 7d 2f 8f 00 48 d3 e2 48 03 15 6b 2f 8f 00 eb
0x00007ff8ffd887e6:   04 48 8b 53 08 48 8b cb 48 89 5c 24 20 e8 a8 00
0x00007ff8ffd887f6:   00 00 80 7f 30 00 48 63 c8 48 89 4c 24 28 74 1c
0x00007ff8ffd88806:   0f 10 44 24 20 0f 11 86 98 03 00 00 48 8b 5c 24
0x00007ff8ffd88816:   40 48 8b 74 24 48 48 83 c4 30 5f c3 48 8b 07 48
0x00007ff8ffd88826:   8d 54 24 20 48 89 4c 24 28 48 8b cf 48 89 5c 24
0x00007ff8ffd88836:   20 ff 50 38 48 8b 5c 24 40 48 8b 74 24 48 48 83
0x00007ff8ffd88846:   c4 30 5f c3 cc cc cc cc cc cc 48 8b 49 38 48 8b
0x00007ff8ffd88856:   01 48 ff 60 28 cc cc cc cc cc 80 3d 3a e7 93 00
0x00007ff8ffd88866:   00 48 8b c1 74 1b 8b 51 08 8b 0d e3 2e 8f 00 48
0x00007ff8ffd88876:   d3 e2 48 8b c8 48 03 15 ce 2e 8f 00 e9 19 00 00
0x00007ff8ffd88886:   00 48 8b 51 08 48 8b c8 e9 0d 00 00 00 cc cc cc
0x00007ff8ffd88896:   cc cc cc cc cc cc cc cc cc cc 4c 8b ca 48 8b d1
0x00007ff8ffd888a6:   45 8b 41 08 45 85 c0 7e 0e 41 f6 c0 01 75 56 41
0x00007ff8ffd888b6:   c1 f8 03 41 8b c0 c3 79 4c 80 3d db e6 93 00 00
0x00007ff8ffd888c6:   b8 0c 00 00 00 b9 10 00 00 00 0f 45 c8 8b 05 9b
0x00007ff8ffd888d6:   5e 8d 00 ff c8 4c 63 c8 48 63 14 11 41 8b c8 83
0x00007ff8ffd888e6:   e1 3f 48 d3 e2 41 8b c8 48 c1 f9 10 0f b6 c1 49
0x00007ff8ffd888f6:   8d 0c 11 49 f7 d1 48 03 c1 49 c1 e9 03 48 c1 e8
0x00007ff8ffd88906:   03 41 23 c1 c3 49 8b 01 49 8b c9 48 ff a0 10 01
0x00007ff8ffd88916:   00 00 cc cc cc cc cc cc cc cc 48 8b c2 c3 cc cc
0x00007ff8ffd88926:   cc cc cc cc cc cc cc cc cc cc 48 83 ec 38 48 8b
0x00007ff8ffd88936:   c1 48 8b 49 38 80 79 08 00 74 05 90 48 8b 48 38
0x00007ff8ffd88946:   0f 10 02 48 8d 54 24 20 0f 29 44 24 20 e8 28 f0
0x00007ff8ffd88956:   ff ff 48 83 c4 38 c3 cc cc cc 48 83 ec 38 0f 10
0x00007ff8ffd88966:   02 48 8b 01 48 8d 54 24 20 0f 29 44 24 20 ff 50
0x00007ff8ffd88976:   38 48 83 c4 38 c3 cc cc cc cc 48 89 5c 24 08 55
0x00007ff8ffd88986:   56 57 41 54 41 55 41 56 41 57 48 8d 6c 24 e0 48
0x00007ff8ffd88996:   81 ec 20 01 00 00 48 8b 05 85 b6 90 00 48 33 c4 


Stack slot to memory mapping:
stack at sp + 0 slots: 0x00007ff8fff0438f jvm.dll
stack at sp + 1 slots: 0x0000000000000001 is an unknown value
stack at sp + 2 slots: 0x0000000000000002 is an unknown value
stack at sp + 3 slots: 0x00000200a466e420 points into unknown readable memory: 0x00007ff9004bfe48 | 48 fe 4b 00 f9 7f 00 00
stack at sp + 4 slots: 0x00000000000001f4 is an unknown value
stack at sp + 5 slots: 0x00007ff9000001f4 jvm.dll
stack at sp + 6 slots: 0x0000009a847ff778 points into unknown readable memory: 0x00007ff9004c07c8 | c8 07 4c 00 f9 7f 00 00
stack at sp + 7 slots: 0x0000000000000001 is an unknown value


---------------  P R O C E S S  ---------------

Threads class SMR info:
_java_thread_list=0x00000200a46c56a0, length=43, elements={
0x0000020082c90800, 0x000002009c8a7000, 0x000002009c8a8000, 0x000002009c8bb000,
0x000002009c8bc000, 0x000002009c8bf800, 0x000002009c8d1800, 0x000002009c8db800,
0x000002009c8dd000, 0x000002009d376000, 0x000002009eb66000, 0x000002009db6a800,
0x000002009e8d8000, 0x000002009e7f5000, 0x000002009e7e6000, 0x000002009f0a0800,
0x000002009e63c800, 0x000002009f08b800, 0x000002009ed64000, 0x000002009e64c000,
0x000002009d741000, 0x000002009d740000, 0x000002009d744000, 0x000002009d743000,
0x000002009d73e800, 0x000002009d742800, 0x000002009d745000, 0x000002009d73f000,
0x00000200a2b29000, 0x00000200a2b23000, 0x00000200a2b26800, 0x00000200a2b28000,
0x00000200a2b29800, 0x000002009f96b800, 0x00000200a2b24000, 0x00000200a2b2a800,
0x00000200a2b24800, 0x00000200a2b2e800, 0x00000200a2b31000, 0x00000200a2b2f800,
0x00000200a2b2b000, 0x00000200a2b2c000, 0x00000200a2b30000
}

Java Threads: ( => current thread )
  0x0000020082c90800 JavaThread "main" [_thread_blocked, id=13800, stack(0x0000009a84600000,0x0000009a84700000)]
  0x000002009c8a7000 JavaThread "Reference Handler" daemon [_thread_blocked, id=13296, stack(0x0000009a84d00000,0x0000009a84e00000)]
  0x000002009c8a8000 JavaThread "Finalizer" daemon [_thread_blocked, id=8340, stack(0x0000009a84e00000,0x0000009a84f00000)]
  0x000002009c8bb000 JavaThread "Signal Dispatcher" daemon [_thread_blocked, id=13400, stack(0x0000009a84f00000,0x0000009a85000000)]
  0x000002009c8bc000 JavaThread "Attach Listener" daemon [_thread_blocked, id=772, stack(0x0000009a85000000,0x0000009a85100000)]
  0x000002009c8bf800 JavaThread "Service Thread" daemon [_thread_blocked, id=13028, stack(0x0000009a85100000,0x0000009a85200000)]
  0x000002009c8d1800 JavaThread "C2 CompilerThread0" daemon [_thread_blocked, id=8092, stack(0x0000009a85200000,0x0000009a85300000)]
  0x000002009c8db800 JavaThread "C1 CompilerThread0" daemon [_thread_blocked, id=6864, stack(0x0000009a85300000,0x0000009a85400000)]
  0x000002009c8dd000 JavaThread "Sweeper thread" daemon [_thread_blocked, id=1216, stack(0x0000009a85400000,0x0000009a85500000)]
  0x000002009d376000 JavaThread "Common-Cleaner" daemon [_thread_blocked, id=4996, stack(0x0000009a85500000,0x0000009a85600000)]
  0x000002009eb66000 JavaThread "Daemon health stats" [_thread_blocked, id=72, stack(0x0000009a85a00000,0x0000009a85b00000)]
  0x000002009db6a800 JavaThread "Incoming local TCP Connector on port 60460" [_thread_in_native, id=8120, stack(0x0000009a85700000,0x0000009a85800000)]
  0x000002009e8d8000 JavaThread "Daemon periodic checks" [_thread_blocked, id=13908, stack(0x0000009a85b00000,0x0000009a85c00000)]
  0x000002009e7f5000 JavaThread "Daemon" [_thread_blocked, id=14224, stack(0x0000009a85c00000,0x0000009a85d00000)]
  0x000002009e7e6000 JavaThread "Handler for socket connection from /127.0.0.1:60460 to /127.0.0.1:60461" [_thread_in_native, id=2516, stack(0x0000009a85d00000,0x0000009a85e00000)]
  0x000002009f0a0800 JavaThread "Cancel handler" [_thread_blocked, id=4320, stack(0x0000009a85e00000,0x0000009a85f00000)]
  0x000002009e63c800 JavaThread "Daemon worker" [_thread_blocked, id=11708, stack(0x0000009a85f00000,0x0000009a86000000)]
  0x000002009f08b800 JavaThread "Asynchronous log dispatcher for DefaultDaemonConnection: socket connection from /127.0.0.1:60460 to /127.0.0.1:60461" [_thread_blocked, id=4432, stack(0x0000009a86100000,0x0000009a86200000)]
  0x000002009ed64000 JavaThread "Stdin handler" [_thread_blocked, id=6884, stack(0x0000009a86200000,0x0000009a86300000)]
  0x000002009e64c000 JavaThread "Thread-8" [_thread_blocked, id=9112, stack(0x0000009a86300000,0x0000009a86400000)]
  0x000002009d741000 JavaThread "Cache worker for journal cache (C:\Users\Rushabh Desai\.gradle\caches\journal-1)" [_thread_blocked, id=11152, stack(0x0000009a86400000,0x0000009a86500000)]
  0x000002009d740000 JavaThread "File lock request listener" [_thread_in_native, id=11092, stack(0x0000009a86500000,0x0000009a86600000)]
  0x000002009d744000 JavaThread "Cache worker for file hash cache (C:\Users\Rushabh Desai\.gradle\caches\6.1.1\fileHashes)" [_thread_blocked, id=2792, stack(0x0000009a86600000,0x0000009a86700000)]
  0x000002009d743000 JavaThread "Cache worker for checksums cache (D:\PlayPlexpos\.gradle\checksums)" [_thread_blocked, id=11420, stack(0x0000009a86800000,0x0000009a86900000)]
  0x000002009d73e800 JavaThread "Cache worker for file hash cache (D:\PlayPlexpos\.gradle\6.1.1\fileHashes)" [_thread_blocked, id=1524, stack(0x0000009a86900000,0x0000009a86a00000)]
  0x000002009d742800 JavaThread "Cache worker for cache directory md-supplier (C:\Users\Rushabh Desai\.gradle\caches\6.1.1\md-supplier)" [_thread_blocked, id=6940, stack(0x0000009a86700000,0x0000009a86800000)]
  0x000002009d745000 JavaThread "Cache worker for cache directory md-rule (C:\Users\Rushabh Desai\.gradle\caches\6.1.1\md-rule)" [_thread_blocked, id=344, stack(0x0000009a86a00000,0x0000009a86b00000)]
  0x000002009d73f000 JavaThread "Cache worker for execution history cache (C:\Users\Rushabh Desai\.gradle\caches\6.1.1\executionHistory)" [_thread_blocked, id=7980, stack(0x0000009a86b00000,0x0000009a86c00000)]
  0x00000200a2b29000 JavaThread "Build operations" [_thread_blocked, id=12812, stack(0x0000009a86d00000,0x0000009a86e00000)]
  0x00000200a2b23000 JavaThread "Build operations Thread 2" [_thread_blocked, id=10364, stack(0x0000009a86e00000,0x0000009a86f00000)]
  0x00000200a2b26800 JavaThread "Build operations Thread 3" [_thread_blocked, id=12480, stack(0x0000009a86f00000,0x0000009a87000000)]
  0x00000200a2b28000 JavaThread "Build operations Thread 4" [_thread_blocked, id=2608, stack(0x0000009a87000000,0x0000009a87100000)]
  0x00000200a2b29800 JavaThread "Cache worker for Build Output Cleanup Cache (D:\PlayPlexpos\.gradle\buildOutputCleanup)" [_thread_blocked, id=6972, stack(0x0000009a86c00000,0x0000009a86d00000)]
  0x000002009f96b800 JavaThread "C2 CompilerThread1" daemon [_thread_blocked, id=13784, stack(0x0000009a87100000,0x0000009a87200000)]
  0x00000200a2b24000 JavaThread "Memory manager" [_thread_blocked, id=6532, stack(0x0000009a87200000,0x0000009a87300000)]
  0x00000200a2b2a800 JavaThread "Cache worker for file content cache (C:\Users\Rushabh Desai\.gradle\caches\6.1.1\fileContent)" [_thread_blocked, id=13692, stack(0x0000009a87300000,0x0000009a87400000)]
  0x00000200a2b24800 JavaThread "Cache worker for file content cache (D:\PlayPlexpos\.gradle\6.1.1\fileContent)" [_thread_blocked, id=6664, stack(0x0000009a87400000,0x0000009a87500000)]
  0x00000200a2b2e800 JavaThread "Execution worker for ':'" [_thread_blocked, id=14240, stack(0x0000009a87500000,0x0000009a87600000)]
  0x00000200a2b31000 JavaThread "Execution worker for ':' Thread 2" [_thread_blocked, id=13604, stack(0x0000009a87600000,0x0000009a87700000)]
  0x00000200a2b2f800 JavaThread "Execution worker for ':' Thread 3" [_thread_blocked, id=12020, stack(0x0000009a87700000,0x0000009a87800000)]
  0x00000200a2b2b000 JavaThread "Cache worker for execution history cache (D:\PlayPlexpos\.gradle\6.1.1\executionHistory)" [_thread_blocked, id=13840, stack(0x0000009a87800000,0x0000009a87900000)]
  0x00000200a2b2c000 JavaThread "WorkerExecutor Queue" [_thread_blocked, id=7948, stack(0x0000009a87900000,0x0000009a87a00000)]
  0x00000200a2b30000 JavaThread "WorkerExecutor Queue Thread 2" [_thread_blocked, id=8212, stack(0x0000009a87a00000,0x0000009a87b00000)]

Other Threads:
  0x000002009c8a1800 VMThread "VM Thread" [stack: 0x0000009a84c00000,0x0000009a84d00000] [id=14028]
  0x000002009d37f800 WatcherThread [stack: 0x0000009a85600000,0x0000009a85700000] [id=5152]
=>0x0000020082ca8000 GCTaskThread "GC Thread#0" [stack: 0x0000009a84700000,0x0000009a84800000] [id=7720]
  0x000002009db31000 GCTaskThread "GC Thread#1" [stack: 0x0000009a85800000,0x0000009a85900000] [id=4684]
  0x000002009db34800 GCTaskThread "GC Thread#2" [stack: 0x0000009a85900000,0x0000009a85a00000] [id=1136]
  0x000002009ecb3800 GCTaskThread "GC Thread#3" [stack: 0x0000009a86000000,0x0000009a86100000] [id=8500]
  0x0000020082cdb000 ConcurrentGCThread "G1 Main Marker" [stack: 0x0000009a84800000,0x0000009a84900000] [id=9512]
  0x0000020082cde800 ConcurrentGCThread "G1 Conc#0" [stack: 0x0000009a84900000,0x0000009a84a00000] [id=11824]
  0x000002009c700800 ConcurrentGCThread "G1 Refine#0" [stack: 0x0000009a84a00000,0x0000009a84b00000] [id=6552]
  0x000002009c701000 ConcurrentGCThread "G1 Young RemSet Sampling" [stack: 0x0000009a84b00000,0x0000009a84c00000] [id=12164]

Threads with active compile tasks:
C2 CompilerThread0    23827 8800       4       org.gradle.internal.snapshot.SnapshotUtil::getMetadataFromChildren (317 bytes)
C2 CompilerThread1    23827 8703       4       org.gradle.internal.snapshot.SnapshotUtil::getSnapshotFromChild (41 bytes)

VM state:at safepoint (normal execution)

VM Mutex/Monitor currently owned by a thread:  ([mutex/lock_event])
[0x0000020082c84f30] Threads_lock - owner thread: 0x000002009c8a1800
[0x0000020082c8eda0] Heap_lock - owner thread: 0x00000200a2b31000

Heap address: 0x0000000080000000, size: 2048 MB, Compressed Oops mode: 32-bit
Narrow klass base: 0x0000000000000000, Narrow klass shift: 3
Compressed class space size: 1073741824 Address: 0x0000000100000000

Heap:
 garbage-first heap   total 189440K, used 145319K [0x0000000080000000, 0x0000000100000000)
  region size 1024K, 56 young (57344K), 6 survivors (6144K)
 Metaspace       used 76025K, capacity 77858K, committed 77960K, reserved 1118208K
  class space    used 9683K, capacity 10340K, committed 10368K, reserved 1048576K
Heap Regions: E=young(eden), S=young(survivor), O=old, HS=humongous(starts), HC=humongous(continues), CS=collection set, F=free, A=archive, TAMS=top-at-mark-start (previous, next)
|   0|0x0000000080000000, 0x0000000080100000, 0x0000000080100000|100%| O|  |TAMS 0x0000000080100000, 0x0000000080100000| Untracked 
|   1|0x0000000080100000, 0x0000000080200000, 0x0000000080200000|100%| O|  |TAMS 0x0000000080200000, 0x0000000080200000| Untracked 
|   2|0x0000000080200000, 0x0000000080300000, 0x0000000080300000|100%| O|  |TAMS 0x0000000080300000, 0x0000000080300000| Untracked 
|   3|0x0000000080300000, 0x0000000080400000, 0x0000000080400000|100%|HS|  |TAMS 0x0000000080400000, 0x0000000080400000| Complete 
|   4|0x0000000080400000, 0x0000000080500000, 0x0000000080500000|100%|HC|  |TAMS 0x0000000080500000, 0x0000000080500000| Complete 
|   5|0x0000000080500000, 0x0000000080600000, 0x0000000080600000|100%|HC|  |TAMS 0x0000000080600000, 0x0000000080600000| Complete 
|   6|0x0000000080600000, 0x0000000080700000, 0x0000000080700000|100%| O|  |TAMS 0x0000000080700000, 0x0000000080700000| Untracked 
|   7|0x0000000080700000, 0x0000000080800000, 0x0000000080800000|100%| O|  |TAMS 0x0000000080800000, 0x0000000080800000| Untracked 
|   8|0x0000000080800000, 0x0000000080900000, 0x0000000080900000|100%| O|  |TAMS 0x0000000080900000, 0x0000000080900000| Untracked 
|   9|0x0000000080900000, 0x0000000080a00000, 0x0000000080a00000|100%| O|  |TAMS 0x0000000080a00000, 0x0000000080a00000| Untracked 
|  10|0x0000000080a00000, 0x0000000080b00000, 0x0000000080b00000|100%| O|  |TAMS 0x0000000080b00000, 0x0000000080b00000| Untracked 
|  11|0x0000000080b00000, 0x0000000080c00000, 0x0000000080c00000|100%| O|  |TAMS 0x0000000080c00000, 0x0000000080c00000| Untracked 
|  12|0x0000000080c00000, 0x0000000080d00000, 0x0000000080d00000|100%| O|  |TAMS 0x0000000080d00000, 0x0000000080d00000| Untracked 
|  13|0x0000000080d00000, 0x0000000080e00000, 0x0000000080e00000|100%| O|  |TAMS 0x0000000080e00000, 0x0000000080e00000| Untracked 
|  14|0x0000000080e00000, 0x0000000080f00000, 0x0000000080f00000|100%| O|  |TAMS 0x0000000080f00000, 0x0000000080f00000| Untracked 
|  15|0x0000000080f00000, 0x0000000081000000, 0x0000000081000000|100%|HS|  |TAMS 0x0000000081000000, 0x0000000081000000| Complete 
|  16|0x0000000081000000, 0x0000000081100000, 0x0000000081100000|100%|HC|  |TAMS 0x0000000081100000, 0x0000000081100000| Complete 
|  17|0x0000000081100000, 0x0000000081200000, 0x0000000081200000|100%|HS|  |TAMS 0x0000000081200000, 0x0000000081200000| Complete 
|  18|0x0000000081200000, 0x0000000081300000, 0x0000000081300000|100%|HC|  |TAMS 0x0000000081300000, 0x0000000081300000| Complete 
|  19|0x0000000081300000, 0x0000000081400000, 0x0000000081400000|100%|HC|  |TAMS 0x0000000081400000, 0x0000000081400000| Complete 
|  20|0x0000000081400000, 0x0000000081500000, 0x0000000081500000|100%|HS|  |TAMS 0x0000000081500000, 0x0000000081500000| Complete 
|  21|0x0000000081500000, 0x0000000081600000, 0x0000000081600000|100%|HC|  |TAMS 0x0000000081600000, 0x0000000081600000| Complete 
|  22|0x0000000081600000, 0x0000000081700000, 0x0000000081700000|100%|HC|  |TAMS 0x0000000081700000, 0x0000000081700000| Complete 
|  23|0x0000000081700000, 0x0000000081800000, 0x0000000081800000|100%|HC|  |TAMS 0x0000000081800000, 0x0000000081800000| Complete 
|  24|0x0000000081800000, 0x0000000081900000, 0x0000000081900000|100%|HC|  |TAMS 0x0000000081900000, 0x0000000081900000| Complete 
|  25|0x0000000081900000, 0x0000000081a00000, 0x0000000081a00000|100%|HS|  |TAMS 0x0000000081a00000, 0x0000000081a00000| Complete 
|  26|0x0000000081a00000, 0x0000000081b00000, 0x0000000081b00000|100%|HC|  |TAMS 0x0000000081b00000, 0x0000000081b00000| Complete 
|  27|0x0000000081b00000, 0x0000000081c00000, 0x0000000081c00000|100%| O|  |TAMS 0x0000000081c00000, 0x0000000081c00000| Untracked 
|  28|0x0000000081c00000, 0x0000000081d00000, 0x0000000081d00000|100%| O|  |TAMS 0x0000000081d00000, 0x0000000081d00000| Untracked 
|  29|0x0000000081d00000, 0x0000000081e00000, 0x0000000081e00000|100%| O|  |TAMS 0x0000000081e00000, 0x0000000081e00000| Untracked 
|  30|0x0000000081e00000, 0x0000000081f00000, 0x0000000081f00000|100%| O|  |TAMS 0x0000000081f00000, 0x0000000081f00000| Untracked 
|  31|0x0000000081f00000, 0x0000000082000000, 0x0000000082000000|100%| O|  |TAMS 0x0000000082000000, 0x0000000082000000| Untracked 
|  32|0x0000000082000000, 0x0000000082100000, 0x0000000082100000|100%| O|  |TAMS 0x0000000082100000, 0x0000000082100000| Untracked 
|  33|0x0000000082100000, 0x0000000082200000, 0x0000000082200000|100%| O|  |TAMS 0x0000000082200000, 0x0000000082200000| Untracked 
|  34|0x0000000082200000, 0x0000000082300000, 0x0000000082300000|100%| O|  |TAMS 0x0000000082300000, 0x0000000082300000| Untracked 
|  35|0x0000000082300000, 0x0000000082400000, 0x0000000082400000|100%| O|  |TAMS 0x0000000082400000, 0x0000000082400000| Untracked 
|  36|0x0000000082400000, 0x0000000082500000, 0x0000000082500000|100%|HS|  |TAMS 0x0000000082500000, 0x0000000082500000| Complete 
|  37|0x0000000082500000, 0x0000000082600000, 0x0000000082600000|100%|HS|  |TAMS 0x0000000082600000, 0x0000000082600000| Complete 
|  38|0x0000000082600000, 0x0000000082700000, 0x0000000082700000|100%|HC|  |TAMS 0x0000000082700000, 0x0000000082700000| Complete 
|  39|0x0000000082700000, 0x0000000082800000, 0x0000000082800000|100%|HC|  |TAMS 0x0000000082800000, 0x0000000082800000| Complete 
|  40|0x0000000082800000, 0x0000000082900000, 0x0000000082900000|100%|HS|  |TAMS 0x0000000082900000, 0x0000000082900000| Complete 
|  41|0x0000000082900000, 0x0000000082a00000, 0x0000000082a00000|100%|HC|  |TAMS 0x0000000082a00000, 0x0000000082a00000| Complete 
|  42|0x0000000082a00000, 0x0000000082b00000, 0x0000000082b00000|100%|HC|  |TAMS 0x0000000082b00000, 0x0000000082b00000| Complete 
|  43|0x0000000082b00000, 0x0000000082c00000, 0x0000000082c00000|100%|HS|  |TAMS 0x0000000082c00000, 0x0000000082c00000| Complete 
|  44|0x0000000082c00000, 0x0000000082d00000, 0x0000000082d00000|100%|HC|  |TAMS 0x0000000082d00000, 0x0000000082d00000| Complete 
|  45|0x0000000082d00000, 0x0000000082e00000, 0x0000000082e00000|100%| O|  |TAMS 0x0000000082e00000, 0x0000000082e00000| Untracked 
|  46|0x0000000082e00000, 0x0000000082f00000, 0x0000000082f00000|100%| O|  |TAMS 0x0000000082f00000, 0x0000000082f00000| Untracked 
|  47|0x0000000082f00000, 0x0000000083000000, 0x0000000083000000|100%| O|  |TAMS 0x0000000083000000, 0x0000000083000000| Untracked 
|  48|0x0000000083000000, 0x0000000083100000, 0x0000000083100000|100%| O|  |TAMS 0x0000000083100000, 0x0000000083100000| Untracked 
|  49|0x0000000083100000, 0x0000000083200000, 0x0000000083200000|100%| O|  |TAMS 0x0000000083200000, 0x0000000083200000| Untracked 
|  50|0x0000000083200000, 0x0000000083300000, 0x0000000083300000|100%| O|  |TAMS 0x0000000083300000, 0x0000000083300000| Untracked 
|  51|0x0000000083300000, 0x0000000083400000, 0x0000000083400000|100%| O|  |TAMS 0x0000000083400000, 0x0000000083400000| Untracked 
|  52|0x0000000083400000, 0x0000000083500000, 0x0000000083500000|100%| O|  |TAMS 0x0000000083500000, 0x0000000083500000| Untracked 
|  53|0x0000000083500000, 0x0000000083600000, 0x0000000083600000|100%| O|  |TAMS 0x0000000083600000, 0x0000000083600000| Untracked 
|  54|0x0000000083600000, 0x0000000083700000, 0x0000000083700000|100%| O|  |TAMS 0x0000000083700000, 0x0000000083700000| Untracked 
|  55|0x0000000083700000, 0x0000000083800000, 0x0000000083800000|100%| O|  |TAMS 0x0000000083800000, 0x0000000083800000| Untracked 
|  56|0x0000000083800000, 0x0000000083900000, 0x0000000083900000|100%| O|  |TAMS 0x0000000083900000, 0x0000000083900000| Untracked 
|  57|0x0000000083900000, 0x0000000083a00000, 0x0000000083a00000|100%| O|  |TAMS 0x0000000083a00000, 0x0000000083a00000| Untracked 
|  58|0x0000000083a00000, 0x0000000083b00000, 0x0000000083b00000|100%| O|  |TAMS 0x0000000083b00000, 0x0000000083b00000| Untracked 
|  59|0x0000000083b00000, 0x0000000083c00000, 0x0000000083c00000|100%| O|  |TAMS 0x0000000083c00000, 0x0000000083c00000| Untracked 
|  60|0x0000000083c00000, 0x0000000083d00000, 0x0000000083d00000|100%| O|  |TAMS 0x0000000083d00000, 0x0000000083d00000| Untracked 
|  61|0x0000000083d00000, 0x0000000083e00000, 0x0000000083e00000|100%| O|  |TAMS 0x0000000083e00000, 0x0000000083e00000| Untracked 
|  62|0x0000000083e00000, 0x0000000083f00000, 0x0000000083f00000|100%| O|  |TAMS 0x0000000083f00000, 0x0000000083f00000| Untracked 
|  63|0x0000000083f00000, 0x0000000084000000, 0x0000000084000000|100%| O|  |TAMS 0x0000000084000000, 0x0000000084000000| Untracked 
|  64|0x0000000084000000, 0x0000000084100000, 0x0000000084100000|100%| O|  |TAMS 0x0000000084100000, 0x0000000084100000| Untracked 
|  65|0x0000000084100000, 0x0000000084200000, 0x0000000084200000|100%| O|  |TAMS 0x0000000084200000, 0x0000000084200000| Untracked 
|  66|0x0000000084200000, 0x0000000084300000, 0x0000000084300000|100%| O|  |TAMS 0x0000000084300000, 0x0000000084300000| Untracked 
|  67|0x0000000084300000, 0x0000000084400000, 0x0000000084400000|100%| O|  |TAMS 0x0000000084400000, 0x0000000084400000| Untracked 
|  68|0x0000000084400000, 0x0000000084500000, 0x0000000084500000|100%| O|  |TAMS 0x0000000084500000, 0x0000000084500000| Untracked 
|  69|0x0000000084500000, 0x0000000084600000, 0x0000000084600000|100%| O|  |TAMS 0x0000000084600000, 0x0000000084600000| Untracked 
|  70|0x0000000084600000, 0x0000000084700000, 0x0000000084700000|100%| O|  |TAMS 0x0000000084700000, 0x0000000084700000| Untracked 
|  71|0x0000000084700000, 0x0000000084800000, 0x0000000084800000|100%| O|  |TAMS 0x0000000084800000, 0x0000000084800000| Untracked 
|  72|0x0000000084800000, 0x0000000084900000, 0x0000000084900000|100%| O|  |TAMS 0x0000000084900000, 0x0000000084900000| Untracked 
|  73|0x0000000084900000, 0x0000000084a00000, 0x0000000084a00000|100%| O|  |TAMS 0x0000000084a00000, 0x0000000084a00000| Untracked 
|  74|0x0000000084a00000, 0x0000000084b00000, 0x0000000084b00000|100%| O|  |TAMS 0x0000000084b00000, 0x0000000084b00000| Untracked 
|  75|0x0000000084b00000, 0x0000000084c00000, 0x0000000084c00000|100%| O|  |TAMS 0x0000000084c00000, 0x0000000084c00000| Untracked 
|  76|0x0000000084c00000, 0x0000000084d00000, 0x0000000084d00000|100%| O|  |TAMS 0x0000000084d00000, 0x0000000084d00000| Untracked 
|  77|0x0000000084d00000, 0x0000000084e00000, 0x0000000084e00000|100%| O|  |TAMS 0x0000000084e00000, 0x0000000084e00000| Untracked 
|  78|0x0000000084e00000, 0x0000000084f00000, 0x0000000084f00000|100%| O|  |TAMS 0x0000000084f00000, 0x0000000084f00000| Untracked 
|  79|0x0000000084f00000, 0x0000000085000000, 0x0000000085000000|100%| O|  |TAMS 0x0000000085000000, 0x0000000085000000| Untracked 
|  80|0x0000000085000000, 0x0000000085100000, 0x0000000085100000|100%| O|  |TAMS 0x0000000085100000, 0x0000000085100000| Untracked 
|  81|0x0000000085100000, 0x0000000085200000, 0x0000000085200000|100%| O|  |TAMS 0x0000000085200000, 0x0000000085200000| Untracked 
|  82|0x0000000085200000, 0x0000000085300000, 0x0000000085300000|100%| O|  |TAMS 0x000000008522e600, 0x0000000085300000| Untracked 
|  83|0x0000000085300000, 0x0000000085400000, 0x0000000085400000|100%| O|  |TAMS 0x0000000085300000, 0x0000000085400000| Untracked 
|  84|0x0000000085400000, 0x0000000085500000, 0x0000000085500000|100%| O|  |TAMS 0x0000000085400000, 0x0000000085500000| Untracked 
|  85|0x0000000085500000, 0x0000000085600000, 0x0000000085600000|100%| O|  |TAMS 0x0000000085500000, 0x0000000085600000| Untracked 
|  86|0x0000000085600000, 0x0000000085700000, 0x0000000085700000|100%| O|  |TAMS 0x0000000085600000, 0x0000000085700000| Untracked 
|  87|0x0000000085700000, 0x0000000085800000, 0x0000000085800000|100%| O|  |TAMS 0x0000000085700000, 0x0000000085800000| Untracked 
|  88|0x0000000085800000, 0x0000000085900000, 0x0000000085900000|100%| O|  |TAMS 0x0000000085800000, 0x0000000085900000| Untracked 
|  89|0x0000000085900000, 0x0000000085974900, 0x0000000085a00000| 45%| O|  |TAMS 0x0000000085900000, 0x0000000085a00000| Untracked 
|  90|0x0000000085a00000, 0x0000000085a00000, 0x0000000085b00000|  0%| F|  |TAMS 0x0000000085a00000, 0x0000000085a00000| Untracked 
|  91|0x0000000085b00000, 0x0000000085b00000, 0x0000000085c00000|  0%| F|  |TAMS 0x0000000085b00000, 0x0000000085b00000| Untracked 
|  92|0x0000000085c00000, 0x0000000085c00000, 0x0000000085d00000|  0%| F|  |TAMS 0x0000000085c00000, 0x0000000085c00000| Untracked 
|  93|0x0000000085d00000, 0x0000000085d00000, 0x0000000085e00000|  0%| F|  |TAMS 0x0000000085d00000, 0x0000000085d00000| Untracked 
|  94|0x0000000085e00000, 0x0000000085e00000, 0x0000000085f00000|  0%| F|  |TAMS 0x0000000085e00000, 0x0000000085e00000| Untracked 
|  95|0x0000000085f00000, 0x0000000085f00000, 0x0000000086000000|  0%| F|  |TAMS 0x0000000085f00000, 0x0000000085f00000| Untracked 
|  96|0x0000000086000000, 0x0000000086000000, 0x0000000086100000|  0%| F|  |TAMS 0x0000000086000000, 0x0000000086000000| Untracked 
|  97|0x0000000086100000, 0x0000000086100000, 0x0000000086200000|  0%| F|  |TAMS 0x0000000086100000, 0x0000000086100000| Untracked 
|  98|0x0000000086200000, 0x0000000086200000, 0x0000000086300000|  0%| F|  |TAMS 0x0000000086200000, 0x0000000086200000| Untracked 
|  99|0x0000000086300000, 0x0000000086300000, 0x0000000086400000|  0%| F|  |TAMS 0x0000000086300000, 0x0000000086300000| Untracked 
| 100|0x0000000086400000, 0x0000000086400000, 0x0000000086500000|  0%| F|  |TAMS 0x0000000086400000, 0x0000000086400000| Untracked 
| 101|0x0000000086500000, 0x0000000086500000, 0x0000000086600000|  0%| F|  |TAMS 0x0000000086500000, 0x0000000086500000| Untracked 
| 102|0x0000000086600000, 0x0000000086600000, 0x0000000086700000|  0%| F|  |TAMS 0x0000000086600000, 0x0000000086600000| Untracked 
| 103|0x0000000086700000, 0x0000000086700000, 0x0000000086800000|  0%| F|  |TAMS 0x0000000086700000, 0x0000000086700000| Untracked 
| 104|0x0000000086800000, 0x0000000086800000, 0x0000000086900000|  0%| F|  |TAMS 0x0000000086800000, 0x0000000086800000| Untracked 
| 105|0x0000000086900000, 0x0000000086900000, 0x0000000086a00000|  0%| F|  |TAMS 0x0000000086900000, 0x0000000086900000| Untracked 
| 106|0x0000000086a00000, 0x0000000086a00000, 0x0000000086b00000|  0%| F|  |TAMS 0x0000000086a00000, 0x0000000086a00000| Untracked 
| 107|0x0000000086b00000, 0x0000000086b00000, 0x0000000086c00000|  0%| F|  |TAMS 0x0000000086b00000, 0x0000000086b00000| Untracked 
| 108|0x0000000086c00000, 0x0000000086c00000, 0x0000000086d00000|  0%| F|  |TAMS 0x0000000086c00000, 0x0000000086c00000| Untracked 
| 109|0x0000000086d00000, 0x0000000086d00000, 0x0000000086e00000|  0%| F|  |TAMS 0x0000000086d00000, 0x0000000086d00000| Untracked 
| 110|0x0000000086e00000, 0x0000000086e00000, 0x0000000086f00000|  0%| F|  |TAMS 0x0000000086e00000, 0x0000000086e00000| Untracked 
| 111|0x0000000086f00000, 0x0000000086f00000, 0x0000000087000000|  0%| F|  |TAMS 0x0000000086f00000, 0x0000000086f00000| Untracked 
| 112|0x0000000087000000, 0x0000000087000000, 0x0000000087100000|  0%| F|  |TAMS 0x0000000087000000, 0x0000000087000000| Untracked 
| 113|0x0000000087100000, 0x0000000087100000, 0x0000000087200000|  0%| F|  |TAMS 0x0000000087100000, 0x0000000087100000| Untracked 
| 114|0x0000000087200000, 0x0000000087200000, 0x0000000087300000|  0%| F|  |TAMS 0x0000000087200000, 0x0000000087200000| Untracked 
| 115|0x0000000087300000, 0x0000000087300000, 0x0000000087400000|  0%| F|  |TAMS 0x0000000087300000, 0x0000000087300000| Untracked 
| 116|0x0000000087400000, 0x0000000087400000, 0x0000000087500000|  0%| F|  |TAMS 0x0000000087400000, 0x0000000087400000| Untracked 
| 117|0x0000000087500000, 0x0000000087500000, 0x0000000087600000|  0%| F|  |TAMS 0x0000000087500000, 0x0000000087500000| Untracked 
| 118|0x0000000087600000, 0x0000000087600000, 0x0000000087700000|  0%| F|  |TAMS 0x0000000087600000, 0x0000000087600000| Untracked 
| 119|0x0000000087700000, 0x0000000087700000, 0x0000000087800000|  0%| F|  |TAMS 0x0000000087700000, 0x0000000087700000| Untracked 
| 120|0x0000000087800000, 0x0000000087800000, 0x0000000087900000|  0%| F|  |TAMS 0x0000000087800000, 0x0000000087800000| Untracked 
| 121|0x0000000087900000, 0x0000000087900000, 0x0000000087a00000|  0%| F|  |TAMS 0x0000000087900000, 0x0000000087900000| Untracked 
| 122|0x0000000087a00000, 0x0000000087a00000, 0x0000000087b00000|  0%| F|  |TAMS 0x0000000087a00000, 0x0000000087a00000| Untracked 
| 123|0x0000000087b00000, 0x0000000087b00000, 0x0000000087c00000|  0%| F|  |TAMS 0x0000000087b00000, 0x0000000087b00000| Untracked 
| 124|0x0000000087c00000, 0x0000000087c7e620, 0x0000000087d00000| 49%| S|  |TAMS 0x0000000087c00000, 0x0000000087c00000| Complete 
| 125|0x0000000087d00000, 0x0000000087e00000, 0x0000000087e00000|100%| S|  |TAMS 0x0000000087d00000, 0x0000000087d00000| Complete 
| 126|0x0000000087e00000, 0x0000000087f00000, 0x0000000087f00000|100%| S|  |TAMS 0x0000000087e00000, 0x0000000087e00000| Complete 
| 127|0x0000000087f00000, 0x0000000088000000, 0x0000000088000000|100%| S|  |TAMS 0x0000000087f00000, 0x0000000087f00000| Complete 
| 128|0x0000000088000000, 0x0000000088100000, 0x0000000088100000|100%| S|  |TAMS 0x0000000088000000, 0x0000000088000000| Complete 
| 129|0x0000000088100000, 0x0000000088200000, 0x0000000088200000|100%| S|  |TAMS 0x0000000088100000, 0x0000000088100000| Complete 
| 130|0x0000000088200000, 0x0000000088300000, 0x0000000088300000|100%| E|CS|TAMS 0x0000000088200000, 0x0000000088300000| Complete 
| 131|0x0000000088300000, 0x0000000088400000, 0x0000000088400000|100%| E|CS|TAMS 0x0000000088300000, 0x0000000088400000| Complete 
| 132|0x0000000088400000, 0x0000000088500000, 0x0000000088500000|100%| E|CS|TAMS 0x0000000088400000, 0x0000000088500000| Complete 
| 133|0x0000000088500000, 0x0000000088600000, 0x0000000088600000|100%| E|CS|TAMS 0x0000000088500000, 0x0000000088600000| Complete 
| 134|0x0000000088600000, 0x0000000088700000, 0x0000000088700000|100%| E|CS|TAMS 0x0000000088600000, 0x0000000088700000| Complete 
| 135|0x0000000088700000, 0x0000000088800000, 0x0000000088800000|100%| E|CS|TAMS 0x0000000088700000, 0x0000000088800000| Complete 
| 136|0x0000000088800000, 0x0000000088900000, 0x0000000088900000|100%| E|CS|TAMS 0x0000000088800000, 0x0000000088900000| Complete 
| 137|0x0000000088900000, 0x0000000088a00000, 0x0000000088a00000|100%| E|CS|TAMS 0x0000000088900000, 0x0000000088a00000| Complete 
| 138|0x0000000088a00000, 0x0000000088b00000, 0x0000000088b00000|100%| E|CS|TAMS 0x0000000088a00000, 0x0000000088b00000| Complete 
| 139|0x0000000088b00000, 0x0000000088c00000, 0x0000000088c00000|100%| E|CS|TAMS 0x0000000088b00000, 0x0000000088c00000| Complete 
| 140|0x0000000088c00000, 0x0000000088d00000, 0x0000000088d00000|100%| E|CS|TAMS 0x0000000088c00000, 0x0000000088d00000| Complete 
| 141|0x0000000088d00000, 0x0000000088e00000, 0x0000000088e00000|100%| E|CS|TAMS 0x0000000088d00000, 0x0000000088e00000| Complete 
| 142|0x0000000088e00000, 0x0000000088f00000, 0x0000000088f00000|100%| E|CS|TAMS 0x0000000088e00000, 0x0000000088f00000| Complete 
| 143|0x0000000088f00000, 0x0000000089000000, 0x0000000089000000|100%| E|CS|TAMS 0x0000000088f00000, 0x0000000089000000| Complete 
| 144|0x0000000089000000, 0x0000000089100000, 0x0000000089100000|100%| E|CS|TAMS 0x0000000089000000, 0x0000000089100000| Complete 
| 145|0x0000000089100000, 0x0000000089200000, 0x0000000089200000|100%| E|CS|TAMS 0x0000000089100000, 0x0000000089200000| Complete 
| 146|0x0000000089200000, 0x0000000089300000, 0x0000000089300000|100%| E|CS|TAMS 0x0000000089200000, 0x0000000089300000| Complete 
| 147|0x0000000089300000, 0x0000000089400000, 0x0000000089400000|100%| E|CS|TAMS 0x0000000089300000, 0x0000000089400000| Complete 
| 148|0x0000000089400000, 0x0000000089500000, 0x0000000089500000|100%| E|CS|TAMS 0x0000000089400000, 0x0000000089500000| Complete 
| 149|0x0000000089500000, 0x0000000089600000, 0x0000000089600000|100%| E|CS|TAMS 0x0000000089500000, 0x0000000089600000| Complete 
| 150|0x0000000089600000, 0x0000000089700000, 0x0000000089700000|100%| E|CS|TAMS 0x0000000089600000, 0x0000000089700000| Complete 
| 151|0x0000000089700000, 0x0000000089800000, 0x0000000089800000|100%| E|CS|TAMS 0x0000000089700000, 0x0000000089800000| Complete 
| 152|0x0000000089800000, 0x0000000089900000, 0x0000000089900000|100%| E|CS|TAMS 0x0000000089800000, 0x0000000089900000| Complete 
| 153|0x0000000089900000, 0x0000000089a00000, 0x0000000089a00000|100%| E|CS|TAMS 0x0000000089900000, 0x0000000089a00000| Complete 
| 154|0x0000000089a00000, 0x0000000089b00000, 0x0000000089b00000|100%| E|CS|TAMS 0x0000000089a00000, 0x0000000089b00000| Complete 
| 155|0x0000000089b00000, 0x0000000089c00000, 0x0000000089c00000|100%| E|CS|TAMS 0x0000000089b00000, 0x0000000089c00000| Complete 
| 156|0x0000000089c00000, 0x0000000089d00000, 0x0000000089d00000|100%| E|CS|TAMS 0x0000000089c00000, 0x0000000089d00000| Complete 
| 157|0x0000000089d00000, 0x0000000089e00000, 0x0000000089e00000|100%| E|CS|TAMS 0x0000000089d00000, 0x0000000089e00000| Complete 
| 158|0x0000000089e00000, 0x0000000089f00000, 0x0000000089f00000|100%| E|CS|TAMS 0x0000000089e00000, 0x0000000089f00000| Complete 
| 159|0x0000000089f00000, 0x000000008a000000, 0x000000008a000000|100%| E|CS|TAMS 0x0000000089f00000, 0x000000008a000000| Complete 
| 160|0x000000008a000000, 0x000000008a100000, 0x000000008a100000|100%| E|CS|TAMS 0x000000008a000000, 0x000000008a100000| Complete 
| 161|0x000000008a100000, 0x000000008a200000, 0x000000008a200000|100%| E|CS|TAMS 0x000000008a100000, 0x000000008a200000| Complete 
| 162|0x000000008a200000, 0x000000008a300000, 0x000000008a300000|100%| E|CS|TAMS 0x000000008a200000, 0x000000008a300000| Complete 
| 163|0x000000008a300000, 0x000000008a400000, 0x000000008a400000|100%| E|CS|TAMS 0x000000008a300000, 0x000000008a400000| Complete 
| 164|0x000000008a400000, 0x000000008a500000, 0x000000008a500000|100%| E|CS|TAMS 0x000000008a400000, 0x000000008a500000| Complete 
| 165|0x000000008a500000, 0x000000008a600000, 0x000000008a600000|100%| E|CS|TAMS 0x000000008a500000, 0x000000008a600000| Complete 
| 166|0x000000008a600000, 0x000000008a700000, 0x000000008a700000|100%| E|CS|TAMS 0x000000008a600000, 0x000000008a700000| Complete 
| 167|0x000000008a700000, 0x000000008a800000, 0x000000008a800000|100%| E|CS|TAMS 0x000000008a700000, 0x000000008a800000| Complete 
| 168|0x000000008a800000, 0x000000008a900000, 0x000000008a900000|100%| E|CS|TAMS 0x000000008a800000, 0x000000008a900000| Complete 
| 169|0x000000008a900000, 0x000000008aa00000, 0x000000008aa00000|100%| E|CS|TAMS 0x000000008a900000, 0x000000008aa00000| Complete 
| 170|0x000000008aa00000, 0x000000008ab00000, 0x000000008ab00000|100%| E|CS|TAMS 0x000000008aa00000, 0x000000008ab00000| Complete 
| 171|0x000000008ab00000, 0x000000008ac00000, 0x000000008ac00000|100%| E|CS|TAMS 0x000000008ab00000, 0x000000008ac00000| Complete 
| 172|0x000000008ac00000, 0x000000008ad00000, 0x000000008ad00000|100%| E|CS|TAMS 0x000000008ac00000, 0x000000008ad00000| Complete 
| 173|0x000000008ad00000, 0x000000008ae00000, 0x000000008ae00000|100%| E|CS|TAMS 0x000000008ad00000, 0x000000008ae00000| Complete 
| 174|0x000000008ae00000, 0x000000008af00000, 0x000000008af00000|100%| E|CS|TAMS 0x000000008ae00000, 0x000000008af00000| Complete 
| 175|0x000000008af00000, 0x000000008b000000, 0x000000008b000000|100%| E|CS|TAMS 0x000000008af00000, 0x000000008b000000| Complete 
| 176|0x000000008b000000, 0x000000008b100000, 0x000000008b100000|100%| E|CS|TAMS 0x000000008b000000, 0x000000008b100000| Complete 
| 177|0x000000008b100000, 0x000000008b200000, 0x000000008b200000|100%| E|CS|TAMS 0x000000008b100000, 0x000000008b200000| Complete 
| 178|0x000000008b200000, 0x000000008b300000, 0x000000008b300000|100%| E|CS|TAMS 0x000000008b200000, 0x000000008b300000| Complete 
| 179|0x000000008b300000, 0x000000008b400000, 0x000000008b400000|100%| E|CS|TAMS 0x000000008b300000, 0x000000008b400000| Complete 
| 180|0x000000008b400000, 0x000000008b500000, 0x000000008b500000|100%| E|CS|TAMS 0x000000008b400000, 0x000000008b500000| Complete 
| 181|0x000000008b500000, 0x000000008b600000, 0x000000008b600000|100%| E|CS|TAMS 0x000000008b500000, 0x000000008b600000| Complete 
| 182|0x000000008b600000, 0x000000008b700000, 0x000000008b700000|100%| E|CS|TAMS 0x000000008b600000, 0x000000008b700000| Complete 
| 183|0x000000008b700000, 0x000000008b800000, 0x000000008b800000|100%| E|CS|TAMS 0x000000008b700000, 0x000000008b800000| Complete 
| 184|0x000000008b800000, 0x000000008b900000, 0x000000008b900000|100%| E|CS|TAMS 0x000000008b800000, 0x000000008b900000| Complete 

Card table byte_map: [0x0000020095bc0000,0x0000020095fc0000] _byte_map_base: 0x00000200957c0000

Marking Bits (Prev, Next): (CMBitMap*) 0x0000020082cd2448, (CMBitMap*) 0x0000020082cd2480
 Prev Bits: [0x00000200963c0000, 0x00000200983c0000)
 Next Bits: [0x00000200983c0000, 0x000002009a3c0000)

Polling page: 0x0000020080bc0000

Metaspace:

Usage:
  Non-class:     65.94 MB capacity,    64.79 MB ( 98%) used,   989.59 KB (  1%) free+waste,   186.38 KB ( <1%) overhead. 
      Class:     10.10 MB capacity,     9.46 MB ( 94%) used,   572.10 KB (  6%) free+waste,    84.38 KB ( <1%) overhead. 
       Both:     76.03 MB capacity,    74.24 MB ( 98%) used,     1.53 MB (  2%) free+waste,   270.75 KB ( <1%) overhead. 

Virtual space:
  Non-class space:       68.00 MB reserved,      66.01 MB ( 97%) committed 
      Class space:        1.00 GB reserved,      10.12 MB ( <1%) committed 
             Both:        1.07 GB reserved,      76.13 MB (  7%) committed 

Chunk freelists:
   Non-Class:  10.00 KB
       Class:  28.00 KB
        Both:  38.00 KB

MaxMetaspaceSize: 17179869184.00 GB
CompressedClassSpaceSize: 1.00 GB
Initial GC threshold: 20.80 MB
Current GC threshold: 125.22 MB
CDS: off

CodeHeap 'non-profiled nmethods': size=120064Kb used=5049Kb max_used=5049Kb free=115015Kb
 bounds [0x000002008e280000, 0x000002008e770000, 0x00000200957c0000]
CodeHeap 'profiled nmethods': size=120000Kb used=19460Kb max_used=19460Kb free=100539Kb
 bounds [0x0000020086d50000, 0x0000020088060000, 0x000002008e280000]
CodeHeap 'non-nmethods': size=5696Kb used=2351Kb max_used=2416Kb free=3344Kb
 bounds [0x00000200867c0000, 0x0000020086a30000, 0x0000020086d50000]
 total_blobs=9641 nmethods=8778 adapters=775
 compilation: enabled
              stopped_count=0, restarted_count=0
 full_count=0

Compilation events (20 events):
Event: 23.661 Thread 0x000002009c8db800 8810       3       com.google.common.base.AbstractIterator::next (34 bytes)
Event: 23.661 Thread 0x000002009c8db800 nmethod 8810 0x000002008804d990 code [0x000002008804db60, 0x000002008804de38]
Event: 23.661 Thread 0x000002009c8db800 8812       3       com.google.common.base.Splitter$1$1::separatorEnd (4 bytes)
Event: 23.661 Thread 0x000002009c8db800 nmethod 8812 0x000002008804df90 code [0x000002008804e140, 0x000002008804e238]
Event: 23.662 Thread 0x000002009c8d1800 nmethod 8793% 0x000002008e76d190 code [0x000002008e76d360, 0x000002008e76dc18]
Event: 23.662 Thread 0x000002009c8d1800 8800       4       org.gradle.internal.snapshot.SnapshotUtil::getMetadataFromChildren (317 bytes)
Event: 23.673 Thread 0x000002009c8db800 8813       3       org.objectweb.asm.AnnotationVisitor::<init> (66 bytes)
Event: 23.674 Thread 0x000002009c8db800 nmethod 8813 0x000002008804e310 code [0x000002008804e580, 0x000002008804ef58]
Event: 23.687 Thread 0x000002009c8db800 8814       3       org.gradle.api.internal.artifacts.ivyservice.ivyresolve.CachingModuleComponentRepository::getName (10 bytes)
Event: 23.687 Thread 0x000002009c8db800 nmethod 8814 0x000002008804f290 code [0x000002008804f440, 0x000002008804f608]
Event: 23.687 Thread 0x000002009c8db800 8815       1       java.net.URI::getHost (5 bytes)
Event: 23.687 Thread 0x000002009c8db800 nmethod 8815 0x000002008e76e110 code [0x000002008e76e2c0, 0x000002008e76e378]
Event: 23.688 Thread 0x000002009c8db800 8816       3       org.gradle.api.internal.artifacts.ivyservice.ivyresolve.ErrorHandlingModuleComponentRepository::getName (10 bytes)
Event: 23.688 Thread 0x000002009c8db800 nmethod 8816 0x000002008804f710 code [0x000002008804f8c0, 0x000002008804fa88]
Event: 23.688 Thread 0x000002009c8db800 8817       3       org.gradle.api.internal.artifacts.ivyservice.ivyresolve.BaseModuleComponentRepository::getName (10 bytes)
Event: 23.688 Thread 0x000002009c8db800 nmethod 8817 0x000002008804fb90 code [0x000002008804fd40, 0x000002008804ff08]
Event: 23.690 Thread 0x000002009c8db800 8818       3       org.gradle.internal.component.model.MultipleCandidateMatcher::getCandidateValue (71 bytes)
Event: 23.691 Thread 0x000002009c8db800 nmethod 8818 0x0000020088050010 code [0x0000020088050240, 0x0000020088050938]
Event: 23.694 Thread 0x000002009c8db800 8819       3       org.gradle.internal.resource.cached.AbstractCachedIndex::assertKeyNotNull (15 bytes)
Event: 23.694 Thread 0x000002009c8db800 nmethod 8819 0x0000020088050c10 code [0x0000020088050de0, 0x0000020088050fe8]

GC Heap History (20 events):
Event: 12.134 GC heap after
{Heap after GC invocations=11 (full 0):
 garbage-first heap   total 131072K, used 44845K [0x0000000080000000, 0x0000000100000000)
  region size 1024K, 8 young (8192K), 8 survivors (8192K)
 Metaspace       used 42834K, capacity 43829K, committed 43984K, reserved 1087488K
  class space    used 5399K, capacity 5731K, committed 5760K, reserved 1048576K
}
Event: 13.571 GC heap before
{Heap before GC invocations=11 (full 0):
 garbage-first heap   total 131072K, used 104237K [0x0000000080000000, 0x0000000100000000)
  region size 1024K, 58 young (59392K), 8 survivors (8192K)
 Metaspace       used 50034K, capacity 51235K, committed 51280K, reserved 1093632K
  class space    used 6237K, capacity 6613K, committed 6656K, reserved 1048576K
}
Event: 13.590 GC heap after
{Heap after GC invocations=12 (full 0):
 garbage-first heap   total 131072K, used 62464K [0x0000000080000000, 0x0000000100000000)
  region size 1024K, 8 young (8192K), 8 survivors (8192K)
 Metaspace       used 50034K, capacity 51235K, committed 51280K, reserved 1093632K
  class space    used 6237K, capacity 6613K, committed 6656K, reserved 1048576K
}
Event: 14.568 GC heap before
{Heap before GC invocations=12 (full 0):
 garbage-first heap   total 131072K, used 101376K [0x0000000080000000, 0x0000000100000000)
  region size 1024K, 47 young (48128K), 8 survivors (8192K)
 Metaspace       used 54381K, capacity 55644K, committed 55760K, reserved 1097728K
  class space    used 6793K, capacity 7205K, committed 7296K, reserved 1048576K
}
Event: 14.583 GC heap after
{Heap after GC invocations=13 (full 0):
 garbage-first heap   total 157696K, used 66908K [0x0000000080000000, 0x0000000100000000)
  region size 1024K, 4 young (4096K), 4 survivors (4096K)
 Metaspace       used 54381K, capacity 55644K, committed 55760K, reserved 1097728K
  class space    used 6793K, capacity 7205K, committed 7296K, reserved 1048576K
}
Event: 15.549 GC heap before
{Heap before GC invocations=13 (full 0):
 garbage-first heap   total 157696K, used 94556K [0x0000000080000000, 0x0000000100000000)
  region size 1024K, 31 young (31744K), 4 survivors (4096K)
 Metaspace       used 58887K, capacity 60115K, committed 60296K, reserved 1101824K
  class space    used 7295K, capacity 7738K, committed 7808K, reserved 1048576K
}
Event: 15.566 GC heap after
{Heap after GC invocations=14 (full 0):
 garbage-first heap   total 157696K, used 68210K [0x0000000080000000, 0x0000000100000000)
  region size 1024K, 6 young (6144K), 6 survivors (6144K)
 Metaspace       used 58887K, capacity 60115K, committed 60296K, reserved 1101824K
  class space    used 7295K, capacity 7738K, committed 7808K, reserved 1048576K
}
Event: 16.596 GC heap before
{Heap before GC invocations=15 (full 0):
 garbage-first heap   total 157696K, used 115314K [0x0000000080000000, 0x0000000100000000)
  region size 1024K, 52 young (53248K), 6 survivors (6144K)
 Metaspace       used 62182K, capacity 63580K, committed 63880K, reserved 1105920K
  class space    used 7740K, capacity 8252K, committed 8320K, reserved 1048576K
}
Event: 16.624 GC heap after
{Heap after GC invocations=16 (full 0):
 garbage-first heap   total 157696K, used 72255K [0x0000000080000000, 0x0000000100000000)
  region size 1024K, 6 young (6144K), 6 survivors (6144K)
 Metaspace       used 62182K, capacity 63580K, committed 63880K, reserved 1105920K
  class space    used 7740K, capacity 8252K, committed 8320K, reserved 1048576K
}
Event: 17.953 GC heap before
{Heap before GC invocations=17 (full 0):
 garbage-first heap   total 157696K, used 119359K [0x0000000080000000, 0x0000000100000000)
  region size 1024K, 52 young (53248K), 6 survivors (6144K)
 Metaspace       used 67285K, capacity 68776K, committed 69000K, reserved 1110016K
  class space    used 8536K, capacity 9081K, committed 9088K, reserved 1048576K
}
Event: 17.970 GC heap after
{Heap after GC invocations=18 (full 0):
 garbage-first heap   total 157696K, used 75822K [0x0000000080000000, 0x0000000100000000)
  region size 1024K, 4 young (4096K), 4 survivors (4096K)
 Metaspace       used 67285K, capacity 68776K, committed 69000K, reserved 1110016K
  class space    used 8536K, capacity 9081K, committed 9088K, reserved 1048576K
}
Event: 19.169 GC heap before
{Heap before GC invocations=18 (full 0):
 garbage-first heap   total 157696K, used 121902K [0x0000000080000000, 0x0000000100000000)
  region size 1024K, 49 young (50176K), 4 survivors (4096K)
 Metaspace       used 71633K, capacity 73235K, committed 73480K, reserved 1114112K
  class space    used 9144K, capacity 9696K, committed 9728K, reserved 1048576K
}
Event: 19.184 GC heap after
{Heap after GC invocations=19 (full 0):
 garbage-first heap   total 157696K, used 78307K [0x0000000080000000, 0x0000000100000000)
  region size 1024K, 7 young (7168K), 7 survivors (7168K)
 Metaspace       used 71633K, capacity 73235K, committed 73480K, reserved 1114112K
  class space    used 9144K, capacity 9696K, committed 9728K, reserved 1048576K
}
Event: 19.957 GC heap before
{Heap before GC invocations=20 (full 0):
 garbage-first heap   total 157696K, used 124387K [0x0000000080000000, 0x0000000100000000)
  region size 1024K, 52 young (53248K), 7 survivors (7168K)
 Metaspace       used 72489K, capacity 74102K, committed 74120K, reserved 1114112K
  class space    used 9281K, capacity 9853K, committed 9856K, reserved 1048576K
}
Event: 19.980 GC heap after
{Heap after GC invocations=21 (full 0):
 garbage-first heap   total 157696K, used 83904K [0x0000000080000000, 0x0000000100000000)
  region size 1024K, 7 young (7168K), 7 survivors (7168K)
 Metaspace       used 72489K, capacity 74102K, committed 74120K, reserved 1114112K
  class space    used 9281K, capacity 9853K, committed 9856K, reserved 1048576K
}
Event: 21.499 GC heap before
{Heap before GC invocations=21 (full 0):
 garbage-first heap   total 157696K, used 126912K [0x0000000080000000, 0x0000000100000000)
  region size 1024K, 49 young (50176K), 7 survivors (7168K)
 Metaspace       used 74774K, capacity 76681K, committed 76936K, reserved 1116160K
  class space    used 9608K, capacity 10267K, committed 10368K, reserved 1048576K
}
Event: 21.530 GC heap after
{Heap after GC invocations=22 (full 0):
 garbage-first heap   total 189440K, used 90967K [0x0000000080000000, 0x0000000100000000)
  region size 1024K, 7 young (7168K), 7 survivors (7168K)
 Metaspace       used 74774K, capacity 76681K, committed 76936K, reserved 1116160K
  class space    used 9608K, capacity 10267K, committed 10368K, reserved 1048576K
}
Event: 22.511 GC heap before
{Heap before GC invocations=23 (full 0):
 garbage-first heap   total 189440K, used 141143K [0x0000000080000000, 0x0000000100000000)
  region size 1024K, 57 young (58368K), 7 survivors (7168K)
 Metaspace       used 75036K, capacity 76882K, committed 77192K, reserved 1116160K
  class space    used 9608K, capacity 10267K, committed 10368K, reserved 1048576K
}
Event: 22.528 GC heap after
{Heap after GC invocations=24 (full 0):
 garbage-first heap   total 189440K, used 94119K [0x0000000080000000, 0x0000000100000000)
  region size 1024K, 5 young (5120K), 5 survivors (5120K)
 Metaspace       used 75036K, capacity 76882K, committed 77192K, reserved 1116160K
  class space    used 9608K, capacity 10267K, committed 10368K, reserved 1048576K
}
Event: 23.740 GC heap before
{Heap before GC invocations=24 (full 0):
 garbage-first heap   total 189440K, used 144295K [0x0000000080000000, 0x0000000100000000)
  region size 1024K, 55 young (56320K), 5 survivors (5120K)
 Metaspace       used 76025K, capacity 77858K, committed 77960K, reserved 1118208K
  class space    used 9683K, capacity 10340K, committed 10368K, reserved 1048576K
}

Deoptimization events (20 events):
Event: 23.502 Thread 0x00000200a2b31000 Uncommon trap: trap_request=0xffffffde fr.pc=0x000002008e73ec64 relative=0x0000000000000a44
Event: 23.502 Thread 0x00000200a2b31000 Uncommon trap: reason=class_check action=maybe_recompile pc=0x000002008e73ec64 method=com.google.common.cache.LocalCache$Segment.get(Ljava/lang/Object;I)Ljava/lang/Object; @ 49 c2
Event: 23.502 Thread 0x00000200a2b31000 DEOPT PACKING pc=0x000002008e73ec64 sp=0x0000009a876fbbf0
Event: 23.502 Thread 0x00000200a2b31000 DEOPT UNPACKING pc=0x000002008680a1af sp=0x0000009a876fbb40 mode 2
Event: 23.505 Thread 0x00000200a2b31000 Uncommon trap: trap_request=0xffffffde fr.pc=0x000002008e73ec64 relative=0x0000000000000a44
Event: 23.505 Thread 0x00000200a2b31000 Uncommon trap: reason=class_check action=maybe_recompile pc=0x000002008e73ec64 method=com.google.common.cache.LocalCache$Segment.get(Ljava/lang/Object;I)Ljava/lang/Object; @ 49 c2
Event: 23.505 Thread 0x00000200a2b31000 DEOPT PACKING pc=0x000002008e73ec64 sp=0x0000009a876fbbf0
Event: 23.505 Thread 0x00000200a2b31000 DEOPT UNPACKING pc=0x000002008680a1af sp=0x0000009a876fbb40 mode 2
Event: 23.636 Thread 0x00000200a2b31000 Uncommon trap: trap_request=0xffffff4d fr.pc=0x000002008e72d218 relative=0x0000000000000078
Event: 23.636 Thread 0x00000200a2b31000 Uncommon trap: reason=unstable_if action=reinterpret pc=0x000002008e72d218 method=org.gradle.internal.fingerprint.impl.DefaultFileSystemLocationFingerprint.hashForType(Lorg/gradle/internal/file/FileType;Lorg/gradle/internal/hash/HashCode;)Lorg/gradle/inte
Event: 23.636 Thread 0x00000200a2b31000 DEOPT PACKING pc=0x000002008e72d218 sp=0x0000009a876fca70
Event: 23.636 Thread 0x00000200a2b31000 DEOPT UNPACKING pc=0x000002008680a1af sp=0x0000009a876fca00 mode 2
Event: 23.640 Thread 0x00000200a2b31000 Uncommon trap: trap_request=0xffffffd6 fr.pc=0x000002008e75dd40 relative=0x0000000000000780
Event: 23.640 Thread 0x00000200a2b31000 Uncommon trap: reason=array_check action=maybe_recompile pc=0x000002008e75dd40 method=java.util.TimSort.binarySort([Ljava/lang/Object;IIILjava/util/Comparator;)V @ 193 c2
Event: 23.640 Thread 0x00000200a2b31000 DEOPT PACKING pc=0x000002008e75dd40 sp=0x0000009a876facf0
Event: 23.640 Thread 0x00000200a2b31000 DEOPT UNPACKING pc=0x000002008680a1af sp=0x0000009a876fac98 mode 2
Event: 23.711 Thread 0x00000200a2b31000 Uncommon trap: trap_request=0xffffffd6 fr.pc=0x000002008e75dd40 relative=0x0000000000000780
Event: 23.711 Thread 0x00000200a2b31000 Uncommon trap: reason=array_check action=maybe_recompile pc=0x000002008e75dd40 method=java.util.TimSort.binarySort([Ljava/lang/Object;IIILjava/util/Comparator;)V @ 193 c2
Event: 23.711 Thread 0x00000200a2b31000 DEOPT PACKING pc=0x000002008e75dd40 sp=0x0000009a876fa9e0
Event: 23.711 Thread 0x00000200a2b31000 DEOPT UNPACKING pc=0x000002008680a1af sp=0x0000009a876fa988 mode 2

Classes redefined (0 events):
No events

Internal exceptions (20 events):
Event: 20.181 Thread 0x000002009e64c000 Exception <a 'java/lang/NoSuchMethodError'{0x0000000088e996e8}: <clinit>> (0x0000000088e996e8) thrown at [src/hotspot/share/prims/jni.cpp, line 1367]
Event: 20.187 Thread 0x000002009e64c000 Exception <a 'java/lang/NoSuchMethodError'{0x0000000088ead1b8}: <clinit>> (0x0000000088ead1b8) thrown at [src/hotspot/share/prims/jni.cpp, line 1367]
Event: 20.187 Thread 0x000002009e64c000 Exception <a 'java/lang/NoSuchMethodError'{0x0000000088eae938}: <clinit>> (0x0000000088eae938) thrown at [src/hotspot/share/prims/jni.cpp, line 1367]
Event: 20.194 Thread 0x000002009e63c800 Exception <a 'java/lang/NoSuchMethodError'{0x0000000088e4a640}: 'java.lang.Object java.lang.invoke.DirectMethodHandle$Holder.invokeSpecial(java.lang.Object, java.lang.Object, java.lang.Object, java.lang.Object, java.lang.Object, java.lang.Object, java.lang.Object, java.lang.Object, java.lang.Object)'> (0x0000000088e4a640) thrown at [src/hotspot/share/interpreter/linkResolver.cpp, line 773]
Event: 20.194 Thread 0x000002009e63c800 Exception <a 'java/lang/NoSuchMethodError'{0x0000000088e4ed88}: 'java.lang.Object java.lang.invoke.Invokers$Holder.linkToTargetMethod(java.lang.Object, java.lang.Object, java.lang.Object, java.lang.Object, java.lang.Object, java.lang.Object, java.lang.Object, java.lang.Object)'> (0x0000000088e4ed88) thrown at [src/hotspot/share/interpreter/linkResolver.cpp, line 773]
Event: 20.383 Thread 0x000002009e64c000 Exception <a 'java/lang/NoSuchMethodError'{0x0000000088c09fb0}: <clinit>> (0x0000000088c09fb0) thrown at [src/hotspot/share/prims/jni.cpp, line 1367]
Event: 20.525 Thread 0x000002009e63c800 Exception <a 'java/lang/NoSuchMethodError'{0x00000000889c9938}: 'void java.lang.invoke.DirectMethodHandle$Holder.invokeVirtual(java.lang.Object, java.lang.Object)'> (0x00000000889c9938) thrown at [src/hotspot/share/interpreter/linkResolver.cpp, line 773]
Event: 20.570 Thread 0x000002009e63c800 Exception <a 'java/lang/NoSuchMethodError'{0x00000000887d9cf0}: <clinit>> (0x00000000887d9cf0) thrown at [src/hotspot/share/prims/jni.cpp, line 1367]
Event: 20.572 Thread 0x000002009e63c800 Exception <a 'java/lang/NoSuchMethodError'{0x00000000887ee130}: <clinit>> (0x00000000887ee130) thrown at [src/hotspot/share/prims/jni.cpp, line 1367]
Event: 21.254 Thread 0x00000200a2b26800 Exception <a 'java/lang/NoSuchMethodError'{0x0000000087968358}: 'java.lang.Object java.lang.invoke.DirectMethodHandle$Holder.invokeSpecialIFC(java.lang.Object, java.lang.Object, java.lang.Object)'> (0x0000000087968358) thrown at [src/hotspot/share/interpreter/linkResolver.cpp, line 773]
Event: 21.254 Thread 0x00000200a2b23000 Exception <a 'java/lang/NoSuchMethodError'{0x000000008795f0e0}: 'java.lang.Object java.lang.invoke.DirectMethodHandle$Holder.invokeSpecialIFC(java.lang.Object, java.lang.Object, java.lang.Object)'> (0x000000008795f0e0) thrown at [src/hotspot/share/interpreter/linkResolver.cpp, line 773]
Event: 21.254 Thread 0x00000200a2b29000 Exception <a 'java/lang/NoSuchMethodError'{0x0000000087948c80}: 'java.lang.Object java.lang.invoke.DirectMethodHandle$Holder.invokeSpecialIFC(java.lang.Object, java.lang.Object, java.lang.Object)'> (0x0000000087948c80) thrown at [src/hotspot/share/interpreter/linkResolver.cpp, line 773]
Event: 21.255 Thread 0x00000200a2b2e800 Exception <a 'java/lang/NoSuchMethodError'{0x0000000087afc998}: 'java.lang.Object java.lang.invoke.DirectMethodHandle$Holder.invokeSpecialIFC(java.lang.Object, java.lang.Object, java.lang.Object)'> (0x0000000087afc998) thrown at [src/hotspot/share/interpreter/linkResolver.cpp, line 773]
Event: 21.350 Thread 0x00000200a2b2e800 Exception <a 'java/lang/NoSuchMethodError'{0x0000000087562cb8}: 'java.lang.Object java.lang.invoke.DirectMethodHandle$Holder.invokeSpecial(java.lang.Object, java.lang.Object, java.lang.Object, java.lang.Object, java.lang.Object, java.lang.Object, java.lang.Object, java.lang.Object, java.lang.Object, java.lang.Object, java.lang.Object, java.lang.Object, java.lang.Object)'> (0x0000000087562cb8) thrown at [src/hotspot/share/interpreter/linkResolver.cpp, line 773]
Event: 21.355 Thread 0x00000200a2b2e800 Exception <a 'java/lang/NoSuchMethodError'{0x000000008757dd38}: 'java.lang.Object java.lang.invoke.DirectMethodHandle$Holder.invokeSpecial(java.lang.Object, java.lang.Object, java.lang.Object, java.lang.Object, java.lang.Object, java.lang.Object, java.lang.Object, java.lang.Object, java.lang.Object, java.lang.Object, java.lang.Object, java.lang.Object)'> (0x000000008757dd38) thrown at [src/hotspot/share/interpreter/linkResolver.cpp, line 773]
Event: 21.357 Thread 0x00000200a2b23000 Exception <a 'java/lang/NoSuchMethodError'{0x0000000087519960}: 'java.lang.Object java.lang.invoke.Invokers$Holder.linkToTargetMethod(java.lang.Object, java.lang.Object, java.lang.Object, java.lang.Object, java.lang.Object, java.lang.Object, java.lang.Object, java.lang.Object, java.lang.Object, java.lang.Object, java.lang.Object)'> (0x0000000087519960) thrown at [src/hotspot/share/interpreter/linkResolver.cpp, line 773]
Event: 21.359 Thread 0x00000200a2b2e800 Exception <a 'java/lang/NoSuchMethodError'{0x0000000087582b90}: 'java.lang.Object java.lang.invoke.Invokers$Holder.linkToTargetMethod(java.lang.Object, java.lang.Object, java.lang.Object, java.lang.Object, java.lang.Object, java.lang.Object, java.lang.Object, java.lang.Object, java.lang.Object, java.lang.Object, java.lang.Object)'> (0x0000000087582b90) thrown at [src/hotspot/share/interpreter/linkResolver.cpp, line 773]
Event: 21.368 Thread 0x00000200a2b26800 Exception <a 'java/lang/NoSuchMethodError'{0x000000008742c0e8}: 'java.lang.Object java.lang.invoke.Invokers$Holder.linkToTargetMethod(java.lang.Object, java.lang.Object, java.lang.Object, java.lang.Object, java.lang.Object, java.lang.Object, java.lang.Object, java.lang.Object, java.lang.Object, java.lang.Object, java.lang.Object, java.lang.Object)'> (0x000000008742c0e8) thrown at [src/hotspot/share/interpreter/linkResolver.cpp, line 773]
Event: 21.368 Thread 0x00000200a2b29000 Exception <a 'java/lang/NoSuchMethodError'{0x00000000875ef148}: 'java.lang.Object java.lang.invoke.Invokers$Holder.linkToTargetMethod(java.lang.Object, java.lang.Object, java.lang.Object, java.lang.Object, java.lang.Object, java.lang.Object, java.lang.Object, java.lang.Object, java.lang.Object, java.lang.Object, java.lang.Object, java.lang.Object)'> (0x00000000875ef148) thrown at [src/hotspot/share/interpreter/linkResolver.cpp, line 773]
Event: 23.200 Thread 0x00000200a2b2e800 Exception <a 'java/lang/NoSuchMethodError'{0x00000000897644b8}: <clinit>> (0x00000000897644b8) thrown at [src/hotspot/share/prims/jni.cpp, line 1367]

Events (20 events):
Event: 23.727 loading class com/android/ide/common/resources/configuration/TouchScreenQualifier done
Event: 23.728 loading class com/android/ide/common/resources/configuration/NavigationStateQualifier
Event: 23.728 loading class com/android/ide/common/resources/configuration/NavigationStateQualifier done
Event: 23.732 loading class com/android/resources/ResourceFolderType
Event: 23.732 loading class com/android/resources/ResourceFolderType done
Event: 23.733 Executing VM operation: RevokeBias
Event: 23.733 Executing VM operation: RevokeBias done
Event: 23.733 Executing VM operation: RevokeBias
Event: 23.734 Executing VM operation: RevokeBias done
Event: 23.736 loading class com/android/ide/common/resources/FileResourceNameValidator
Event: 23.736 loading class com/android/ide/common/resources/FileResourceNameValidator done
Event: 23.737 loading class com/android/utils/SdkUtils
Event: 23.737 loading class com/android/utils/SdkUtils done
Event: 23.737 Executing VM operation: RevokeBias
Event: 23.737 Executing VM operation: RevokeBias done
Event: 23.738 Executing VM operation: RevokeBias
Event: 23.738 Executing VM operation: RevokeBias done
Event: 23.739 loading class com/android/ide/common/resources/ValueResourceParser2
Event: 23.739 loading class com/android/ide/common/resources/ValueResourceParser2 done
Event: 23.740 Executing VM operation: G1CollectForAllocation


Dynamic libraries:
0x00007ff6e6580000 - 0x00007ff6e658a000 	C:\Program Files\Android\Android Studio\jbr\bin\java.exe
0x00007ff95b150000 - 0x00007ff95b348000 	C:\Windows\SYSTEM32\ntdll.dll
0x00007ff95a820000 - 0x00007ff95a8df000 	C:\Windows\System32\KERNEL32.DLL
0x00007ff958e50000 - 0x00007ff959122000 	C:\Windows\System32\KERNELBASE.dll
0x00007ff9589c0000 - 0x00007ff958ac0000 	C:\Windows\System32\ucrtbase.dll
0x00007ff93a7b0000 - 0x00007ff93a7cb000 	C:\Program Files\Android\Android Studio\jbr\bin\VCRUNTIME140.dll
0x00007ff93a7d0000 - 0x00007ff93a7e7000 	C:\Program Files\Android\Android Studio\jbr\bin\jli.dll
0x00007ff95af60000 - 0x00007ff95b101000 	C:\Windows\System32\USER32.dll
0x00007ff949460000 - 0x00007ff9496fa000 	C:\Windows\WinSxS\amd64_microsoft.windows.common-controls_6595b64144ccf1df_6.0.19041.1110_none_60b5254171f9507e\COMCTL32.dll
0x00007ff958990000 - 0x00007ff9589b2000 	C:\Windows\System32\win32u.dll
0x00007ff959440000 - 0x00007ff9594de000 	C:\Windows\System32\msvcrt.dll
0x00007ff959d40000 - 0x00007ff959d6b000 	C:\Windows\System32\GDI32.dll
0x00007ff958d10000 - 0x00007ff958e1f000 	C:\Windows\System32\gdi32full.dll
0x00007ff958c20000 - 0x00007ff958cbd000 	C:\Windows\System32\msvcp_win.dll
0x00007ff95ade0000 - 0x00007ff95ae10000 	C:\Windows\System32\IMM32.DLL
0x00007ff949960000 - 0x00007ff94996c000 	C:\Program Files\Android\Android Studio\jbr\bin\vcruntime140_1.dll
0x00007ff92e230000 - 0x00007ff92e2bd000 	C:\Program Files\Android\Android Studio\jbr\bin\msvcp140.dll
0x00007ff8ffbe0000 - 0x00007ff90079c000 	C:\Program Files\Android\Android Studio\jbr\bin\server\jvm.dll
0x00007ff9594e0000 - 0x00007ff95958e000 	C:\Windows\System32\ADVAPI32.dll
0x00007ff95aec0000 - 0x00007ff95af5c000 	C:\Windows\System32\sechost.dll
0x00007ff959260000 - 0x00007ff959384000 	C:\Windows\System32\RPCRT4.dll
0x00007ff95a810000 - 0x00007ff95a818000 	C:\Windows\System32\PSAPI.DLL
0x00007ff952350000 - 0x00007ff952359000 	C:\Windows\SYSTEM32\WSOCK32.dll
0x00007ff93f4e0000 - 0x00007ff93f507000 	C:\Windows\SYSTEM32\WINMM.dll
0x00007ff95a8e0000 - 0x00007ff95a94b000 	C:\Windows\System32\WS2_32.dll
0x00007ff94dc90000 - 0x00007ff94dc9a000 	C:\Windows\SYSTEM32\VERSION.dll
0x00007ff956710000 - 0x00007ff956722000 	C:\Windows\SYSTEM32\kernel.appcore.dll
0x00007ff949100000 - 0x00007ff949110000 	C:\Program Files\Android\Android Studio\jbr\bin\verify.dll
0x00007ff950bf0000 - 0x00007ff950dd4000 	C:\Windows\SYSTEM32\DBGHELP.DLL
0x00007ff944af0000 - 0x00007ff944b25000 	C:\Windows\SYSTEM32\dbgcore.DLL
0x00007ff958850000 - 0x00007ff9588d2000 	C:\Windows\System32\bcryptPrimitives.dll
0x00007ff901510000 - 0x00007ff901538000 	C:\Program Files\Android\Android Studio\jbr\bin\java.dll
0x00007ff947f30000 - 0x00007ff947f3a000 	C:\Program Files\Android\Android Studio\jbr\bin\jimage.dll
0x00007ff901320000 - 0x00007ff901338000 	C:\Program Files\Android\Android Studio\jbr\bin\zip.dll
0x00007ff9595f0000 - 0x00007ff959d35000 	C:\Windows\System32\SHELL32.dll
0x00007ff956910000 - 0x00007ff9570a2000 	C:\Windows\SYSTEM32\windows.storage.dll
0x00007ff95a950000 - 0x00007ff95aca5000 	C:\Windows\System32\combase.dll
0x00007ff9581d0000 - 0x00007ff958200000 	C:\Windows\SYSTEM32\Wldp.dll
0x00007ff959390000 - 0x00007ff95943d000 	C:\Windows\System32\SHCORE.dll
0x00007ff959df0000 - 0x00007ff959e45000 	C:\Windows\System32\shlwapi.dll
0x00007ff958790000 - 0x00007ff9587af000 	C:\Windows\SYSTEM32\profapi.dll
0x00007ff901300000 - 0x00007ff901319000 	C:\Program Files\Android\Android Studio\jbr\bin\net.dll
0x00007ff94eff0000 - 0x00007ff94f0fa000 	C:\Windows\SYSTEM32\WINHTTP.dll
0x00007ff957f30000 - 0x00007ff957f9a000 	C:\Windows\system32\mswsock.dll
0x00007ff9012e0000 - 0x00007ff9012f3000 	C:\Program Files\Android\Android Studio\jbr\bin\nio.dll
0x00007ff954380000 - 0x00007ff9543a6000 	C:\Users\Rushabh Desai\.gradle\native\31\windows-amd64\native-platform.dll
0x00007ff947b90000 - 0x00007ff947b9a000 	C:\Program Files\Android\Android Studio\jbr\bin\management.dll
0x00007ff93ecf0000 - 0x00007ff93ecfb000 	C:\Program Files\Android\Android Studio\jbr\bin\management_ext.dll
0x00007ff958120000 - 0x00007ff958138000 	C:\Windows\SYSTEM32\CRYPTSP.dll
0x00007ff957850000 - 0x00007ff957884000 	C:\Windows\system32\rsaenh.dll
0x00007ff958e20000 - 0x00007ff958e47000 	C:\Windows\System32\bcrypt.dll
0x00007ff958750000 - 0x00007ff95877e000 	C:\Windows\SYSTEM32\USERENV.dll
0x00007ff958140000 - 0x00007ff95814c000 	C:\Windows\SYSTEM32\CRYPTBASE.dll
0x00007ff957c20000 - 0x00007ff957c5b000 	C:\Windows\SYSTEM32\IPHLPAPI.DLL
0x00007ff95add0000 - 0x00007ff95add8000 	C:\Windows\System32\NSI.dll
0x00007ff9516d0000 - 0x00007ff9516e7000 	C:\Windows\SYSTEM32\dhcpcsvc6.DLL
0x00007ff951650000 - 0x00007ff95166d000 	C:\Windows\SYSTEM32\dhcpcsvc.DLL
0x00007ff957c60000 - 0x00007ff957d2b000 	C:\Windows\SYSTEM32\DNSAPI.dll

dbghelp: loaded successfully - version: 4.0.5 - missing functions: none
symbol engine: initialized successfully - sym options: 0x614 - pdb path: .;C:\Program Files\Android\Android Studio\jbr\bin;C:\Windows\SYSTEM32;C:\Windows\WinSxS\amd64_microsoft.windows.common-controls_6595b64144ccf1df_6.0.19041.1110_none_60b5254171f9507e;C:\Program Files\Android\Android Studio\jbr\bin\server;C:\Users\Rushabh Desai\.gradle\native\31\windows-amd64

VM Arguments:
jvm_args: --add-opens=java.base/java.util=ALL-UNNAMED --add-opens=java.base/java.lang=ALL-UNNAMED --add-opens=java.base/java.lang.invoke=ALL-UNNAMED --add-opens=java.prefs/java.util.prefs=ALL-UNNAMED -Xmx2048m -Dfile.encoding=UTF-8 -Duser.country=IN -Duser.language=en -Duser.variant 
java_command: org.gradle.launcher.daemon.bootstrap.GradleDaemon 6.1.1
java_class_path (initial): C:\Users\Rushabh Desai\.gradle\wrapper\dists\gradle-6.1.1-all\cfmwm155h49vnt3hynmlrsdst\gradle-6.1.1\lib\gradle-launcher-6.1.1.jar
Launcher Type: SUN_STANDARD

[Global flags]
     intx CICompilerCount                          = 3                                         {product} {ergonomic}
     uint ConcGCThreads                            = 1                                         {product} {ergonomic}
     uint G1ConcRefinementThreads                  = 4                                         {product} {ergonomic}
   size_t G1HeapRegionSize                         = 1048576                                   {product} {ergonomic}
    uintx GCDrainStackTargetSize                   = 64                                        {product} {ergonomic}
   size_t InitialHeapSize                          = 134217728                                 {product} {ergonomic}
   size_t MarkStackSize                            = 4194304                                   {product} {ergonomic}
   size_t MaxHeapSize                              = 2147483648                                {product} {command line}
   size_t MaxNewSize                               = 1287651328                                {product} {ergonomic}
   size_t MinHeapDeltaBytes                        = 1048576                                   {product} {ergonomic}
    uintx NonNMethodCodeHeapSize                   = 5830732                                {pd product} {ergonomic}
    uintx NonProfiledCodeHeapSize                  = 122913754                              {pd product} {ergonomic}
    uintx ProfiledCodeHeapSize                     = 122913754                              {pd product} {ergonomic}
    uintx ReservedCodeCacheSize                    = 251658240                              {pd product} {ergonomic}
     bool SegmentedCodeCache                       = true                                      {product} {ergonomic}
     bool UseCompressedClassPointers               = true                                 {lp64_product} {ergonomic}
     bool UseCompressedOops                        = true                                 {lp64_product} {ergonomic}
     bool UseG1GC                                  = true                                      {product} {ergonomic}
     bool UseLargePagesIndividualAllocation        = false                                  {pd product} {ergonomic}

Logging:
Log output configuration:
 #0: stdout all=warning uptime,level,tags
 #1: stderr all=off uptime,level,tags

Environment Variables:
PATH=C:\Program Files\Common Files\Oracle\Java\javapath;C:\Windows\system32;C:\Windows;C:\Windows\System32\Wbem;C:\Windows\System32\WindowsPowerShell\v1.0\;C:\Windows\System32\OpenSSH\;C:\Program Files\Git\cmd;C:\Program Files\dotnet\;C:\Program Files\Android\Android Studio1\jre\bin;C:\Users\Rushabh Desai\AppData\Local\GitHubDesktop\bin;C:\ProgramData\Rushabh Desai\GitHubDesktop\bin
USERNAME=Rushabh Desai
OS=Windows_NT
PROCESSOR_IDENTIFIER=Intel64 Family 6 Model 58 Stepping 9, GenuineIntel



---------------  S Y S T E M  ---------------

OS: Windows 10 , 64 bit Build 19041 (10.0.19041.2546)
OS uptime: 0 days 2:11 hours

CPU:total 4 (initial active 4) (2 cores per cpu, 2 threads per core) family 6 model 58 stepping 9 microcode 0x21, cmov, cx8, fxsr, mmx, sse, sse2, sse3, ssse3, sse4.1, sse4.2, popcnt, avx, clmul, erms, ht, tsc, tscinvbit, tscinv

Memory: 4k page, system-wide physical 8077M (889M free)
TotalPageFile size 17542M (AvailPageFile size 4627M)
current process WorkingSet (physical memory assigned to process): 408M, peak: 410M
current process commit charge ("private bytes"): 438M, peak: 440M

vm_info: OpenJDK 64-Bit Server VM (11.0.15+0-b2043.56-9505619) for windows-amd64 JRE (11.0.15+0-b2043.56-9505619), built on Jan 19 2023 02:48:00 by "builduser" with unknown MS VC++:1929

END.
