#
# A fatal error has been detected by the Java Runtime Environment:
#
#  EXCEPTION_ACCESS_VIOLATION (0xc0000005) at pc=0x00007ffbeae9505d, pid=8472, tid=12340
#
# JRE version: OpenJDK Runtime Environment (11.0.11+9) (build 11.0.11+9-b60-7590822)
# Java VM: OpenJDK 64-Bit Server VM (11.0.11+9-b60-7590822, mixed mode, tiered, compressed oops, g1 gc, windows-amd64)
# Problematic frame:
# V  [jvm.dll+0x2d505d]
#
# No core dump will be written. Minidumps are not enabled by default on client versions of Windows
#
# If you would like to submit a bug report, please visit:
#   https://bugreport.java.com/bugreport/crash.jsp
#

---------------  S U M M A R Y ------------

Command Line: --add-opens=java.base/java.util=ALL-UNNAMED --add-opens=java.base/java.lang=ALL-UNNAMED --add-opens=java.base/java.lang.invoke=ALL-UNNAMED --add-opens=java.prefs/java.util.prefs=ALL-UNNAMED -Xmx2048m -Dfile.encoding=UTF-8 -Duser.country=IN -Duser.language=en -Duser.variant org.gradle.launcher.daemon.bootstrap.GradleDaemon 6.1.1

Host: Intel(R) Core(TM) i3-3120M CPU @ 2.50GHz, 4 cores, 7G,  Windows 10 , 64 bit Build 19041 (10.0.19041.2546)
Time: Mon Mar  6 11:23:00 2023 India Standard Time elapsed time: 30.036028 seconds (0d 0h 0m 30s)

---------------  T H R E A D  ---------------

Current thread (0x0000024936997000):  GCTaskThread "GC Thread#3" [stack: 0x000000f08d600000,0x000000f08d700000] [id=12340]

Stack: [0x000000f08d600000,0x000000f08d700000],  sp=0x000000f08d6fee80,  free space=1019k
Native frames: (J=compiled Java code, j=interpreted, Vv=VM code, C=native code)
V  [jvm.dll+0x2d505d]
V  [jvm.dll+0x2ffa8f]
V  [jvm.dll+0x300738]
V  [jvm.dll+0x310b1c]
V  [jvm.dll+0x1d0c24]
V  [jvm.dll+0x1d0a85]
V  [jvm.dll+0x1d0b53]
V  [jvm.dll+0x2fe5bd]
V  [jvm.dll+0x1d164a]
V  [jvm.dll+0x311b1b]
V  [jvm.dll+0x3116c8]
V  [jvm.dll+0x2de252]
V  [jvm.dll+0x74d230]
V  [jvm.dll+0x6e80b5]
V  [jvm.dll+0x5f1036]
C  [ucrtbase.dll+0x21bb2]
C  [KERNEL32.DLL+0x17614]
C  [ntdll.dll+0x526a1]


siginfo: EXCEPTION_ACCESS_VIOLATION (0xc0000005), reading address 0x00000000000000f8


Register to memory mapping:

RIP=0x00007ffbeae9505d jvm.dll
RAX=0x000002491adf3380 points into unknown readable memory: 0x0000000000000000 | 00 00 00 00 00 00 00 00
RBX=0x00000249399d8650 points into unknown readable memory: 0x00007ffbeb3e71a8 | a8 71 3e eb fb 7f 00 00
RCX=0x0 is NULL
RDX=0x000002491ae6f7a0 points into unknown readable memory: 0x00007ffbeb3eec20 | 20 ec 3e eb fb 7f 00 00
RSP=0x000000f08d6fee80 points into unknown readable memory: 0x0000000000000010 | 10 00 00 00 00 00 00 00
RBP=0x0000000100002308 is pointing into metadata
RSI=0x00000249399d87c0 points into unknown readable memory: 0x00007ffbeb3e7160 | 60 71 3e eb fb 7f 00 00
RDI=0x0000000084401d5c is pointing into object: java.lang.Class 
{0x0000000084401d50} - klass: 'java/lang/Class'
R8 =0x0000000084401d84 is pointing into object: java.lang.Class 
{0x0000000084401d50} - klass: 'java/lang/Class'
R9 =0x0 is NULL
R10=0x0000000084401d84 is pointing into object: java.lang.Class 
{0x0000000084401d50} - klass: 'java/lang/Class'
R11=0x00000249399d87c0 points into unknown readable memory: 0x00007ffbeb3e7160 | 60 71 3e eb fb 7f 00 00
R12=0x000000000000000e is an unknown value
R13=0x0 is NULL
R14=0x0000000100002308 is pointing into metadata
R15=0x0000000084401d50 is an oop: java.lang.Class 
{0x0000000084401d50} - klass: 'java/lang/Class'


Registers:
RAX=0x000002491adf3380, RBX=0x00000249399d8650, RCX=0x0000000000000000, RDX=0x000002491ae6f7a0
RSP=0x000000f08d6fee80, RBP=0x0000000100002308, RSI=0x00000249399d87c0, RDI=0x0000000084401d5c
R8 =0x0000000084401d84, R9 =0x0000000000000000, R10=0x0000000084401d84, R11=0x00000249399d87c0
R12=0x000000000000000e, R13=0x0000000000000000, R14=0x0000000100002308, R15=0x0000000084401d50
RIP=0x00007ffbeae9505d, EFLAGS=0x0000000000010247

Top of Stack: (sp=0x000000f08d6fee80)
0x000000f08d6fee80:   0000000000000010 0000000084401d35
0x000000f08d6fee90:   000002491ade5470 0000000084401819
0x000000f08d6feea0:   0000000084401d84 00007ffbeaebfa8f
0x000000f08d6feeb0:   0000000084401d34 00007ffbeaec09c2
0x000000f08d6feec0:   0000000084401818 0000000000000001
0x000000f08d6feed0:   0000000086602008 0000000000000001
0x000000f08d6feee0:   0000000084401d50 00007ffbeaec0738
0x000000f08d6feef0:   0000000000000002 0000004dcfdf2d09
0x000000f08d6fef00:   00000249399d8650 0000006569e60d09
0x000000f08d6fef10:   0000000000000000 00000000000000b0
0x000000f08d6fef20:   00000001000000a8 0000004dcfdf2d09
0x000000f08d6fef30:   0000000000000000 00000249379f2560
0x000000f08d6fef40:   00000249379f2550 0000024936e4d318
0x000000f08d6fef50:   0000000000000000 0000000000000003
0x000000f08d6fef60:   000002491ade0a40 00007ffbeaed0b1c
0x000000f08d6fef70:   0000024936e4d318 000000f08d6ff001 

Instructions: (pc=0x00007ffbeae9505d)
0x00007ffbeae94f5d:   74 24 38 48 83 c4 20 5f c3 cc cc cc cc cc cc cc
0x00007ffbeae94f6d:   cc cc cc 48 89 5c 24 08 57 48 83 ec 20 48 8b 41
0x00007ffbeae94f7d:   18 48 8b da 48 83 cb 01 48 8b d3 48 8b 78 10 48
0x00007ffbeae94f8d:   8b cf e8 5c 7b 00 00 84 c0 75 29 48 81 c7 90 00
0x00007ffbeae94f9d:   00 00 48 8b 47 08 48 39 47 20 75 08 48 8b cf e8
0x00007ffbeae94fad:   9f f3 f5 ff 48 8b 4f 20 48 8b 47 38 48 89 1c c8
0x00007ffbeae94fbd:   48 ff 47 20 48 8b 5c 24 30 48 83 c4 20 5f c3 cc
0x00007ffbeae94fcd:   cc cc cc 48 89 5c 24 08 57 48 83 ec 20 48 8b 79
0x00007ffbeae94fdd:   10 48 8b da 48 83 cb 01 48 8b cf 48 8b d3 e8 00
0x00007ffbeae94fed:   7b 00 00 84 c0 75 29 48 81 c7 90 00 00 00 48 8b
0x00007ffbeae94ffd:   47 08 48 39 47 20 75 08 48 8b cf e8 43 f3 f5 ff
0x00007ffbeae9500d:   48 8b 4f 20 48 8b 47 38 48 89 1c c8 48 ff 47 20
0x00007ffbeae9501d:   48 8b 5c 24 30 48 83 c4 20 5f c3 cc cc cc cc cc
0x00007ffbeae9502d:   cc cc cc 40 53 48 83 ec 20 8b 82 04 01 00 00 48
0x00007ffbeae9503d:   8b d9 d1 e8 a8 01 75 6b 48 8b 41 08 8b 88 c0 02
0x00007ffbeae9504d:   00 00 48 8b 80 b0 02 00 00 49 d3 e9 4a 8b 0c c8
0x00007ffbeae9505d:   48 8b 81 f8 00 00 00 83 b8 18 01 00 00 00 74 43
0x00007ffbeae9506d:   48 8b 4b 50 48 89 7c 24 30 49 c1 e8 09 48 8b 79
0x00007ffbeae9507d:   48 48 2b 79 40 49 03 f8 48 8b d7 e8 93 c1 ff ff
0x00007ffbeae9508d:   84 c0 74 1a 80 7b 28 00 48 8d 4b 18 74 10 48 8b
0x00007ffbeae9509d:   43 50 48 8b 50 40 48 03 d7 e8 95 67 36 00 48 8b
0x00007ffbeae950ad:   7c 24 30 48 83 c4 20 5b c3 cc cc cc cc cc cc cc
0x00007ffbeae950bd:   cc cc cc 48 89 5c 24 08 48 89 74 24 10 57 48 83
0x00007ffbeae950cd:   ec 20 48 63 fa 48 8d 05 b7 c3 54 00 45 33 c0 48
0x00007ffbeae950dd:   89 01 48 8b f1 89 79 08 48 8b df 48 8d 0c fd 00
0x00007ffbeae950ed:   00 00 00 41 8d 50 05 e8 77 e8 dd ff 45 33 db 48
0x00007ffbeae950fd:   89 46 10 4c 8d 4e 10 4c 8b d0 45 8b c3 85 ff 7e
0x00007ffbeae9510d:   56 83 ff 02 72 51 8d 4f ff 48 63 d1 48 8d 04 d0
0x00007ffbeae9511d:   4d 3b d1 77 05 49 3b c1 73 3d 8b c7 25 01 00 00
0x00007ffbeae9512d:   80 7d 07 ff c8 83 c8 fe ff c0 2b f8 0f 1f 80 00
0x00007ffbeae9513d:   00 00 00 41 83 c0 02 44 3b c7 7c f7 8d 47 01 49
0x00007ffbeae9514d:   8b fa 99 2b c2 d1 f8 48 63 c8 48 c1 e1 04 48 c1 


Stack slot to memory mapping:
stack at sp + 0 slots: 0x0000000000000010 is an unknown value
stack at sp + 1 slots: 0x0000000084401d35 is pointing into object: java.lang.Module 
{0x0000000084401d18} - klass: 'java/lang/Module'
stack at sp + 2 slots: 0x000002491ade5470 points into unknown readable memory: 0x000000000000065a | 5a 06 00 00 00 00 00 00
stack at sp + 3 slots: 0x0000000084401819 is pointing into object: [Ljava.lang.Object; 
{0x0000000084401808} - klass: 'java/lang/Object'[]
 - length: 1
stack at sp + 4 slots: 0x0000000084401d84 is pointing into object: java.lang.Class 
{0x0000000084401d50} - klass: 'java/lang/Class'
stack at sp + 5 slots: 0x00007ffbeaebfa8f jvm.dll
stack at sp + 6 slots: 0x0000000084401d34 is pointing into object: java.lang.Module 
{0x0000000084401d18} - klass: 'java/lang/Module'
stack at sp + 7 slots: 0x00007ffbeaec09c2 jvm.dll


---------------  P R O C E S S  ---------------

Threads class SMR info:
_java_thread_list=0x000002493b3d1df0, length=41, elements={
0x000002491adcb000, 0x00000249349b0000, 0x00000249349b1000, 0x00000249349c6000,
0x00000249349c6800, 0x00000249349c9800, 0x00000249349cf800, 0x00000249349d0800,
0x00000249349fd800, 0x0000024935488000, 0x0000024937000000, 0x0000024936263800,
0x0000024936362800, 0x0000024936c8c800, 0x000002493585d000, 0x00000249370ff800,
0x0000024936e2d800, 0x0000024936524000, 0x0000024936a5e000, 0x0000024936c82800,
0x0000024936c83000, 0x0000024936c7d800, 0x0000024936c7e000, 0x0000024936c81800,
0x0000024936c80000, 0x0000024936c84000, 0x0000024936c80800, 0x0000024936c7f000,
0x0000024937676000, 0x0000024937675000, 0x0000024937672800, 0x0000024937670000,
0x0000024937676800, 0x0000024937671000, 0x0000024937674000, 0x0000024937677800,
0x000002493ca39000, 0x0000024937679000, 0x0000024937673800, 0x000002493767a800,
0x000002493767d000
}

Java Threads: ( => current thread )
  0x000002491adcb000 JavaThread "main" [_thread_blocked, id=9516, stack(0x000000f08b800000,0x000000f08b900000)]
  0x00000249349b0000 JavaThread "Reference Handler" daemon [_thread_blocked, id=2328, stack(0x000000f08bf00000,0x000000f08c000000)]
  0x00000249349b1000 JavaThread "Finalizer" daemon [_thread_blocked, id=8164, stack(0x000000f08c000000,0x000000f08c100000)]
  0x00000249349c6000 JavaThread "Signal Dispatcher" daemon [_thread_blocked, id=11580, stack(0x000000f08c100000,0x000000f08c200000)]
  0x00000249349c6800 JavaThread "Attach Listener" daemon [_thread_blocked, id=1428, stack(0x000000f08c200000,0x000000f08c300000)]
  0x00000249349c9800 JavaThread "Service Thread" daemon [_thread_blocked, id=1484, stack(0x000000f08c300000,0x000000f08c400000)]
  0x00000249349cf800 JavaThread "C2 CompilerThread0" daemon [_thread_blocked, id=8444, stack(0x000000f08c400000,0x000000f08c500000)]
  0x00000249349d0800 JavaThread "C1 CompilerThread0" daemon [_thread_blocked, id=7772, stack(0x000000f08c500000,0x000000f08c600000)]
  0x00000249349fd800 JavaThread "Sweeper thread" daemon [_thread_blocked, id=9604, stack(0x000000f08c600000,0x000000f08c700000)]
  0x0000024935488000 JavaThread "Common-Cleaner" daemon [_thread_blocked, id=13972, stack(0x000000f08c700000,0x000000f08c800000)]
  0x0000024937000000 JavaThread "Daemon health stats" [_thread_blocked, id=8148, stack(0x000000f08cc00000,0x000000f08cd00000)]
  0x0000024936263800 JavaThread "Incoming local TCP Connector on port 49318" [_thread_in_native, id=4244, stack(0x000000f08cd00000,0x000000f08ce00000)]
  0x0000024936362800 JavaThread "Daemon periodic checks" [_thread_blocked, id=8892, stack(0x000000f08ce00000,0x000000f08cf00000)]
  0x0000024936c8c800 JavaThread "Daemon" [_thread_blocked, id=1060, stack(0x000000f08cf00000,0x000000f08d000000)]
  0x000002493585d000 JavaThread "Handler for socket connection from /127.0.0.1:49318 to /127.0.0.1:49319" [_thread_in_native, id=8160, stack(0x000000f08d000000,0x000000f08d100000)]
  0x00000249370ff800 JavaThread "Cancel handler" [_thread_blocked, id=12760, stack(0x000000f08d100000,0x000000f08d200000)]
  0x0000024936e2d800 JavaThread "Daemon worker" [_thread_blocked, id=2140, stack(0x000000f08d200000,0x000000f08d300000)]
  0x0000024936524000 JavaThread "Asynchronous log dispatcher for DefaultDaemonConnection: socket connection from /127.0.0.1:49318 to /127.0.0.1:49319" [_thread_blocked, id=3164, stack(0x000000f08d300000,0x000000f08d400000)]
  0x0000024936a5e000 JavaThread "Stdin handler" [_thread_blocked, id=9156, stack(0x000000f08d400000,0x000000f08d500000)]
  0x0000024936c82800 JavaThread "Thread-8" [_thread_blocked, id=13868, stack(0x000000f08d500000,0x000000f08d600000)]
  0x0000024936c83000 JavaThread "Cache worker for journal cache (C:\Users\Rushabh Desai\.gradle\caches\journal-1)" [_thread_blocked, id=11496, stack(0x000000f08cb00000,0x000000f08cc00000)]
  0x0000024936c7d800 JavaThread "File lock request listener" [_thread_in_native, id=13808, stack(0x000000f08d700000,0x000000f08d800000)]
  0x0000024936c7e000 JavaThread "Cache worker for file hash cache (C:\Users\Rushabh Desai\.gradle\caches\6.1.1\fileHashes)" [_thread_blocked, id=4528, stack(0x000000f08d800000,0x000000f08d900000)]
  0x0000024936c81800 JavaThread "Cache worker for checksums cache (C:\Users\Rushabh Desai\AndroidStudioProjects\payplexpos\.gradle\checksums)" [_thread_blocked, id=4376, stack(0x000000f08da00000,0x000000f08db00000)]
  0x0000024936c80000 JavaThread "Cache worker for file hash cache (C:\Users\Rushabh Desai\AndroidStudioProjects\payplexpos\.gradle\6.1.1\fileHashes)" [_thread_blocked, id=13864, stack(0x000000f08db00000,0x000000f08dc00000)]
  0x0000024936c84000 JavaThread "Cache worker for cache directory md-supplier (C:\Users\Rushabh Desai\.gradle\caches\6.1.1\md-supplier)" [_thread_blocked, id=11256, stack(0x000000f08d900000,0x000000f08da00000)]
  0x0000024936c80800 JavaThread "Cache worker for cache directory md-rule (C:\Users\Rushabh Desai\.gradle\caches\6.1.1\md-rule)" [_thread_blocked, id=11164, stack(0x000000f08dc00000,0x000000f08dd00000)]
  0x0000024936c7f000 JavaThread "Cache worker for execution history cache (C:\Users\Rushabh Desai\.gradle\caches\6.1.1\executionHistory)" [_thread_blocked, id=8324, stack(0x000000f08dd00000,0x000000f08de00000)]
  0x0000024937676000 JavaThread "Build operations" [_thread_blocked, id=9696, stack(0x000000f08de00000,0x000000f08df00000)]
  0x0000024937675000 JavaThread "Build operations Thread 2" [_thread_blocked, id=188, stack(0x000000f08df00000,0x000000f08e000000)]
  0x0000024937672800 JavaThread "Build operations Thread 3" [_thread_blocked, id=2236, stack(0x000000f08e000000,0x000000f08e100000)]
  0x0000024937670000 JavaThread "Build operations Thread 4" [_thread_blocked, id=7668, stack(0x000000f08e100000,0x000000f08e200000)]
  0x0000024937676800 JavaThread "Cache worker for Build Output Cleanup Cache (C:\Users\Rushabh Desai\AndroidStudioProjects\payplexpos\.gradle\buildOutputCleanup)" [_thread_blocked, id=916, stack(0x000000f08e200000,0x000000f08e300000)]
  0x0000024937671000 JavaThread "Memory manager" [_thread_blocked, id=14100, stack(0x000000f08e400000,0x000000f08e500000)]
  0x0000024937674000 JavaThread "Cache worker for file content cache (C:\Users\Rushabh Desai\.gradle\caches\6.1.1\fileContent)" [_thread_blocked, id=7352, stack(0x000000f08e500000,0x000000f08e600000)]
  0x0000024937677800 JavaThread "Cache worker for file content cache (C:\Users\Rushabh Desai\AndroidStudioProjects\payplexpos\.gradle\6.1.1\fileContent)" [_thread_blocked, id=928, stack(0x000000f08e600000,0x000000f08e700000)]
  0x000002493ca39000 JavaThread "C2 CompilerThread1" daemon [_thread_blocked, id=11820, stack(0x000000f08e300000,0x000000f08e400000)]
  0x0000024937679000 JavaThread "Execution worker for ':'" [_thread_blocked, id=12376, stack(0x000000f08e700000,0x000000f08e800000)]
  0x0000024937673800 JavaThread "Execution worker for ':' Thread 2" [_thread_blocked, id=6980, stack(0x000000f08e800000,0x000000f08e900000)]
  0x000002493767a800 JavaThread "Execution worker for ':' Thread 3" [_thread_blocked, id=14300, stack(0x000000f08e900000,0x000000f08ea00000)]
  0x000002493767d000 JavaThread "Cache worker for execution history cache (C:\Users\Rushabh Desai\AndroidStudioProjects\payplexpos\.gradle\6.1.1\executionHistory)" [_thread_blocked, id=11964, stack(0x000000f08ea00000,0x000000f08eb00000)]

Other Threads:
  0x0000024934971800 VMThread "VM Thread" [stack: 0x000000f08be00000,0x000000f08bf00000] [id=13780]
  0x00000249354e5800 WatcherThread [stack: 0x000000f08c800000,0x000000f08c900000] [id=2172]
  0x000002491ade4800 GCTaskThread "GC Thread#0" [stack: 0x000000f08b900000,0x000000f08ba00000] [id=3492]
  0x000002493564d000 GCTaskThread "GC Thread#1" [stack: 0x000000f08c900000,0x000000f08ca00000] [id=3852]
  0x0000024935c3d800 GCTaskThread "GC Thread#2" [stack: 0x000000f08ca00000,0x000000f08cb00000] [id=3248]
=>0x0000024936997000 GCTaskThread "GC Thread#3" [stack: 0x000000f08d600000,0x000000f08d700000] [id=12340]
  0x000002491ae13800 ConcurrentGCThread "G1 Main Marker" [stack: 0x000000f08ba00000,0x000000f08bb00000] [id=12816]
  0x000002491ae17800 ConcurrentGCThread "G1 Conc#0" [stack: 0x000000f08bb00000,0x000000f08bc00000] [id=1304]
  0x000002491aea4800 ConcurrentGCThread "G1 Refine#0" [stack: 0x000000f08bc00000,0x000000f08bd00000] [id=1648]
  0x000002491aea5800 ConcurrentGCThread "G1 Young RemSet Sampling" [stack: 0x000000f08bd00000,0x000000f08be00000] [id=12664]

Threads with active compile tasks:
C2 CompilerThread0  30109 7960       4       org.gradle.cache.internal.btree.FreeListBlockStore::read (12 bytes)
C2 CompilerThread1  30109 7959       4       org.gradle.cache.internal.btree.CachingBlockStore::read (56 bytes)

VM state:at safepoint (normal execution)

VM Mutex/Monitor currently owned by a thread:  ([mutex/lock_event])
[0x000002491adc6180] Threads_lock - owner thread: 0x0000024934971800
[0x000002491adc6f00] Heap_lock - owner thread: 0x0000024936c7e000

Heap address: 0x0000000080000000, size: 2048 MB, Compressed Oops mode: 32-bit
Narrow klass base: 0x0000000000000000, Narrow klass shift: 3
Compressed class space size: 1073741824 Address: 0x0000000100000000

Heap:
 garbage-first heap   total 157696K, used 126869K [0x0000000080000000, 0x0000000100000000)
  region size 1024K, 56 young (57344K), 7 survivors (7168K)
 Metaspace       used 74542K, capacity 76308K, committed 76496K, reserved 1116160K
  class space    used 9617K, capacity 10298K, committed 10368K, reserved 1048576K
Heap Regions: E=young(eden), S=young(survivor), O=old, HS=humongous(starts), HC=humongous(continues), CS=collection set, F=free, A=archive, TAMS=top-at-mark-start (previous, next)
|   0|0x0000000080000000, 0x0000000080100000, 0x0000000080100000|100%| O|  |TAMS 0x0000000080100000, 0x0000000080000000| Untracked 
|   1|0x0000000080100000, 0x0000000080200000, 0x0000000080200000|100%| O|  |TAMS 0x0000000080200000, 0x0000000080100000| Untracked 
|   2|0x0000000080200000, 0x0000000080300000, 0x0000000080300000|100%| O|  |TAMS 0x0000000080300000, 0x0000000080200000| Untracked 
|   3|0x0000000080300000, 0x0000000080400000, 0x0000000080400000|100%|HS|  |TAMS 0x0000000080400000, 0x0000000080300000| Complete 
|   4|0x0000000080400000, 0x0000000080500000, 0x0000000080500000|100%|HC|  |TAMS 0x0000000080500000, 0x0000000080400000| Complete 
|   5|0x0000000080500000, 0x0000000080600000, 0x0000000080600000|100%|HC|  |TAMS 0x0000000080600000, 0x0000000080500000| Complete 
|   6|0x0000000080600000, 0x0000000080700000, 0x0000000080700000|100%| O|  |TAMS 0x0000000080700000, 0x0000000080600000| Untracked 
|   7|0x0000000080700000, 0x0000000080800000, 0x0000000080800000|100%| O|  |TAMS 0x0000000080800000, 0x0000000080700000| Untracked 
|   8|0x0000000080800000, 0x0000000080900000, 0x0000000080900000|100%| O|  |TAMS 0x0000000080900000, 0x0000000080800000| Untracked 
|   9|0x0000000080900000, 0x0000000080a00000, 0x0000000080a00000|100%| O|  |TAMS 0x0000000080a00000, 0x0000000080900000| Untracked 
|  10|0x0000000080a00000, 0x0000000080b00000, 0x0000000080b00000|100%| O|  |TAMS 0x0000000080b00000, 0x0000000080a00000| Untracked 
|  11|0x0000000080b00000, 0x0000000080c00000, 0x0000000080c00000|100%| O|  |TAMS 0x0000000080c00000, 0x0000000080b00000| Untracked 
|  12|0x0000000080c00000, 0x0000000080d00000, 0x0000000080d00000|100%| O|  |TAMS 0x0000000080d00000, 0x0000000080c00000| Untracked 
|  13|0x0000000080d00000, 0x0000000080e00000, 0x0000000080e00000|100%|HS|  |TAMS 0x0000000080e00000, 0x0000000080d00000| Complete 
|  14|0x0000000080e00000, 0x0000000080f00000, 0x0000000080f00000|100%|HC|  |TAMS 0x0000000080f00000, 0x0000000080e00000| Complete 
|  15|0x0000000080f00000, 0x0000000081000000, 0x0000000081000000|100%|HS|  |TAMS 0x0000000081000000, 0x0000000080f00000| Complete 
|  16|0x0000000081000000, 0x0000000081100000, 0x0000000081100000|100%|HC|  |TAMS 0x0000000081100000, 0x0000000081000000| Complete 
|  17|0x0000000081100000, 0x0000000081200000, 0x0000000081200000|100%|HC|  |TAMS 0x0000000081200000, 0x0000000081100000| Complete 
|  18|0x0000000081200000, 0x0000000081300000, 0x0000000081300000|100%|HS|  |TAMS 0x0000000081300000, 0x0000000081200000| Complete 
|  19|0x0000000081300000, 0x0000000081400000, 0x0000000081400000|100%|HC|  |TAMS 0x0000000081400000, 0x0000000081300000| Complete 
|  20|0x0000000081400000, 0x0000000081500000, 0x0000000081500000|100%|HC|  |TAMS 0x0000000081500000, 0x0000000081400000| Complete 
|  21|0x0000000081500000, 0x0000000081600000, 0x0000000081600000|100%|HC|  |TAMS 0x0000000081600000, 0x0000000081500000| Complete 
|  22|0x0000000081600000, 0x0000000081700000, 0x0000000081700000|100%| O|  |TAMS 0x0000000081700000, 0x0000000081600000| Untracked 
|  23|0x0000000081700000, 0x0000000081800000, 0x0000000081800000|100%|HS|  |TAMS 0x0000000081800000, 0x0000000081700000| Complete 
|  24|0x0000000081800000, 0x0000000081900000, 0x0000000081900000|100%| O|  |TAMS 0x0000000081900000, 0x0000000081800000| Untracked 
|  25|0x0000000081900000, 0x0000000081a00000, 0x0000000081a00000|100%| O|  |TAMS 0x0000000081a00000, 0x0000000081900000| Untracked 
|  26|0x0000000081a00000, 0x0000000081b00000, 0x0000000081b00000|100%| O|  |TAMS 0x0000000081b00000, 0x0000000081a00000| Untracked 
|  27|0x0000000081b00000, 0x0000000081c00000, 0x0000000081c00000|100%| O|  |TAMS 0x0000000081c00000, 0x0000000081b00000| Untracked 
|  28|0x0000000081c00000, 0x0000000081d00000, 0x0000000081d00000|100%| O|  |TAMS 0x0000000081d00000, 0x0000000081c00000| Untracked 
|  29|0x0000000081d00000, 0x0000000081e00000, 0x0000000081e00000|100%| O|  |TAMS 0x0000000081e00000, 0x0000000081d00000| Untracked 
|  30|0x0000000081e00000, 0x0000000081f00000, 0x0000000081f00000|100%|HS|  |TAMS 0x0000000081f00000, 0x0000000081e00000| Complete 
|  31|0x0000000081f00000, 0x0000000082000000, 0x0000000082000000|100%|HC|  |TAMS 0x0000000082000000, 0x0000000081f00000| Complete 
|  32|0x0000000082000000, 0x0000000082100000, 0x0000000082100000|100%|HC|  |TAMS 0x0000000082100000, 0x0000000082000000| Complete 
|  33|0x0000000082100000, 0x0000000082200000, 0x0000000082200000|100%|HS|  |TAMS 0x0000000082200000, 0x0000000082100000| Complete 
|  34|0x0000000082200000, 0x0000000082300000, 0x0000000082300000|100%|HC|  |TAMS 0x0000000082300000, 0x0000000082200000| Complete 
|  35|0x0000000082300000, 0x0000000082400000, 0x0000000082400000|100%|HC|  |TAMS 0x0000000082400000, 0x0000000082300000| Complete 
|  36|0x0000000082400000, 0x0000000082500000, 0x0000000082500000|100%| O|  |TAMS 0x0000000082500000, 0x0000000082400000| Untracked 
|  37|0x0000000082500000, 0x0000000082600000, 0x0000000082600000|100%| O|  |TAMS 0x0000000082600000, 0x0000000082500000| Untracked 
|  38|0x0000000082600000, 0x0000000082700000, 0x0000000082700000|100%| O|  |TAMS 0x0000000082700000, 0x0000000082600000| Untracked 
|  39|0x0000000082700000, 0x0000000082800000, 0x0000000082800000|100%| O|  |TAMS 0x0000000082800000, 0x0000000082700000| Untracked 
|  40|0x0000000082800000, 0x0000000082900000, 0x0000000082900000|100%| O|  |TAMS 0x0000000082900000, 0x0000000082800000| Untracked 
|  41|0x0000000082900000, 0x0000000082a00000, 0x0000000082a00000|100%| O|  |TAMS 0x0000000082a00000, 0x0000000082900000| Untracked 
|  42|0x0000000082a00000, 0x0000000082b00000, 0x0000000082b00000|100%| O|  |TAMS 0x0000000082b00000, 0x0000000082a00000| Untracked 
|  43|0x0000000082b00000, 0x0000000082c00000, 0x0000000082c00000|100%|HS|  |TAMS 0x0000000082c00000, 0x0000000082b00000| Complete 
|  44|0x0000000082c00000, 0x0000000082d00000, 0x0000000082d00000|100%|HC|  |TAMS 0x0000000082d00000, 0x0000000082c00000| Complete 
|  45|0x0000000082d00000, 0x0000000082e00000, 0x0000000082e00000|100%| O|  |TAMS 0x0000000082e00000, 0x0000000082d00000| Untracked 
|  46|0x0000000082e00000, 0x0000000082f00000, 0x0000000082f00000|100%| O|  |TAMS 0x0000000082f00000, 0x0000000082e00000| Untracked 
|  47|0x0000000082f00000, 0x0000000083000000, 0x0000000083000000|100%| O|  |TAMS 0x0000000083000000, 0x0000000082f00000| Untracked 
|  48|0x0000000083000000, 0x0000000083100000, 0x0000000083100000|100%| O|  |TAMS 0x0000000083100000, 0x0000000083000000| Untracked 
|  49|0x0000000083100000, 0x0000000083200000, 0x0000000083200000|100%| O|  |TAMS 0x0000000083200000, 0x0000000083100000| Untracked 
|  50|0x0000000083200000, 0x0000000083300000, 0x0000000083300000|100%| O|  |TAMS 0x0000000083300000, 0x0000000083200000| Untracked 
|  51|0x0000000083300000, 0x0000000083400000, 0x0000000083400000|100%| O|  |TAMS 0x0000000083400000, 0x0000000083300000| Untracked 
|  52|0x0000000083400000, 0x0000000083500000, 0x0000000083500000|100%| O|  |TAMS 0x0000000083500000, 0x0000000083400000| Untracked 
|  53|0x0000000083500000, 0x0000000083600000, 0x0000000083600000|100%| O|  |TAMS 0x0000000083600000, 0x0000000083500000| Untracked 
|  54|0x0000000083600000, 0x0000000083700000, 0x0000000083700000|100%| O|  |TAMS 0x0000000083600000, 0x0000000083600000| Untracked 
|  55|0x0000000083700000, 0x0000000083800000, 0x0000000083800000|100%| O|  |TAMS 0x0000000083800000, 0x0000000083700000| Untracked 
|  56|0x0000000083800000, 0x0000000083900000, 0x0000000083900000|100%| O|  |TAMS 0x0000000083900000, 0x0000000083800000| Untracked 
|  57|0x0000000083900000, 0x0000000083a00000, 0x0000000083a00000|100%| O|  |TAMS 0x0000000083a00000, 0x0000000083900000| Untracked 
|  58|0x0000000083a00000, 0x0000000083b00000, 0x0000000083b00000|100%| O|  |TAMS 0x0000000083b00000, 0x0000000083a00000| Untracked 
|  59|0x0000000083b00000, 0x0000000083c00000, 0x0000000083c00000|100%| O|  |TAMS 0x0000000083b51800, 0x0000000083b00000| Untracked 
|  60|0x0000000083c00000, 0x0000000083d00000, 0x0000000083d00000|100%| O|  |TAMS 0x0000000083c00000, 0x0000000083c00000| Untracked 
|  61|0x0000000083d00000, 0x0000000083e00000, 0x0000000083e00000|100%| O|  |TAMS 0x0000000083d00000, 0x0000000083d00000| Untracked 
|  62|0x0000000083e00000, 0x0000000083f00000, 0x0000000083f00000|100%| O|  |TAMS 0x0000000083e00000, 0x0000000083e00000| Untracked 
|  63|0x0000000083f00000, 0x0000000084000000, 0x0000000084000000|100%| O|  |TAMS 0x0000000083f00000, 0x0000000083f00000| Untracked 
|  64|0x0000000084000000, 0x0000000084100000, 0x0000000084100000|100%| O|  |TAMS 0x0000000084000000, 0x0000000084000000| Untracked 
|  65|0x0000000084100000, 0x0000000084200000, 0x0000000084200000|100%| O|  |TAMS 0x0000000084100000, 0x0000000084100000| Untracked 
|  66|0x0000000084200000, 0x0000000084300000, 0x0000000084300000|100%| O|  |TAMS 0x0000000084200000, 0x0000000084200000| Untracked 
|  67|0x0000000084300000, 0x0000000084400000, 0x0000000084400000|100%| O|  |TAMS 0x0000000084300000, 0x0000000084300000| Untracked 
|  68|0x0000000084400000, 0x0000000084500000, 0x0000000084500000|100%| O|  |TAMS 0x0000000084400000, 0x0000000084400000| Untracked 
|  69|0x0000000084500000, 0x0000000084600000, 0x0000000084600000|100%| O|  |TAMS 0x0000000084500000, 0x0000000084500000| Untracked 
|  70|0x0000000084600000, 0x0000000084700000, 0x0000000084700000|100%| O|  |TAMS 0x0000000084600000, 0x0000000084600000| Untracked 
|  71|0x0000000084700000, 0x0000000084800000, 0x0000000084800000|100%| O|  |TAMS 0x0000000084700000, 0x0000000084700000| Untracked 
|  72|0x0000000084800000, 0x0000000084900000, 0x0000000084900000|100%| O|  |TAMS 0x0000000084800000, 0x0000000084800000| Untracked 
|  73|0x0000000084900000, 0x0000000084a00000, 0x0000000084a00000|100%| O|  |TAMS 0x0000000084900000, 0x0000000084900000| Untracked 
|  74|0x0000000084a00000, 0x0000000084a4fe30, 0x0000000084b00000| 31%| O|  |TAMS 0x0000000084a00000, 0x0000000084a00000| Untracked 
|  75|0x0000000084b00000, 0x0000000084b00000, 0x0000000084c00000|  0%| F|  |TAMS 0x0000000084b00000, 0x0000000084b00000| Untracked 
|  76|0x0000000084c00000, 0x0000000084c00000, 0x0000000084d00000|  0%| F|  |TAMS 0x0000000084c00000, 0x0000000084c00000| Untracked 
|  77|0x0000000084d00000, 0x0000000084d00000, 0x0000000084e00000|  0%| F|  |TAMS 0x0000000084d00000, 0x0000000084d00000| Untracked 
|  78|0x0000000084e00000, 0x0000000084e00000, 0x0000000084f00000|  0%| F|  |TAMS 0x0000000084e00000, 0x0000000084e00000| Untracked 
|  79|0x0000000084f00000, 0x0000000084f00000, 0x0000000085000000|  0%| F|  |TAMS 0x0000000084f00000, 0x0000000084f00000| Untracked 
|  80|0x0000000085000000, 0x0000000085000000, 0x0000000085100000|  0%| F|  |TAMS 0x0000000085000000, 0x0000000085000000| Untracked 
|  81|0x0000000085100000, 0x0000000085100000, 0x0000000085200000|  0%| F|  |TAMS 0x0000000085100000, 0x0000000085100000| Untracked 
|  82|0x0000000085200000, 0x0000000085200000, 0x0000000085300000|  0%| F|  |TAMS 0x0000000085200000, 0x0000000085200000| Untracked 
|  83|0x0000000085300000, 0x0000000085300000, 0x0000000085400000|  0%| F|  |TAMS 0x0000000085300000, 0x0000000085300000| Untracked 
|  84|0x0000000085400000, 0x0000000085400000, 0x0000000085500000|  0%| F|  |TAMS 0x0000000085400000, 0x0000000085400000| Untracked 
|  85|0x0000000085500000, 0x0000000085500000, 0x0000000085600000|  0%| F|  |TAMS 0x0000000085500000, 0x0000000085500000| Untracked 
|  86|0x0000000085600000, 0x0000000085600000, 0x0000000085700000|  0%| F|  |TAMS 0x0000000085600000, 0x0000000085600000| Untracked 
|  87|0x0000000085700000, 0x0000000085700000, 0x0000000085800000|  0%| F|  |TAMS 0x0000000085700000, 0x0000000085700000| Untracked 
|  88|0x0000000085800000, 0x0000000085800000, 0x0000000085900000|  0%| F|  |TAMS 0x0000000085800000, 0x0000000085800000| Untracked 
|  89|0x0000000085900000, 0x0000000085900000, 0x0000000085a00000|  0%| F|  |TAMS 0x0000000085900000, 0x0000000085900000| Untracked 
|  90|0x0000000085a00000, 0x0000000085a00000, 0x0000000085b00000|  0%| F|  |TAMS 0x0000000085a00000, 0x0000000085a00000| Untracked 
|  91|0x0000000085b00000, 0x0000000085c00000, 0x0000000085c00000|100%| E|CS|TAMS 0x0000000085b00000, 0x0000000085b00000| Complete 
|  92|0x0000000085c00000, 0x0000000085d00000, 0x0000000085d00000|100%| E|CS|TAMS 0x0000000085c00000, 0x0000000085c00000| Complete 
|  93|0x0000000085d00000, 0x0000000085e00000, 0x0000000085e00000|100%| E|CS|TAMS 0x0000000085d00000, 0x0000000085d00000| Complete 
|  94|0x0000000085e00000, 0x0000000085f00000, 0x0000000085f00000|100%| E|CS|TAMS 0x0000000085e00000, 0x0000000085e00000| Complete 
|  95|0x0000000085f00000, 0x0000000085fa1c30, 0x0000000086000000| 63%| S|  |TAMS 0x0000000085f00000, 0x0000000085f00000| Complete 
|  96|0x0000000086000000, 0x0000000086100000, 0x0000000086100000|100%| S|  |TAMS 0x0000000086000000, 0x0000000086000000| Complete 
|  97|0x0000000086100000, 0x0000000086200000, 0x0000000086200000|100%| S|  |TAMS 0x0000000086100000, 0x0000000086100000| Complete 
|  98|0x0000000086200000, 0x0000000086300000, 0x0000000086300000|100%| S|  |TAMS 0x0000000086200000, 0x0000000086200000| Complete 
|  99|0x0000000086300000, 0x0000000086400000, 0x0000000086400000|100%| S|  |TAMS 0x0000000086300000, 0x0000000086300000| Complete 
| 100|0x0000000086400000, 0x0000000086500000, 0x0000000086500000|100%| E|CS|TAMS 0x0000000086400000, 0x0000000086400000| Complete 
| 101|0x0000000086500000, 0x0000000086600000, 0x0000000086600000|100%| E|CS|TAMS 0x0000000086500000, 0x0000000086500000| Complete 
| 102|0x0000000086600000, 0x0000000086700000, 0x0000000086700000|100%| E|CS|TAMS 0x0000000086600000, 0x0000000086600000| Complete 
| 103|0x0000000086700000, 0x0000000086800000, 0x0000000086800000|100%| S|  |TAMS 0x0000000086700000, 0x0000000086700000| Complete 
| 104|0x0000000086800000, 0x0000000086900000, 0x0000000086900000|100%| S|  |TAMS 0x0000000086800000, 0x0000000086800000| Complete 
| 105|0x0000000086900000, 0x0000000086a00000, 0x0000000086a00000|100%| E|CS|TAMS 0x0000000086900000, 0x0000000086900000| Complete 
| 106|0x0000000086a00000, 0x0000000086b00000, 0x0000000086b00000|100%| E|CS|TAMS 0x0000000086a00000, 0x0000000086a00000| Complete 
| 107|0x0000000086b00000, 0x0000000086c00000, 0x0000000086c00000|100%| E|CS|TAMS 0x0000000086b00000, 0x0000000086b00000| Complete 
| 108|0x0000000086c00000, 0x0000000086d00000, 0x0000000086d00000|100%| E|CS|TAMS 0x0000000086c00000, 0x0000000086c00000| Complete 
| 109|0x0000000086d00000, 0x0000000086e00000, 0x0000000086e00000|100%| E|CS|TAMS 0x0000000086d00000, 0x0000000086d00000| Complete 
| 110|0x0000000086e00000, 0x0000000086f00000, 0x0000000086f00000|100%| E|CS|TAMS 0x0000000086e00000, 0x0000000086e00000| Complete 
| 111|0x0000000086f00000, 0x0000000087000000, 0x0000000087000000|100%| E|CS|TAMS 0x0000000086f00000, 0x0000000086f00000| Complete 
| 112|0x0000000087000000, 0x0000000087100000, 0x0000000087100000|100%| E|CS|TAMS 0x0000000087000000, 0x0000000087000000| Complete 
| 113|0x0000000087100000, 0x0000000087200000, 0x0000000087200000|100%| E|CS|TAMS 0x0000000087100000, 0x0000000087100000| Complete 
| 114|0x0000000087200000, 0x0000000087300000, 0x0000000087300000|100%| E|CS|TAMS 0x0000000087200000, 0x0000000087200000| Complete 
| 115|0x0000000087300000, 0x0000000087400000, 0x0000000087400000|100%| E|CS|TAMS 0x0000000087300000, 0x0000000087300000| Complete 
| 116|0x0000000087400000, 0x0000000087500000, 0x0000000087500000|100%| E|CS|TAMS 0x0000000087400000, 0x0000000087400000| Complete 
| 117|0x0000000087500000, 0x0000000087600000, 0x0000000087600000|100%| E|CS|TAMS 0x0000000087500000, 0x0000000087500000| Complete 
| 118|0x0000000087600000, 0x0000000087700000, 0x0000000087700000|100%| E|CS|TAMS 0x0000000087600000, 0x0000000087600000| Complete 
| 119|0x0000000087700000, 0x0000000087800000, 0x0000000087800000|100%| E|CS|TAMS 0x0000000087700000, 0x0000000087700000| Complete 
| 120|0x0000000087800000, 0x0000000087900000, 0x0000000087900000|100%| E|CS|TAMS 0x0000000087800000, 0x0000000087800000| Complete 
| 121|0x0000000087900000, 0x0000000087a00000, 0x0000000087a00000|100%| E|CS|TAMS 0x0000000087900000, 0x0000000087900000| Complete 
| 122|0x0000000087a00000, 0x0000000087b00000, 0x0000000087b00000|100%| E|CS|TAMS 0x0000000087a00000, 0x0000000087a00000| Complete 
| 123|0x0000000087b00000, 0x0000000087c00000, 0x0000000087c00000|100%| E|CS|TAMS 0x0000000087b00000, 0x0000000087b00000| Complete 
| 124|0x0000000087c00000, 0x0000000087d00000, 0x0000000087d00000|100%| E|CS|TAMS 0x0000000087c00000, 0x0000000087c00000| Complete 
| 125|0x0000000087d00000, 0x0000000087e00000, 0x0000000087e00000|100%| E|CS|TAMS 0x0000000087d00000, 0x0000000087d00000| Complete 
| 126|0x0000000087e00000, 0x0000000087f00000, 0x0000000087f00000|100%| E|CS|TAMS 0x0000000087e00000, 0x0000000087e00000| Complete 
| 127|0x0000000087f00000, 0x0000000088000000, 0x0000000088000000|100%| E|CS|TAMS 0x0000000087f00000, 0x0000000087f00000| Complete 
| 128|0x0000000088000000, 0x0000000088100000, 0x0000000088100000|100%| E|CS|TAMS 0x0000000088000000, 0x0000000088000000| Complete 
| 129|0x0000000088100000, 0x0000000088200000, 0x0000000088200000|100%| E|CS|TAMS 0x0000000088100000, 0x0000000088100000| Complete 
| 130|0x0000000088200000, 0x0000000088300000, 0x0000000088300000|100%| E|CS|TAMS 0x0000000088200000, 0x0000000088200000| Complete 
| 131|0x0000000088300000, 0x0000000088400000, 0x0000000088400000|100%| E|CS|TAMS 0x0000000088300000, 0x0000000088300000| Complete 
| 132|0x0000000088400000, 0x0000000088500000, 0x0000000088500000|100%| E|CS|TAMS 0x0000000088400000, 0x0000000088400000| Complete 
| 133|0x0000000088500000, 0x0000000088600000, 0x0000000088600000|100%| E|CS|TAMS 0x0000000088500000, 0x0000000088500000| Complete 
| 134|0x0000000088600000, 0x0000000088700000, 0x0000000088700000|100%| E|CS|TAMS 0x0000000088600000, 0x0000000088600000| Complete 
| 135|0x0000000088700000, 0x0000000088800000, 0x0000000088800000|100%| E|CS|TAMS 0x0000000088700000, 0x0000000088700000| Complete 
| 136|0x0000000088800000, 0x0000000088900000, 0x0000000088900000|100%| E|CS|TAMS 0x0000000088800000, 0x0000000088800000| Complete 
| 137|0x0000000088900000, 0x0000000088a00000, 0x0000000088a00000|100%| E|CS|TAMS 0x0000000088900000, 0x0000000088900000| Complete 
| 138|0x0000000088a00000, 0x0000000088b00000, 0x0000000088b00000|100%| E|CS|TAMS 0x0000000088a00000, 0x0000000088a00000| Complete 
| 139|0x0000000088b00000, 0x0000000088c00000, 0x0000000088c00000|100%| E|CS|TAMS 0x0000000088b00000, 0x0000000088b00000| Complete 
| 140|0x0000000088c00000, 0x0000000088d00000, 0x0000000088d00000|100%| E|CS|TAMS 0x0000000088c00000, 0x0000000088c00000| Complete 
| 141|0x0000000088d00000, 0x0000000088e00000, 0x0000000088e00000|100%| E|CS|TAMS 0x0000000088d00000, 0x0000000088d00000| Complete 
| 142|0x0000000088e00000, 0x0000000088f00000, 0x0000000088f00000|100%| E|CS|TAMS 0x0000000088e00000, 0x0000000088e00000| Complete 
| 143|0x0000000088f00000, 0x0000000089000000, 0x0000000089000000|100%| E|CS|TAMS 0x0000000088f00000, 0x0000000088f00000| Complete 
| 144|0x0000000089000000, 0x0000000089100000, 0x0000000089100000|100%| E|CS|TAMS 0x0000000089000000, 0x0000000089000000| Complete 
| 145|0x0000000089100000, 0x0000000089200000, 0x0000000089200000|100%| E|CS|TAMS 0x0000000089100000, 0x0000000089100000| Complete 
| 146|0x0000000089200000, 0x0000000089300000, 0x0000000089300000|100%| E|CS|TAMS 0x0000000089200000, 0x0000000089200000| Complete 
| 147|0x0000000089300000, 0x0000000089400000, 0x0000000089400000|100%| E|CS|TAMS 0x0000000089300000, 0x0000000089300000| Complete 
| 148|0x0000000089400000, 0x0000000089500000, 0x0000000089500000|100%| E|CS|TAMS 0x0000000089400000, 0x0000000089400000| Complete 
| 149|0x0000000089500000, 0x0000000089600000, 0x0000000089600000|100%| E|CS|TAMS 0x0000000089500000, 0x0000000089500000| Complete 
| 150|0x0000000089600000, 0x0000000089700000, 0x0000000089700000|100%| E|CS|TAMS 0x0000000089600000, 0x0000000089600000| Complete 
| 151|0x0000000089700000, 0x0000000089800000, 0x0000000089800000|100%| E|CS|TAMS 0x0000000089700000, 0x0000000089700000| Complete 
| 152|0x0000000089800000, 0x0000000089900000, 0x0000000089900000|100%| E|CS|TAMS 0x0000000089800000, 0x0000000089800000| Complete 
| 153|0x0000000089900000, 0x0000000089a00000, 0x0000000089a00000|100%| E|CS|TAMS 0x0000000089900000, 0x0000000089900000| Complete 

Card table byte_map: [0x000002492dcd0000,0x000002492e0d0000] _byte_map_base: 0x000002492d8d0000

Marking Bits (Prev, Next): (CMBitMap*) 0x000002491ae0ad80, (CMBitMap*) 0x000002491ae0ad48
 Prev Bits: [0x00000249304d0000, 0x00000249324d0000)
 Next Bits: [0x000002492e4d0000, 0x00000249304d0000)

Polling page: 0x0000024918d60000

Metaspace:

Usage:
  Non-class:     64.46 MB capacity,    63.40 MB ( 98%) used,   911.23 KB (  1%) free+waste,   173.31 KB ( <1%) overhead. 
      Class:     10.06 MB capacity,     9.39 MB ( 93%) used,   600.61 KB (  6%) free+waste,    80.00 KB ( <1%) overhead. 
       Both:     74.52 MB capacity,    72.80 MB ( 98%) used,     1.48 MB (  2%) free+waste,   253.31 KB ( <1%) overhead. 

Virtual space:
  Non-class space:       66.00 MB reserved,      64.58 MB ( 98%) committed 
      Class space:        1.00 GB reserved,      10.13 MB ( <1%) committed 
             Both:        1.06 GB reserved,      74.70 MB (  7%) committed 

Chunk freelists:
   Non-Class:  54.00 KB
       Class:  0 bytes
        Both:  54.00 KB

MaxMetaspaceSize: 17179869184.00 GB
CompressedClassSpaceSize: 1.00 GB

CodeHeap 'non-profiled nmethods': size=120064Kb used=4440Kb max_used=4440Kb free=115623Kb
 bounds [0x0000024926390000, 0x00000249267f0000, 0x000002492d8d0000]
CodeHeap 'profiled nmethods': size=120000Kb used=17377Kb max_used=17377Kb free=102622Kb
 bounds [0x000002491ee60000, 0x000002491ff60000, 0x0000024926390000]
CodeHeap 'non-nmethods': size=5696Kb used=2266Kb max_used=2307Kb free=3429Kb
 bounds [0x000002491e8d0000, 0x000002491eb40000, 0x000002491ee60000]
 total_blobs=8817 nmethods=7957 adapters=771
 compilation: enabled
              stopped_count=0, restarted_count=0
 full_count=0

Compilation events (20 events):
Event: 30.010 Thread 0x00000249349d0800 7961       3       java.util.ArrayDeque$DeqIterator::<init> (34 bytes)
Event: 30.010 Thread 0x00000249349d0800 nmethod 7961 0x000002491ff4de10 code [0x000002491ff4dfe0, 0x000002491ff4e2b8]
Event: 30.012 Thread 0x00000249349d0800 7962       3       sun.nio.fs.WindowsFileSystemProvider::newDirectoryStream (31 bytes)
Event: 30.013 Thread 0x00000249349d0800 nmethod 7962 0x000002491ff4e410 code [0x000002491ff4e660, 0x000002491ff4efc8]
Event: 30.013 Thread 0x00000249349d0800 7963   !   3       sun.nio.fs.WindowsDirectoryStream::<init> (104 bytes)
Event: 30.014 Thread 0x00000249349d0800 nmethod 7963 0x000002491ff4f290 code [0x000002491ff4f520, 0x000002491ff4ff88]
Event: 30.014 Thread 0x00000249349d0800 7964   !   3       sun.nio.fs.WindowsNativeDispatcher::OpenNtQueryDirectoryInformation (48 bytes)
Event: 30.015 Thread 0x00000249349d0800 nmethod 7964 0x000002491ff50390 code [0x000002491ff505a0, 0x000002491ff509f8]
Event: 30.015 Thread 0x00000249349d0800 7965       3       sun.nio.fs.WindowsNativeDispatcher$QueryDirectoryInformation::<init> (5 bytes)
Event: 30.015 Thread 0x00000249349d0800 nmethod 7965 0x000002491ff50c90 code [0x000002491ff50e40, 0x000002491ff50f98]
Event: 30.015 Thread 0x00000249349d0800 7967   !   3       sun.nio.fs.WindowsDirectoryStream::iterator (62 bytes)
Event: 30.016 Thread 0x00000249349d0800 nmethod 7967 0x000002491ff51090 code [0x000002491ff512a0, 0x000002491ff51868]
Event: 30.016 Thread 0x00000249349d0800 7969       3       org.gradle.internal.snapshot.MerkleDirectorySnapshotBuilder::postVisitDirectory (202 bytes)
Event: 30.021 Thread 0x00000249349d0800 nmethod 7969 0x000002491ff51b10 code [0x000002491ff52080, 0x000002491ff55258]
Event: 30.021 Thread 0x00000249349d0800 7968       3       sun.nio.fs.WindowsDirectoryStream$WindowsDirectoryIterator::<init> (73 bytes)
Event: 30.022 Thread 0x00000249349d0800 nmethod 7968 0x000002491ff56490 code [0x000002491ff56700, 0x000002491ff57238]
Event: 30.022 Thread 0x00000249349d0800 7971       3       org.gradle.internal.hash.Hashing$MessageDigestHasher::update (28 bytes)
Event: 30.023 Thread 0x00000249349d0800 nmethod 7971 0x000002491ff57610 code [0x000002491ff57840, 0x000002491ff57ec8]
Event: 30.023 Thread 0x00000249349d0800 7972       3       org.gradle.internal.hash.Hashing$MessageDigestHasher::castBuffer (2 bytes)
Event: 30.023 Thread 0x00000249349d0800 nmethod 7972 0x000002491ff58190 code [0x000002491ff58340, 0x000002491ff58418]

GC Heap History (20 events):
Event: 8.641 GC heap after
{Heap after GC invocations=5 (full 0):
 garbage-first heap   total 131072K, used 16079K [0x0000000080000000, 0x0000000100000000)
  region size 1024K, 4 young (4096K), 4 survivors (4096K)
 Metaspace       used 20797K, capacity 21172K, committed 21296K, reserved 1069056K
  class space    used 2489K, capacity 2636K, committed 2688K, reserved 1048576K
}
Event: 10.651 GC heap before
{Heap before GC invocations=6 (full 0):
 garbage-first heap   total 131072K, used 73423K [0x0000000080000000, 0x0000000100000000)
  region size 1024K, 52 young (53248K), 4 survivors (4096K)
 Metaspace       used 26718K, capacity 27462K, committed 27696K, reserved 1073152K
  class space    used 3420K, capacity 3663K, committed 3712K, reserved 1048576K
}
Event: 10.662 GC heap after
{Heap after GC invocations=7 (full 0):
 garbage-first heap   total 131072K, used 28887K [0x0000000080000000, 0x0000000100000000)
  region size 1024K, 7 young (7168K), 7 survivors (7168K)
 Metaspace       used 26718K, capacity 27462K, committed 27696K, reserved 1073152K
  class space    used 3420K, capacity 3663K, committed 3712K, reserved 1048576K
}
Event: 12.532 GC heap before
{Heap before GC invocations=7 (full 0):
 garbage-first heap   total 131072K, used 75991K [0x0000000080000000, 0x0000000100000000)
  region size 1024K, 52 young (53248K), 7 survivors (7168K)
 Metaspace       used 35055K, capacity 35760K, committed 35888K, reserved 1081344K
  class space    used 4397K, capacity 4658K, committed 4736K, reserved 1048576K
}
Event: 12.549 GC heap after
{Heap after GC invocations=8 (full 0):
 garbage-first heap   total 131072K, used 34588K [0x0000000080000000, 0x0000000100000000)
  region size 1024K, 8 young (8192K), 8 survivors (8192K)
 Metaspace       used 35055K, capacity 35760K, committed 35888K, reserved 1081344K
  class space    used 4397K, capacity 4658K, committed 4736K, reserved 1048576K
}
Event: 14.983 GC heap before
{Heap before GC invocations=9 (full 0):
 garbage-first heap   total 131072K, used 88860K [0x0000000080000000, 0x0000000100000000)
  region size 1024K, 62 young (63488K), 8 survivors (8192K)
 Metaspace       used 39540K, capacity 40336K, committed 40624K, reserved 1085440K
  class space    used 5035K, capacity 5343K, committed 5376K, reserved 1048576K
}
Event: 15.004 GC heap after
{Heap after GC invocations=10 (full 0):
 garbage-first heap   total 131072K, used 35525K [0x0000000080000000, 0x0000000100000000)
  region size 1024K, 7 young (7168K), 7 survivors (7168K)
 Metaspace       used 39540K, capacity 40336K, committed 40624K, reserved 1085440K
  class space    used 5035K, capacity 5343K, committed 5376K, reserved 1048576K
}
Event: 17.889 GC heap before
{Heap before GC invocations=10 (full 0):
 garbage-first heap   total 131072K, used 101061K [0x0000000080000000, 0x0000000100000000)
  region size 1024K, 65 young (66560K), 7 survivors (7168K)
 Metaspace       used 43154K, capacity 44112K, committed 44336K, reserved 1087488K
  class space    used 5531K, capacity 5898K, committed 6016K, reserved 1048576K
}
Event: 17.916 GC heap after
{Heap after GC invocations=11 (full 0):
 garbage-first heap   total 157696K, used 52696K [0x0000000080000000, 0x0000000100000000)
  region size 1024K, 9 young (9216K), 9 survivors (9216K)
 Metaspace       used 43154K, capacity 44112K, committed 44336K, reserved 1087488K
  class space    used 5531K, capacity 5898K, committed 6016K, reserved 1048576K
}
Event: 21.152 GC heap before
{Heap before GC invocations=11 (full 0):
 garbage-first heap   total 157696K, used 114136K [0x0000000080000000, 0x0000000100000000)
  region size 1024K, 68 young (69632K), 9 survivors (9216K)
 Metaspace       used 52674K, capacity 53918K, committed 53936K, reserved 1095680K
  class space    used 6671K, capacity 7154K, committed 7168K, reserved 1048576K
}
Event: 21.170 GC heap after
{Heap after GC invocations=12 (full 0):
 garbage-first heap   total 157696K, used 60732K [0x0000000080000000, 0x0000000100000000)
  region size 1024K, 6 young (6144K), 6 survivors (6144K)
 Metaspace       used 52674K, capacity 53918K, committed 53936K, reserved 1095680K
  class space    used 6671K, capacity 7154K, committed 7168K, reserved 1048576K
}
Event: 23.337 GC heap before
{Heap before GC invocations=12 (full 0):
 garbage-first heap   total 157696K, used 111932K [0x0000000080000000, 0x0000000100000000)
  region size 1024K, 57 young (58368K), 6 survivors (6144K)
 Metaspace       used 58753K, capacity 60065K, committed 60240K, reserved 1101824K
  class space    used 7374K, capacity 7854K, committed 7936K, reserved 1048576K
}
Event: 23.354 GC heap after
{Heap after GC invocations=13 (full 0):
 garbage-first heap   total 157696K, used 64281K [0x0000000080000000, 0x0000000100000000)
  region size 1024K, 5 young (5120K), 5 survivors (5120K)
 Metaspace       used 58753K, capacity 60065K, committed 60240K, reserved 1101824K
  class space    used 7374K, capacity 7854K, committed 7936K, reserved 1048576K
}
Event: 25.647 GC heap before
{Heap before GC invocations=14 (full 0):
 garbage-first heap   total 157696K, used 120601K [0x0000000080000000, 0x0000000100000000)
  region size 1024K, 60 young (61440K), 5 survivors (5120K)
 Metaspace       used 63529K, capacity 65045K, committed 65104K, reserved 1105920K
  class space    used 8098K, capacity 8666K, committed 8704K, reserved 1048576K
}
Event: 25.663 GC heap after
{Heap after GC invocations=15 (full 0):
 garbage-first heap   total 157696K, used 68129K [0x0000000080000000, 0x0000000100000000)
  region size 1024K, 8 young (8192K), 8 survivors (8192K)
 Metaspace       used 63529K, capacity 65045K, committed 65104K, reserved 1105920K
  class space    used 8098K, capacity 8666K, committed 8704K, reserved 1048576K
}
Event: 26.904 GC heap before
{Heap before GC invocations=15 (full 0):
 garbage-first heap   total 157696K, used 123425K [0x0000000080000000, 0x0000000100000000)
  region size 1024K, 62 young (63488K), 8 survivors (8192K)
 Metaspace       used 69081K, capacity 70718K, committed 70864K, reserved 1110016K
  class space    used 8934K, capacity 9534K, committed 9600K, reserved 1048576K
}
Event: 26.924 GC heap after
{Heap after GC invocations=16 (full 0):
 garbage-first heap   total 157696K, used 72319K [0x0000000080000000, 0x0000000100000000)
  region size 1024K, 5 young (5120K), 5 survivors (5120K)
 Metaspace       used 69081K, capacity 70718K, committed 70864K, reserved 1110016K
  class space    used 8934K, capacity 9534K, committed 9600K, reserved 1048576K
}
Event: 28.783 GC heap before
{Heap before GC invocations=16 (full 0):
 garbage-first heap   total 157696K, used 124543K [0x0000000080000000, 0x0000000100000000)
  region size 1024K, 56 young (57344K), 5 survivors (5120K)
 Metaspace       used 73697K, capacity 75422K, committed 75600K, reserved 1114112K
  class space    used 9560K, capacity 10225K, committed 10240K, reserved 1048576K
}
Event: 28.800 GC heap after
{Heap after GC invocations=17 (full 0):
 garbage-first heap   total 157696K, used 76693K [0x0000000080000000, 0x0000000100000000)
  region size 1024K, 7 young (7168K), 7 survivors (7168K)
 Metaspace       used 73697K, capacity 75422K, committed 75600K, reserved 1114112K
  class space    used 9560K, capacity 10225K, committed 10240K, reserved 1048576K
}
Event: 30.023 GC heap before
{Heap before GC invocations=17 (full 0):
 garbage-first heap   total 157696K, used 126869K [0x0000000080000000, 0x0000000100000000)
  region size 1024K, 56 young (57344K), 7 survivors (7168K)
 Metaspace       used 74542K, capacity 76308K, committed 76496K, reserved 1116160K
  class space    used 9617K, capacity 10298K, committed 10368K, reserved 1048576K
}

Deoptimization events (20 events):
Event: 29.491 Thread 0x0000024937670000 DEOPT PACKING pc=0x000002491fb9d71c sp=0x000000f08e1fc730
Event: 29.491 Thread 0x0000024937670000 DEOPT UNPACKING pc=0x000002491e8f6d5e sp=0x000000f08e1fbcd0 mode 0
Event: 29.660 Thread 0x0000024937675000 DEOPT PACKING pc=0x000002491fb9d71c sp=0x000000f08dffd1f0
Event: 29.660 Thread 0x0000024937675000 DEOPT UNPACKING pc=0x000002491e8f6d5e sp=0x000000f08dffc790 mode 0
Event: 29.698 Thread 0x0000024936c7f000 DEOPT PACKING pc=0x000002491fea4152 sp=0x000000f08ddfe220
Event: 29.698 Thread 0x0000024936c7f000 DEOPT UNPACKING pc=0x000002491e8f6d5e sp=0x000000f08ddfd6b8 mode 0
Event: 29.708 Thread 0x0000024936c7f000 DEOPT PACKING pc=0x000002491fea4152 sp=0x000000f08ddfe2d0
Event: 29.708 Thread 0x0000024936c7f000 DEOPT UNPACKING pc=0x000002491e8f6d5e sp=0x000000f08ddfd768 mode 0
Event: 29.731 Thread 0x0000024936c7f000 DEOPT PACKING pc=0x000002491fea4152 sp=0x000000f08ddfe220
Event: 29.731 Thread 0x0000024936c7f000 DEOPT UNPACKING pc=0x000002491e8f6d5e sp=0x000000f08ddfd6b8 mode 0
Event: 29.815 Thread 0x0000024937670000 DEOPT PACKING pc=0x000002491febe131 sp=0x000000f08e1fc3f0
Event: 29.815 Thread 0x0000024937670000 DEOPT UNPACKING pc=0x000002491e8f6d5e sp=0x000000f08e1fb8b8 mode 0
Event: 29.820 Thread 0x0000024936c7f000 Uncommon trap: trap_request=0xffffff4d fr.pc=0x000002492677c780 relative=0x0000000000000220
Event: 29.820 Thread 0x0000024936c7f000 Uncommon trap: reason=unstable_if action=reinterpret pc=0x000002492677c780 method=com.esotericsoftware.kryo.io.Input.readVarInt(Z)I @ 42 c2
Event: 29.820 Thread 0x0000024936c7f000 DEOPT PACKING pc=0x000002492677c780 sp=0x000000f08ddfe440
Event: 29.820 Thread 0x0000024936c7f000 DEOPT UNPACKING pc=0x000002491e8f65af sp=0x000000f08ddfe320 mode 2
Event: 29.829 Thread 0x0000024936c7f000 Uncommon trap: trap_request=0xffffff4d fr.pc=0x00000249266f598c relative=0x000000000000022c
Event: 29.829 Thread 0x0000024936c7f000 Uncommon trap: reason=unstable_if action=reinterpret pc=0x00000249266f598c method=com.esotericsoftware.kryo.io.Input.readVarInt(Z)I @ 42 c2
Event: 29.829 Thread 0x0000024936c7f000 DEOPT PACKING pc=0x00000249266f598c sp=0x000000f08ddfe3d0
Event: 29.829 Thread 0x0000024936c7f000 DEOPT UNPACKING pc=0x000002491e8f65af sp=0x000000f08ddfe320 mode 2

Classes redefined (0 events):
No events

Internal exceptions (20 events):
Event: 26.163 Thread 0x0000024936e2d800 Exception <a 'java/lang/ClassNotFoundException'{0x000000008864c330}: org/gradle/api/internal/file/collections/DefaultConfigurableFileTreeCustomizer> (0x000000008864c330) thrown at [./src/hotspot/share/classfile/systemDictionary.cpp, line 231]
Event: 26.514 Thread 0x0000024936e2d800 Exception <a 'java/lang/NoSuchMethodError'{0x000000008768b758}: 'java.lang.Object java.lang.invoke.DirectMethodHandle$Holder.invokeStatic(java.lang.Object, int, int, java.lang.Object)'> (0x000000008768b758) thrown at [./src/hotspot/share/interpreter/linkResolver.cpp, line 773]
Event: 26.704 Thread 0x0000024936e2d800 Exception <a 'java/lang/NullPointerException'{0x0000000086d0c540}> (0x0000000086d0c540) thrown at [./src/hotspot/share/interpreter/linkResolver.cpp, line 1440]
Event: 26.993 Thread 0x0000024936e2d800 Exception <a 'java/lang/NoSuchMethodError'{0x00000000895577c0}: 'int java.lang.invoke.DirectMethodHandle$Holder.invokeStatic(java.lang.Object, java.lang.Object, int, java.lang.Object)'> (0x00000000895577c0) thrown at [./src/hotspot/share/interpreter/linkResolver.cpp, line 773]
Event: 27.933 Thread 0x0000024936c82800 Exception <a 'java/lang/NoSuchMethodError'{0x00000000871059e8}: <clinit>> (0x00000000871059e8) thrown at [./src/hotspot/share/prims/jni.cpp, line 1362]
Event: 27.934 Thread 0x0000024936c82800 Exception <a 'java/lang/NoSuchMethodError'{0x000000008710f7d0}: <clinit>> (0x000000008710f7d0) thrown at [./src/hotspot/share/prims/jni.cpp, line 1362]
Event: 27.975 Thread 0x0000024936c82800 Exception <a 'java/lang/NoSuchMethodError'{0x00000000871a6eb0}: <clinit>> (0x00000000871a6eb0) thrown at [./src/hotspot/share/prims/jni.cpp, line 1362]
Event: 27.979 Thread 0x0000024936c82800 Exception <a 'java/lang/NoSuchMethodError'{0x00000000871b80f8}: <clinit>> (0x00000000871b80f8) thrown at [./src/hotspot/share/prims/jni.cpp, line 1362]
Event: 27.980 Thread 0x0000024936c82800 Exception <a 'java/lang/NoSuchMethodError'{0x00000000871b93d0}: <clinit>> (0x00000000871b93d0) thrown at [./src/hotspot/share/prims/jni.cpp, line 1362]
Event: 28.017 Thread 0x0000024936e2d800 Exception <a 'java/lang/NoSuchMethodError'{0x000000008734d5b8}: 'java.lang.Object java.lang.invoke.DirectMethodHandle$Holder.invokeSpecial(java.lang.Object, java.lang.Object, java.lang.Object, java.lang.Object, java.lang.Object, java.lang.Object, java.lang.Object, java.lang.Object, java.lang.Object)'> (0x000000008734d5b8) thrown at [./src/hotspot/share/interpreter/linkResolver.cpp, line 773]
Event: 28.017 Thread 0x0000024936e2d800 Exception <a 'java/lang/NoSuchMethodError'{0x0000000087351d00}: 'java.lang.Object java.lang.invoke.Invokers$Holder.linkToTargetMethod(java.lang.Object, java.lang.Object, java.lang.Object, java.lang.Object, java.lang.Object, java.lang.Object, java.lang.Object, java.lang.Object)'> (0x0000000087351d00) thrown at [./src/hotspot/share/interpreter/linkResolver.cpp, line 773]
Event: 28.094 Thread 0x0000024936c82800 Exception <a 'java/lang/NoSuchMethodError'{0x0000000086f885b0}: <clinit>> (0x0000000086f885b0) thrown at [./src/hotspot/share/prims/jni.cpp, line 1362]
Event: 29.305 Thread 0x0000024937675000 Exception <a 'java/lang/NoSuchMethodError'{0x000000008923a478}: 'java.lang.Object java.lang.invoke.DirectMethodHandle$Holder.invokeSpecialIFC(java.lang.Object, java.lang.Object, java.lang.Object)'> (0x000000008923a478) thrown at [./src/hotspot/share/interpreter/linkResolver.cpp, line 773]
Event: 29.399 Thread 0x0000024937676000 Exception <a 'java/lang/NoSuchMethodError'{0x0000000088e446c8}: 'java.lang.Object java.lang.invoke.DirectMethodHandle$Holder.invokeSpecial(java.lang.Object, java.lang.Object, java.lang.Object, java.lang.Object, java.lang.Object, java.lang.Object, java.lang.Object, java.lang.Object, java.lang.Object, java.lang.Object, java.lang.Object, java.lang.Object, java.lang.Object)'> (0x0000000088e446c8) thrown at [./src/hotspot/share/interpreter/linkResolver.cpp, line 773]
Event: 29.402 Thread 0x0000024937675000 Exception <a 'java/lang/NoSuchMethodError'{0x0000000088fda690}: 'java.lang.Object java.lang.invoke.DirectMethodHandle$Holder.invokeSpecial(java.lang.Object, java.lang.Object, java.lang.Object, java.lang.Object, java.lang.Object, java.lang.Object, java.lang.Object, java.lang.Object, java.lang.Object, java.lang.Object, java.lang.Object, java.lang.Object)'> (0x0000000088fda690) thrown at [./src/hotspot/share/interpreter/linkResolver.cpp, line 773]
Event: 29.402 Thread 0x0000024937676000 Exception <a 'java/lang/NoSuchMethodError'{0x0000000088e75f60}: 'java.lang.Object java.lang.invoke.DirectMethodHandle$Holder.invokeSpecial(java.lang.Object, java.lang.Object, java.lang.Object, java.lang.Object, java.lang.Object, java.lang.Object, java.lang.Object, java.lang.Object, java.lang.Object, java.lang.Object, java.lang.Object, java.lang.Object)'> (0x0000000088e75f60) thrown at [./src/hotspot/share/interpreter/linkResolver.cpp, line 773]
Event: 29.403 Thread 0x0000024937675000 Exception <a 'java/lang/NoSuchMethodError'{0x0000000088e85670}: 'java.lang.Object java.lang.invoke.Invokers$Holder.linkToTargetMethod(java.lang.Object, java.lang.Object, java.lang.Object, java.lang.Object, java.lang.Object, java.lang.Object, java.lang.Object, java.lang.Object, java.lang.Object, java.lang.Object, java.lang.Object)'> (0x0000000088e85670) thrown at [./src/hotspot/share/interpreter/linkResolver.cpp, line 773]
Event: 29.407 Thread 0x0000024937676000 Exception <a 'java/lang/NoSuchMethodError'{0x0000000088e79de8}: 'java.lang.Object java.lang.invoke.Invokers$Holder.linkToTargetMethod(java.lang.Object, java.lang.Object, java.lang.Object, java.lang.Object, java.lang.Object, java.lang.Object, java.lang.Object, java.lang.Object, java.lang.Object, java.lang.Object, java.lang.Object)'> (0x0000000088e79de8) thrown at [./src/hotspot/share/interpreter/linkResolver.cpp, line 773]
Event: 29.414 Thread 0x0000024937676000 Exception <a 'java/lang/NoSuchMethodError'{0x0000000088ebbae8}: 'java.lang.Object java.lang.invoke.Invokers$Holder.linkToTargetMethod(java.lang.Object, java.lang.Object, java.lang.Object, java.lang.Object, java.lang.Object, java.lang.Object, java.lang.Object, java.lang.Object, java.lang.Object, java.lang.Object, java.lang.Object, java.lang.Object)'> (0x0000000088ebbae8) thrown at [./src/hotspot/share/interpreter/linkResolver.cpp, line 773]
Event: 29.414 Thread 0x000002493767a800 Exception <a 'java/lang/NoSuchMethodError'{0x0000000088d01cc8}: 'java.lang.Object java.lang.invoke.Invokers$Holder.linkToTargetMethod(java.lang.Object, java.lang.Object, java.lang.Object, java.lang.Object, java.lang.Object, java.lang.Object, java.lang.Object, java.lang.Object, java.lang.Object, java.lang.Object, java.lang.Object, java.lang.Object)'> (0x0000000088d01cc8) thrown at [./src/hotspot/share/interpreter/linkResolver.cpp, line 773]

Events (20 events):
Event: 29.458 loading class org/gradle/api/internal/artifacts/transform/DefaultTransformerInvocationFactory$TransformerExecution done
Event: 29.459 loading class org/gradle/internal/Try$Success$1
Event: 29.459 loading class org/gradle/internal/Try$Success$1 done
Event: 29.460 loading class org/gradle/api/internal/artifacts/transform/DefaultTransformerInvocationFactory$TransformerExecution
Event: 29.460 loading class org/gradle/api/internal/artifacts/transform/DefaultTransformerInvocationFactory$TransformerExecution done
Event: 29.460 loading class org/gradle/api/internal/artifacts/transform/DefaultTransformerInvocationFactory$TransformerExecution
Event: 29.460 loading class org/gradle/api/internal/artifacts/transform/DefaultTransformerInvocationFactory$TransformerExecution done
Event: 29.461 loading class org/gradle/internal/Try
Event: 29.461 loading class org/gradle/internal/Try done
Event: 29.484 loading class org/gradle/internal/snapshot/VfsRelativePath
Event: 29.484 loading class org/gradle/internal/snapshot/VfsRelativePath done
Event: 29.484 loading class org/gradle/internal/snapshot/MetadataSnapshot
Event: 29.484 loading class org/gradle/internal/snapshot/MetadataSnapshot done
Event: 29.484 loading class org/gradle/internal/snapshot/VfsRelativePath
Event: 29.484 loading class org/gradle/internal/snapshot/VfsRelativePath done
Event: 29.703 Executing VM operation: RevokeBias
Event: 29.704 Executing VM operation: RevokeBias done
Event: 29.797 Loaded shared library C:\Program Files\Android\Android Studio1\jre\bin\nio.dll
Event: 29.808 Loaded shared library C:\Program Files\Android\Android Studio1\jre\bin\nio.dll
Event: 30.023 Executing VM operation: G1CollectForAllocation


Dynamic libraries:
0x00007ff6484d0000 - 0x00007ff6484da000 	C:\Program Files\Android\Android Studio1\jre\bin\java.exe
0x00007ffc10c50000 - 0x00007ffc10e48000 	C:\Windows\SYSTEM32\ntdll.dll
0x00007ffc10320000 - 0x00007ffc103df000 	C:\Windows\System32\KERNEL32.DLL
0x00007ffc0e420000 - 0x00007ffc0e6f2000 	C:\Windows\System32\KERNELBASE.dll
0x00007ffc0e700000 - 0x00007ffc0e800000 	C:\Windows\System32\ucrtbase.dll
0x00007ffc09c60000 - 0x00007ffc09c77000 	C:\Program Files\Android\Android Studio1\jre\bin\VCRUNTIME140.dll
0x00007ffc09c40000 - 0x00007ffc09c59000 	C:\Program Files\Android\Android Studio1\jre\bin\jli.dll
0x00007ffc100d0000 - 0x00007ffc10271000 	C:\Windows\System32\USER32.dll
0x00007ffc0ec60000 - 0x00007ffc0ec82000 	C:\Windows\System32\win32u.dll
0x00007ffc0ff70000 - 0x00007ffc0ff9b000 	C:\Windows\System32\GDI32.dll
0x00007ffc0eab0000 - 0x00007ffc0ebbf000 	C:\Windows\System32\gdi32full.dll
0x00007ffc0ebc0000 - 0x00007ffc0ec5d000 	C:\Windows\System32\msvcp_win.dll
0x00007ffbfd200000 - 0x00007ffbfd49a000 	C:\Windows\WinSxS\amd64_microsoft.windows.common-controls_6595b64144ccf1df_6.0.19041.1110_none_60b5254171f9507e\COMCTL32.dll
0x00007ffc0edb0000 - 0x00007ffc0ee4e000 	C:\Windows\System32\msvcrt.dll
0x00007ffc103e0000 - 0x00007ffc10412000 	C:\Windows\System32\IMM32.DLL
0x00007ffc09ba0000 - 0x00007ffc09c3d000 	C:\Program Files\Android\Android Studio1\jre\bin\msvcp140.dll
0x00007ffbeabc0000 - 0x00007ffbeb695000 	C:\Program Files\Android\Android Studio1\jre\bin\server\jvm.dll
0x00007ffc0fb00000 - 0x00007ffc0fbae000 	C:\Windows\System32\ADVAPI32.dll
0x00007ffc10a40000 - 0x00007ffc10adc000 	C:\Windows\System32\sechost.dll
0x00007ffc0ffa0000 - 0x00007ffc100c5000 	C:\Windows\System32\RPCRT4.dll
0x00007ffc0ec90000 - 0x00007ffc0ec98000 	C:\Windows\System32\PSAPI.DLL
0x00007ffc091d0000 - 0x00007ffc091d9000 	C:\Windows\SYSTEM32\WSOCK32.dll
0x00007ffbf3ea0000 - 0x00007ffbf3ec7000 	C:\Windows\SYSTEM32\WINMM.dll
0x00007ffc10ae0000 - 0x00007ffc10b4b000 	C:\Windows\System32\WS2_32.dll
0x00007ffc0c2e0000 - 0x00007ffc0c2ea000 	C:\Windows\SYSTEM32\VERSION.dll
0x00007ffc0cb90000 - 0x00007ffc0cba2000 	C:\Windows\SYSTEM32\kernel.appcore.dll
0x00007ffc07830000 - 0x00007ffc07841000 	C:\Program Files\Android\Android Studio1\jre\bin\verify.dll
0x00007ffc060c0000 - 0x00007ffc062a4000 	C:\Windows\SYSTEM32\DBGHELP.DLL
0x00007ffbf9380000 - 0x00007ffbf93b5000 	C:\Windows\SYSTEM32\dbgcore.DLL
0x00007ffc0e340000 - 0x00007ffc0e3c2000 	C:\Windows\System32\bcryptPrimitives.dll
0x00007ffc07160000 - 0x00007ffc07189000 	C:\Program Files\Android\Android Studio1\jre\bin\java.dll
0x00007ffc091c0000 - 0x00007ffc091cb000 	C:\Program Files\Android\Android Studio1\jre\bin\jimage.dll
0x00007ffc077e0000 - 0x00007ffc077f8000 	C:\Program Files\Android\Android Studio1\jre\bin\zip.dll
0x00007ffc0ee50000 - 0x00007ffc0f595000 	C:\Windows\System32\SHELL32.dll
0x00007ffc0c2f0000 - 0x00007ffc0ca82000 	C:\Windows\SYSTEM32\windows.storage.dll
0x00007ffc0fbb0000 - 0x00007ffc0ff05000 	C:\Windows\System32\combase.dll
0x00007ffc0dcc0000 - 0x00007ffc0dcf0000 	C:\Windows\SYSTEM32\Wldp.dll
0x00007ffc0ed00000 - 0x00007ffc0edad000 	C:\Windows\System32\SHCORE.dll
0x00007ffc0ff10000 - 0x00007ffc0ff65000 	C:\Windows\System32\shlwapi.dll
0x00007ffc0e280000 - 0x00007ffc0e29f000 	C:\Windows\SYSTEM32\profapi.dll
0x00007ffbfe340000 - 0x00007ffbfe35a000 	C:\Program Files\Android\Android Studio1\jre\bin\net.dll
0x00007ffc042d0000 - 0x00007ffc043dc000 	C:\Windows\SYSTEM32\WINHTTP.dll
0x00007ffc0da20000 - 0x00007ffc0da8a000 	C:\Windows\system32\mswsock.dll
0x00007ffbf97a0000 - 0x00007ffbf97b4000 	C:\Program Files\Android\Android Studio1\jre\bin\nio.dll
0x00007ffbfda70000 - 0x00007ffbfda96000 	C:\Users\Rushabh Desai\.gradle\native\31\windows-amd64\native-platform.dll
0x00007ffc02c90000 - 0x00007ffc02c9a000 	C:\Program Files\Android\Android Studio1\jre\bin\management.dll
0x00007ffbfe330000 - 0x00007ffbfe33d000 	C:\Program Files\Android\Android Studio1\jre\bin\management_ext.dll
0x00007ffc0dc10000 - 0x00007ffc0dc28000 	C:\Windows\SYSTEM32\CRYPTSP.dll
0x00007ffc0d340000 - 0x00007ffc0d374000 	C:\Windows\system32\rsaenh.dll
0x00007ffc0ea80000 - 0x00007ffc0eaa7000 	C:\Windows\System32\bcrypt.dll
0x00007ffc0e240000 - 0x00007ffc0e26e000 	C:\Windows\SYSTEM32\USERENV.dll
0x00007ffc0dc30000 - 0x00007ffc0dc3c000 	C:\Windows\SYSTEM32\CRYPTBASE.dll
0x00007ffc0d710000 - 0x00007ffc0d74b000 	C:\Windows\SYSTEM32\IPHLPAPI.DLL
0x00007ffc10b50000 - 0x00007ffc10b58000 	C:\Windows\System32\NSI.dll
0x00007ffc05870000 - 0x00007ffc05887000 	C:\Windows\SYSTEM32\dhcpcsvc6.DLL
0x00007ffc05730000 - 0x00007ffc0574d000 	C:\Windows\SYSTEM32\dhcpcsvc.DLL
0x00007ffc0d750000 - 0x00007ffc0d81b000 	C:\Windows\SYSTEM32\DNSAPI.dll

dbghelp: loaded successfully - version: 4.0.5 - missing functions: none
symbol engine: initialized successfully - sym options: 0x614 - pdb path: .;C:\Program Files\Android\Android Studio1\jre\bin;C:\Windows\SYSTEM32;C:\Windows\WinSxS\amd64_microsoft.windows.common-controls_6595b64144ccf1df_6.0.19041.1110_none_60b5254171f9507e;C:\Program Files\Android\Android Studio1\jre\bin\server;C:\Users\Rushabh Desai\.gradle\native\31\windows-amd64

VM Arguments:
jvm_args: --add-opens=java.base/java.util=ALL-UNNAMED --add-opens=java.base/java.lang=ALL-UNNAMED --add-opens=java.base/java.lang.invoke=ALL-UNNAMED --add-opens=java.prefs/java.util.prefs=ALL-UNNAMED -Xmx2048m -Dfile.encoding=UTF-8 -Duser.country=IN -Duser.language=en -Duser.variant 
java_command: org.gradle.launcher.daemon.bootstrap.GradleDaemon 6.1.1
java_class_path (initial): C:\Users\Rushabh Desai\.gradle\wrapper\dists\gradle-6.1.1-all\cfmwm155h49vnt3hynmlrsdst\gradle-6.1.1\lib\gradle-launcher-6.1.1.jar
Launcher Type: SUN_STANDARD

[Global flags]
     intx CICompilerCount                          = 3                                         {product} {ergonomic}
     uint ConcGCThreads                            = 1                                         {product} {ergonomic}
     uint G1ConcRefinementThreads                  = 4                                         {product} {ergonomic}
   size_t G1HeapRegionSize                         = 1048576                                   {product} {ergonomic}
    uintx GCDrainStackTargetSize                   = 64                                        {product} {ergonomic}
   size_t InitialHeapSize                          = 134217728                                 {product} {ergonomic}
   size_t MarkStackSize                            = 4194304                                   {product} {ergonomic}
   size_t MaxHeapSize                              = 2147483648                                {product} {command line}
   size_t MaxNewSize                               = 1287651328                                {product} {ergonomic}
   size_t MinHeapDeltaBytes                        = 1048576                                   {product} {ergonomic}
    uintx NonNMethodCodeHeapSize                   = 5830732                                {pd product} {ergonomic}
    uintx NonProfiledCodeHeapSize                  = 122913754                              {pd product} {ergonomic}
    uintx ProfiledCodeHeapSize                     = 122913754                              {pd product} {ergonomic}
    uintx ReservedCodeCacheSize                    = 251658240                              {pd product} {ergonomic}
     bool SegmentedCodeCache                       = true                                      {product} {ergonomic}
     bool UseCompressedClassPointers               = true                                 {lp64_product} {ergonomic}
     bool UseCompressedOops                        = true                                 {lp64_product} {ergonomic}
     bool UseG1GC                                  = true                                      {product} {ergonomic}
     bool UseLargePagesIndividualAllocation        = false                                  {pd product} {ergonomic}

Logging:
Log output configuration:
 #0: stdout all=warning uptime,level,tags
 #1: stderr all=off uptime,level,tags

Environment Variables:
PATH=C:\Program Files\Common Files\Oracle\Java\javapath;C:\Windows\system32;C:\Windows;C:\Windows\System32\Wbem;C:\Windows\System32\WindowsPowerShell\v1.0\;C:\Windows\System32\OpenSSH\;C:\Program Files\Git\cmd;C:\Program Files\dotnet\;C:\Program Files\Android\Android Studio1\jre\bin
USERNAME=Rushabh Desai
OS=Windows_NT
PROCESSOR_IDENTIFIER=Intel64 Family 6 Model 58 Stepping 9, GenuineIntel



---------------  S Y S T E M  ---------------

OS: Windows 10 , 64 bit Build 19041 (10.0.19041.2546)
OS uptime: 0 days 0:26 hours

CPU:total 4 (initial active 4) (2 cores per cpu, 2 threads per core) family 6 model 58 stepping 9 microcode 0x21, cmov, cx8, fxsr, mmx, sse, sse2, sse3, ssse3, sse4.1, sse4.2, popcnt, avx, clmul, erms, ht, tsc, tscinvbit, tscinv

Memory: 4k page, system-wide physical 8077M (1449M free)
TotalPageFile size 16013M (AvailPageFile size 9085M)
current process WorkingSet (physical memory assigned to process): 361M, peak: 362M
current process commit charge ("private bytes"): 392M, peak: 393M

vm_info: OpenJDK 64-Bit Server VM (11.0.11+9-b60-7590822) for windows-amd64 JRE (11.0.11+9-b60-7590822), built on Jul 29 2021 21:43:44 by "builder" with MS VC++ 14.0 (VS2015)

END.
